RUN	uk.gov.hmcts.reform.civildamage.performance.simulations.SimulateScenario	simulatescenario	1732274891749	 	3.12.0
USER	UnSpec_CreateClaim	START	1732274892340
REQUEST	XUI_010_Home	005_Home	1732274892338	1732274892440	OK	 
REQUEST	XUI_010_Home	Common_000_ConfigurationUI	1732274892457	1732274892492	OK	 
REQUEST	XUI_010_Home	Common_000_ConfigJson	1732274892493	1732274892531	OK	 
REQUEST	XUI_010_Home	Common_000_TsAndCs	1732274892531	1732274892592	OK	 
REQUEST	XUI_010_Home	Common_000_ConfigUI	1732274892593	1732274892636	OK	 
REQUEST	XUI_010_Home	Common_000_UserDetails	1732274892636	1732274892670	OK	 
REQUEST	XUI_010_Home	Common_000_IsAuthenticated	1732274892673	1732274892702	OK	 
REQUEST	XUI_010_Home	010_auth	1732274892705	1732274892740	OK	 
REQUEST	XUI_010_Home	010_auth Redirect 1	1732274892748	1732274892885	OK	 
REQUEST	XUI_010_Home	010_auth Redirect 2	1732274892891	1732274892944	OK	 
GROUP	XUI_010_Home	1732274892331	1732274892950	567	OK
REQUEST	XUI_020_Login	005_clientId	1732274896668	1732274896977	OK	 
REQUEST	XUI_020_Login	005_clientId Redirect 1	1732274896986	1732274897580	OK	 
REQUEST	XUI_020_Login	005_clientId Redirect 2	1732274897581	1732274897623	OK	 
REQUEST	XUI_020_Login	Common_000_ConfigurationUI	1732274897623	1732274897672	OK	 
REQUEST	XUI_020_Login	Common_000_ConfigUI	1732274897675	1732274897730	OK	 
REQUEST	XUI_020_Login	Common_000_TsAndCs	1732274897735	1732274897774	OK	 
REQUEST	XUI_020_Login	Common_000_IsAuthenticated	1732274897776	1732274897823	OK	 
REQUEST	XUI_020_Login	Common_000_UserDetails	1732274897827	1732274900355	OK	 
REQUEST	XUI_020_Login	Common_000_MonitoringTools	1732274900357	1732274900444	OK	 
REQUEST	XUI_020_Login	Common_000_IsAuthenticated	1732274900471	1732274900553	OK	 
GROUP	XUI_020_Login	1732274896659	1732274900557	3832	OK
REQUEST	CivilDamage_UnSpecClaim_10_01_CreateCase	create	1732274904061	1732274908956	OK	 
GROUP	CivilDamage_UnSpecClaim_10_01_CreateCase	1732274904058	1732274908957	4895	OK
REQUEST	CivilDamage_UnSpecClaim_10_02_CreateCase	IgnoreWarning	1732274912754	1732274916493	OK	 
GROUP	CivilDamage_UnSpecClaim_10_02_CreateCase	1732274912751	1732274916535	3739	OK
REQUEST	CivilDamage_UnSpecClaim_10_03_CreateCase	CLAIMEligibility	1732274919543	1732274921778	OK	 
GROUP	CivilDamage_UnSpecClaim_10_03_CreateCase	1732274919536	1732274921781	2235	OK
REQUEST	CivilDamage_UnSpecClaim_10_04_CreateCase	CLAIMReferences	1732274923883	1732274924920	OK	 
GROUP	CivilDamage_UnSpecClaim_10_04_CreateCase	1732274923881	1732274924921	1037	OK
REQUEST	CivilDamage_UnSpecClaim_10_05_CreateCase	CLAIMCourt	1732274928610	1732274932020	OK	 
GROUP	CivilDamage_UnSpecClaim_10_05_CreateCase	1732274928607	1732274932022	3410	OK
REQUEST	CivilDamage_UnSpecClaim_10_06_CreateCase	postcode	1732274935711	1732274936658	OK	 
GROUP	CivilDamage_UnSpecClaim_10_06_CreateCase	1732274935709	1732274936661	947	OK
REQUEST	CivilDamage_UnSpecClaim_10_07_CreateCase	CLAIMClaimant	1732274939641	1732274940610	OK	 
GROUP	CivilDamage_UnSpecClaim_10_07_CreateCase	1732274939639	1732274940612	969	OK
REQUEST	CivilDamage_UnSpecClaim_10_08_CreateCase	CREATE_CLAIMClaimantLitigationFriend	1732274943441	1732274945268	OK	 
GROUP	CivilDamage_UnSpecClaim_10_08_CreateCase	1732274943439	1732274945270	1827	OK
REQUEST	CivilDamage_UnSpecClaim_10_09_CreateCase	CREATE_CLAIMNotifications	1732274948763	1732274950155	OK	 
GROUP	CivilDamage_UnSpecClaim_10_09_CreateCase	1732274948761	1732274950157	1392	OK
REQUEST	CivilDamage_UnSpecClaim_10_10_CreateCase	ClaimantSolicitorOrganisation	1732274953996	1732274955979	OK	 
GROUP	CivilDamage_UnSpecClaim_10_10_CreateCase	1732274953993	1732274955981	1983	OK
REQUEST	CivilDamage_UnSpecClaim_10_11_CreateCase	ClaimantSolicitorAddres	1732274959681	1732274961219	OK	 
GROUP	CivilDamage_UnSpecClaim_10_11_CreateCase	1732274959677	1732274961221	1538	OK
REQUEST	CivilDamage_UnSpecClaim_10_12_CreateCase	AddAnotherClaimant	1732274964059	1732274965220	OK	 
GROUP	CivilDamage_UnSpecClaim_10_12_CreateCase	1732274964056	1732274965222	1161	OK
REQUEST	CivilDamage_UnSpecClaim_10_13_CreateCase	postcode	1732274969147	1732274970332	OK	 
GROUP	CivilDamage_UnSpecClaim_10_13_CreateCase	1732274969145	1732274970335	1185	OK
REQUEST	CivilDamage_UnSpecClaim_10_14_CreateCase	CLAIMDefendant	1732274974248	1732274976154	OK	 
GROUP	CivilDamage_UnSpecClaim_10_14_CreateCase	1732274974246	1732274976156	1906	OK
REQUEST	CivilDamage_UnSpecClaim_10_15_CreateCase	LegalRepresentation	1732274979138	1732274980459	OK	 
GROUP	CivilDamage_UnSpecClaim_10_15_CreateCase	1732274979135	1732274980460	1321	OK
REQUEST	CivilDamage_UnSpecClaim_10_16_CreateCase	DefendantSolicitorOrganisation	1732274984429	1732274985307	OK	 
GROUP	CivilDamage_UnSpecClaim_10_16_CreateCase	1732274984426	1732274985308	878	OK
REQUEST	CivilDamage_UnSpecClaim_10_17_CreateCase	DefendantSolicitorServiceAddress	1732274988875	1732274989538	OK	 
GROUP	CivilDamage_UnSpecClaim_10_17_CreateCase	1732274988873	1732274989540	663	OK
REQUEST	CivilDamage_UnSpecClaim_10_18_CreateCase	CLAIMAddAnotherDefendant	1732274992929	1732274993552	OK	 
GROUP	CivilDamage_UnSpecClaim_10_18_CreateCase	1732274992929	1732274993554	623	OK
REQUEST	CivilDamage_UnSpecClaim_10_19_CreateCase	AddAnotherDefendant	1732274995772	1732274996518	OK	 
GROUP	CivilDamage_UnSpecClaim_10_19_CreateCase	1732274995769	1732274996520	746	OK
REQUEST	CivilDamage_UnSpecClaim_10_20_CreateCase	CLAIMClaimType	1732275000361	1732275001361	OK	 
GROUP	CivilDamage_UnSpecClaim_10_20_CreateCase	1732275000358	1732275001363	1000	OK
REQUEST	CivilDamage_UnSpecClaim_10_21_CreateCase	CLAIMDetails	1732275004361	1732275004897	OK	 
GROUP	CivilDamage_UnSpecClaim_10_21_CreateCase	1732275004358	1732275004899	536	OK
REQUEST	CivilDamage_UnSpecClaim_10_22_CreateCase	CLAIMUploadParticularsOfClaim	1732275008252	1732275008891	OK	 
GROUP	CivilDamage_UnSpecClaim_10_22_CreateCase	1732275008249	1732275008893	639	OK
REQUEST	CivilDamage_UnSpecClaim_10_23_CreateCase	CLAIMClaimValue	1732275012459	1732275014865	OK	 
GROUP	CivilDamage_UnSpecClaim_10_23_CreateCase	1732275012458	1732275014868	2406	OK
REQUEST	CivilDamage_UnSpecClaim_10_24_CreateCase	CLAIMPbaNumber	1732275016957	1732275017907	OK	 
GROUP	CivilDamage_UnSpecClaim_10_24_CreateCase	1732275016955	1732275017908	950	OK
REQUEST	CivilDamage_UnSpecClaim_10_25_CreateCase	StatementOfTruth	1732275021749	1732275022486	OK	 
GROUP	CivilDamage_UnSpecClaim_10_25_CreateCase	1732275021746	1732275022489	737	OK
REQUEST	CivilDamage_UnSpecClaim_10_26_CreateCase	Submit_Claim	1732275024908	1732275028463	OK	 
GROUP	CivilDamage_UnSpecClaim_10_26_CreateCase	1732275024905	1732275028468	3555	OK
REQUEST	CivilDamage_UnSpecClaim_10_27_CaseCreated	CaseCreated	1732275031659	1732275032652	OK	 
GROUP	CivilDamage_UnSpecClaim_10_27_CaseCreated	1732275031657	1732275032654	993	OK
REQUEST	CivilDamage_UnSpecClaim_10_28_APIRoleAssignment	APIRoleAssignment	1732275032655	1732275032957	OK	 
GROUP	CivilDamage_UnSpecClaim_10_28_APIRoleAssignment	1732275032654	1732275032959	302	OK
REQUEST	CivilDamage_UnspecClaim_10_29_SupportedJurisdiction	SupportedJurisdiction	1732275032959	1732275033087	OK	 
GROUP	CivilDamage_UnspecClaim_10_29_SupportedJurisdiction	1732275032959	1732275033090	128	OK
REQUEST	Civil_CreateClaim_005_MakePayment	005_PaymentGroups	1732275035141	1732275035924	KO	status.find.in([200, 209], 304), found 404
REQUEST	Civil_CreateClaim_005_MakePayment	010_ServiceTab	1732275035932	1732275036005	OK	 
REQUEST	Civil_CreateClaim_005_MakePayment	015_case_ids	1732275036006	1732275037305	KO	status.find.in([200, 209], 304), found 404
GROUP	Civil_CreateClaim_005_MakePayment	1732275035137	1732275037314	2155	KO
REQUEST	Civil_CreateClaim_010_MakePay	005_PayNow	1732275039319	1732275040328	OK	 
GROUP	Civil_CreateClaim_010_MakePay	1732275039316	1732275040331	1009	OK
ERROR	005_ConfirmPay: No attribute named 'OrdRefNo' is defined 	1732275042337
GROUP	Civil_CreateClaim_010_MakePay	1732275042332	1732275042337	0	KO
REQUEST	Civil_UnSpecClaim_10_NotifyDEF	005_jurisdiction	1732275046269	1732275047503	OK	 
REQUEST	Civil_UnSpecClaim_10_NotifyDEF	010_Profile	1732275047506	1732275048912	OK	 
REQUEST	Civil_UnSpecClaim_10_NotifyDEF	015_warning	1732275093918	1732275095262	KO	