RUN	uk.gov.hmcts.reform.civildamage.performance.simulations.SimulateScenario	simulatescenario	1730307023117	 	3.12.0
USER	UnSpec_CreateClaim	START	1730307024023
REQUEST	XUI_010_Home	005_Home	1730307024061	1730307024478	OK	 
REQUEST	XUI_010_Home	Common_000_ConfigurationUI	1730307025560	1730307025586	OK	 
REQUEST	XUI_010_Home	Common_000_ConfigJson	1730307025601	1730307025658	OK	 
REQUEST	XUI_010_Home	Common_000_TsAndCs	1730307025661	1730307025797	OK	 
REQUEST	XUI_010_Home	Common_000_ConfigUI	1730307025799	1730307025932	OK	 
REQUEST	XUI_010_Home	Common_000_UserDetails	1730307025935	1730307026045	OK	 
REQUEST	XUI_010_Home	Common_000_IsAuthenticated	1730307026046	1730307026147	OK	 
REQUEST	XUI_010_Home	010_auth	1730307026150	1730307026347	OK	 
REQUEST	XUI_010_Home	015_authorize	1730307026633	1730307026731	OK	 
REQUEST	XUI_010_Home	020_client	1730307026736	1730307026789	OK	 
GROUP	XUI_010_Home	1730307024026	1730307026795	1328	OK
REQUEST	XUI_020_Login	005_clientId	1730307026801	1730307026889	OK	 
REQUEST	XUI_020_Login	010_LoginCallback	1730307026899	1730307028314	OK	 
REQUEST	XUI_020_Login	015_idamurl	1730307028317	1730307028357	OK	 
REQUEST	XUI_020_Login	Common_000_ConfigurationUI	1730307029374	1730307029407	OK	 
REQUEST	XUI_020_Login	Common_000_ConfigUI	1730307029408	1730307029445	OK	 
REQUEST	XUI_020_Login	Common_000_TsAndCs	1730307029446	1730307029484	OK	 
REQUEST	XUI_020_Login	Common_000_IsAuthenticated	1730307029486	1730307029511	OK	 
REQUEST	XUI_020_Login	Common_000_UserDetails	1730307029514	1730307030070	OK	 
REQUEST	XUI_020_Login	Common_000_MonitoringTools	1730307030071	1730307030147	OK	 
REQUEST	XUI_020_Login	Common_000_IsAuthenticated	1730307030226	1730307030317	OK	 
GROUP	XUI_020_Login	1730307026795	1730307030329	2399	OK
REQUEST	CivilDamage_UnSpecClaim_10_01_CreateCase	create	1730307039146	1730307040136	OK	 
GROUP	CivilDamage_UnSpecClaim_10_01_CreateCase	1730307039104	1730307040137	990	OK
REQUEST	CivilDamage_UnSpecClaim_10_02_CreateCase	IgnoreWarning	1730307047167	1730307049961	OK	 
GROUP	CivilDamage_UnSpecClaim_10_02_CreateCase	1730307047165	1730307050125	2794	OK
REQUEST	CivilDamage_UnSpecClaim_10_03_CreateCase	CLAIMEligibility	1730307057143	1730307058807	OK	 
GROUP	CivilDamage_UnSpecClaim_10_03_CreateCase	1730307057128	1730307058808	1664	OK
REQUEST	CivilDamage_UnSpecClaim_10_04_CreateCase	CLAIMReferences	1730307065826	1730307066683	OK	 
GROUP	CivilDamage_UnSpecClaim_10_04_CreateCase	1730307065824	1730307066683	857	OK
REQUEST	CivilDamage_UnSpecClaim_10_05_CreateCase	CLAIMCourt	1730307073698	1730307074945	OK	 
GROUP	CivilDamage_UnSpecClaim_10_05_CreateCase	1730307073696	1730307074946	1247	OK
REQUEST	CivilDamage_UnSpecClaim_10_06_CreateCase	postcode	1730307081961	1730307083109	OK	 
GROUP	CivilDamage_UnSpecClaim_10_06_CreateCase	1730307081959	1730307083110	1148	OK
REQUEST	CivilDamage_UnSpecClaim_10_07_CreateCase	CLAIMClaimant	1730307090122	1730307090858	OK	 
GROUP	CivilDamage_UnSpecClaim_10_07_CreateCase	1730307090119	1730307090859	736	OK
REQUEST	CivilDamage_UnSpecClaim_10_08_CreateCase	CREATE_CLAIMClaimantLitigationFriend	1730307097875	1730307099073	OK	 
GROUP	CivilDamage_UnSpecClaim_10_08_CreateCase	1730307097873	1730307099075	1198	OK
REQUEST	CivilDamage_UnSpecClaim_10_09_CreateCase	CREATE_CLAIMNotifications	1730307106081	1730307107026	OK	 
GROUP	CivilDamage_UnSpecClaim_10_09_CreateCase	1730307106081	1730307107027	945	OK
REQUEST	CivilDamage_UnSpecClaim_10_10_CreateCase	ClaimantSolicitorOrganisation	1730307114039	1730307114831	OK	 
GROUP	CivilDamage_UnSpecClaim_10_10_CreateCase	1730307114037	1730307114832	792	OK
REQUEST	CivilDamage_UnSpecClaim_10_11_CreateCase	ClaimantSolicitorAddres	1730307121836	1730307122524	OK	 
GROUP	CivilDamage_UnSpecClaim_10_11_CreateCase	1730307121834	1730307122526	688	OK
REQUEST	CivilDamage_UnSpecClaim_10_12_CreateCase	AddAnotherClaimant	1730307129533	1730307129910	OK	 
GROUP	CivilDamage_UnSpecClaim_10_12_CreateCase	1730307129529	1730307129911	377	OK
REQUEST	CivilDamage_UnSpecClaim_10_13_CreateCase	postcode	1730307136927	1730307138136	OK	 
GROUP	CivilDamage_UnSpecClaim_10_13_CreateCase	1730307136925	1730307138137	1209	OK
REQUEST	CivilDamage_UnSpecClaim_10_14_CreateCase	CLAIMDefendant	1730307145147	1730307145823	OK	 
GROUP	CivilDamage_UnSpecClaim_10_14_CreateCase	1730307145145	1730307145824	676	OK
REQUEST	CivilDamage_UnSpecClaim_10_15_CreateCase	LegalRepresentation	1730307152831	1730307153451	OK	 
GROUP	CivilDamage_UnSpecClaim_10_15_CreateCase	1730307152831	1730307153452	620	OK
REQUEST	CivilDamage_UnSpecClaim_10_16_CreateCase	DefendantSolicitorOrganisation	1730307160463	1730307161120	OK	 
GROUP	CivilDamage_UnSpecClaim_10_16_CreateCase	1730307160462	1730307161121	657	OK
REQUEST	CivilDamage_UnSpecClaim_10_17_CreateCase	DefendantSolicitorServiceAddress	1730307168138	1730307168673	OK	 
GROUP	CivilDamage_UnSpecClaim_10_17_CreateCase	1730307168137	1730307168674	535	OK
REQUEST	CivilDamage_UnSpecClaim_10_18_CreateCase	CLAIMAddAnotherDefendant	1730307175682	1730307176505	OK	 
GROUP	CivilDamage_UnSpecClaim_10_18_CreateCase	1730307175682	1730307176505	823	OK
REQUEST	CivilDamage_UnSpecClaim_10_19_CreateCase	AddAnotherDefendant	1730307183512	1730307184022	OK	 
GROUP	CivilDamage_UnSpecClaim_10_19_CreateCase	1730307183511	1730307184022	510	OK
REQUEST	CivilDamage_UnSpecClaim_10_20_CreateCase	CLAIMClaimType	1730307191032	1730307191384	OK	 
GROUP	CivilDamage_UnSpecClaim_10_20_CreateCase	1730307191031	1730307191385	352	OK
REQUEST	CivilDamage_UnSpecClaim_10_21_CreateCase	CLAIMDetails	1730307198400	1730307198804	OK	 
GROUP	CivilDamage_UnSpecClaim_10_21_CreateCase	1730307198399	1730307198805	404	OK
REQUEST	CivilDamage_UnSpecClaim_10_22_CreateCase	CLAIMuploadParticularsOfClaim	1730307205821	1730307206421	OK	 
GROUP	CivilDamage_UnSpecClaim_10_22_CreateCase	1730307205820	1730307206422	600	OK
REQUEST	CivilDamage_UnSpecClaim_10_23_CreateCase	CLAIMClaimValue	1730307213430	1730307214350	OK	 
GROUP	CivilDamage_UnSpecClaim_10_23_CreateCase	1730307213428	1730307214354	920	OK
REQUEST	CivilDamage_UnSpecClaim_10_24_CreateCase	CLAIMPbaNumber	1730307221371	1730307221860	OK	 
GROUP	CivilDamage_UnSpecClaim_10_24_CreateCase	1730307221368	1730307221860	489	OK
REQUEST	CivilDamage_UnSpecClaim_10_25_CreateCase	StatementOfTruth	1730307228864	1730307229635	OK	 
GROUP	CivilDamage_UnSpecClaim_10_25_CreateCase	1730307228862	1730307229636	771	OK
REQUEST	CivilDamage_UnSpecClaim_10_26_CreateCase	Submit_Claim	1730307236649	1730307238805	OK	 
GROUP	CivilDamage_UnSpecClaim_10_26_CreateCase	1730307236647	1730307238811	2156	OK
REQUEST		XUI_020_Signout	1730307265819	1730307265917	OK	 
REQUEST	XUI_010_Home	005_Home	1730307315934	1730307316054	OK	 
REQUEST	XUI_010_Home	Common_000_ConfigurationUI	1730307317068	1730307317124	OK	 
REQUEST	XUI_010_Home	Common_000_ConfigJson	1730307317125	1730307317192	OK	 
REQUEST	XUI_010_Home	Common_000_TsAndCs	1730307317193	1730307317261	OK	 
REQUEST	XUI_010_Home	Common_000_ConfigUI	1730307317262	1730307317308	OK	 
REQUEST	XUI_010_Home	Common_000_UserDetails	1730307317310	1730307317367	OK	 
REQUEST	XUI_010_Home	Common_000_IsAuthenticated	1730307317368	1730307317407	OK	 
REQUEST	XUI_010_Home	010_auth	1730307317408	1730307317435	OK	 
REQUEST	XUI_010_Home	015_authorize	1730307317707	1730307317805	OK	 
REQUEST	XUI_010_Home	020_client	1730307317806	1730307317849	OK	 
GROUP	XUI_010_Home	1730307315933	1730307317850	621	OK
REQUEST	XUI_020_Login	005_clientId	1730307317851	1730307318063	OK	 
REQUEST	XUI_020_Login	010_LoginCallback	1730307318064	1730307319579	OK	 
REQUEST	XUI_020_Login	015_idamurl	1730307319582	1730307319612	OK	 
REQUEST	XUI_020_Login	Common_000_ConfigurationUI	1730307320615	1730307320662	OK	 
REQUEST	XUI_020_Login	Common_000_ConfigUI	1730307320666	1730307320699	OK	 
REQUEST	XUI_020_Login	Common_000_TsAndCs	1730307320702	1730307320777	OK	 
REQUEST	XUI_020_Login	Common_000_IsAuthenticated	1730307320778	1730307320807	OK	 
REQUEST	XUI_020_Login	Common_000_UserDetails	1730307320810	1730307321438	OK	 
REQUEST	XUI_020_Login	Common_000_MonitoringTools	1730307321439	1730307321504	OK	 
REQUEST	XUI_020_Login	Common_000_IsAuthenticated	1730307321505	1730307321585	OK	 
GROUP	XUI_020_Login	1730307317850	1730307321585	2714	OK
REQUEST	Civil_CreateClaim_010_MakePayment	005_ServiceTab	1730307359933	1730307360005	OK	 
REQUEST	Civil_CreateClaim_010_MakePayment	010_PaymentGroups	1730307360008	1730307362509	OK	 
REQUEST	Civil_CreateClaim_010_MakePayment	015_case_ids	1730307362518	1730307363436	OK	 
GROUP	Civil_CreateClaim_010_MakePayment	1730307359932	1730307363477	3491	OK
REQUEST	Civil_CreateClaim_010_MakePay	005_PayNow	1730307383491	1730307384362	OK	 
GROUP	Civil_CreateClaim_010_MakePay	1730307383489	1730307384362	871	OK
REQUEST	Civil_CreateClaim_010_MakePay	005_ConfrmPay	1730307404367	1730307407053	OK	 
GROUP	Civil_CreateClaim_010_MakePay	1730307404366	1730307407054	2686	OK
REQUEST		XUI_020_Signout	1730307447072	1730307447370	OK	 
REQUEST	XUI_010_Home	005_Home	1730307457381	1730307457407	OK	 
REQUEST	XUI_010_Home	Common_000_ConfigurationUI	1730307458414	1730307458445	OK	 
REQUEST	XUI_010_Home	Common_000_ConfigJson	1730307458449	1730307458488	OK	 
REQUEST	XUI_010_Home	Common_000_TsAndCs	1730307458491	1730307458516	OK	 
REQUEST	XUI_010_Home	Common_000_ConfigUI	1730307458517	1730307458547	OK	 
REQUEST	XUI_010_Home	Common_000_UserDetails	1730307458548	1730307458578	OK	 
REQUEST	XUI_010_Home	Common_000_IsAuthenticated	1730307458579	1730307458607	OK	 
REQUEST	XUI_010_Home	010_auth	1730307458608	1730307458710	OK	 
REQUEST	XUI_010_Home	015_authorize	1730307458975	1730307459077	OK	 
REQUEST	XUI_010_Home	020_client	1730307459078	1730307459114	OK	 
GROUP	XUI_010_Home	1730307457381	1730307459115	449	OK
REQUEST	XUI_020_Login	005_clientId	1730307459116	1730307459218	OK	 
REQUEST	XUI_020_Login	010_LoginCallback	1730307459219	1730307459851	OK	 
REQUEST	XUI_020_Login	015_idamurl	1730307459853	1730307459881	OK	 
REQUEST	XUI_020_Login	Common_000_ConfigurationUI	1730307460892	1730307460924	OK	 
REQUEST	XUI_020_Login	Common_000_ConfigUI	1730307460927	1730307460956	OK	 
REQUEST	XUI_020_Login	Common_000_TsAndCs	1730307460959	1730307460988	OK	 
REQUEST	XUI_020_Login	Common_000_IsAuthenticated	1730307460991	1730307461015	OK	 
REQUEST	XUI_020_Login	Common_000_UserDetails	1730307461018	1730307461510	OK	 
REQUEST	XUI_020_Login	Common_000_MonitoringTools	1730307461511	1730307461571	OK	 
REQUEST	XUI_020_Login	Common_000_IsAuthenticated	1730307461572	1730307461657	OK	 
GROUP	XUI_020_Login	1730307459115	1730307461657	1513	OK
REQUEST	Civil_UnSpecClaim_10_NotifyDEF	005_jurisdiction	1730307469715	1730307471097	OK	 
REQUEST	Civil_UnSpecClaim_10_NotifyDEF	010_warning	1730307476100	1730307477218	OK	 
REQUEST	Civil_UnSpecClaim_10_NotifyDEF	015_Profile	1730307477237	1730307478636	OK	 
REQUEST	Civil_UnSpecClaim_10_NotifyDEF	020_jurisdiction	1730307478638	1730307479783	OK	 
GROUP	Civil_UnSpecClaim_10_NotifyDEF	1730307469714	1730307479784	5044	OK
REQUEST	Civil_UnSpecClaim_10_NotifyDEF	005_CLAIMAccessGrantedWarning	1730307489786	1730307490364	OK	 
GROUP	Civil_UnSpecClaim_10_NotifyDEF	1730307489785	1730307490364	578	OK
REQUEST	Civil_UnSpecClaim_10_NotifyDEF	330_SubmitNotification	1730307500375	1730307501745	OK	 
GROUP	Civil_UnSpecClaim_10_NotifyDEF	1730307500374	1730307501745	1370	OK
REQUEST	Civil_UnSpecClaim_10_NotifyDEF	005_jurisdiction	1730307511761	1730307511819	OK	 
REQUEST	Civil_UnSpecClaim_10_NotifyDEF	010_LabellingRoleAssignment	1730307511820	1730307512085	OK	 
GROUP	Civil_UnSpecClaim_10_NotifyDEF	1730307511760	1730307512086	323	OK
REQUEST		XUI_020_Signout	1730307522100	1730307522367	OK	 
REQUEST	XUI_010_Home	005_Home	1730307532372	1730307532420	OK	 
REQUEST	XUI_010_Home	Common_000_ConfigurationUI	1730307533436	1730307533469	OK	 
REQUEST	XUI_010_Home	Common_000_ConfigJson	1730307533470	1730307533521	OK	 
REQUEST	XUI_010_Home	Common_000_TsAndCs	1730307533522	1730307533547	OK	 
REQUEST	XUI_010_Home	Common_000_ConfigUI	1730307533548	1730307533582	OK	 
REQUEST	XUI_010_Home	Common_000_UserDetails	1730307533584	1730307533611	OK	 
REQUEST	XUI_010_Home	Common_000_IsAuthenticated	1730307533613	1730307533653	OK	 
REQUEST	XUI_010_Home	010_auth	1730307533654	1730307533729	OK	 
REQUEST	XUI_010_Home	015_authorize	1730307533991	1730307534072	OK	 
REQUEST	XUI_010_Home	020_client	1730307534074	1730307534135	OK	 
GROUP	XUI_010_Home	1730307532372	1730307534136	475	OK
REQUEST	XUI_020_Login	005_clientId	1730307534137	1730307534222	OK	 
REQUEST	XUI_020_Login	010_LoginCallback	1730307534223	1730307534795	OK	 
REQUEST	XUI_020_Login	015_idamurl	1730307534795	1730307534818	OK	 
REQUEST	XUI_020_Login	Common_000_ConfigurationUI	1730307535827	1730307535921	OK	 
REQUEST	XUI_020_Login	Common_000_ConfigUI	1730307535923	1730307535980	OK	 
REQUEST	XUI_020_Login	Common_000_TsAndCs	1730307535982	1730307536016	OK	 
REQUEST	XUI_020_Login	Common_000_IsAuthenticated	1730307536018	1730307536048	OK	 
REQUEST	XUI_020_Login	Common_000_UserDetails	1730307536050	1730307536506	OK	 
REQUEST	XUI_020_Login	Common_000_MonitoringTools	1730307536507	1730307536580	OK	 
REQUEST	XUI_020_Login	Common_000_IsAuthenticated	1730307536583	1730307536645	OK	 
GROUP	XUI_020_Login	1730307534136	1730307536647	1486	OK
REQUEST	Civil_UnSpecClaim_10_NotifyDetails	005_jurisdiction	1730307545833	1730307547133	OK	 
REQUEST	Civil_UnSpecClaim_10_NotifyDetails	010_IgnoreWarning	1730307547134	1730307548548	OK	 
REQUEST	Civil_UnSpecClaim_10_NotifyDetails	015_profile	1730307548570	1730307549858	OK	 
REQUEST	Civil_UnSpecClaim_10_NotifyDetails	020_jurisdiction	1730307549859	1730307550665	OK	 
GROUP	Civil_UnSpecClaim_10_NotifyDetails	1730307545832	1730307550666	4808	OK
REQUEST	Civil_UnSpecClaim_10_NotifyDetails	005_DetailsUpload	1730307569678	1730307570978	OK	 
GROUP	Civil_UnSpecClaim_10_NotifyDetails	1730307569677	1730307570978	1300	OK
REQUEST	Civil_UnSpecClaim_10_NotifyDetails	005_SubmitNotifyDetails	1730307580991	1730307581900	OK	 
GROUP	Civil_UnSpecClaim_10_NotifyDetails	1730307580988	1730307581901	909	OK
REQUEST		XUI_020_Signout	1730307581902	1730307582023	OK	 
REQUEST	XUI_010_Home	005_Home	1730307592036	1730307592062	OK	 
REQUEST	XUI_010_Home	Common_000_ConfigurationUI	1730307593067	1730307593190	OK	 
REQUEST	XUI_010_Home	Common_000_ConfigJson	1730307593191	1730307593233	OK	 
REQUEST	XUI_010_Home	Common_000_TsAndCs	1730307593236	1730307593266	OK	 
REQUEST	XUI_010_Home	Common_000_ConfigUI	1730307593268	1730307593310	OK	 
REQUEST	XUI_010_Home	Common_000_UserDetails	1730307593313	1730307593340	OK	 
REQUEST	XUI_010_Home	Common_000_IsAuthenticated	1730307593341	1730307593414	OK	 
REQUEST	XUI_010_Home	010_auth	1730307593415	1730307593453	OK	 
REQUEST	XUI_010_Home	015_authorize	1730307593722	1730307593773	OK	 
REQUEST	XUI_010_Home	020_client	1730307593773	1730307593814	OK	 
GROUP	XUI_010_Home	1730307592035	1730307593816	493	OK
REQUEST	XUI_020_Login	005_clientId	1730307593818	1730307594010	OK	 
REQUEST	XUI_020_Login	010_LoginCallback	1730307594013	1730307595200	OK	 
REQUEST	XUI_020_Login	015_idamurl	1730307595201	1730307595230	OK	 
REQUEST	XUI_020_Login	Common_000_ConfigurationUI	1730307596235	1730307596285	OK	 
REQUEST	XUI_020_Login	Common_000_ConfigUI	1730307596286	1730307596325	OK	 
REQUEST	XUI_020_Login	Common_000_TsAndCs	1730307596326	1730307596361	OK	 
REQUEST	XUI_020_Login	Common_000_IsAuthenticated	1730307596362	1730307596384	OK	 
REQUEST	XUI_020_Login	Common_000_UserDetails	1730307596385	1730307596760	OK	 
REQUEST	XUI_020_Login	Common_000_MonitoringTools	1730307596761	1730307596816	OK	 
REQUEST	XUI_020_Login	Common_000_IsAuthenticated	1730307596817	1730307596890	OK	 
GROUP	XUI_020_Login	1730307593816	1730307596891	2057	OK
REQUEST		CIVIL_AssignCase_000_AssignCase	1730307605882	1730307606164	OK	 
REQUEST	Civil_20_UnSpecClaim_DefResp	Search_005_CaseReference	1730307656177	1730307657874	OK	 
GROUP	Civil_20_UnSpecClaim_DefResp	1730307656176	1730307657874	1697	OK
REQUEST	Civil_20_UnSpecClaim_DefResp	OpenCase_005_InternalCases	1730307664885	1730307666193	OK	 
GROUP	Civil_20_UnSpecClaim_DefResp	1730307664883	1730307666194	1308	OK
REQUEST	Civil_20_UnSpecClaim_DefResp	OpenCase_010_RoleAssignment	1730307666366	1730307666647	OK	 
REQUEST	Civil_20_UnSpecClaim_DefResp	OpenCase_015_Jurisdiction	1730307666648	1730307666696	OK	 
GROUP	Civil_20_UnSpecClaim_DefResp	1730307666365	1730307666697	329	OK
REQUEST	Civil_20_UnSpecClaim_DefResp	RespToClaim_005_jurisdiction	1730307679708	1730307680835	OK	 
REQUEST	Civil_20_UnSpecClaim_DefResp	RespToClaim_010_IgnoreWarning	1730307680838	1730307683178	OK	 
REQUEST	Civil_20_UnSpecClaim_DefResp	RespToClaim_015_profile	1730307683193	1730307686367	OK	 
REQUEST	Civil_20_UnSpecClaim_DefResp	RespToClaim_020_jurisdiction	1730307686368	1730307687964	OK	 
GROUP	Civil_20_UnSpecClaim_DefResp	1730307679708	1730307687964	8237	OK
REQUEST	Civil_20_UnSpecClaim_DefResp	ClaimInfo_005_ConfirmDetails	1730307716970	1730307717897	OK	 
GROUP	Civil_20_UnSpecClaim_DefResp	1730307716970	1730307717897	927	OK
REQUEST	Civil_20_UnSpecClaim_DefResp	RejectClaim_005_RespondentResponseType	1730307731904	1730307732946	OK	 
GROUP	Civil_20_UnSpecClaim_DefResp	1730307731903	1730307732946	1042	OK
REQUEST	Civil_20_UnSpecClaim_DefResp	FileRef_005_SolicitorReferences	1730307742953	1730307743307	OK	 
GROUP	Civil_20_UnSpecClaim_DefResp	1730307742953	1730307743307	354	OK
REQUEST	Civil_20_UnSpecClaim_DefResp	005_UploadDefence	1730307763330	1730307765076	OK	 
GROUP	Civil_20_UnSpecClaim_DefResp	1730307763310	1730307765079	1746	OK
REQUEST	Civil_20_UnSpecClaim_DefResp	005_FileDirectionsQuestionnaire	1730307775087	1730307775618	OK	 
GROUP	Civil_20_UnSpecClaim_DefResp	1730307775085	1730307775619	531	OK
REQUEST	Civil_20_UnSpecClaim_DefResp	005_FixedRecoverableCosts	1730307790633	1730307791055	OK	 
GROUP	Civil_20_UnSpecClaim_DefResp	1730307790631	1730307791055	422	OK
REQUEST	Civil_20_UnSpecClaim_DefResp	005_DisclosureOfNonElectronicDocuments	1730307802069	1730307802645	OK	 
GROUP	Civil_20_UnSpecClaim_DefResp	1730307802068	1730307802646	576	OK
REQUEST	Civil_20_UnSpecClaim_DefResp	005_RESPONSEExperts	1730307810663	1730307811491	OK	 
GROUP	Civil_20_UnSpecClaim_DefResp	1730307810661	1730307811491	828	OK
REQUEST	Civil_20_UnSpecClaim_DefResp	005_RESPONSEWitnesses	1730307817506	1730307818578	OK	 
GROUP	Civil_20_UnSpecClaim_DefResp	1730307817504	1730307818578	1072	OK
REQUEST	Civil_20_UnSpecClaim_DefResp	005_RESPONSELanguage	1730307828589	1730307829189	OK	 
GROUP	Civil_20_UnSpecClaim_DefResp	1730307828588	1730307829190	600	OK
REQUEST	Civil_20_UnSpecClaim_DefResp	005_RESPONSEHearing	1730307849207	1730307849747	OK	 
GROUP	Civil_20_UnSpecClaim_DefResp	1730307849206	1730307849748	540	OK
REQUEST	Civil_20_UnSpecClaim_DefResp	005_UploadDraftDirection	1730307857762	1730307859574	OK	 
GROUP	Civil_20_UnSpecClaim_DefResp	1730307857761	1730307859575	1812	OK
REQUEST	Civil_20_UnSpecClaim_DefResp	005_RESPONSEDraftDirections	1730307863590	1730307864110	OK	 
GROUP	Civil_20_UnSpecClaim_DefResp	1730307863589	1730307864111	520	OK
REQUEST	Civil_20_UnSpecClaim_DefResp	005_RESPONSERequestedCourt	1730307891117	1730307892342	OK	 
GROUP	Civil_20_UnSpecClaim_DefResp	1730307891116	1730307892343	1225	OK
REQUEST	Civil_20_UnSpecClaim_DefResp	005_RESPONSEHearingSupport	1730307902360	1730307903018	OK	 
GROUP	Civil_20_UnSpecClaim_DefResp	1730307902359	1730307903019	658	OK
REQUEST	Civil_20_UnSpecClaim_DefResp	005_RESPONSEVulnerabilityQuestions	1730307913027	1730307914209	OK	 
GROUP	Civil_20_UnSpecClaim_DefResp	1730307913026	1730307914209	1182	OK
REQUEST	Civil_20_UnSpecClaim_DefResp	005_RESPONSEFurtherInformation	1730307928220	1730307929293	OK	 
GROUP	Civil_20_UnSpecClaim_DefResp	1730307928219	1730307929293	1073	OK
REQUEST	Civil_20_UnSpecClaim_DefResp	005_RESPONSEStatementOfTruth	1730307949304	1730307950661	OK	 
GROUP	Civil_20_UnSpecClaim_DefResp	1730307949302	1730307950662	1357	OK
REQUEST	Civil_20_UnSpecClaim_DefResp	005_Submit	1730307960670	1730307965599	OK	 
GROUP	Civil_20_UnSpecClaim_DefResp	1730307960669	1730307965599	4929	OK
REQUEST		XUI_020_Signout	1730307988613	1730307988727	OK	 
REQUEST	XUI_010_Home	005_Home	1730307998729	1730307998790	OK	 
REQUEST	XUI_010_Home	Common_000_ConfigurationUI	1730307999802	1730307999833	OK	 
REQUEST	XUI_010_Home	Common_000_ConfigJson	1730307999834	1730307999870	OK	 
REQUEST	XUI_010_Home	Common_000_TsAndCs	1730307999871	1730307999895	OK	 
REQUEST	XUI_010_Home	Common_000_ConfigUI	1730307999896	1730307999917	OK	 
REQUEST	XUI_010_Home	Common_000_UserDetails	1730307999918	1730307999947	OK	 
REQUEST	XUI_010_Home	Common_000_IsAuthenticated	1730307999948	1730307999969	OK	 
REQUEST	XUI_010_Home	010_auth	1730307999969	1730307999999	OK	 
REQUEST	XUI_010_Home	015_authorize	1730308000271	1730308000358	OK	 
REQUEST	XUI_010_Home	020_client	1730308000359	1730308000403	OK	 
GROUP	XUI_010_Home	1730307998728	1730308000404	384	OK
REQUEST	XUI_020_Login	005_clientId	1730308000405	1730308000624	OK	 
REQUEST	XUI_020_Login	010_LoginCallback	1730308000626	1730308001096	OK	 
REQUEST	XUI_020_Login	015_idamurl	1730308001097	1730308001119	OK	 
REQUEST	XUI_020_Login	Common_000_ConfigurationUI	1730308002123	1730308002168	OK	 
REQUEST	XUI_020_Login	Common_000_ConfigUI	1730308002171	1730308002220	OK	 
REQUEST	XUI_020_Login	Common_000_TsAndCs	1730308002221	1730308002248	OK	 
REQUEST	XUI_020_Login	Common_000_IsAuthenticated	1730308002249	1730308002283	OK	 
REQUEST	XUI_020_Login	Common_000_UserDetails	1730308002284	1730308003142	OK	 
REQUEST	XUI_020_Login	Common_000_MonitoringTools	1730308003143	1730308003204	OK	 
REQUEST	XUI_020_Login	Common_000_IsAuthenticated	1730308003205	1730308003282	OK	 
GROUP	XUI_020_Login	1730308000404	1730308003284	1862	OK
REQUEST	Civil_30_UnSpecClaim_ClaimantResp	OpenCase_005_InternalCases	1730308011922	1730308013360	OK	 
REQUEST	Civil_30_UnSpecClaim_ClaimantResp	OpenCase_010_Jurisdiction	1730308013539	1730308013599	OK	 
REQUEST	Civil_30_UnSpecClaim_ClaimantResp	OpenCase_015_RoleAssignment	1730308013600	1730308014226	OK	 
GROUP	Civil_30_UnSpecClaim_ClaimantResp	1730308011921	1730308014227	2124	OK
REQUEST	Civil_30_UnSpecClaim_ClaimantResp	RespToDef_005_Jurisdiction	1730308024230	1730308025679	OK	 
REQUEST	Civil_30_UnSpecClaim_ClaimantResp	RespToDef_010_IgnoreWarning	1730308025680	1730308027655	OK	 
REQUEST	Civil_30_UnSpecClaim_ClaimantResp	RespToDef_015_profile	1730308027669	1730308028762	OK	 
REQUEST	Civil_30_UnSpecClaim_ClaimantResp	RespToDef_020_jurisdiction	1730308028762	1730308030088	OK	 
GROUP	Civil_30_UnSpecClaim_ClaimantResp	1730308024229	1730308030089	5843	OK
REQUEST	Civil_30_UnSpecClaim_ClaimantResp	005_RespondentResponse	1730308040105	1730308041056	OK	 
GROUP	Civil_30_UnSpecClaim_ClaimantResp	1730308040104	1730308041057	951	OK
REQUEST	Civil_30_UnSpecClaim_ClaimantResp	005_DefenceResponseDocument	1730308046066	1730308047473	OK	 
GROUP	Civil_30_UnSpecClaim_ClaimantResp	1730308046065	1730308047473	1407	OK
REQUEST	Civil_30_UnSpecClaim_ClaimantResp	005_FileDirectionsQuestionnaire	1730308052488	1730308052823	OK	 
GROUP	Civil_30_UnSpecClaim_ClaimantResp	1730308052487	1730308052823	335	OK
REQUEST	Civil_30_UnSpecClaim_ClaimantResp	005_FixedRecoverableCosts	1730308057826	1730308058379	OK	 
GROUP	Civil_30_UnSpecClaim_ClaimantResp	1730308057825	1730308058380	553	OK
REQUEST	Civil_30_UnSpecClaim_ClaimantResp	005_DisclosureOfNonElectronicDocuments	1730308063389	1730308064352	OK	 
GROUP	Civil_30_UnSpecClaim_ClaimantResp	1730308063388	1730308064353	963	OK
REQUEST	Civil_30_UnSpecClaim_ClaimantResp	005_Experts	1730308069354	1730308070808	OK	 
GROUP	Civil_30_UnSpecClaim_ClaimantResp	1730308069354	1730308070808	1454	OK
REQUEST	Civil_30_UnSpecClaim_ClaimantResp	005_Witnesses	1730308075813	1730308076531	OK	 
GROUP	Civil_30_UnSpecClaim_ClaimantResp	1730308075812	1730308076531	718	OK
REQUEST	Civil_30_UnSpecClaim_ClaimantResp	005_Language	1730308081541	1730308082231	OK	 
GROUP	Civil_30_UnSpecClaim_ClaimantResp	1730308081540	1730308082231	690	OK
REQUEST	Civil_30_UnSpecClaim_ClaimantResp	005_Hearing	1730308087246	1730308087953	OK	 
GROUP	Civil_30_UnSpecClaim_ClaimantResp	1730308087245	1730308087953	707	OK
REQUEST	Civil_30_UnSpecClaim_ClaimantResp	005_UploadDraftDirection	1730308092965	1730308096889	OK	 
GROUP	Civil_30_UnSpecClaim_ClaimantResp	1730308092963	1730308096891	3924	OK
REQUEST	Civil_30_UnSpecClaim_ClaimantResp	010_DraftDirections	1730308101907	1730308102966	OK	 
GROUP	Civil_30_UnSpecClaim_ClaimantResp	1730308101906	1730308102966	1059	OK
REQUEST	Civil_30_UnSpecClaim_ClaimantResp	005_HearingSupport	1730308107976	1730308108246	OK	 
GROUP	Civil_30_UnSpecClaim_ClaimantResp	1730308107975	1730308108247	270	OK
REQUEST	Civil_30_UnSpecClaim_ClaimantResp	005_VulnerabilityQuestions	1730308113254	1730308113686	OK	 
GROUP	Civil_30_UnSpecClaim_ClaimantResp	1730308113253	1730308113686	432	OK
REQUEST	Civil_30_UnSpecClaim_ClaimantResp	005_FurtherInformation	1730308118693	1730308119225	OK	 
GROUP	Civil_30_UnSpecClaim_ClaimantResp	1730308118692	1730308119226	532	OK
REQUEST	Civil_30_UnSpecClaim_ClaimantResp	005_StatementOfTruth	1730308124246	1730308125252	OK	 
GROUP	Civil_30_UnSpecClaim_ClaimantResp	1730308124244	1730308125253	1006	OK
REQUEST	Civil_30_UnSpecClaim_ClaimantResp	005_Submit	1730308130264	1730308132994	OK	 
GROUP	Civil_30_UnSpecClaim_ClaimantResp	1730308130263	1730308132994	2730	OK
REQUEST		XUI_020_Signout	1730308132994	1730308133228	OK	 
USER	UnSpec_CreateClaim	END	1730308153246
