RUN	uk.gov.hmcts.reform.civildamage.performance.simulations.SimulateScenario	simulatescenario	1732526740352	 	3.12.0
USER	Spec_Create_Claim	START	1732526740809
REQUEST	XUI_010_Home	005_Home	1732526740807	1732526740902	OK	 
REQUEST	XUI_010_Home	Common_000_ConfigurationUI	1732526740915	1732526740943	OK	 
REQUEST	XUI_010_Home	Common_000_ConfigJson	1732526740944	1732526740979	OK	 
REQUEST	XUI_010_Home	Common_000_TsAndCs	1732526740980	1732526741009	OK	 
REQUEST	XUI_010_Home	Common_000_ConfigUI	1732526741009	1732526741039	OK	 
REQUEST	XUI_010_Home	Common_000_UserDetails	1732526741040	1732526741087	OK	 
REQUEST	XUI_010_Home	Common_000_IsAuthenticated	1732526741093	1732526741130	OK	 
REQUEST	XUI_010_Home	010_auth	1732526741145	1732526741183	OK	 
REQUEST	XUI_010_Home	010_auth Redirect 1	1732526741197	1732526741309	OK	 
REQUEST	XUI_010_Home	010_auth Redirect 2	1732526741318	1732526741408	OK	 
GROUP	XUI_010_Home	1732526740801	1732526741429	541	OK
REQUEST	XUI_020_Login	005_clientId	1732526745069	1732526745256	OK	 
REQUEST	XUI_020_Login	005_clientId Redirect 1	1732526745271	1732526746803	OK	 
REQUEST	XUI_020_Login	005_clientId Redirect 2	1732526746807	1732526746840	OK	 
REQUEST	XUI_020_Login	Common_000_ConfigurationUI	1732526746844	1732526746880	OK	 
REQUEST	XUI_020_Login	Common_000_ConfigUI	1732526746884	1732526746932	OK	 
REQUEST	XUI_020_Login	Common_000_TsAndCs	1732526746936	1732526746979	OK	 
REQUEST	XUI_020_Login	Common_000_IsAuthenticated	1732526746981	1732526747022	OK	 
REQUEST	XUI_020_Login	Common_000_UserDetails	1732526747029	1732526747402	OK	 
REQUEST	XUI_020_Login	Common_000_MonitoringTools	1732526747405	1732526747498	OK	 
REQUEST	XUI_020_Login	Common_000_IsAuthenticated	1732526747539	1732526747630	OK	 
GROUP	XUI_020_Login	1732526745053	1732526747640	2477	OK
REQUEST	Civil_CreateSpecClaim_10_00_LandingPage	Jurisdiction	1732526750401	1732526751713	OK	 
REQUEST	Civil_CreateSpecClaim_10_00_LandingPage	Organisation	1732526751714	1732526752532	OK	 
GROUP	Civil_CreateSpecClaim_10_00_LandingPage	1732526750398	1732526752532	2130	OK
REQUEST	Civil_CreateSpecClaim_10_01_CreateCase	Create	1732526754628	1732526754769	OK	 
GROUP	Civil_CreateSpecClaim_10_01_CreateCase	1732526754626	1732526754777	141	OK
REQUEST	Civil_CreateSpecClaim_10_02_CreateCase	IgnoreWarning	1732526757774	1732526758847	OK	 
GROUP	Civil_CreateSpecClaim_10_02_CreateCase	1732526757771	1732526758900	1073	OK
REQUEST	Civil_CreateSpecClaim_10_03_CreateCase	CaseChecklist	1732526762705	1732526763585	OK	 
GROUP	Civil_CreateSpecClaim_10_03_CreateCase	1732526762694	1732526763589	880	OK
REQUEST	Civil_CreateSpecClaim_10_04_CreateCase	Eligibility	1732526766929	1732526767689	OK	 
GROUP	Civil_CreateSpecClaim_10_04_CreateCase	1732526766926	1732526767692	760	OK
REQUEST	Civil_CreateSpecClaim_10_05_CreateCase	References	1732526770700	1732526771068	OK	 
GROUP	Civil_CreateSpecClaim_10_05_CreateCase	1732526770696	1732526771070	368	OK
REQUEST	Civil_CreateSpecClaim_10_06_CreateCase	PostCodeSearch	1732526774893	1732526776136	OK	 
GROUP	Civil_CreateSpecClaim_10_06_CreateCase	1732526774890	1732526776140	1243	OK
REQUEST	Civil_CreateSpecClaim_10_07_CreateCase	Claimant	1732526778224	1732526779773	OK	 
GROUP	Civil_CreateSpecClaim_10_07_CreateCase	1732526778221	1732526779775	1549	OK
REQUEST	Civil_CreateSpecClaim_10_08_CreateCase	AddAnotherClaimant	1732526783427	1732526784073	OK	 
GROUP	Civil_CreateSpecClaim_10_08_CreateCase	1732526783424	1732526784076	646	OK
REQUEST	Civil_CreateSpecClaim_10_09_CreateCase	Notifications	1732526786335	1732526787452	OK	 
GROUP	Civil_CreateSpecClaim_10_09_CreateCase	1732526786332	1732526787455	1117	OK
REQUEST	Civil_CreateSpecClaim_10_10_CreateCase	ClaimantSolOrg	1732526787457	1732526788373	OK	 
GROUP	Civil_CreateSpecClaim_10_10_CreateCase	1732526787455	1732526788375	916	OK
REQUEST	Civil_CreateSpecClaim_10_11_CreateCase	CorrespondenceAddress	1732526791150	1732526791912	OK	 
GROUP	Civil_CreateSpecClaim_10_11_CreateCase	1732526791147	1732526791915	762	OK
REQUEST	Civil_CreateSpecClaim_10_12_CreateCase	DefPostCode	1732526795657	1732526796874	OK	 
GROUP	Civil_CreateSpecClaim_10_12_CreateCase	1732526795655	1732526796878	1217	OK
REQUEST	Civil_CreateSpecClaim_10_13_CreateCase	DefendantDetails	1732526800193	1732526801841	OK	 
GROUP	Civil_CreateSpecClaim_10_13_CreateCase	1732526800190	1732526801844	1648	OK
REQUEST	Civil_CreateSpecClaim_10_14_CreateCase	DefLegalRep	1732526805088	1732526805924	OK	 
GROUP	Civil_CreateSpecClaim_10_14_CreateCase	1732526805085	1732526805925	836	OK
REQUEST	Civil_CreateSpecClaim_10_15_CreateCase	DefSolOrg	1732526809819	1732526810699	OK	 
GROUP	Civil_CreateSpecClaim_10_15_CreateCase	1732526809816	1732526810703	880	OK
REQUEST	Civil_CreateSpecClaim_10_16_CreateCase	CDefSolEmail	1732526814408	1732526815615	OK	 
GROUP	Civil_CreateSpecClaim_10_16_CreateCase	1732526814405	1732526815617	1207	OK
REQUEST	Civil_CreateSpecClaim_10_17_CreateCase	DefAddr	1732526818233	1732526819310	OK	 
GROUP	Civil_CreateSpecClaim_10_17_CreateCase	1732526818229	1732526819312	1077	OK
REQUEST	Civil_CreateSpecClaim_10_18_CreateCase	AddAnotherDefendant	1732526822739	1732526823500	OK	 
GROUP	Civil_CreateSpecClaim_10_18_CreateCase	1732526822735	1732526823503	761	OK
REQUEST	Civil_CreateSpecClaim_10_19_CreateCase	FlightDelayClaim	1732526826335	1732526827186	OK	 
GROUP	Civil_CreateSpecClaim_10_19_CreateCase	1732526826331	1732526827188	851	OK
REQUEST	Civil_CreateSpecClaim_10_20_CreateCase	CaseDetails	1732526830949	1732526831384	OK	 
GROUP	Civil_CreateSpecClaim_10_20_CreateCase	1732526830946	1732526831386	435	OK
REQUEST	Civil_CreateSpecClaim_10_21_CreateCase	UploadClaimDoc	1732526834255	1732526834797	OK	 
GROUP	Civil_CreateSpecClaim_10_21_CreateCase	1732526834252	1732526834800	542	OK
REQUEST	Civil_CreateSpecClaim_10_22_CreateCase	ClaimTimeline	1732526837987	1732526838756	OK	 
GROUP	Civil_CreateSpecClaim_10_22_CreateCase	1732526837983	1732526838759	769	OK
REQUEST	Civil_CreateSpecClaim_10_23_CreateCase	SPECEvidenceList	1732526842414	1732526842852	OK	 
GROUP	Civil_CreateSpecClaim_10_23_CreateCase	1732526842411	1732526842853	438	OK
REQUEST	Civil_CreateSpecClaim_10_24_CreateCase	CREATE_CLAIM_SPECClaimAmount	1732526846767	1732526848015	OK	 
GROUP	Civil_CreateSpecClaim_10_24_CreateCase	1732526846764	1732526848017	1248	OK
REQUEST	Civil_CreateSpecClaim_10_25_CreateCase	CREATE_CLAIM_SPECClaimAmountDetails	1732526850737	1732526851557	OK	 
GROUP	Civil_CreateSpecClaim_10_25_CreateCase	1732526850734	1732526851562	820	OK
REQUEST	Civil_CreateSpecClaim_10_26_CreateCase	CREATE_CLAIM_SPECClaimInterest	1732526855139	1732526855563	OK	 
GROUP	Civil_CreateSpecClaim_10_26_CreateCase	1732526855136	1732526855566	424	OK
REQUEST	Civil_CreateSpecClaim_10_27_CreateCase	CREATE_CLAIM_SPECInterestSummary	1732526858826	1732526860160	OK	 
GROUP	Civil_CreateSpecClaim_10_27_CreateCase	1732526858823	1732526860164	1334	OK
REQUEST	Civil_CreateSpecClaim_10_28_CreateCase	CREATE_CLAIM_SPECPbaNumber	1732526862507	1732526863229	OK	 
GROUP	Civil_CreateSpecClaim_10_28_CreateCase	1732526862504	1732526863231	722	OK
REQUEST	Civil_CreateSpecClaim_10_29_CreateCase	CREATE_CLAIM_SPECFixedCommencementCosts	1732526865379	1732526866165	OK	 
GROUP	Civil_CreateSpecClaim_10_29_CreateCase	1732526865376	1732526866167	786	OK
REQUEST	Civil_CreateSpecClaim_10_30_CreateCase	CREATE_CLAIM_SPECStatementOfTruth	1732526868741	1732526869378	OK	 
GROUP	Civil_CreateSpecClaim_10_30_CreateCase	1732526868738	1732526869380	637	OK
REQUEST	Civil_CreateSpecClaim_10_31_CreateCase	CREATE_CLAIM_SPECCaseshare	1732526872306	1732526873899	OK	 
GROUP	Civil_CreateSpecClaim_10_31_CreateCase	1732526872304	1732526873917	1593	OK
REQUEST	Civil_CreateSpecClaim_10_32_CreateCase	CREATE_CLAIM_SPECSOT_Submit	1732526873918	1732526874302	KO	status.find.in([200, 209], 304), found 500
GROUP	Civil_CreateSpecClaim_10_32_CreateCase	1732526873917	1732526874317	384	KO
ERROR	CREATE_CLAIM_SPECGetCase: No attribute named 'caseId' is defined 	1732526877724
GROUP	Civil_CreateSpecClaim_10_33_APIRoleAssignment	1732526877717	1732526877724	0	KO
ERROR	