RUN	uk.gov.hmcts.reform.civildamage.performance.simulations.SimulateScenario	simulatescenario	1734100338244	 	3.12.0
USER	Spec_Create_Claim	START	1734100338665
REQUEST	XUI_010_Home	005_Home	1734100338663	1734100338753	OK	 
REQUEST	XUI_010_Home	Common_000_ConfigurationUI	1734100342354	1734100342396	OK	 
REQUEST	XUI_010_Home	Common_000_ConfigJson	1734100342396	1734100342448	OK	 
REQUEST	XUI_010_Home	Common_000_TsAndCs	1734100342448	1734100342478	OK	 
REQUEST	XUI_010_Home	Common_000_ConfigUI	1734100342478	1734100342502	OK	 
REQUEST	XUI_010_Home	Common_000_UserDetails	1734100342503	1734100342556	OK	 
REQUEST	XUI_010_Home	Common_000_IsAuthenticated	1734100342558	1734100342593	OK	 
REQUEST	XUI_010_Home	010_auth	1734100342595	1734100342629	OK	 
REQUEST	XUI_010_Home	010_auth Redirect 1	1734100342632	1734100342735	OK	 
REQUEST	XUI_010_Home	010_auth Redirect 2	1734100342736	1734100342819	OK	 
GROUP	XUI_010_Home	1734100338657	1734100343295	4553	OK
REQUEST	XUI_020_Login	005_clientId	1734100346785	1734100346874	OK	 
REQUEST	XUI_020_Login	005_clientId Redirect 1	1734100346875	1734100347564	OK	 
REQUEST	XUI_020_Login	005_clientId Redirect 2	1734100347566	1734100347633	OK	 
REQUEST	XUI_020_Login	Common_000_ConfigurationUI	1734100350425	1734100350452	OK	 
REQUEST	XUI_020_Login	Common_000_ConfigUI	1734100350453	1734100350487	OK	 
REQUEST	XUI_020_Login	Common_000_TsAndCs	1734100350488	1734100350516	OK	 
REQUEST	XUI_020_Login	Common_000_IsAuthenticated	1734100350517	1734100350535	OK	 
REQUEST	XUI_020_Login	Common_000_UserDetails	1734100350536	1734100351372	OK	 
REQUEST	XUI_020_Login	Common_000_MonitoringTools	1734100351373	1734100351439	OK	 
REQUEST	XUI_020_Login	Common_000_IsAuthenticated	1734100351466	1734100351559	OK	 
GROUP	XUI_020_Login	1734100346776	1734100351562	4739	OK
REQUEST	Civil_CreateSpecClaim_10_00_LandingPage	Jurisdiction	1734100355246	1734100356730	OK	 
REQUEST	Civil_CreateSpecClaim_10_00_LandingPage	Organisation	1734100356732	1734100357544	OK	 
GROUP	Civil_CreateSpecClaim_10_00_LandingPage	1734100355245	1734100357545	2296	OK
REQUEST	Civil_CreateSpecClaim_10_01_CreateCase	Create	1734100360650	1734100360821	OK	 
GROUP	Civil_CreateSpecClaim_10_01_CreateCase	1734100360647	1734100360824	171	OK
REQUEST	Civil_CreateSpecClaim_10_02_CreateCase	IgnoreWarning	1734100363340	1734100365220	OK	 
GROUP	Civil_CreateSpecClaim_10_02_CreateCase	1734100363338	1734100365270	1880	OK
REQUEST	Civil_CreateSpecClaim_10_03_CreateCase	CaseChecklist	1734100368226	1734100369008	OK	 
GROUP	Civil_CreateSpecClaim_10_03_CreateCase	1734100368220	1734100369010	782	OK
REQUEST	Civil_CreateSpecClaim_10_04_CreateCase	Eligibility	1734100371408	1734100372189	OK	 
GROUP	Civil_CreateSpecClaim_10_04_CreateCase	1734100371405	1734100372191	781	OK
REQUEST	Civil_CreateSpecClaim_10_05_CreateCase	References	1734100376117	1734100376554	OK	 
GROUP	Civil_CreateSpecClaim_10_05_CreateCase	1734100376116	1734100376556	437	OK
REQUEST	Civil_CreateSpecClaim_10_06_CreateCase	PostCodeSearch	1734100380319	1734100381494	OK	 
GROUP	Civil_CreateSpecClaim_10_06_CreateCase	1734100380317	1734100381505	1175	OK
REQUEST	Civil_CreateSpecClaim_10_07_CreateCase	Claimant	1734100383769	1734100385396	OK	 
GROUP	Civil_CreateSpecClaim_10_07_CreateCase	1734100383768	1734100385398	1627	OK
REQUEST	Civil_CreateSpecClaim_10_08_CreateCase	AddAnotherClaimant	1734100388625	1734100389388	OK	 
GROUP	Civil_CreateSpecClaim_10_08_CreateCase	1734100388622	1734100389390	763	OK
REQUEST	Civil_CreateSpecClaim_10_09_CreateCase	Notifications	1734100391765	1734100392869	OK	 
GROUP	Civil_CreateSpecClaim_10_09_CreateCase	1734100391763	1734100392871	1104	OK
REQUEST	Civil_CreateSpecClaim_10_10_CreateCase	ClaimantSolOrg	1734100392872	1734100393892	OK	 
GROUP	Civil_CreateSpecClaim_10_10_CreateCase	1734100392871	1734100393894	1020	OK
REQUEST	Civil_CreateSpecClaim_10_11_CreateCase	CorrespondenceAddress	1734100397454	1734100398504	OK	 
GROUP	Civil_CreateSpecClaim_10_11_CreateCase	1734100397452	1734100398507	1050	OK
REQUEST	Civil_CreateSpecClaim_10_12_CreateCase	DefPostCode	1734100400659	1734100401800	OK	 
GROUP	Civil_CreateSpecClaim_10_12_CreateCase	1734100400657	1734100401805	1141	OK
REQUEST	Civil_CreateSpecClaim_10_13_CreateCase	DefendantDetails	1734100405796	1734100406903	OK	 
GROUP	Civil_CreateSpecClaim_10_13_CreateCase	1734100405794	1734100406905	1107	OK
REQUEST	Civil_CreateSpecClaim_10_14_CreateCase	DefLegalRep	1734100410747	1734100410954	OK	 
GROUP	Civil_CreateSpecClaim_10_14_CreateCase	1734100410745	1734100410956	207	OK
REQUEST	Civil_CreateSpecClaim_10_15_CreateCase	DefSolOrg	1734100413650	1734100414093	OK	 
GROUP	Civil_CreateSpecClaim_10_15_CreateCase	1734100413648	1734100414095	443	OK
REQUEST	Civil_CreateSpecClaim_10_16_CreateCase	CDefSolEmail	1734100418051	1734100418574	OK	 
GROUP	Civil_CreateSpecClaim_10_16_CreateCase	1734100418049	1734100418576	523	OK
REQUEST	Civil_CreateSpecClaim_10_17_CreateCase	DefAddr	1734100421086	1734100422262	OK	 
GROUP	Civil_CreateSpecClaim_10_17_CreateCase	1734100421083	1734100422264	1176	OK
REQUEST	Civil_CreateSpecClaim_10_18_CreateCase	AddAnotherDefendant	1734100425689	1734100427093	OK	 
GROUP	Civil_CreateSpecClaim_10_18_CreateCase	1734100425686	1734100427095	1404	OK
REQUEST	Civil_CreateSpecClaim_10_19_CreateCase	FlightDelayClaim	1734100429856	1734100430493	OK	 
GROUP	Civil_CreateSpecClaim_10_19_CreateCase	1734100429855	1734100430495	637	OK
REQUEST	Civil_CreateSpecClaim_10_20_CreateCase	CaseDetails	1734100433958	1734100434344	OK	 
GROUP	Civil_CreateSpecClaim_10_20_CreateCase	1734100433954	1734100434346	386	OK
REQUEST	Civil_CreateSpecClaim_10_21_CreateCase	UploadClaimDoc	1734100437441	1734100438279	OK	 
GROUP	Civil_CreateSpecClaim_10_21_CreateCase	1734100437438	1734100438281	838	OK
REQUEST	Civil_CreateSpecClaim_10_22_CreateCase	ClaimTimeline	1734100442106	1734100442367	OK	 
GROUP	Civil_CreateSpecClaim_10_22_CreateCase	1734100442105	1734100442369	261	OK
REQUEST	Civil_CreateSpecClaim_10_23_CreateCase	SPECEvidenceList	1734100444627	1734100445502	OK	 
GROUP	Civil_CreateSpecClaim_10_23_CreateCase	1734100444625	1734100445504	875	OK
REQUEST	Civil_CreateSpecClaim_10_24_CreateCase	CREATE_CLAIM_SPECClaimAmount	1734100447754	1734100448372	OK	 
GROUP	Civil_CreateSpecClaim_10_24_CreateCase	1734100447751	1734100448374	618	OK
REQUEST	Civil_CreateSpecClaim_10_25_CreateCase	CREATE_CLAIM_SPECClaimAmountDetails	1734100451798	1734100452675	OK	 
GROUP	Civil_CreateSpecClaim_10_25_CreateCase	1734100451797	1734100452677	877	OK
REQUEST	Civil_CreateSpecClaim_10_26_CreateCase	CREATE_CLAIM_SPECClaimInterest	1734100455482	1734100456232	OK	 
GROUP	Civil_CreateSpecClaim_10_26_CreateCase	1734100455479	1734100456234	750	OK
REQUEST	Civil_CreateSpecClaim_10_27_CreateCase	CREATE_CLAIM_SPECInterestSummary	1734100459669	1734100461075	OK	 
GROUP	Civil_CreateSpecClaim_10_27_CreateCase	1734100459666	1734100461077	1406	OK
REQUEST	Civil_CreateSpecClaim_10_28_CreateCase	CREATE_CLAIM_SPECPbaNumber	1734100463445	1734100464144	OK	 
GROUP	Civil_CreateSpecClaim_10_28_CreateCase	1734100463443	1734100464146	699	OK
REQUEST	Civil_CreateSpecClaim_10_29_CreateCase	CREATE_CLAIM_SPECFixedCommencementCosts	1734100467560	1734100468546	OK	 
GROUP	Civil_CreateSpecClaim_10_29_CreateCase	1734100467558	1734100468548	986	OK
REQUEST	Civil_CreateSpecClaim_10_30_CreateCase	CREATE_CLAIM_SPECStatementOfTruth	1734100471293	1734100472252	OK	 
GROUP	Civil_CreateSpecClaim_10_30_CreateCase	1734100471291	1734100472254	959	OK
REQUEST	Civil_CreateSpecClaim_10_32_CreateCase	CREATE_CLAIM_SPECSOT_Submit	1734100474892	1734100475815	KO	status.find.in([200, 209], 304), found 500
GROUP	Civil_CreateSpecClaim_10_32_CreateCase	1734100474889	1734100475825	923	KO
ERROR	CREATE_CLAIM_SPECGetCase: No attribute named 'caseId' is defined 	1734100478255
GROUP	Civil_CreateSpecClaim_10_33_APIRoleAssignment	1734100478241	1734100478255	0	KO
ERROR	CREATE_CLAIM_SPECAPIRoleAssignment: No attribute named 'caseId' is defined 	1734100478255
GROUP	Civil_CreateSpecClaim_10_34_APIRoleAssignment	1734100478255	1734100478255	0	KO
REQUEST	