RUN	uk.gov.hmcts.reform.civildamage.performance.simulations.SimulateScenario	simulatescenario	1734100106576	 	3.12.0
USER	Spec_Create_Claim	START	1734100107071
REQUEST	XUI_010_Home	005_Home	1734100107068	1734100107238	OK	 
REQUEST	XUI_010_Home	Common_000_ConfigurationUI	1734100110109	1734100110151	OK	 
REQUEST	XUI_010_Home	Common_000_ConfigJson	1734100110154	1734100110188	OK	 
REQUEST	XUI_010_Home	Common_000_TsAndCs	1734100110189	1734100110249	OK	 
REQUEST	XUI_010_Home	Common_000_ConfigUI	1734100110251	1734100110276	OK	 
REQUEST	XUI_010_Home	Common_000_UserDetails	1734100110280	1734100110344	OK	 
REQUEST	XUI_010_Home	Common_000_IsAuthenticated	1734100110348	1734100110404	OK	 
REQUEST	XUI_010_Home	010_auth	1734100110410	1734100110440	OK	 
REQUEST	XUI_010_Home	010_auth Redirect 1	1734100110450	1734100110611	OK	 
REQUEST	XUI_010_Home	010_auth Redirect 2	1734100110615	1734100110657	OK	 
GROUP	XUI_010_Home	1734100107062	1734100110987	3807	OK
REQUEST	XUI_020_Login	005_clientId	1734100114659	1734100115056	OK	 
REQUEST	XUI_020_Login	005_clientId Redirect 1	1734100115057	1734100115872	OK	 
REQUEST	XUI_020_Login	005_clientId Redirect 2	1734100115874	1734100115915	OK	 
REQUEST	XUI_020_Login	Common_000_ConfigurationUI	1734100119513	1734100119561	OK	 
REQUEST	XUI_020_Login	Common_000_ConfigUI	1734100119562	1734100119618	OK	 
REQUEST	XUI_020_Login	Common_000_TsAndCs	1734100119619	1734100119668	OK	 
REQUEST	XUI_020_Login	Common_000_IsAuthenticated	1734100119669	1734100119708	OK	 
REQUEST	XUI_020_Login	Common_000_UserDetails	1734100119710	1734100120384	OK	 
REQUEST	XUI_020_Login	Common_000_MonitoringTools	1734100120388	1734100120481	OK	 
REQUEST	XUI_020_Login	Common_000_IsAuthenticated	1734100120521	1734100120632	OK	 
GROUP	XUI_020_Login	1734100114651	1734100120636	5920	OK
REQUEST	Civil_CreateSpecClaim_10_00_LandingPage	Jurisdiction	1734100123558	1734100125301	OK	 
REQUEST	Civil_CreateSpecClaim_10_00_LandingPage	Organisation	1734100125304	1734100125708	OK	 
GROUP	Civil_CreateSpecClaim_10_00_LandingPage	1734100123556	1734100125710	2147	OK
REQUEST	Civil_CreateSpecClaim_10_01_CreateCase	Create	1734100128961	1734100129219	OK	 
GROUP	Civil_CreateSpecClaim_10_01_CreateCase	1734100128959	1734100129220	258	OK
REQUEST	Civil_CreateSpecClaim_10_02_CreateCase	IgnoreWarning	1734100131830	1734100134924	OK	 
GROUP	Civil_CreateSpecClaim_10_02_CreateCase	1734100131828	1734100134961	3094	OK
REQUEST	Civil_CreateSpecClaim_10_03_CreateCase	CaseChecklist	1734100137598	1734100138812	OK	 
GROUP	Civil_CreateSpecClaim_10_03_CreateCase	1734100137592	1734100138814	1214	OK
REQUEST	Civil_CreateSpecClaim_10_04_CreateCase	Eligibility	1734100141763	1734100143464	OK	 
GROUP	Civil_CreateSpecClaim_10_04_CreateCase	1734100141761	1734100143466	1701	OK
REQUEST	Civil_CreateSpecClaim_10_05_CreateCase	References	1734100146436	1734100147132	OK	 
GROUP	Civil_CreateSpecClaim_10_05_CreateCase	1734100146434	1734100147133	696	OK
REQUEST	Civil_CreateSpecClaim_10_06_CreateCase	PostCodeSearch	1734100150562	1734100151587	OK	 
GROUP	Civil_CreateSpecClaim_10_06_CreateCase	1734100150561	1734100151598	1025	OK
REQUEST	Civil_CreateSpecClaim_10_07_CreateCase	Claimant	1734100154869	1734100156733	OK	 
GROUP	Civil_CreateSpecClaim_10_07_CreateCase	1734100154866	1734100156736	1864	OK
REQUEST	Civil_CreateSpecClaim_10_08_CreateCase	AddAnotherClaimant	1734100159984	1734100160832	OK	 
GROUP	Civil_CreateSpecClaim_10_08_CreateCase	1734100159982	1734100160834	848	OK
REQUEST	Civil_CreateSpecClaim_10_09_CreateCase	Notifications	1734100164511	1734100166155	OK	 
GROUP	Civil_CreateSpecClaim_10_09_CreateCase	1734100164510	1734100166157	1644	OK
REQUEST	Civil_CreateSpecClaim_10_10_CreateCase	ClaimantSolOrg	1734100166158	1734100167293	OK	 
GROUP	Civil_CreateSpecClaim_10_10_CreateCase	1734100166157	1734100167296	1135	OK
REQUEST	Civil_CreateSpecClaim_10_11_CreateCase	CorrespondenceAddress	1734100171036	1734100172203	OK	 
GROUP	Civil_CreateSpecClaim_10_11_CreateCase	1734100171034	1734100172204	1167	OK
REQUEST	Civil_CreateSpecClaim_10_12_CreateCase	DefPostCode	1734100174682	1734100176198	OK	 
GROUP	Civil_CreateSpecClaim_10_12_CreateCase	1734100174679	1734100176206	1516	OK
REQUEST	Civil_CreateSpecClaim_10_13_CreateCase	DefendantDetails	1734100179924	1734100181822	OK	 
GROUP	Civil_CreateSpecClaim_10_13_CreateCase	1734100179921	1734100181824	1898	OK
REQUEST	Civil_CreateSpecClaim_10_14_CreateCase	DefLegalRep	1734100184340	1734100185336	OK	 
GROUP	Civil_CreateSpecClaim_10_14_CreateCase	1734100184336	1734100185338	996	OK
REQUEST	Civil_CreateSpecClaim_10_15_CreateCase	DefSolOrg	1734100187820	1734100189194	OK	 
GROUP	Civil_CreateSpecClaim_10_15_CreateCase	1734100187817	1734100189196	1374	OK
REQUEST	Civil_CreateSpecClaim_10_16_CreateCase	CDefSolEmail	1734100191674	1734100192676	OK	 
GROUP	Civil_CreateSpecClaim_10_16_CreateCase	1734100191672	1734100192678	1002	OK
REQUEST	Civil_CreateSpecClaim_10_17_CreateCase	DefAddr	1734100196555	1734100197187	OK	 
GROUP	Civil_CreateSpecClaim_10_17_CreateCase	1734100196553	1734100197189	632	OK
REQUEST	Civil_CreateSpecClaim_10_18_CreateCase	AddAnotherDefendant	1734100199193	1734100199965	OK	 
GROUP	Civil_CreateSpecClaim_10_18_CreateCase	1734100199192	1734100199967	772	OK
REQUEST	Civil_CreateSpecClaim_10_19_CreateCase	FlightDelayClaim	1734100203220	1734100203944	OK	 
GROUP	Civil_CreateSpecClaim_10_19_CreateCase	1734100203219	1734100203946	724	OK
REQUEST	Civil_CreateSpecClaim_10_20_CreateCase	CaseDetails	1734100205993	1734100207016	OK	 
GROUP	Civil_CreateSpecClaim_10_20_CreateCase	1734100205992	1734100207017	1023	OK
REQUEST	Civil_CreateSpecClaim_10_21_CreateCase	UploadClaimDoc	1734100210738	1734100211495	OK	 
GROUP	Civil_CreateSpecClaim_10_21_CreateCase	1734100210737	1734100211497	757	OK
REQUEST	Civil_CreateSpecClaim_10_22_CreateCase	ClaimTimeline	1734100214654	1734100215407	OK	 
GROUP	Civil_CreateSpecClaim_10_22_CreateCase	1734100214652	1734100215409	753	OK
REQUEST	Civil_CreateSpecClaim_10_23_CreateCase	SPECEvidenceList	1734100217586	1734100217940	OK	 
GROUP	Civil_CreateSpecClaim_10_23_CreateCase	1734100217585	1734100217942	354	OK
REQUEST	Civil_CreateSpecClaim_10_24_CreateCase	CREATE_CLAIM_SPECClaimAmount	1734100221333	1734100221941	OK	 
GROUP	Civil_CreateSpecClaim_10_24_CreateCase	1734100221331	1734100221943	608	OK
REQUEST	Civil_CreateSpecClaim_10_25_CreateCase	CREATE_CLAIM_SPECClaimAmountDetails	1734100225434	1734100226366	OK	 
GROUP	Civil_CreateSpecClaim_10_25_CreateCase	1734100225432	1734100226368	932	OK
REQUEST	Civil_CreateSpecClaim_10_26_CreateCase	CREATE_CLAIM_SPECClaimInterest	1734100229491	1734100230477	OK	 
GROUP	Civil_CreateSpecClaim_10_26_CreateCase	1734100229489	1734100230480	986	OK
REQUEST	Civil_CreateSpecClaim_10_27_CreateCase	CREATE_CLAIM_SPECInterestSummary	1734100233924	1734100235170	OK	 
GROUP	Civil_CreateSpecClaim_10_27_CreateCase	1734100233922	1734100235171	1246	OK
REQUEST	Civil_CreateSpecClaim_10_28_CreateCase	CREATE_CLAIM_SPECPbaNumber	1734100239130	1734100239682	OK	 
GROUP	Civil_CreateSpecClaim_10_28_CreateCase	1734100239127	1734100239684	552	OK
REQUEST	Civil_CreateSpecClaim_10_29_CreateCase	CREATE_CLAIM_SPECFixedCommencementCosts	1734100241729	1734100242874	OK	 
GROUP	Civil_CreateSpecClaim_10_29_CreateCase	1734100241727	1734100242876	1145	OK
REQUEST	Civil_CreateSpecClaim_10_30_CreateCase	CREATE_CLAIM_SPECStatementOfTruth	1734100245379	1734100246130	OK	 
GROUP	Civil_CreateSpecClaim_10_30_CreateCase	1734100245377	1734100246132	751	OK
REQUEST	Civil_CreateSpecClaim_10_31_CreateCase	CREATE_CLAIM_SPECCaseshare	1734100246133	1734100248755	OK	 
GROUP	Civil_CreateSpecClaim_10_31_CreateCase	1734100246132	1734100248769	2622	OK
REQUEST	Civil_CreateSpecClaim_10_32_CreateCase	CREATE_CLAIM_SPECSOT_Submit	1734100252250	1734100252826	KO	status.find.in([200, 209], 304), found 500
GROUP	Civil_CreateSpecClaim_10_32_CreateCase	1734100252247	1734100252836	576	KO
ERROR	CREATE_CLAIM_SPECGetCase: No attribute named 'caseId' is defined 	1734100255763
GROUP	Civil_CreateSpecClaim_10_33_APIRoleAssignment	1734100255754	1734100255763	0	KO
ERROR	