RUN	uk.gov.hmcts.reform.civildamage.performance.simulations.SimulateScenario	simulatescenario	1732548951564	 	3.12.0
USER	Spec_Create_Claim	START	1732548952108
REQUEST	XUI_010_Home	005_Home	1732548952105	1732548952307	OK	 
REQUEST	XUI_010_Home	Common_000_ConfigurationUI	1732548952323	1732548952365	OK	 
REQUEST	XUI_010_Home	Common_000_ConfigJson	1732548952366	1732548952412	OK	 
REQUEST	XUI_010_Home	Common_000_TsAndCs	1732548952413	1732548952469	OK	 
REQUEST	XUI_010_Home	Common_000_ConfigUI	1732548952469	1732548952515	OK	 
REQUEST	XUI_010_Home	Common_000_UserDetails	1732548952516	1732548952567	OK	 
REQUEST	XUI_010_Home	Common_000_IsAuthenticated	1732548952571	1732548952601	OK	 
REQUEST	XUI_010_Home	010_auth	1732548952602	1732548952818	OK	 
REQUEST	XUI_010_Home	010_auth Redirect 1	1732548952824	1732548952974	OK	 
REQUEST	XUI_010_Home	010_auth Redirect 2	1732548952976	1732548953033	OK	 
GROUP	XUI_010_Home	1732548952099	1732548953040	896	OK
REQUEST	XUI_020_Login	005_clientId	1732548956029	1732548956399	OK	 
REQUEST	XUI_020_Login	005_clientId Redirect 1	1732548956406	1732548958183	OK	 
REQUEST	XUI_020_Login	005_clientId Redirect 2	1732548958185	1732548958257	OK	 
REQUEST	XUI_020_Login	Common_000_ConfigurationUI	1732548958261	1732548958301	OK	 
REQUEST	XUI_020_Login	Common_000_ConfigUI	1732548958304	1732548958354	OK	 
REQUEST	XUI_020_Login	Common_000_TsAndCs	1732548958356	1732548958417	OK	 
REQUEST	XUI_020_Login	Common_000_IsAuthenticated	1732548958420	1732548958458	OK	 
REQUEST	XUI_020_Login	Common_000_UserDetails	1732548958462	1732548959615	OK	 
REQUEST	XUI_020_Login	Common_000_MonitoringTools	1732548959616	1732548959921	OK	 
REQUEST	XUI_020_Login	Common_000_IsAuthenticated	1732548959950	1732548960087	OK	 
GROUP	XUI_020_Login	1732548956021	1732548960091	4003	OK
REQUEST	Civil_Claim_20_RespondToClaim	Land_005_Jurisdictions	1732548963746	1732548966457	OK	 
REQUEST	Civil_Claim_20_RespondToClaim	Land_010_Organisation	1732548966478	1732548966896	OK	 
GROUP	Civil_Claim_20_RespondToClaim	1732548963741	1732548966899	3129	OK
REQUEST	Civil_Claim_20_RespondToClaim	CIVIL_AssignCase_000_AssignCase	1732548969261	1732548970324	OK	 
GROUP	Civil_Claim_20_RespondToClaim	1732548969258	1732548970324	1063	OK
REQUEST	Civil_Claim_20_RespondToClaim	Search_005_WorkBasket	1732548970324	1732548971882	OK	 
REQUEST	Civil_Claim_20_RespondToClaim	Search_010_CaseReference	1732548971889	1732548972872	OK	 
GROUP	Civil_Claim_20_RespondToClaim	1732548970324	1732548972873	2541	OK
REQUEST	Civil_Claim_20_RespondToClaim	OpenCase_005_InternalCases	1732548975496	1732548976819	OK	 
GROUP	Civil_Claim_20_RespondToClaim	1732548975492	1732548976826	1323	OK
REQUEST	Civil_Claim_20_RespondToClaim	OpenCase_010_RoleAssignment	1732548976827	1732548977125	OK	 
GROUP	Civil_Claim_20_RespondToClaim	1732548976826	1732548977126	298	OK
REQUEST	Civil_Claim_20_RespondToClaim	OpenCase_015_Jurisdiction	1732548977127	1732548977315	OK	 
GROUP	Civil_Claim_20_RespondToClaim	1732548977126	1732548977316	188	OK
REQUEST	Civil_Claim_20_RespondToClaim	RespondToClaim_005_WA	1732548981180	1732548982668	OK	 
REQUEST	Civil_Claim_20_RespondToClaim	RespondToClaim_010_Profile	1732548982672	1732548986980	OK	 
REQUEST	Civil_Claim_20_RespondToClaim	RespondToClaim_015_IgnoreWarning	1732549031993	1732549035147	OK	 
REQUEST	Civil_Claim_20_RespondToClaim	RespondToClaim_020_WA	1732549035194	1732549036580	OK	 
GROUP	Civil_Claim_20_RespondToClaim	1732548981177	1732549036583	10336	OK
REQUEST	Civil_Claim_20_RespondToClaim	RespondToClaim_005_ViewTimeline	1732549040202	1732549042638	OK	 
GROUP	Civil_Claim_20_RespondToClaim	1732549040196	1732549042641	2436	OK
REQUEST	Civil_Claim_20_RespondToClaim	RespondToClaim_005_DefAddress	1732549044776	1732549045797	OK	 
REQUEST	Civil_Claim_20_RespondToClaim	RespondToClaim_010_DefAddress	1732549045800	1732549053521	OK	 
GROUP	Civil_Claim_20_RespondToClaim	1732549044773	1732549053535	8742	OK
REQUEST	Civil_Claim_20_RespondToClaim	RespondToClaim_005_LegalRepAddress	1732549056439	1732549057472	OK	 
GROUP	Civil_Claim_20_RespondToClaim	1732549056436	1732549057474	1033	OK
REQUEST	Civil_Claim_20_RespondToClaim	RespondToClaim_005_Response	1732549060880	1732549061874	OK	 
GROUP	Civil_Claim_20_RespondToClaim	1732549060878	1732549061876	994	OK
REQUEST	Civil_Claim_20_RespondToClaim	RespondToClaim_005_Dispute	1732549063897	1732549065215	OK	 
GROUP	Civil_Claim_20_RespondToClaim	1732549063895	1732549065217	1318	OK
REQUEST	Civil_Claim_20_RespondToClaim	RespondToClaim_005_DisputeDescription	1732549068680	1732549069439	OK	 
GROUP	Civil_Claim_20_RespondToClaim	1732549068678	1732549069442	759	OK
REQUEST	Civil_Claim_20_RespondToClaim	RespondToClaim_005_ManualTimeline	1732549071534	1732549072514	OK	 
GROUP	Civil_Claim_20_RespondToClaim	1732549071531	1732549072517	980	OK
REQUEST	Civil_Claim_20_RespondToClaim	RespondToClaim_005_AddTimeline	1732549075892	1732549076725	OK	 
GROUP	Civil_Claim_20_RespondToClaim	1732549075890	1732549076727	833	OK
REQUEST	Civil_Claim_20_RespondToClaim	RespondToClaim_005_Mediation	1732549079286	1732549080208	OK	 
GROUP	Civil_Claim_20_RespondToClaim	1732549079283	1732549080209	922	OK
REQUEST	Civil_Claim_20_RespondToClaim	RespondToClaim_010_Mediation	1732549082582	1732549083155	KO	substring(isMediationUnavailablityExists).find.exists, found nothing
GROUP	Civil_Claim_20_RespondToClaim	1732549082579	1732549083159	573	KO
REQUEST	Civil_Claim_20_RespondToClaim	RespondToClaim_005_Experts	1732549085901	1732549086556	OK	 
GROUP	Civil_Claim_20_RespondToClaim	1732549085897	1732549086558	655	OK
REQUEST	Civil_Claim_20_RespondToClaim	RespondToClaim_005_Witnesses	1732549089552	1732549089931	OK	 
GROUP	Civil_Claim_20_RespondToClaim	1732549089549	1732549089935	379	OK
REQUEST	Civil_Claim_20_RespondToClaim	RespondToClaim_005_Language	1732549092348	1732549092715	OK	 
GROUP	Civil_Claim_20_RespondToClaim	1732549092346	1732549092717	367	OK
REQUEST	Civil_Claim_20_RespondToClaim	RespondToClaim_005_Hearing	1732549096285	1732549097358	OK	 
GROUP	Civil_Claim_20_RespondToClaim	1732549096283	1732549097360	1073	OK
REQUEST	Civil_Claim_20_RespondToClaim	RespondToClaim_005_CourtLocation	1732549101194	1732549102148	OK	 
GROUP	Civil_Claim_20_RespondToClaim	1732549101192	1732549102150	954	OK
REQUEST	Civil_Claim_20_RespondToClaim	RespondToClaim_005_AccessNeeds	1732549105358	1732549106213	OK	 
GROUP	Civil_Claim_20_RespondToClaim	1732549105357	1732549106214	855	OK
REQUEST	Civil_Claim_20_RespondToClaim	RespondToClaim_005_Vulnerability	1732549108907	1732549109336	OK	 
GROUP	Civil_Claim_20_RespondToClaim	1732549108906	1732549109337	429	OK
REQUEST	Civil_Claim_20_RespondToClaim	RespondToClaim_005_StatementOfTruth	1732549112588	1732549113176	OK	 
GROUP	Civil_Claim_20_RespondToClaim	1732549112585	1732549113177	588	OK
REQUEST	Civil_Claim_20_RespondToClaim	RespondToClaim_010_StatementOfTruth	1732549116508	1732549117687	OK	 
GROUP	Civil_Claim_20_RespondToClaim	1732549116507	1732549117689	1179	OK
REQUEST	Civil_Claim_20_RespondToClaim	RespondToClaim_005_SubmitSOT	1732549121674	1732549124974	OK	 
GROUP	Civil_Claim_20_RespondToClaim	1732549121671	1732549124976	3300	OK
REQUEST	Civil_Claim_20_RespondToClaim	RespondToClaim_010_SubmitSOT	1732549124979	1732549125993	OK	 
GROUP	Civil_Claim_20_RespondToClaim	1732549124976	1732549125998	1014	OK
REQUEST		XUI_020_Signout	1732549128138	1732549128516	OK	 
REQUEST		XUI_020_Signout Redirect 1	1732549128518	1732549128584	OK	 
REQUEST		XUI_020_Signout Redirect 2	1732549128601	1732549128745	OK	 
REQUEST		XUI_020_Signout Redirect 3	1732549128745	1732549128810	OK	 
REQUEST	XUI_010_Home	005_Home	1732549132813	1732549132851	OK	 
REQUEST	XUI_010_Home	Common_000_ConfigurationUI	1732549132853	1732549132897	OK	 
REQUEST	XUI_010_Home	Common_000_ConfigJson	1732549132898	1732549132943	OK	 
REQUEST	XUI_010_Home	Common_000_TsAndCs	1732549132946	1732549132987	OK	 
REQUEST	XUI_010_Home	Common_000_ConfigUI	1732549132989	1732549133081	OK	 
REQUEST	XUI_010_Home	Common_000_UserDetails	1732549133083	1732549133115	OK	 
REQUEST	XUI_010_Home	Common_000_IsAuthenticated	1732549133117	1732549133152	OK	 
REQUEST	XUI_010_Home	010_auth	1732549133156	1732549133194	OK	 
REQUEST	XUI_010_Home	