RUN	uk.gov.hmcts.reform.civildamage.performance.simulations.SimulateScenario	simulatescenario	1730418588674	 	3.12.0
USER	Spec_Create_Claim	START	1730418589795
REQUEST	XUI_010_Home	005_Home	1730418589786	1730418589880	OK	 
REQUEST	XUI_010_Home	Common_000_ConfigurationUI	1730418590951	1730418591014	OK	 
REQUEST	XUI_010_Home	Common_000_ConfigJson	1730418591020	1730418591257	OK	 
REQUEST	XUI_010_Home	Common_000_TsAndCs	1730418591259	1730418591288	OK	 
REQUEST	XUI_010_Home	Common_000_ConfigUI	1730418591290	1730418591313	OK	 
REQUEST	XUI_010_Home	Common_000_UserDetails	1730418591315	1730418591338	OK	 
REQUEST	XUI_010_Home	Common_000_IsAuthenticated	1730418591339	1730418591362	OK	 
REQUEST	XUI_010_Home	010_auth	1730418591365	1730418591400	OK	 
REQUEST	XUI_010_Home	015_authorize	1730418591678	1730418591904	OK	 
REQUEST	XUI_010_Home	020_client	1730418591908	1730418591953	OK	 
GROUP	XUI_010_Home	1730418589755	1730418591959	798	OK
REQUEST	XUI_020_Login	005_clientId	1730418591964	1730418592138	OK	 
REQUEST	XUI_020_Login	010_LoginCallback	1730418592151	1730418592849	OK	 
REQUEST	XUI_020_Login	015_idamurl	1730418592850	1730418592901	OK	 
REQUEST	XUI_020_Login	Common_000_ConfigurationUI	1730418593912	1730418593945	OK	 
REQUEST	XUI_020_Login	Common_000_ConfigUI	1730418593947	1730418593972	OK	 
REQUEST	XUI_020_Login	Common_000_TsAndCs	1730418593974	1730418594003	OK	 
REQUEST	XUI_020_Login	Common_000_IsAuthenticated	1730418594004	1730418594276	OK	 
REQUEST	XUI_020_Login	Common_000_UserDetails	1730418594280	1730418594843	OK	 
REQUEST	XUI_020_Login	Common_000_MonitoringTools	1730418594847	1730418594916	OK	 
REQUEST	XUI_020_Login	Common_000_IsAuthenticated	1730418594980	1730418595047	OK	 
GROUP	XUI_020_Login	1730418591960	1730418595068	1981	OK
REQUEST	Civil_CreateSpecClaim_10_01_CreateCase	StartCase	1730418603584	1730418609740	OK	 
GROUP	Civil_CreateSpecClaim_10_01_CreateCase	1730418603583	1730418609823	6156	OK
REQUEST	Civil_CreateSpecClaim_10_02_CreateCase	CaseChecklist	1730418624847	1730418627074	OK	 
GROUP	Civil_CreateSpecClaim_10_02_CreateCase	1730418624839	1730418627075	2227	OK
REQUEST	Civil_CreateSpecClaim_10_03_CreateCase	Eligibility	1730418642086	1730418643630	OK	 
GROUP	Civil_CreateSpecClaim_10_03_CreateCase	1730418642084	1730418643631	1544	OK
REQUEST	Civil_CreateSpecClaim_10_04_CreateCase	References	1730418658646	1730418659607	OK	 
GROUP	Civil_CreateSpecClaim_10_04_CreateCase	1730418658645	1730418659608	961	OK
REQUEST	Civil_CreateSpecClaim_10_05_CreateCase	PostCodeSearch	1730418674611	1730418675821	OK	 
GROUP	Civil_CreateSpecClaim_10_05_CreateCase	1730418674609	1730418690834	1210	OK
REQUEST	Civil_CreateSpecClaim_10_06_CreateCase	Claimant	1730418690837	1730418693239	OK	 
GROUP	Civil_CreateSpecClaim_10_06_CreateCase	1730418690834	1730418693240	2402	OK
REQUEST	Civil_CreateSpecClaim_10_07_CreateCase	AddAnotherClaimant	1730418708258	1730418709805	OK	 
GROUP	Civil_CreateSpecClaim_10_07_CreateCase	1730418708255	1730418709806	1547	OK
REQUEST	Civil_CreateSpecClaim_10_08_CreateCase	Notifications	1730418724810	1730418726139	OK	 
GROUP	Civil_CreateSpecClaim_10_08_CreateCase	1730418724809	1730418726140	1329	OK
REQUEST	Civil_CreateSpecClaim_10_09_CreateCase	ClaimantSolOrg	1730418726142	1730418727369	OK	 
GROUP	Civil_CreateSpecClaim_10_09_CreateCase	1730418726140	1730418727370	1227	OK
REQUEST	Civil_CreateSpecClaim_10_10_CreateCase	CorrespondenceAddress	1730418742386	1730418744554	OK	 
GROUP	Civil_CreateSpecClaim_10_10_CreateCase	1730418742383	1730418744555	2168	OK
REQUEST	Civil_CreateSpecClaim_10_11_CreateCase	DefPostCode	1730418759566	1730418760633	OK	 
GROUP	Civil_CreateSpecClaim_10_11_CreateCase	1730418759565	1730418760634	1067	OK
REQUEST	Civil_CreateSpecClaim_10_11_CreateCase	DefendantDetails	1730418775638	1730418777864	OK	 
GROUP	Civil_CreateSpecClaim_10_11_CreateCase	1730418775636	1730418777865	2226	OK
REQUEST	Civil_CreateSpecClaim_10_12_CreateCase	DefLegalRep	1730418792878	1730418793838	OK	 
GROUP	Civil_CreateSpecClaim_10_12_CreateCase	1730418792876	1730418793839	960	OK
REQUEST	Civil_CreateSpecClaim_10_13_CreateCase	DefSolOrg	1730418797845	1730418799256	OK	 
GROUP	Civil_CreateSpecClaim_10_13_CreateCase	1730418797843	1730418799257	1411	OK
REQUEST	Civil_CreateSpecClaim_10_14_CreateCase	CDefSolEmail	1730418803269	1730418803921	OK	 
GROUP	Civil_CreateSpecClaim_10_14_CreateCase	1730418803266	1730418803922	652	OK
REQUEST	Civil_CreateSpecClaim_10_15_CreateCase	DefAddr	1730418818936	1730418820112	OK	 
GROUP	Civil_CreateSpecClaim_10_15_CreateCase	1730418818934	1730418820113	1176	OK
REQUEST	Civil_CreateSpecClaim_10_16_CreateCase	AddAnotherDefendant	1730418835126	1730418835587	OK	 
GROUP	Civil_CreateSpecClaim_10_16_CreateCase	1730418835125	1730418835587	461	OK
REQUEST	Civil_CreateSpecClaim_10_17_CreateCase	FlightDelayClaim	1730418850603	1730418852337	OK	 
GROUP	Civil_CreateSpecClaim_10_17_CreateCase	1730418850602	1730418852338	1734	OK
REQUEST	Civil_CreateSpecClaim_10_18CreateCase	CaseDetails	1730418867343	1730418868715	OK	 
GROUP	Civil_CreateSpecClaim_10_18CreateCase	1730418867341	1730418868716	1372	OK
REQUEST	Civil_CreateSpecClaim_10_19_CreateCase	UploadClaimDoc	1730418883729	1730418884750	OK	 
GROUP	Civil_CreateSpecClaim_10_19_CreateCase	1730418883727	1730418884751	1021	OK
REQUEST	Civil_CreateSpecClaim_10_20_CreateCase	ClaimTimeline	1730418899764	1730418900455	OK	 
GROUP	Civil_CreateSpecClaim_10_20_CreateCase	1730418899763	1730418900455	691	OK
REQUEST	Civil_CreateSpecClaim_10_21_CreateCase	SPECEvidenceList	1730418915472	1730418916793	OK	 
GROUP	Civil_CreateSpecClaim_10_21_CreateCase	1730418915471	1730418916794	1321	OK
REQUEST	Civil_CreateSpecClaim_10_22_CreateCase	CREATE_CLAIM_SPECClaimAmount	1730418931805	1730418933995	OK	 
GROUP	Civil_CreateSpecClaim_10_22_CreateCase	1730418931803	1730418933995	2190	OK
REQUEST	Civil_CreateSpecClaim_10_23_CreateCase	CREATE_CLAIM_SPECClaimAmountDetails	1730418939010	1730418939884	OK	 
GROUP	Civil_CreateSpecClaim_10_23_CreateCase	1730418939008	1730418939885	874	OK
REQUEST	Civil_CreateSpecClaim_10_24_CreateCase	CREATE_CLAIM_SPECClaimInterest	1730418954893	1730418956145	OK	 
GROUP	Civil_CreateSpecClaim_10_24_CreateCase	1730418954891	1730418956147	1252	OK
REQUEST	Civil_CreateSpecClaim_10_25_CreateCase	CREATE_CLAIM_SPECInterestSummary	1730418971155	1730418974312	OK	 
GROUP	Civil_CreateSpecClaim_10_25_CreateCase	1730418971154	1730418974313	3157	OK
REQUEST	Civil_CreateSpecClaim_10_26_CreateCase	CREATE_CLAIM_SPECPbaNumber	1730418989329	1730418989690	OK	 
GROUP	Civil_CreateSpecClaim_10_26_CreateCase	1730418989327	1730418989691	361	OK
REQUEST	Civil_CreateSpecClaim_10_27_CreateCase	StatementOfTruth	1730419005704	1730419006480	KO	status.find.in([200, 209], 304), found 406
GROUP	Civil_CreateSpecClaim_10_27_CreateCase	1730419005703	1730419006514	776	KO
REQUEST	Civil_CreateSpecClaim_10_28_CreateCase	SOT_Submit	1730419014521	1730419019998	OK	 
GROUP	Civil_CreateSpecClaim_10_28_CreateCase	1730419014519	1730419020004	5477	OK
REQUEST		XUI_020_Signout	1730419060020	1730419060255	OK	 
REQUEST	XUI_010_Home	005_Home	1730419085263	1730419085295	OK	 
REQUEST	XUI_010_Home	Common_000_ConfigurationUI	1730419086304	1730419086353	OK	 
REQUEST	XUI_010_Home	Common_000_ConfigJson	1730419086355	1730419086585	OK	 
REQUEST	XUI_010_Home	Common_000_TsAndCs	1730419086587	1730419086608	OK	 
REQUEST	XUI_010_Home	Common_000_ConfigUI	1730419086608	1730419086638	OK	 
REQUEST	XUI_010_Home	Common_000_UserDetails	1730419086639	1730419086662	OK	 
REQUEST	XUI_010_Home	Common_000_IsAuthenticated	1730419086665	1730419086710	OK	 
REQUEST	XUI_010_Home	010_auth	1730419086711	1730419086750	OK	 
REQUEST	XUI_010_Home	015_authorize	1730419087020	1730419087126	OK	 
REQUEST	XUI_010_Home	020_client	1730419087127	1730419087172	OK	 
GROUP	XUI_010_Home	1730419085261	1730419087172	620	OK
REQUEST	XUI_020_Login	005_clientId	1730419087173	1730419087408	OK	 
REQUEST	XUI_020_Login	010_LoginCallback	1730419087411	1730419087815	OK	 
REQUEST	XUI_020_Login	015_idamurl	1730419087817	1730419087865	OK	 
REQUEST	XUI_020_Login	Common_000_ConfigurationUI	1730419088880	1730419088916	OK	 
REQUEST	XUI_020_Login	Common_000_ConfigUI	1730419088919	1730419088951	OK	 
REQUEST	XUI_020_Login	Common_000_TsAndCs	1730419088953	1730419088979	OK	 
REQUEST	XUI_020_Login	Common_000_IsAuthenticated	1730419088980	1730419089001	OK	 
REQUEST	XUI_020_Login	Common_000_UserDetails	1730419089003	1730419090002	OK	 
REQUEST	XUI_020_Login	Common_000_MonitoringTools	1730419090004	1730419090093	OK	 
REQUEST	XUI_020_Login	Common_000_IsAuthenticated	1730419090095	1730419090152	OK	 
GROUP	XUI_020_Login	1730419087172	1730419090152	1947	OK
REQUEST	Civil_CreateSpecClaim_10_29_CreateCase	CaseNo	1730419099993	1730419100075	OK	 
REQUEST	Civil_CreateSpecClaim_10_29_CreateCase	paymentgroups	1730419100077	1730419102753	OK	 
REQUEST	Civil_CreateSpecClaim_10_29_CreateCase	PayOrder	1730419102755	1730419104003	OK	 
GROUP	Civil_CreateSpecClaim_10_29_CreateCase	1730419099990	1730419104041	4006	OK
REQUEST	Civil_CreateSpecClaim_10_29_CreateCase	PayNow	1730419114045	1730419115720	OK	 
GROUP	Civil_CreateSpecClaim_10_29_CreateCase	1730419114044	1730419115720	1675	OK
REQUEST	Civil_CreateSpecClaim_10_30_CreateCase	ConfirmPayment	1730419125728	1730419128859	OK	 
GROUP	Civil_CreateSpecClaim_10_30_CreateCase	1730419125727	1730419128860	3131	OK
REQUEST		XUI_020_Signout	1730419168873	1730419169092	OK	 
REQUEST	XUI_010_Home	005_Home	1730419194096	1730419194127	OK	 
REQUEST	XUI_010_Home	Common_000_ConfigurationUI	1730419195138	1730419195169	OK	 
REQUEST	XUI_010_Home	Common_000_ConfigJson	1730419195170	1730419195206	OK	 
REQUEST	XUI_010_Home	Common_000_TsAndCs	1730419195207	1730419195240	OK	 
REQUEST	XUI_010_Home	Common_000_ConfigUI	1730419195241	1730419195261	OK	 
REQUEST	XUI_010_Home	Common_000_UserDetails	1730419195262	1730419195283	OK	 
REQUEST	XUI_010_Home	Common_000_IsAuthenticated	1730419195284	1730419195305	OK	 
REQUEST	XUI_010_Home	010_auth	1730419195306	1730419195332	OK	 
REQUEST	XUI_010_Home	015_authorize	1730419195590	1730419195713	OK	 
REQUEST	XUI_010_Home	020_client	1730419195714	1730419195753	OK	 
GROUP	XUI_010_Home	1730419194095	1730419195753	381	OK
REQUEST	XUI_020_Login	005_clientId	1730419195754	1730419195968	OK	 
REQUEST	XUI_020_Login	010_LoginCallback	1730419195970	1730419196449	OK	 
REQUEST	XUI_020_Login	015_idamurl	1730419196451	1730419196479	OK	 
REQUEST	XUI_020_Login	Common_000_ConfigurationUI	1730419197495	1730419197520	OK	 
REQUEST	XUI_020_Login	Common_000_ConfigUI	1730419197522	1730419197555	OK	 
REQUEST	XUI_020_Login	Common_000_TsAndCs	1730419197558	1730419197583	OK	 
REQUEST	XUI_020_Login	Common_000_IsAuthenticated	1730419197585	1730419197620	OK	 
REQUEST	XUI_020_Login	Common_000_UserDetails	1730419197622	1730419198333	OK	 
REQUEST	XUI_020_Login	Common_000_MonitoringTools	1730419198334	1730419198400	OK	 
REQUEST	XUI_020_Login	Common_000_IsAuthenticated	1730419198403	1730419198452	OK	 
GROUP	XUI_020_Login	1730419195753	1730419198453	1665	OK
REQUEST		CIVIL_AssignCase_000_AssignCase	1730419237367	1730419238773	OK	 
REQUEST		XUI_CreateClaim_420_005_RespondToClaim	1730419288790	1730419290461	OK	 
REQUEST		XUI_CreateClaim_420_010_RespondToClaim	1730419290462	1730419294441	OK	 
REQUEST		request_34	1730419294486	1730419296151	OK	 
REQUEST		request_35	1730419306155	1730419306932	OK	 
REQUEST		request_36	1730419307324	1730419313516	OK	 
REQUEST		request_37	1730419323524	1730419324622	OK	 
REQUEST		request_38	1730419334635	1730419335814	OK	 
REQUEST		request_39	1730419345817	1730419347490	OK	 
REQUEST		request_40	1730419357502	1730419358546	OK	 
REQUEST		request_41	1730419368551	1730419370334	OK	 
REQUEST		request_42	1730419380347	1730419381593	OK	 
REQUEST		request_43	1730419391602	1730419392835	OK	 
REQUEST		request_44	1730419402851	1730419404077	OK	 
REQUEST		request_45	1730419414091	1730419414710	OK	 
REQUEST		request_46	1730419424727	1730419426201	OK	 
REQUEST		request_47	1730419436204	1730419437497	OK	 
REQUEST		request_48	1730419447512	1730419448902	OK	 
REQUEST		request_49	1730419458907	1730419459433	OK	 
REQUEST		request_50	1730419462446	1730419463780	OK	 
REQUEST		request_51	1730419473792	1730419475745	OK	 
REQUEST		request_53	1730419476167	1730419483219	OK	 
REQUEST		XUI_020_Signout	1730419488226	1730419488481	OK	 
REQUEST	XUI_010_Home	005_Home	1730419513494	1730419513515	OK	 
REQUEST	XUI_010_Home	Common_000_ConfigurationUI	1730419514522	1730419514561	OK	 
REQUEST	XUI_010_Home	Common_000_ConfigJson	1730419514562	1730419514595	OK	 
REQUEST	XUI_010_Home	Common_000_TsAndCs	1730419514597	1730419514624	OK	 
REQUEST	XUI_010_Home	Common_000_ConfigUI	1730419514626	1730419514663	OK	 
REQUEST	XUI_010_Home	Common_000_UserDetails	1730419514664	1730419514684	OK	 
REQUEST	XUI_010_Home	Common_000_IsAuthenticated	1730419514685	1730419514710	OK	 
REQUEST	XUI_010_Home	010_auth	1730419514711	1730419514742	OK	 
REQUEST	XUI_010_Home	015_authorize	1730419515009	1730419515108	OK	 
REQUEST	XUI_010_Home	020_client	1730419515108	1730419515149	OK	 
GROUP	XUI_010_Home	1730419513494	1730419515149	373	OK
REQUEST	XUI_020_Login	005_clientId	1730419515150	1730419515413	OK	 
REQUEST	XUI_020_Login	010_LoginCallback	1730419515415	1730419515852	OK	 
REQUEST	XUI_020_Login	015_idamurl	1730419515854	1730419515899	OK	 
REQUEST	XUI_020_Login	Common_000_ConfigurationUI	1730419516910	1730419516940	OK	 
REQUEST	XUI_020_Login	Common_000_ConfigUI	1730419516942	1730419516973	OK	 
REQUEST	XUI_020_Login	Common_000_TsAndCs	1730419516974	1730419517004	OK	 
REQUEST	XUI_020_Login	Common_000_IsAuthenticated	1730419517005	1730419517028	OK	 
REQUEST	XUI_020_Login	Common_000_UserDetails	1730419517029	1730419517862	OK	 
REQUEST	XUI_020_Login	Common_000_MonitoringTools	1730419517863	1730419517930	OK	 
REQUEST	XUI_020_Login	Common_000_IsAuthenticated	1730419517932	1730419517992	OK	 
GROUP	XUI_020_Login	1730419515149	1730419517993	1819	OK
REQUEST		XUI_CreateClaim_420_005_RespondToClaim	1730419527574	1730419528778	OK	 
REQUEST		XUI_CreateClaim_420_010_RespondToClaim	1730419528780	1730419529362	KO	status.find.in([200, 209], 304), found 422
REQUEST		request_34	1730419529387	1730419531157	OK	 
REQUEST		request_35	1730419541168	1730419542412	OK	 
REQUEST		request_36	1730419542801	1730419547155	OK	 
REQUEST		request_37	1730419557162	1730419558532	OK	 
REQUEST		request_38	1730419568536	1730419569151	OK	 
REQUEST		request_39	1730419579156	1730419580828	OK	 
REQUEST		request_40	1730419590838	1730419591333	OK	 
REQUEST		request_41	1730419601345	1730419602767	OK	 
REQUEST		request_42	1730419612783	1730419613486	OK	 
REQUEST		request_43	1730419623489	1730419624834	OK	 
REQUEST		request_44	1730419634840	1730419636101	OK	 
REQUEST		request_45	1730419646116	1730419647444	OK	 
REQUEST		request_46	1730419657458	1730419658896	OK	 
REQUEST		request_47	1730419668904	1730419670977	OK	 
REQUEST		request_48	1730419680981	1730419681637	OK	 
REQUEST		request_49	1730419691645	1730419692372	OK	 
REQUEST		request_50	1730419695390	1730419696506	OK	 
REQUEST		request_51	1730419706523	1730419707620	OK	 
REQUEST		request_53	1730419708028	1730419709186	KO	status.find.in([200, 209], 304), found 422
REQUEST		XUI_020_Signout	1730419714206	1730419714442	OK	 
REQUEST	XUI_010_Home	005_Home	1730419739452	1730419739491	OK	 
REQUEST	XUI_010_Home	Common_000_ConfigurationUI	1730419740496	1730419740519	OK	 
REQUEST	XUI_010_Home	Common_000_ConfigJson	1730419740521	1730419740545	OK	 
REQUEST	XUI_010_Home	Common_000_TsAndCs	1730419740548	1730419740718	OK	 
REQUEST	XUI_010_Home	Common_000_ConfigUI	1730419740719	1730419740756	OK	 
REQUEST	XUI_010_Home	Common_000_UserDetails	1730419740757	1730419740787	OK	 
REQUEST	XUI_010_Home	Common_000_IsAuthenticated	1730419740788	1730419740811	OK	 
REQUEST	XUI_010_Home	010_auth	1730419740812	1730419740843	OK	 
REQUEST	XUI_010_Home	015_authorize	1730419741103	1730419741193	OK	 
REQUEST	XUI_010_Home	020_client	1730419741194	1730419741243	OK	 
GROUP	XUI_010_Home	1730419739451	1730419741244	516	OK
REQUEST	XUI_020_Login	005_clientId	1730419741244	1730419741388	OK	 
REQUEST	XUI_020_Login	010_LoginCallback	1730419741388	1730419741999	OK	 
REQUEST	XUI_020_Login	015_idamurl	1730419742000	1730419742039	OK	 
REQUEST	XUI_020_Login	Common_000_ConfigurationUI	1730419743054	1730419743088	OK	 
REQUEST	XUI_020_Login	Common_000_ConfigUI	1730419743092	1730419743121	OK	 
REQUEST	XUI_020_Login	Common_000_TsAndCs	1730419743122	1730419743156	OK	 
REQUEST	XUI_020_Login	Common_000_IsAuthenticated	1730419743157	1730419743186	OK	 
REQUEST	XUI_020_Login	Common_000_UserDetails	1730419743187	1730419743926	OK	 
REQUEST	XUI_020_Login	Common_000_MonitoringTools	1730419743927	1730419743985	OK	 
REQUEST	XUI_020_Login	Common_000_IsAuthenticated	1730419743987	1730419744044	OK	 
GROUP	XUI_020_Login	1730419741244	1730419744044	1774	OK
REQUEST		Civil_RespToClaim_040_OpenCase	1730419753697	1730419755962	OK	 
REQUEST	Civil_CreateClaim_040_CreateCase	C_C_request_34	1730419760965	1730419764895	KO	jsonPath($.case_fields[0].value.partyID).find.exists, found nothing
GROUP	Civil_CreateClaim_040_CreateCase	1730419760964	1730419765039	3930	KO
REQUEST	Civil_CreateClaim_050_CLAIMEligibility	Civil_CreateClaim_050_CLAIMEligibility	1730419775047	1730419776696	OK	 
GROUP	Civil_CreateClaim_050_CLAIMEligibility	1730419775046	1730419776697	1649	OK
REQUEST	Civil_CreateClaim_050_CLAIMEligibility	C_request_37	1730419786714	1730419787441	OK	 
GROUP	Civil_CreateClaim_050_CLAIMEligibility	1730419786713	1730419787441	727	OK
REQUEST		C_request_38	1730419797453	1730419798825	OK	 
REQUEST		C_request_39	1730419808838	1730419810396	OK	 
REQUEST		C_request_40	1730419820405	1730419821994	OK	 
REQUEST		C_request_41	1730419832011	1730419833656	OK	 
REQUEST		C_request_42	1730419843660	1730419844801	OK	 
REQUEST		C_request_43	1730419854819	1730419855793	OK	 
REQUEST		C_request_44	1730419865795	1730419866526	OK	 
REQUEST		C_request_45	1730419876533	1730419878328	OK	 
REQUEST		C_request_46	1730419888336	1730419893123	OK	 
REQUEST		XUI_020_Signout	1730419893123	1730419893424	OK	 
REQUEST	XUI_010_Home	005_Home	1730419918436	1730419918460	OK	 
REQUEST	XUI_010_Home	Common_000_ConfigurationUI	1730419919463	1730419919497	OK	 
REQUEST	XUI_010_Home	Common_000_ConfigJson	1730419919499	1730419919527	OK	 
REQUEST	XUI_010_Home	Common_000_TsAndCs	1730419919528	1730419919560	OK	 
REQUEST	XUI_010_Home	Common_000_ConfigUI	1730419919562	1730419919591	OK	 
REQUEST	XUI_010_Home	Common_000_UserDetails	1730419919593	1730419919618	OK	 
REQUEST	XUI_010_Home	Common_000_IsAuthenticated	1730419919620	1730419919645	OK	 
REQUEST	XUI_010_Home	010_auth	1730419919646	1730419919673	OK	 
REQUEST	XUI_010_Home	015_authorize	1730419919943	1730419920070	OK	 
REQUEST	XUI_010_Home	020_client	1730419920071	1730419920111	OK	 
GROUP	XUI_010_Home	1730419918436	1730419920111	391	OK
REQUEST	XUI_020_Login	005_clientId	1730419920112	1730419920316	OK	 
REQUEST	XUI_020_Login	010_LoginCallback	1730419920318	1730419920794	OK	 
REQUEST	XUI_020_Login	015_idamurl	1730419920796	1730419920824	OK	 
REQUEST	XUI_020_Login	Common_000_ConfigurationUI	1730419921830	1730419921860	OK	 
REQUEST	XUI_020_Login	Common_000_ConfigUI	1730419921861	1730419921891	OK	 
REQUEST	XUI_020_Login	Common_000_TsAndCs	1730419921892	1730419921926	OK	 
REQUEST	XUI_020_Login	Common_000_IsAuthenticated	1730419921928	1730419921960	OK	 
REQUEST	XUI_020_Login	Common_000_UserDetails	1730419921961	1730419922589	OK	 
REQUEST	XUI_020_Login	Common_000_MonitoringTools	1730419922591	1730419922614	OK	 
REQUEST	XUI_020_Login	Common_000_IsAuthenticated	1730419922616	1730419922641	OK	 
GROUP	XUI_020_Login	1730419920111	1730419922642	1510	OK
REQUEST		D_request_46	1730419930708	1730419932021	OK	 
REQUEST		D_request_58	1730419932193	1730419933694	KO	jsonPath($[0].id).find.exists, found nothing
ERROR	D_request_65: No attribute named 'JudgeId' is defined 	1730419933703
ERROR	D_request_76: No attribute named 'JudgeId' is defined 	1730419938710
REQUEST		Common_000_ConfigurationUI	1730419939581	1730419939661	OK	 
REQUEST		Common_000_ConfigUI	1730419939662	1730419939700	OK	 
REQUEST		Common_000_TsAndCs	1730419939701	1730419939728	OK	 
REQUEST		Common_000_IsAuthenticated	1730419939729	1730419939764	OK	 
REQUEST		Common_000_UserDetails	1730419939766	1730419939792	OK	 
REQUEST		Common_000_MonitoringTools	1730419939794	1730419939821	OK	 
REQUEST		Common_000_IsAuthenticated	1730419939823	1730419939866	OK	 
REQUEST		D_request_86	1730419939868	1730419942217	OK	 
REQUEST		D_request_88	1730419942333	1730419946172	OK	 
REQUEST		D_request_104	1730419946364	1730419947037	OK	 
REQUEST		D_request_117	1730419947038	1730419948065	OK	 
REQUEST		D_request_135	1730419950080	1730419953519	OK	 
REQUEST		CREATE_SDOOrderPreview	1730419954540	1730419955234	OK	 
REQUEST		SUBMIT	1730419957249	1730419960182	OK	 
REQUEST		XUI_020_Signout	1730419960182	1730419960254	OK	 
REQUEST	XUI_010_Home	005_Home	1730419985270	1730419985300	OK	 
REQUEST	XUI_010_Home	Common_000_ConfigurationUI	1730419986314	1730419986342	OK	 
REQUEST	XUI_010_Home	Common_000_ConfigJson	1730419986345	1730419986369	OK	 
REQUEST	XUI_010_Home	Common_000_TsAndCs	1730419986370	1730419986393	OK	 
REQUEST	XUI_010_Home	Common_000_ConfigUI	1730419986394	1730419986417	OK	 
REQUEST	XUI_010_Home	Common_000_UserDetails	1730419986418	1730419986437	OK	 
REQUEST	XUI_010_Home	Common_000_IsAuthenticated	1730419986437	1730419986458	OK	 
REQUEST	XUI_010_Home	010_auth	1730419986459	1730419986481	OK	 
REQUEST	XUI_010_Home	015_authorize	1730419986750	1730419986861	OK	 
REQUEST	XUI_010_Home	020_client	1730419986862	1730419986899	OK	 
GROUP	XUI_010_Home	1730419985270	1730419986900	338	OK
REQUEST	XUI_020_Login	005_clientId	1730419986901	1730419987122	OK	 
REQUEST	XUI_020_Login	010_LoginCallback	1730419987123	1730419987619	OK	 
REQUEST	XUI_020_Login	015_idamurl	1730419987621	1730419987649	OK	 
REQUEST	XUI_020_Login	Common_000_ConfigurationUI	1730419988665	1730419988707	OK	 
REQUEST	XUI_020_Login	Common_000_ConfigUI	1730419988709	1730419988735	OK	 
REQUEST	XUI_020_Login	Common_000_TsAndCs	1730419988737	1730419988783	OK	 
REQUEST	XUI_020_Login	Common_000_IsAuthenticated	1730419988785	1730419988814	OK	 
REQUEST	XUI_020_Login	Common_000_UserDetails	1730419988816	1730419989062	OK	 
REQUEST	XUI_020_Login	Common_000_MonitoringTools	1730419989063	1730419989092	OK	 
REQUEST	XUI_020_Login	Common_000_IsAuthenticated	1730419989094	1730419989125	OK	 
GROUP	XUI_020_Login	1730419986900	1730419989126	1194	OK
REQUEST		E_request_33	1730419998163	1730419998531	OK	 
REQUEST		E_request_34	1730419998532	1730420000524	OK	 
REQUEST		E_request_44	1730420001514	1730420002581	OK	 
ERROR	E_request_76: No attribute named 'AdminId' is defined 	1730420002730
REQUEST		Common_000_ConfigurationUI	1730420003558	1730420003613	OK	 
REQUEST		Common_000_ConfigUI	1730420003615	1730420003662	OK	 
REQUEST		Common_000_TsAndCs	1730420003663	1730420003705	OK	 
REQUEST		Common_000_IsAuthenticated	1730420003706	1730420003761	OK	 
REQUEST		Common_000_UserDetails	1730420003761	1730420003858	OK	 
REQUEST		Common_000_MonitoringTools	1730420003860	1730420003926	OK	 
REQUEST		Common_000_IsAuthenticated	1730420003928	1730420003974	OK	 
REQUEST		E_request_85	1730420003976	1730420005381	OK	 
REQUEST		E_request_90	1730420005382	1730420006624	OK	 
REQUEST		E_request_100	1730420006627	1730420008207	OK	 
REQUEST		E_request_106	1730420010218	1730420010726	OK	 
REQUEST		HEARING_SCHEDULEDHearingDetails	1730420011730	1730420012901	OK	 
REQUEST		HEARING_SCHEDULEDHearingInformation	1730420012903	1730420013978	OK	 
REQUEST		SUBMIT	1730420015991	1730420017447	OK	 
REQUEST		XUI_020_Signout	1730420017448	1730420017746	OK	 
USER	Spec_Create_Claim	END	1730420017754
