RUN	uk.gov.hmcts.reform.civildamage.performance.simulations.SimulateScenario	simulatescenario	1732274508454	 	3.12.0
USER	UnSpec_CreateClaim	START	1732274509098
REQUEST	XUI_010_Home	005_Home	1732274509096	1732274509207	OK	 
REQUEST	XUI_010_Home	Common_000_ConfigurationUI	1732274509223	1732274509271	OK	 
REQUEST	XUI_010_Home	Common_000_ConfigJson	1732274509272	1732274509310	OK	 
REQUEST	XUI_010_Home	Common_000_TsAndCs	1732274509311	1732274509347	OK	 
REQUEST	XUI_010_Home	Common_000_ConfigUI	1732274509348	1732274509380	OK	 
REQUEST	XUI_010_Home	Common_000_UserDetails	1732274509382	1732274509410	OK	 
REQUEST	XUI_010_Home	Common_000_IsAuthenticated	1732274509411	1732274509444	OK	 
REQUEST	XUI_010_Home	010_auth	1732274509448	1732274509497	OK	 
REQUEST	XUI_010_Home	010_auth Redirect 1	1732274509507	1732274509650	OK	 
REQUEST	XUI_010_Home	010_auth Redirect 2	1732274509659	1732274509746	OK	 
GROUP	XUI_010_Home	1732274509090	1732274509758	605	OK
REQUEST	XUI_020_Login	005_clientId	1732274512555	1732274512935	OK	 
REQUEST	XUI_020_Login	005_clientId Redirect 1	1732274512950	1732274513447	OK	 
REQUEST	XUI_020_Login	005_clientId Redirect 2	1732274513450	1732274513492	OK	 
REQUEST	XUI_020_Login	Common_000_ConfigurationUI	1732274513497	1732274513539	OK	 
REQUEST	XUI_020_Login	Common_000_ConfigUI	1732274513541	1732274513592	OK	 
REQUEST	XUI_020_Login	Common_000_TsAndCs	1732274513594	1732274513632	OK	 
REQUEST	XUI_020_Login	Common_000_IsAuthenticated	1732274513634	1732274513675	OK	 
REQUEST	XUI_020_Login	Common_000_UserDetails	1732274513680	1732274514943	OK	 
REQUEST	XUI_020_Login	Common_000_MonitoringTools	1732274514947	1732274515055	OK	 
REQUEST	XUI_020_Login	Common_000_IsAuthenticated	1732274515093	1732274515183	OK	 
GROUP	XUI_020_Login	1732274512542	1732274515191	2552	OK
REQUEST	CivilDamage_UnSpecClaim_10_01_CreateCase	create	1732274517905	1732274522311	OK	 
GROUP	CivilDamage_UnSpecClaim_10_01_CreateCase	1732274517903	1732274522314	4406	OK
REQUEST	CivilDamage_UnSpecClaim_10_02_CreateCase	IgnoreWarning	1732274525231	1732274529411	OK	 
GROUP	CivilDamage_UnSpecClaim_10_02_CreateCase	1732274525228	1732274529442	4180	OK
REQUEST	CivilDamage_UnSpecClaim_10_03_CreateCase	CLAIMEligibility	1732274532404	1732274534780	OK	 
GROUP	CivilDamage_UnSpecClaim_10_03_CreateCase	1732274532393	1732274534783	2376	OK
REQUEST	CivilDamage_UnSpecClaim_10_04_CreateCase	CLAIMReferences	1732274536898	1732274537616	OK	 
GROUP	CivilDamage_UnSpecClaim_10_04_CreateCase	1732274536895	1732274537618	718	OK
REQUEST	CivilDamage_UnSpecClaim_10_05_CreateCase	CLAIMCourt	1732274540473	1732274543660	OK	 
GROUP	CivilDamage_UnSpecClaim_10_05_CreateCase	1732274540470	1732274543663	3187	OK
REQUEST	CivilDamage_UnSpecClaim_10_06_CreateCase	postcode	1732274547594	1732274548901	OK	 
GROUP	CivilDamage_UnSpecClaim_10_06_CreateCase	1732274547592	1732274548905	1307	OK
REQUEST	CivilDamage_UnSpecClaim_10_07_CreateCase	CLAIMClaimant	1732274552627	1732274554673	OK	 
GROUP	CivilDamage_UnSpecClaim_10_07_CreateCase	1732274552625	1732274554675	2046	OK
REQUEST	CivilDamage_UnSpecClaim_10_08_CreateCase	CREATE_CLAIMClaimantLitigationFriend	1732274557289	1732274559232	OK	 
GROUP	CivilDamage_UnSpecClaim_10_08_CreateCase	1732274557286	1732274559234	1943	OK
REQUEST	CivilDamage_UnSpecClaim_10_09_CreateCase	CREATE_CLAIMNotifications	1732274562378	1732274563235	OK	 
GROUP	CivilDamage_UnSpecClaim_10_09_CreateCase	1732274562376	1732274563238	857	OK
REQUEST	CivilDamage_UnSpecClaim_10_10_CreateCase	ClaimantSolicitorOrganisation	1732274565344	1732274565996	OK	 
GROUP	CivilDamage_UnSpecClaim_10_10_CreateCase	1732274565341	1732274565998	652	OK
REQUEST	CivilDamage_UnSpecClaim_10_11_CreateCase	ClaimantSolicitorAddres	1732274569253	1732274570396	OK	 
GROUP	CivilDamage_UnSpecClaim_10_11_CreateCase	1732274569250	1732274570398	1143	OK
REQUEST	CivilDamage_UnSpecClaim_10_12_CreateCase	AddAnotherClaimant	1732274572921	1732274574389	OK	 
GROUP	CivilDamage_UnSpecClaim_10_12_CreateCase	1732274572918	1732274574391	1468	OK
REQUEST	CivilDamage_UnSpecClaim_10_13_CreateCase	postcode	1732274577533	1732274578746	OK	 
GROUP	CivilDamage_UnSpecClaim_10_13_CreateCase	1732274577530	1732274578751	1213	OK
REQUEST	CivilDamage_UnSpecClaim_10_14_CreateCase	CLAIMDefendant	1732274580948	1732274582704	OK	 
GROUP	CivilDamage_UnSpecClaim_10_14_CreateCase	1732274580945	1732274582706	1756	OK
REQUEST	CivilDamage_UnSpecClaim_10_15_CreateCase	LegalRepresentation	1732274584726	1732274585757	OK	 
GROUP	CivilDamage_UnSpecClaim_10_15_CreateCase	1732274584723	1732274585759	1031	OK
REQUEST	CivilDamage_UnSpecClaim_10_16_CreateCase	DefendantSolicitorOrganisation	1732274589028	1732274591415	OK	 
GROUP	CivilDamage_UnSpecClaim_10_16_CreateCase	1732274589024	1732274591418	2387	OK
REQUEST	CivilDamage_UnSpecClaim_10_17_CreateCase	DefendantSolicitorServiceAddress	1732274594074	1732274594552	OK	 
GROUP	CivilDamage_UnSpecClaim_10_17_CreateCase	1732274594071	1732274594554	478	OK
REQUEST	CivilDamage_UnSpecClaim_10_18_CreateCase	CLAIMAddAnotherDefendant	1732274598045	1732274600129	OK	 
GROUP	CivilDamage_UnSpecClaim_10_18_CreateCase	1732274598043	1732274600129	2084	OK
REQUEST	CivilDamage_UnSpecClaim_10_19_CreateCase	AddAnotherDefendant	1732274603142	1732274603654	OK	 
GROUP	CivilDamage_UnSpecClaim_10_19_CreateCase	1732274603140	1732274603656	512	OK
REQUEST	CivilDamage_UnSpecClaim_10_20_CreateCase	CLAIMClaimType	1732274606112	1732274606837	OK	 
GROUP	CivilDamage_UnSpecClaim_10_20_CreateCase	1732274606112	1732274606838	725	OK
REQUEST	CivilDamage_UnSpecClaim_10_21_CreateCase	CLAIMDetails	1732274609037	1732274609603	OK	 
GROUP	CivilDamage_UnSpecClaim_10_21_CreateCase	1732274609033	1732274609605	566	OK
REQUEST	CivilDamage_UnSpecClaim_10_22_CreateCase	CLAIMUploadParticularsOfClaim	1732274612992	1732274614322	OK	 
GROUP	CivilDamage_UnSpecClaim_10_22_CreateCase	1732274612989	1732274614324	1330	OK
REQUEST	CivilDamage_UnSpecClaim_10_23_CreateCase	CLAIMClaimValue	1732274617701	1732274621028	OK	 
GROUP	CivilDamage_UnSpecClaim_10_23_CreateCase	1732274617699	1732274621031	3327	OK
REQUEST	CivilDamage_UnSpecClaim_10_24_CreateCase	CLAIMPbaNumber	1732274624658	1732274625345	OK	 
GROUP	CivilDamage_UnSpecClaim_10_24_CreateCase	1732274624656	1732274625346	687	OK
REQUEST	CivilDamage_UnSpecClaim_10_25_CreateCase	StatementOfTruth	1732274628116	1732274628880	OK	 
GROUP	CivilDamage_UnSpecClaim_10_25_CreateCase	1732274628114	1732274628882	764	OK
REQUEST	CivilDamage_UnSpecClaim_10_26_CreateCase	Submit_Claim	1732274632587	1732274635931	OK	 
GROUP	CivilDamage_UnSpecClaim_10_26_CreateCase	1732274632584	1732274635940	3344	OK
REQUEST	CivilDamage_UnSpecClaim_10_27_CaseCreated	CaseCreated	1732274638131	1732274639306	OK	 
GROUP	CivilDamage_UnSpecClaim_10_27_CaseCreated	1732274638129	1732274639313	1175	OK
REQUEST	CivilDamage_UnSpecClaim_10_28_APIRoleAssignment	APIRoleAssignment	1732274639315	1732274639811	OK	 
GROUP	CivilDamage_UnSpecClaim_10_28_APIRoleAssignment	1732274639313	1732274639813	496	OK
REQUEST	CivilDamage_UnspecClaim_10_29_SupportedJurisdiction	SupportedJurisdiction	1732274639815	1732274639920	OK	 
GROUP	CivilDamage_UnspecClaim_10_29_SupportedJurisdiction	1732274639813	1732274639922	105	OK
REQUEST	Civil_CreateClaim_005_MakePayment	005_PaymentGroups	1732274642532	1732274644548	OK	 
REQUEST	Civil_CreateClaim_005_MakePayment	010_ServiceTab	1732274644554	1732274644647	OK	 
REQUEST	Civil_CreateClaim_005_MakePayment	015_case_ids	1732274644650	1732274646114	OK	 
GROUP	Civil_CreateClaim_005_MakePayment	1732274642522	1732274646126	3573	OK
REQUEST	Civil_CreateClaim_010_MakePay	005_PayNow	1732274648131	1732274648928	OK	 
GROUP	Civil_CreateClaim_010_MakePay	1732274648128	1732274648928	797	OK
REQUEST	Civil_CreateClaim_010_MakePay	005_ConfirmPay	1732274650930	1732274653226	OK	 
GROUP	Civil_CreateClaim_010_MakePay	1732274650929	1732274653226	2296	OK
REQUEST	Civil_UnSpecClaim_10_NotifyDEF	005_jurisdiction	1732274657183	1732274659266	OK	 
REQUEST	Civil_UnSpecClaim_10_NotifyDEF	010_Profile	1732274659269	1732274660809	OK	 
REQUEST	Civil_UnSpecClaim_10_NotifyDEF	015_warning	1732274705816	1732274707504	OK	 
REQUEST	Civil_UnSpecClaim_10_NotifyDEF	020_jurisdiction	1732274707516	1732274709238	OK	 
GROUP	