RUN	uk.gov.hmcts.reform.civildamage.performance.simulations.SimulateScenario	simulatescenario	1732295201357	 	3.12.0
USER	UnSpec_CreateClaim	START	1732295201808
REQUEST	XUI_010_Home	005_Home	1732295201806	1732295201942	OK	 
REQUEST	XUI_010_Home	Common_000_ConfigurationUI	1732295201955	1732295201992	OK	 
REQUEST	XUI_010_Home	Common_000_ConfigJson	1732295201993	1732295202072	OK	 
REQUEST	XUI_010_Home	Common_000_TsAndCs	1732295202073	1732295202103	OK	 
REQUEST	XUI_010_Home	Common_000_ConfigUI	1732295202104	1732295202138	OK	 
REQUEST	XUI_010_Home	Common_000_UserDetails	1732295202139	1732295202176	OK	 
REQUEST	XUI_010_Home	Common_000_IsAuthenticated	1732295202179	1732295202216	OK	 
REQUEST	XUI_010_Home	010_auth	1732295202218	1732295202255	OK	 
REQUEST	XUI_010_Home	010_auth Redirect 1	1732295202260	1732295202379	OK	 
REQUEST	XUI_010_Home	010_auth Redirect 2	1732295202385	1732295202608	OK	 
GROUP	XUI_010_Home	1732295201800	1732295202617	769	OK
REQUEST	XUI_020_Login	005_clientId	1732295204968	1732295205309	OK	 
REQUEST	XUI_020_Login	005_clientId Redirect 1	1732295205318	1732295206737	OK	 
REQUEST	XUI_020_Login	005_clientId Redirect 2	1732295206739	1732295206783	OK	 
REQUEST	XUI_020_Login	Common_000_ConfigurationUI	1732295206786	1732295206830	OK	 
REQUEST	XUI_020_Login	Common_000_ConfigUI	1732295206831	1732295206899	OK	 
REQUEST	XUI_020_Login	Common_000_TsAndCs	1732295206900	1732295206931	OK	 
REQUEST	XUI_020_Login	Common_000_IsAuthenticated	1732295206932	1732295207000	OK	 
REQUEST	XUI_020_Login	Common_000_UserDetails	1732295207004	1732295208402	OK	 
REQUEST	XUI_020_Login	Common_000_MonitoringTools	1732295208407	1732295208503	OK	 
REQUEST	XUI_020_Login	Common_000_IsAuthenticated	1732295208531	1732295208626	OK	 
GROUP	XUI_020_Login	1732295204958	1732295208631	3604	OK
REQUEST	CivilDamage_UnSpecClaim_10_00_LandingPage	Jurisdictions	1732295211518	1732295213923	OK	 
REQUEST	CivilDamage_UnSpecClaim_10_00_LandingPage	Organisation	1732295213926	1732295214791	OK	 
GROUP	CivilDamage_UnSpecClaim_10_00_LandingPage	1732295211516	1732295214793	3270	OK
REQUEST	CivilDamage_UnSpecClaim_10_01_CreateCase	create	1732295216878	1732295217161	OK	 
GROUP	CivilDamage_UnSpecClaim_10_01_CreateCase	1732295216876	1732295217164	283	OK
REQUEST	CivilDamage_UnSpecClaim_10_02_CreateCase	IgnoreWarning	1732295221121	1732295223033	OK	 
GROUP	CivilDamage_UnSpecClaim_10_02_CreateCase	1732295221119	1732295223078	1912	OK
REQUEST	CivilDamage_UnSpecClaim_10_03_CreateCase	CLAIMEligibility	1732295226459	1732295228314	OK	 
GROUP	CivilDamage_UnSpecClaim_10_03_CreateCase	1732295226452	1732295228317	1855	OK
REQUEST	CivilDamage_UnSpecClaim_10_04_CreateCase	CLAIMReferences	1732295231999	1732295232420	OK	 
GROUP	CivilDamage_UnSpecClaim_10_04_CreateCase	1732295231997	1732295232422	421	OK
REQUEST	CivilDamage_UnSpecClaim_10_05_CreateCase	CLAIMCourt	1732295234942	1732295238240	OK	 
GROUP	CivilDamage_UnSpecClaim_10_05_CreateCase	1732295234939	1732295238241	3298	OK
REQUEST	CivilDamage_UnSpecClaim_10_06_CreateCase	postcode	1732295241189	1732295242357	OK	 
GROUP	CivilDamage_UnSpecClaim_10_06_CreateCase	1732295241187	1732295242360	1168	OK
REQUEST	CivilDamage_UnSpecClaim_10_07_CreateCase	CLAIMClaimant	1732295244949	1732295245623	OK	 
GROUP	CivilDamage_UnSpecClaim_10_07_CreateCase	1732295244946	1732295245624	674	OK
REQUEST	CivilDamage_UnSpecClaim_10_08_CreateCase	CREATE_CLAIMClaimantLitigationFriend	1732295249297	1732295249870	OK	 
GROUP	CivilDamage_UnSpecClaim_10_08_CreateCase	1732295249295	1732295249873	573	OK
REQUEST	CivilDamage_UnSpecClaim_10_09_CreateCase	CREATE_CLAIMNotifications	1732295252604	1732295253600	OK	 
GROUP	CivilDamage_UnSpecClaim_10_09_CreateCase	1732295252601	1732295253602	996	OK
REQUEST	CivilDamage_UnSpecClaim_10_10_CreateCase	ClaimantSolicitorOrganisation	1732295255961	1732295257565	OK	 
GROUP	CivilDamage_UnSpecClaim_10_10_CreateCase	1732295255958	1732295257567	1604	OK
REQUEST	CivilDamage_UnSpecClaim_10_11_CreateCase	ClaimantSolicitorAddres	1732295260381	1732295261222	OK	 
GROUP	CivilDamage_UnSpecClaim_10_11_CreateCase	1732295260380	1732295261224	841	OK
REQUEST	CivilDamage_UnSpecClaim_10_12_CreateCase	AddAnotherClaimant	1732295264077	1732295264975	OK	 
GROUP	CivilDamage_UnSpecClaim_10_12_CreateCase	1732295264074	1732295264977	898	OK
REQUEST	CivilDamage_UnSpecClaim_10_13_CreateCase	postcode	1732295268284	1732295269469	OK	 
GROUP	CivilDamage_UnSpecClaim_10_13_CreateCase	1732295268282	1732295269472	1185	OK
REQUEST	CivilDamage_UnSpecClaim_10_14_CreateCase	CLAIMDefendant	1732295271717	1732295272829	OK	 
GROUP	CivilDamage_UnSpecClaim_10_14_CreateCase	1732295271714	1732295272832	1112	OK
REQUEST	CivilDamage_UnSpecClaim_10_15_CreateCase	LegalRepresentation	1732295276156	1732295276987	OK	 
GROUP	CivilDamage_UnSpecClaim_10_15_CreateCase	1732295276154	1732295276989	831	OK
REQUEST	CivilDamage_UnSpecClaim_10_16_CreateCase	DefendantSolicitorOrganisation	1732295280056	1732295281556	OK	 
GROUP	CivilDamage_UnSpecClaim_10_16_CreateCase	1732295280053	1732295281559	1500	OK
REQUEST	CivilDamage_UnSpecClaim_10_17_CreateCase	DefendantSolicitorServiceAddress	1732295284884	1732295285686	OK	 
GROUP	CivilDamage_UnSpecClaim_10_17_CreateCase	1732295284881	1732295285688	802	OK
REQUEST	CivilDamage_UnSpecClaim_10_18_CreateCase	CLAIMAddAnotherDefendant	1732295288678	1732295289517	OK	 
GROUP	CivilDamage_UnSpecClaim_10_18_CreateCase	1732295288676	1732295289518	839	OK
REQUEST	CivilDamage_UnSpecClaim_10_19_CreateCase	AddAnotherDefendant	1732295292422	1732295293275	OK	 
GROUP	CivilDamage_UnSpecClaim_10_19_CreateCase	1732295292419	1732295293276	853	OK
REQUEST	CivilDamage_UnSpecClaim_10_20_CreateCase	CLAIMClaimType	1732295296615	1732295297876	OK	 
GROUP	CivilDamage_UnSpecClaim_10_20_CreateCase	1732295296613	1732295297878	1261	OK
REQUEST	CivilDamage_UnSpecClaim_10_21_CreateCase	CLAIMDetails	1732295301666	1732295302516	OK	 
GROUP	CivilDamage_UnSpecClaim_10_21_CreateCase	1732295301663	1732295302518	850	OK
REQUEST	CivilDamage_UnSpecClaim_10_22_CreateCase	CLAIMUploadParticularsOfClaim	1732295306231	1732295307449	OK	 
GROUP	CivilDamage_UnSpecClaim_10_22_CreateCase	1732295306228	1732295307450	1218	OK
REQUEST	CivilDamage_UnSpecClaim_10_23_CreateCase	CLAIMClaimValue	1732295310472	1732295312653	OK	 
GROUP	CivilDamage_UnSpecClaim_10_23_CreateCase	1732295310469	1732295312656	2181	OK
REQUEST	CivilDamage_UnSpecClaim_10_24_CreateCase	CLAIMPbaNumber	1732295315055	1732295315599	OK	 
GROUP	CivilDamage_UnSpecClaim_10_24_CreateCase	1732295315053	1732295315601	544	OK
REQUEST	CivilDamage_UnSpecClaim_10_25_CreateCase	StatementOfTruth	1732295317715	1732295318679	OK	 
GROUP	CivilDamage_UnSpecClaim_10_25_CreateCase	1732295317713	1732295318679	964	OK
REQUEST	CivilDamage_UnSpecClaim_10_26_CreateCase	Submit_Claim	1732295321697	1732295324760	OK	 
GROUP	CivilDamage_UnSpecClaim_10_26_CreateCase	1732295321696	1732295324766	3063	OK
REQUEST	CivilDamage_UnSpecClaim_10_27_CaseCreated	CaseCreated	1732295328762	1732295329793	OK	 
GROUP	CivilDamage_UnSpecClaim_10_27_CaseCreated	1732295328759	1732295329795	1031	OK
REQUEST	Civil_CreateClaim_005_MakePayment	005_PaymentGroups	1732295339800	1732295341915	OK	 
REQUEST	Civil_CreateClaim_005_MakePayment	010_ServiceTab	1732295341917	1732295341996	OK	 
REQUEST	Civil_CreateClaim_005_MakePayment	015_case_ids	1732295341998	1732295343344	OK	 
GROUP	Civil_CreateClaim_005_MakePayment	1732295339797	1732295343354	3540	OK
REQUEST	Civil_CreateClaim_010_MakePay	005_PayNow	1732295345358	1732295346414	OK	 
GROUP	Civil_CreateClaim_010_MakePay	1732295345356	1732295346416	1056	OK
REQUEST	Civil_CreateClaim_010_MakePay	005_ConfirmPay	1732295348420	1732295350617	OK	 
GROUP	Civil_CreateClaim_010_MakePay	1732295348418	1732295350619	2197	OK
REQUEST	Civil_UnSpecClaim_10_NotifyDEF	005_jurisdiction	1732295353137	1732295354093	OK	 
REQUEST	Civil_UnSpecClaim_10_NotifyDEF	010_Profile	1732295354096	1732295355315	OK	 
REQUEST	Civil_UnSpecClaim_10_NotifyDEF	015_warning	1732295400321	1732295402786	OK	 
REQUEST	Civil_UnSpecClaim_10_NotifyDEF	020_jurisdiction	1732295402795	1732295404270	OK	 
GROUP	Civil_UnSpecClaim_10_NotifyDEF	1732295353136	1732295404272	6115	OK
REQUEST	Civil_UnSpecClaim_10_NotifyDEF	005_CLAIMAccessGrantedWarning	1732295407942	1732295408573	OK	 
GROUP	Civil_UnSpecClaim_10_NotifyDEF	1732295407940	1732295408574	631	OK
REQUEST	Civil_UnSpecClaim_10_NotifyDEF	330_SubmitNotification	1732295411083	1732295413502	OK	 
REQUEST	Civil_UnSpecClaim_10_NotifyDEF	335_getCases	1732295413504	1732295414690	OK	 
GROUP	Civil_UnSpecClaim_10_NotifyDEF	1732295411080	1732295414693	3605	OK
REQUEST	Civil_UnSpecClaim_10_NotifyDEF	005_APIRoleAssignment	1732295417525	1732295417888	OK	 
GROUP	Civil_UnSpecClaim_10_NotifyDEF	1732295417522	1732295417891	363	OK
REQUEST	Civil_UnSpecClaim_10_NotifyDEF	010_SupportedJurisdiction	1732295417892	1732295417965	OK	 
GROUP	Civil_UnSpecClaim_10_NotifyDEF	1732295417891	1732295417967	73	OK
REQUEST	Civil_UnSpecClaim_10_NotifyDetails	005_jurisdiction	1732295421703	1732295422804	OK	 
REQUEST	Civil_UnSpecClaim_10_NotifyDetails	010_IgnoreWarning	1732295422808	1732295424670	OK	 
REQUEST	Civil_UnSpecClaim_10_NotifyDetails	020_jurisdiction	1732295424676	1732295426020	OK	 
GROUP	Civil_UnSpecClaim_10_NotifyDetails	1732295421700	1732295426022	4307	OK
REQUEST	Civil_UnSpecClaim_10_NotifyDetails	005_DetailsUpload	1732295428563	1732295429303	OK	 
GROUP	Civil_UnSpecClaim_10_NotifyDetails	1732295428560	1732295429305	740	OK
REQUEST	Civil_UnSpecClaim_10_NotifyDetails	005_SubmitNotifyDetails	1732295432951	1732295434738	OK	 
REQUEST	Civil_UnSpecClaim_10_NotifyDetails	010_getCases	1732295434740	1732295436101	OK	 
GROUP	Civil_UnSpecClaim_10_NotifyDetails	1732295432948	1732295436105	3148	OK
REQUEST	Civil_UnSpecClaim_10_NotifyDetails	005_APIRoleAssignment	1732295439214	1732295439702	OK	 
GROUP	Civil_UnSpecClaim_10_NotifyDetails	1732295439211	1732295439704	488	OK
REQUEST	Civil_UnSpecClaim_10_NotifyDetails	010_SupportedJurisdiction	1732295439705	1732295439814	OK	 
GROUP	Civil_UnSpecClaim_10_NotifyDetails	1732295439704	1732295439815	109	OK
REQUEST		XUI_020_Signout	1732295442133	1732295442391	OK	 
REQUEST		XUI_020_Signout Redirect 1	1732295442392	1732295442528	OK	 
REQUEST		XUI_020_Signout Redirect 2	1732295442530	1732295442643	OK	 
REQUEST		XUI_020_Signout Redirect 3	1732295442644	1732295442692	OK	 
REQUEST	XUI_010_Home	005_Home	1732295446697	1732295446728	OK	 
REQUEST	XUI_010_Home	Common_000_ConfigurationUI	1732295446731	1732295446759	OK	 
REQUEST	XUI_010_Home	Common_000_ConfigJson	1732295446761	1732295446790	OK	 
REQUEST	XUI_010_Home	Common_000_TsAndCs	1732295446792	1732295446820	OK	 
REQUEST	XUI_010_Home	Common_000_ConfigUI	1732295446820	1732295446847	OK	 
REQUEST	XUI_010_Home	Common_000_UserDetails	1732295446849	1732295446872	OK	 
REQUEST	XUI_010_Home	Common_000_IsAuthenticated	1732295446872	1732295446903	OK	 
REQUEST	XUI_010_Home	010_auth	1732295446905	1732295446936	OK	 
REQUEST	XUI_010_Home	010_auth Redirect 1	1732295446937	1732295446969	OK	 
REQUEST	XUI_010_Home	010_auth Redirect 2	1732295446970	1732295447063	OK	 
GROUP	XUI_010_Home	1732295446696	1732295447067	353	OK
REQUEST	XUI_020_Login	005_clientId	1732295449647	1732295449823	OK	 
REQUEST	XUI_020_Login	005_clientId Redirect 1	1732295449825	1732295451860	OK	 
REQUEST	XUI_020_Login	005_clientId Redirect 2	1732295451861	1732295451900	OK	 
REQUEST	XUI_020_Login	Common_000_ConfigurationUI	1732295451901	1732295451934	OK	 
REQUEST	XUI_020_Login	Common_000_ConfigUI	1732295451935	1732295451972	OK	 
REQUEST	XUI_020_Login	Common_000_TsAndCs	1732295451973	1732295452001	OK	 
REQUEST	XUI_020_Login	Common_000_IsAuthenticated	1732295452002	1732295452040	OK	 
REQUEST	XUI_020_Login	Common_000_UserDetails	1732295452040	1732295452711	OK	 
REQUEST	XUI_020_Login	Common_000_MonitoringTools	1732295452713	1732295452775	OK	 
REQUEST	XUI_020_Login	Common_000_IsAuthenticated	1732295452778	1732295452850	OK	 
GROUP	XUI_020_Login	1732295449646	1732295452853	3191	OK
REQUEST	Civil_UnSpecClaim_20_DefResp	Land_005_Jurisdictions	1732295456778	1732295459329	OK	 
REQUEST	Civil_UnSpecClaim_20_DefResp	Land_010_Organisation	1732295459334	1732295459978	OK	 
GROUP	Civil_UnSpecClaim_20_DefResp	1732295456775	1732295459980	3195	OK
REQUEST	Civil_UnSpecClaim_20_DefResp	CIVIL_AssignCase_000_AssignCase	1732295463770	1732295465736	OK	 
GROUP	Civil_UnSpecClaim_20_DefResp	1732295463768	1732295465738	1966	OK
REQUEST	Civil_UnSpecClaim_20_DefResp	Search_005_WorkBasket	1732295465739	1732295466746	OK	 
REQUEST	Civil_UnSpecClaim_20_DefResp	Search_010_CaseReference	1732295466749	1732295468785	OK	 
GROUP	Civil_UnSpecClaim_20_DefResp	1732295465738	1732295468786	3043	OK
REQUEST	Civil_UnSpecClaim_20_DefResp	OpenCase_005_InternalCases	1732295471760	1732295473195	OK	 
GROUP	Civil_UnSpecClaim_20_DefResp	1732295471757	1732295473199	1435	OK
REQUEST	Civil_UnSpecClaim_20_DefResp	OpenCase_010_RoleAssignment	1732295473200	1732295473595	OK	 
GROUP	Civil_UnSpecClaim_20_DefResp	1732295473199	1732295473596	395	OK
REQUEST	Civil_UnSpecClaim_20_DefResp	OpenCase_015_Jurisdiction	1732295473598	1732295473757	OK	 
GROUP	Civil_UnSpecClaim_20_DefResp	1732295473597	1732295473759	159	OK
REQUEST	Civil_UnSpecClaim_20_DefResp	RespToClaim_005_jurisdiction	1732295475918	1732295477235	OK	 
REQUEST	Civil_UnSpecClaim_20_DefResp	RespToClaim_010_Profile	1732295477239	1732295479711	OK	 
REQUEST	Civil_UnSpecClaim_20_DefResp	RespToClaim_015_IgnoreWarning	1732295524721	1732295527454	OK	 
REQUEST	Civil_UnSpecClaim_20_DefResp	RespToClaim_020_jurisdiction	1732295527466	1732295528959	OK	 
GROUP	Civil_UnSpecClaim_20_DefResp	1732295475915	1732295528961	8015	OK
REQUEST	Civil_UnSpecClaim_20_DefResp	ClaimInfo_005_ConfirmDetails	1732295531935	1732295532981	OK	 
GROUP	Civil_UnSpecClaim_20_DefResp	1732295531932	1732295532984	1046	OK
REQUEST	Civil_UnSpecClaim_20_DefResp	RejectClaim_005_RespondentResponseType	1732295535915	1732295536900	OK	 
GROUP	Civil_UnSpecClaim_20_DefResp	1732295535913	1732295536902	985	OK
REQUEST	Civil_UnSpecClaim_20_DefResp	FileRef_005_SolicitorReferences	1732295539982	1732295541332	OK	 
GROUP	Civil_UnSpecClaim_20_DefResp	1732295539980	1732295541334	1350	OK
REQUEST	Civil_UnSpecClaim_20_DefResp	005_UploadDefence	1732295544978	1732295546700	OK	 
GROUP	Civil_UnSpecClaim_20_DefResp	1732295544961	1732295546705	1722	OK
REQUEST	Civil_UnSpecClaim_20_DefResp	010_UploadDefence	1732295556709	1732295557311	OK	 
GROUP	Civil_UnSpecClaim_20_DefResp	1732295556706	1732295557313	602	OK
REQUEST	Civil_UnSpecClaim_20_DefResp	005_FileDirectionsQuestionnaire	1732295559995	1732295560740	OK	 
GROUP	Civil_UnSpecClaim_20_DefResp	1732295559993	1732295560742	745	OK
REQUEST	Civil_UnSpecClaim_20_DefResp	005_FixedRecoverableCosts	1732295564216	1732295565647	OK	 
GROUP	Civil_UnSpecClaim_20_DefResp	1732295564214	1732295565648	1431	OK
REQUEST	Civil_UnSpecClaim_20_DefResp	005_DisclosureOfNonElectronicDocuments	1732295567656	1732295568223	OK	 
GROUP	Civil_UnSpecClaim_20_DefResp	1732295567654	1732295568225	567	OK
REQUEST	Civil_UnSpecClaim_20_DefResp	005_RESPONSEExperts	1732295570839	1732295572440	OK	 
GROUP	Civil_UnSpecClaim_20_DefResp	1732295570836	1732295572442	1601	OK
REQUEST	Civil_UnSpecClaim_20_DefResp	005_RESPONSEWitnesses	1732295574801	1732295576018	OK	 
GROUP	Civil_UnSpecClaim_20_DefResp	1732295574799	1732295576020	1217	OK
REQUEST	Civil_UnSpecClaim_20_DefResp	005_RESPONSELanguage	1732295579929	1732295580697	OK	 
GROUP	Civil_UnSpecClaim_20_DefResp	1732295579927	1732295580698	768	OK
REQUEST	Civil_UnSpecClaim_20_DefResp	005_RESPONSEHearing	1732295583964	1732295586158	OK	 
GROUP	Civil_UnSpecClaim_20_DefResp	1732295583962	1732295586160	2194	OK
REQUEST	Civil_UnSpecClaim_20_DefResp	005_UploadDraftDirection	1732295588591	1732295590557	OK	 
GROUP	Civil_UnSpecClaim_20_DefResp	1732295588588	1732295590558	1966	OK
REQUEST	Civil_UnSpecClaim_20_DefResp	005_RESPONSEDraftDirections	1732295594559	1732295595393	OK	 
GROUP	Civil_UnSpecClaim_20_DefResp	1732295594557	1732295595393	834	OK
REQUEST	Civil_UnSpecClaim_20_DefResp	005_RESPONSERequestedCourt	1732295598795	1732295599832	OK	 
GROUP	Civil_UnSpecClaim_20_DefResp	1732295598790	1732295599839	1037	OK
REQUEST	Civil_UnSpecClaim_20_DefResp	005_RESPONSEHearingSupport	1732295602641	1732295603441	OK	 
GROUP	Civil_UnSpecClaim_20_DefResp	1732295602638	1732295603441	800	OK
REQUEST	Civil_UnSpecClaim_20_DefResp	005_RESPONSEVulnerabilityQuestions	1732295607041	1732295607962	OK	 
GROUP	Civil_UnSpecClaim_20_DefResp	1732295607039	1732295607963	921	OK
REQUEST	Civil_UnSpecClaim_20_DefResp	005_RESPONSEFurtherInformation	1732295610131	1732295610572	OK	 
GROUP	Civil_UnSpecClaim_20_DefResp	1732295610130	1732295610573	441	OK
REQUEST	Civil_UnSpecClaim_20_DefResp	005_RESPONSEStatementOfTruth	1732295612699	1732295613932	OK	 
GROUP	Civil_UnSpecClaim_20_DefResp	1732295612696	1732295613936	1233	OK
REQUEST	Civil_UnSpecClaim_20_DefResp	005_Submit	1732295616557	1732295621886	OK	 
REQUEST	Civil_UnSpecClaim_20_DefResp	010_DefenceSubmitted	1732295621887	1732295623191	OK	 
GROUP	Civil_UnSpecClaim_20_DefResp	1732295616555	1732295623193	6633	OK
REQUEST		XUI_020_Signout	1732295626249	1732295626533	OK	 
REQUEST		XUI_020_Signout Redirect 1	1732295626535	1732295626570	OK	 
REQUEST		XUI_020_Signout Redirect 2	1732295626571	1732295626696	OK	 
REQUEST		XUI_020_Signout Redirect 3	1732295626698	1732295626777	OK	 
REQUEST	XUI_010_Home	005_Home	1732295630782	1732295630818	OK	 
REQUEST	XUI_010_Home	Common_000_ConfigurationUI	1732295630821	1732295630862	OK	 
REQUEST	XUI_010_Home	Common_000_ConfigJson	1732295630863	1732295630892	OK	 
REQUEST	XUI_010_Home	Common_000_TsAndCs	1732295630895	1732295630925	OK	 
REQUEST	XUI_010_Home	Common_000_ConfigUI	1732295630926	1732295630953	OK	 
REQUEST	XUI_010_Home	Common_000_UserDetails	1732295630954	1732295630989	OK	 
REQUEST	XUI_010_Home	Common_000_IsAuthenticated	1732295630991	1732295631017	OK	 
REQUEST	XUI_010_Home	010_auth	1732295631019	1732295631050	OK	 
REQUEST	XUI_010_Home	010_auth Redirect 1	1732295631052	1732295631081	OK	 
REQUEST	XUI_010_Home	010_auth Redirect 2	1732295631082	1732295631143	OK	 
GROUP	XUI_010_Home	1732295630781	1732295631145	345	OK
REQUEST	XUI_020_Login	005_clientId	1732295634502	1732295634675	OK	 
REQUEST	XUI_020_Login	005_clientId Redirect 1	1732295634677	1732295635393	OK	 
REQUEST	XUI_020_Login	005_clientId Redirect 2	1732295635396	1732295635425	OK	 
REQUEST	XUI_020_Login	Common_000_ConfigurationUI	1732295635426	1732295635462	OK	 
REQUEST	XUI_020_Login	Common_000_ConfigUI	1732295635464	1732295635498	OK	 
REQUEST	XUI_020_Login	Common_000_TsAndCs	1732295635500	1732295635532	OK	 
REQUEST	XUI_020_Login	Common_000_IsAuthenticated	1732295635533	1732295635565	OK	 
REQUEST	XUI_020_Login	Common_000_UserDetails	1732295635566	1732295636085	OK	 
REQUEST	XUI_020_Login	Common_000_MonitoringTools	1732295636087	1732295636154	OK	 
REQUEST	XUI_020_Login	Common_000_IsAuthenticated	1732295636157	1732295636230	OK	 
GROUP	XUI_020_Login	1732295634500	1732295636233	1711	OK
REQUEST	Civil_UnSpecClaim_30_ClaimantResp	SearchCase_005_CaseReference	1732295639214	1732295640615	OK	 
REQUEST	Civil_UnSpecClaim_30_ClaimantResp	OpenCase_005_InternalCases	1732295640618	1732295641522	OK	 
GROUP	Civil_UnSpecClaim_30_ClaimantResp	1732295639212	1732295641528	2305	OK
REQUEST	Civil_UnSpecClaim_30_ClaimantResp	OpenCase_015_RoleAssignment	1732295641529	1732295641946	OK	 
GROUP	Civil_UnSpecClaim_30_ClaimantResp	1732295641528	1732295641947	417	OK
REQUEST	Civil_UnSpecClaim_30_ClaimantResp	OpenCase_020_Jurisdiction	1732295641948	1732295642074	OK	 
GROUP	Civil_UnSpecClaim_30_ClaimantResp	1732295641947	1732295642076	126	OK
REQUEST	Civil_UnSpecClaim_30_ClaimantResp	RespToDef_005_Jurisdiction	1732295644398	1732295645567	OK	 
REQUEST	Civil_UnSpecClaim_30_ClaimantResp	RespToDef_010_profile	1732295645570	1732295647728	OK	 
REQUEST	Civil_UnSpecClaim_30_ClaimantResp	RespToDef_015_IgnoreWarning	1732295647731	1732295650336	OK	 
REQUEST	Civil_UnSpecClaim_30_ClaimantResp	RespToDef_020_jurisdiction	1732295650348	1732295651556	OK	 
GROUP	Civil_UnSpecClaim_30_ClaimantResp	1732295644396	1732295651557	7140	OK
REQUEST	Civil_UnSpecClaim_30_ClaimantResp	005_RespondentResponse	1732295653926	1732295655153	OK	 
GROUP	Civil_UnSpecClaim_30_ClaimantResp	1732295653924	1732295655167	1227	OK
REQUEST	Civil_UnSpecClaim_30_ClaimantResp	005_DefenceResponseDocument	1732295657278	1732295658441	OK	 
GROUP	Civil_UnSpecClaim_30_ClaimantResp	1732295657275	1732295658442	1163	OK
REQUEST	Civil_UnSpecClaim_30_ClaimantResp	005_FileDirectionsQuestionnaire	1732295661164	1732295661915	OK	 
GROUP	Civil_UnSpecClaim_30_ClaimantResp	1732295661163	1732295661917	751	OK
REQUEST	Civil_UnSpecClaim_30_ClaimantResp	005_FixedRecoverableCosts	1732295664431	1732295665701	OK	 
GROUP	Civil_UnSpecClaim_30_ClaimantResp	1732295664428	1732295665703	1270	OK
REQUEST	Civil_UnSpecClaim_30_ClaimantResp	005_DisclosureOfNonElectronicDocuments	1732295668056	1732295669400	OK	 
GROUP	Civil_UnSpecClaim_30_ClaimantResp	1732295668053	1732295669402	1344	OK
REQUEST	Civil_UnSpecClaim_30_ClaimantResp	005_Experts	1732295671711	1732295673405	OK	 
GROUP	Civil_UnSpecClaim_30_ClaimantResp	1732295671709	1732295673406	1694	OK
REQUEST	Civil_UnSpecClaim_30_ClaimantResp	005_Witnesses	1732295677383	1732295678411	OK	 
GROUP	Civil_UnSpecClaim_30_ClaimantResp	1732295677380	1732295678413	1028	OK
REQUEST	Civil_UnSpecClaim_30_ClaimantResp	005_Language	1732295682078	1732295682813	OK	 
GROUP	Civil_UnSpecClaim_30_ClaimantResp	1732295682076	1732295682815	735	OK
REQUEST	Civil_UnSpecClaim_30_ClaimantResp	005_Hearing	1732295686117	1732295686604	OK	 
GROUP	Civil_UnSpecClaim_30_ClaimantResp	1732295686115	1732295686606	487	OK
REQUEST	Civil_UnSpecClaim_30_ClaimantResp	005_UploadDraftDirection	1732295689573	1732295691325	OK	 
GROUP	Civil_UnSpecClaim_30_ClaimantResp	1732295689570	1732295691329	1752	OK
REQUEST	Civil_UnSpecClaim_30_ClaimantResp	010_DraftDirections	1732295693629	1732295694685	OK	 
GROUP	Civil_UnSpecClaim_30_ClaimantResp	1732295693627	1732295694687	1056	OK
REQUEST	Civil_UnSpecClaim_30_ClaimantResp	005_HearingSupport	1732295696926	1732295697755	OK	 
GROUP	Civil_UnSpecClaim_30_ClaimantResp	1732295696923	1732295697756	829	OK
REQUEST	Civil_UnSpecClaim_30_ClaimantResp	005_VulnerabilityQuestions	1732295699793	1732295700519	OK	 
GROUP	Civil_UnSpecClaim_30_ClaimantResp	1732295699791	1732295700520	726	OK
REQUEST	Civil_UnSpecClaim_30_ClaimantResp	005_FurtherInformation	1732295703098	1732295704000	OK	 
GROUP	Civil_UnSpecClaim_30_ClaimantResp	1732295703096	1732295704002	902	OK
REQUEST	Civil_UnSpecClaim_30_ClaimantResp	005_StatementOfTruth	1732295706732	1732295707603	OK	 
GROUP	Civil_UnSpecClaim_30_ClaimantResp	1732295706729	1732295707605	871	OK
REQUEST	Civil_UnSpecClaim_30_ClaimantResp	005_Submit	1732295709615	1732295739739	KO	status.find.in([200, 209], 304), found 504
REQUEST	Civil_UnSpecClaim_30_ClaimantResp	010_ProceedWithClaim	1732295739746	1732295741308	OK	 
GROUP	Civil_UnSpecClaim_30_ClaimantResp	1732295709613	1732295741310	31686	KO
REQUEST		XUI_020_Signout	1732295743432	1732295743713	OK	 
REQUEST		XUI_020_Signout Redirect 1	1732295743714	1732295743751	OK	 
REQUEST		XUI_020_Signout Redirect 2	1732295743753	1732295743863	OK	 
REQUEST		XUI_020_Signout Redirect 3	1732295743865	1732295743926	OK	 
REQUEST	XUI_010_Home	005_Home	1732295747930	1732295747962	OK	 
REQUEST	XUI_010_Home	Common_000_ConfigurationUI	1732295747965	1732295748066	OK	 
REQUEST	XUI_010_Home	Common_000_ConfigJson	1732295748069	1732295748105	OK	 
REQUEST	XUI_010_Home	Common_000_TsAndCs	1732295748107	1732295748140	OK	 
REQUEST	XUI_010_Home	Common_000_ConfigUI	1732295748142	1732295748173	OK	 
REQUEST	XUI_010_Home	Common_000_UserDetails	1732295748176	1732295748204	OK	 
REQUEST	XUI_010_Home	Common_000_IsAuthenticated	1732295748205	1732295748231	OK	 
REQUEST	XUI_010_Home	010_auth	1732295748232	1732295748261	OK	 
REQUEST	XUI_010_Home	010_auth Redirect 1	1732295748262	1732295748291	OK	 
REQUEST	XUI_010_Home	010_auth Redirect 2	1732295748292	1732295748340	OK	 
GROUP	XUI_010_Home	1732295747929	1732295748341	393	OK
REQUEST	XUI_020_Login	005_clientId	1732295751767	1732295751990	OK	 
REQUEST	XUI_020_Login	005_clientId Redirect 1	1732295751991	1732295752542	OK	 
REQUEST	XUI_020_Login	005_clientId Redirect 2	1732295752544	1732295752572	OK	 
REQUEST	XUI_020_Login	Common_000_ConfigurationUI	1732295752574	1732295752613	OK	 
REQUEST	XUI_020_Login	Common_000_ConfigUI	1732295752614	1732295752648	OK	 
REQUEST	XUI_020_Login	Common_000_TsAndCs	1732295752649	1732295752675	OK	 
REQUEST	