RUN	uk.gov.hmcts.reform.civildamage.performance.simulations.SimulateScenario	simulatescenario	1732275865100	 	3.12.0
USER	UnSpec_CreateClaim	START	1732275865875
REQUEST	XUI_010_Home	005_Home	1732275865873	1732275866111	OK	 
REQUEST	XUI_010_Home	Common_000_ConfigurationUI	1732275866132	1732275866206	OK	 
REQUEST	XUI_010_Home	Common_000_ConfigJson	1732275866207	1732275866254	OK	 
REQUEST	XUI_010_Home	Common_000_TsAndCs	1732275866254	1732275866320	OK	 
REQUEST	XUI_010_Home	Common_000_ConfigUI	1732275866321	1732275866381	OK	 
REQUEST	XUI_010_Home	Common_000_UserDetails	1732275866383	1732275866429	OK	 
REQUEST	XUI_010_Home	Common_000_IsAuthenticated	1732275866435	1732275866484	OK	 
REQUEST	XUI_010_Home	010_auth	1732275866487	1732275866553	OK	 
REQUEST	XUI_010_Home	010_auth Redirect 1	1732275866560	1732275867159	OK	 
REQUEST	XUI_010_Home	010_auth Redirect 2	1732275867162	1732275867481	OK	 
GROUP	XUI_010_Home	1732275865866	1732275867487	1564	OK
REQUEST	XUI_020_Login	005_clientId	1732275870374	1732275870465	OK	 
REQUEST	XUI_020_Login	005_clientId Redirect 1	1732275870472	1732275871159	OK	 
REQUEST	XUI_020_Login	005_clientId Redirect 2	1732275871161	1732275871195	OK	 
REQUEST	XUI_020_Login	Common_000_ConfigurationUI	1732275871197	1732275871239	OK	 
REQUEST	XUI_020_Login	Common_000_ConfigUI	1732275871241	1732275871289	OK	 
REQUEST	XUI_020_Login	Common_000_TsAndCs	1732275871292	1732275871344	OK	 
REQUEST	XUI_020_Login	Common_000_IsAuthenticated	1732275871346	1732275871388	OK	 
REQUEST	XUI_020_Login	Common_000_UserDetails	1732275871391	1732275871951	OK	 
REQUEST	XUI_020_Login	Common_000_MonitoringTools	1732275871954	1732275872055	OK	 
REQUEST	XUI_020_Login	Common_000_IsAuthenticated	1732275872083	1732275872205	OK	 
GROUP	XUI_020_Login	1732275870364	1732275872211	1779	OK
REQUEST	CivilDamage_UnSpecClaim_10_01_CreateCase	create	1732275875888	1732275877495	OK	 
GROUP	CivilDamage_UnSpecClaim_10_01_CreateCase	1732275875887	1732275877497	1607	OK
REQUEST	CivilDamage_UnSpecClaim_10_02_CreateCase	IgnoreWarning	1732275880112	1732275881999	OK	 
GROUP	CivilDamage_UnSpecClaim_10_02_CreateCase	1732275880109	1732275882040	1887	OK
REQUEST	CivilDamage_UnSpecClaim_10_03_CreateCase	CLAIMEligibility	1732275885797	1732275887075	OK	 
GROUP	CivilDamage_UnSpecClaim_10_03_CreateCase	1732275885789	1732275887078	1278	OK
REQUEST	CivilDamage_UnSpecClaim_10_04_CreateCase	CLAIMReferences	1732275890836	1732275891221	OK	 
GROUP	CivilDamage_UnSpecClaim_10_04_CreateCase	1732275890834	1732275891225	385	OK
REQUEST	CivilDamage_UnSpecClaim_10_05_CreateCase	CLAIMCourt	1732275893846	1732275896772	OK	 
GROUP	CivilDamage_UnSpecClaim_10_05_CreateCase	1732275893843	1732275896775	2926	OK
REQUEST	CivilDamage_UnSpecClaim_10_06_CreateCase	postcode	1732275899339	1732275900720	OK	 
GROUP	CivilDamage_UnSpecClaim_10_06_CreateCase	1732275899336	1732275900724	1381	OK
REQUEST	CivilDamage_UnSpecClaim_10_07_CreateCase	CLAIMClaimant	1732275903391	1732275904854	OK	 
GROUP	CivilDamage_UnSpecClaim_10_07_CreateCase	1732275903389	1732275904857	1463	OK
REQUEST	CivilDamage_UnSpecClaim_10_08_CreateCase	CREATE_CLAIMClaimantLitigationFriend	1732275908244	1732275909628	OK	 
GROUP	CivilDamage_UnSpecClaim_10_08_CreateCase	1732275908241	1732275909630	1384	OK
REQUEST	CivilDamage_UnSpecClaim_10_09_CreateCase	CREATE_CLAIMNotifications	1732275912989	1732275913549	OK	 
GROUP	CivilDamage_UnSpecClaim_10_09_CreateCase	1732275912987	1732275913550	560	OK
REQUEST	CivilDamage_UnSpecClaim_10_10_CreateCase	ClaimantSolicitorOrganisation	1732275916209	1732275916745	OK	 
GROUP	CivilDamage_UnSpecClaim_10_10_CreateCase	1732275916207	1732275916748	536	OK
REQUEST	CivilDamage_UnSpecClaim_10_11_CreateCase	ClaimantSolicitorAddres	1732275919641	1732275920392	OK	 
GROUP	CivilDamage_UnSpecClaim_10_11_CreateCase	1732275919639	1732275920394	751	OK
REQUEST	CivilDamage_UnSpecClaim_10_12_CreateCase	AddAnotherClaimant	1732275923114	1732275923976	OK	 
GROUP	CivilDamage_UnSpecClaim_10_12_CreateCase	1732275923111	1732275923978	862	OK
REQUEST	CivilDamage_UnSpecClaim_10_13_CreateCase	postcode	1732275927247	1732275928816	OK	 
GROUP	CivilDamage_UnSpecClaim_10_13_CreateCase	1732275927246	1732275928820	1569	OK
REQUEST	CivilDamage_UnSpecClaim_10_14_CreateCase	CLAIMDefendant	1732275931755	1732275932914	OK	 
GROUP	CivilDamage_UnSpecClaim_10_14_CreateCase	1732275931752	1732275932916	1159	OK
REQUEST	CivilDamage_UnSpecClaim_10_15_CreateCase	LegalRepresentation	1732275935097	1732275935955	OK	 
GROUP	CivilDamage_UnSpecClaim_10_15_CreateCase	1732275935094	1732275935955	858	OK
REQUEST	CivilDamage_UnSpecClaim_10_16_CreateCase	DefendantSolicitorOrganisation	1732275938776	1732275939766	OK	 
GROUP	CivilDamage_UnSpecClaim_10_16_CreateCase	1732275938773	1732275939768	990	OK
REQUEST	CivilDamage_UnSpecClaim_10_17_CreateCase	DefendantSolicitorServiceAddress	1732275942408	1732275943173	OK	 
GROUP	CivilDamage_UnSpecClaim_10_17_CreateCase	1732275942405	1732275943175	765	OK
REQUEST	CivilDamage_UnSpecClaim_10_18_CreateCase	CLAIMAddAnotherDefendant	1732275946573	1732275947655	OK	 
GROUP	CivilDamage_UnSpecClaim_10_18_CreateCase	1732275946570	1732275947657	1082	OK
REQUEST	CivilDamage_UnSpecClaim_10_19_CreateCase	AddAnotherDefendant	1732275951383	1732275952037	OK	 
GROUP	CivilDamage_UnSpecClaim_10_19_CreateCase	1732275951381	1732275952038	654	OK
REQUEST	CivilDamage_UnSpecClaim_10_20_CreateCase	CLAIMClaimType	1732275954048	1732275954990	OK	 
GROUP	CivilDamage_UnSpecClaim_10_20_CreateCase	1732275954044	1732275954991	942	OK
REQUEST	CivilDamage_UnSpecClaim_10_21_CreateCase	CLAIMDetails	1732275957411	1732275958210	OK	 
GROUP	CivilDamage_UnSpecClaim_10_21_CreateCase	1732275957410	1732275958211	799	OK
REQUEST	CivilDamage_UnSpecClaim_10_22_CreateCase	CLAIMUploadParticularsOfClaim	1732275961599	1732275962377	OK	 
GROUP	CivilDamage_UnSpecClaim_10_22_CreateCase	1732275961596	1732275962379	778	OK
REQUEST	CivilDamage_UnSpecClaim_10_23_CreateCase	CLAIMClaimValue	1732275965642	1732275968050	OK	 
GROUP	CivilDamage_UnSpecClaim_10_23_CreateCase	1732275965640	1732275968055	2408	OK
REQUEST	CivilDamage_UnSpecClaim_10_24_CreateCase	CLAIMPbaNumber	1732275970580	1732275971141	OK	 
GROUP	CivilDamage_UnSpecClaim_10_24_CreateCase	1732275970578	1732275971143	561	OK
REQUEST	CivilDamage_UnSpecClaim_10_25_CreateCase	StatementOfTruth	1732275973942	1732275974379	OK	 
GROUP	CivilDamage_UnSpecClaim_10_25_CreateCase	1732275973939	1732275974382	437	OK
REQUEST	CivilDamage_UnSpecClaim_10_26_CreateCase	Submit_Claim	1732275976433	1732275978365	OK	 
GROUP	CivilDamage_UnSpecClaim_10_26_CreateCase	1732275976430	1732275978368	1932	OK
REQUEST	CivilDamage_UnSpecClaim_10_27_CaseCreated	CaseCreated	1732275980561	1732275981926	OK	 
GROUP	CivilDamage_UnSpecClaim_10_27_CaseCreated	1732275980559	1732275981929	1365	OK
REQUEST	CivilDamage_UnSpecClaim_10_28_APIRoleAssignment	APIRoleAssignment	1732275981930	1732275982345	OK	 
GROUP	CivilDamage_UnSpecClaim_10_28_APIRoleAssignment	1732275981929	1732275982347	415	OK
REQUEST	CivilDamage_UnspecClaim_10_29_SupportedJurisdiction	SupportedJurisdiction	1732275982348	1732275982449	OK	 
GROUP	CivilDamage_UnspecClaim_10_29_SupportedJurisdiction	1732275982347	1732275982451	101	OK
REQUEST	Civil_CreateClaim_005_MakePayment	005_PaymentGroups	1732275985854	1732275987985	OK	 
REQUEST	Civil_CreateClaim_005_MakePayment	010_ServiceTab	1732275987989	1732275988068	OK	 
REQUEST	Civil_CreateClaim_005_MakePayment	015_case_ids	1732275988070	1732275988906	OK	 
GROUP	Civil_CreateClaim_005_MakePayment	1732275985849	1732275988916	3046	OK
REQUEST	Civil_CreateClaim_010_MakePay	005_PayNow	1732275990918	1732275991663	OK	 
GROUP	Civil_CreateClaim_010_MakePay	1732275990917	1732275991665	745	OK
REQUEST	Civil_CreateClaim_010_MakePay	005_ConfirmPay	1732275993670	1732275995967	OK	 
GROUP	Civil_CreateClaim_010_MakePay	1732275993667	1732275995969	2297	OK
REQUEST	Civil_UnSpecClaim_10_NotifyDEF	005_jurisdiction	1732275999594	1732276000877	OK	 
REQUEST	Civil_UnSpecClaim_10_NotifyDEF	010_Profile	1732276000880	1732276001843	OK	 
REQUEST	Civil_UnSpecClaim_10_NotifyDEF	015_warning	1732276046850	1732276047886	OK	 
REQUEST	Civil_UnSpecClaim_10_NotifyDEF	020_jurisdiction	1732276047897	1732276049157	OK	 
GROUP	Civil_UnSpecClaim_10_NotifyDEF	1732275999591	1732276049159	4542	OK
REQUEST	Civil_UnSpecClaim_10_NotifyDEF	005_CLAIMAccessGrantedWarning	1732276052651	1732276053255	OK	 
GROUP	Civil_UnSpecClaim_10_NotifyDEF	1732276052649	1732276053259	604	OK
REQUEST	Civil_UnSpecClaim_10_NotifyDEF	330_SubmitNotification	1732276055348	1732276057558	OK	 
REQUEST	Civil_UnSpecClaim_10_NotifyDEF	335_getCases	1732276057561	1732276060750	OK	 
GROUP	Civil_UnSpecClaim_10_NotifyDEF	1732276055346	1732276060753	5399	OK
REQUEST	Civil_UnSpecClaim_10_NotifyDEF	005_APIRoleAssignment	1732276064629	1732276064882	OK	 
GROUP	Civil_UnSpecClaim_10_NotifyDEF	1732276064625	1732276064884	253	OK
REQUEST	Civil_UnSpecClaim_10_NotifyDEF	010_SupportedJurisdiction	1732276064886	1732276065136	OK	 
GROUP	Civil_UnSpecClaim_10_NotifyDEF	1732276064884	1732276065137	250	OK
REQUEST	Civil_UnSpecClaim_10_NotifyDetails	005_jurisdiction	1732276067978	1732276069534	OK	 
REQUEST	Civil_UnSpecClaim_10_NotifyDetails	010_IgnoreWarning	1732276069536	1732276071217	OK	 
REQUEST	Civil_UnSpecClaim_10_NotifyDetails	020_jurisdiction	1732276071225	1732276072459	OK	 
GROUP	Civil_UnSpecClaim_10_NotifyDetails	1732276067975	1732276072461	4471	OK
REQUEST	Civil_UnSpecClaim_10_NotifyDetails	005_DetailsUpload	1732276076425	1732276077304	OK	 
GROUP	Civil_UnSpecClaim_10_NotifyDetails	1732276076422	1732276077307	879	OK
REQUEST	Civil_UnSpecClaim_10_NotifyDetails	005_SubmitNotifyDetails	1732276081152	1732276082000	OK	 
REQUEST	Civil_UnSpecClaim_10_NotifyDetails	010_getCases	1732276082001	1732276082828	OK	 
GROUP	Civil_UnSpecClaim_10_NotifyDetails	1732276081151	1732276082829	1675	OK
REQUEST	Civil_UnSpecClaim_10_NotifyDetails	005_APIRoleAssignment	1732276084835	1732276085201	OK	 
GROUP	Civil_UnSpecClaim_10_NotifyDetails	1732276084833	1732276085201	366	OK
REQUEST	Civil_UnSpecClaim_10_NotifyDetails	010_SupportedJurisdiction	1732276085202	1732276085460	OK	 
GROUP	Civil_UnSpecClaim_10_NotifyDetails	1732276085201	1732276085461	258	OK
REQUEST		XUI_020_Signout	1732276087507	1732276087925	OK	 
REQUEST		XUI_020_Signout Redirect 1	1732276087927	1732276087972	OK	 
REQUEST		XUI_020_Signout Redirect 2	1732276087973	1732276088118	OK	 
REQUEST		XUI_020_Signout Redirect 3	1732276088121	1732276088179	OK	 
REQUEST	XUI_010_Home	005_Home	1732276092182	1732276092212	OK	 
REQUEST	XUI_010_Home	Common_000_ConfigurationUI	1732276092213	1732276092255	OK	 
REQUEST	XUI_010_Home	Common_000_ConfigJson	1732276092255	1732276092297	OK	 
REQUEST	XUI_010_Home	Common_000_TsAndCs	1732276092297	1732276092341	OK	 
REQUEST	XUI_010_Home	Common_000_ConfigUI	1732276092342	1732276092373	OK	 
REQUEST	XUI_010_Home	Common_000_UserDetails	1732276092374	1732276092417	OK	 
REQUEST	XUI_010_Home	Common_000_IsAuthenticated	1732276092418	1732276092460	OK	 
REQUEST	XUI_010_Home	010_auth	1732276092461	1732276092501	OK	 
REQUEST	XUI_010_Home	010_auth Redirect 1	1732276092502	1732276092530	OK	 
REQUEST	XUI_010_Home	010_auth Redirect 2	1732276092531	1732276092580	OK	 
GROUP	XUI_010_Home	1732276092181	1732276092583	391	OK
REQUEST	XUI_020_Login	005_clientId	1732276095142	1732276095356	OK	 
REQUEST	XUI_020_Login	005_clientId Redirect 1	1732276095356	1732276095907	OK	 
REQUEST	XUI_020_Login	005_clientId Redirect 2	1732276095907	1732276095945	OK	 
REQUEST	XUI_020_Login	Common_000_ConfigurationUI	1732276095945	1732276095984	OK	 
REQUEST	XUI_020_Login	Common_000_ConfigUI	1732276095985	1732276096029	OK	 
REQUEST	XUI_020_Login	Common_000_TsAndCs	1732276096030	1732276096080	OK	 
REQUEST	XUI_020_Login	Common_000_IsAuthenticated	1732276096080	1732276096112	OK	 
REQUEST	XUI_020_Login	Common_000_UserDetails	1732276096113	1732276096655	OK	 
REQUEST	XUI_020_Login	Common_000_MonitoringTools	1732276096655	1732276096730	OK	 
REQUEST	XUI_020_Login	Common_000_IsAuthenticated	1732276096731	1732276096799	OK	 
GROUP	XUI_020_Login	1732276095141	1732276096799	1653	OK
REQUEST	Civil_UnSpecClaim_20_DefResp	CIVIL_AssignCase_000_AssignCase	1732276099902	1732276100927	OK	 
GROUP	Civil_UnSpecClaim_20_DefResp	1732276099901	1732276100928	1025	OK
REQUEST	Civil_UnSpecClaim_20_DefResp	Search_005_WorkBasket	1732276100933	1732276102261	OK	 
REQUEST	Civil_UnSpecClaim_20_DefResp	Search_010_CaseReference	1732276102272	1732276103422	OK	 
GROUP	Civil_UnSpecClaim_20_DefResp	1732276100928	1732276103424	2478	OK
REQUEST	Civil_UnSpecClaim_20_DefResp	OpenCase_005_InternalCases	1732276106201	1732276107116	OK	 
GROUP	Civil_UnSpecClaim_20_DefResp	1732276106199	1732276107117	915	OK
REQUEST	Civil_UnSpecClaim_20_DefResp	OpenCase_010_RoleAssignment	1732276107117	1732276107445	OK	 
GROUP	Civil_UnSpecClaim_20_DefResp	1732276107117	1732276107445	328	OK
REQUEST	Civil_UnSpecClaim_20_DefResp	OpenCase_015_Jurisdiction	1732276107445	1732276107525	OK	 
GROUP	Civil_UnSpecClaim_20_DefResp	1732276107445	1732276107525	80	OK
REQUEST	Civil_UnSpecClaim_20_DefResp	RespToClaim_005_jurisdiction	1732276111344	1732276112396	OK	 
REQUEST	Civil_UnSpecClaim_20_DefResp	RespToClaim_010_Profile	1732276112397	1732276114481	OK	 
REQUEST	Civil_UnSpecClaim_20_DefResp	RespToClaim_015_IgnoreWarning	1732276159490	1732276160873	OK	 
REQUEST	Civil_UnSpecClaim_20_DefResp	RespToClaim_020_jurisdiction	1732276160886	1732276162164	OK	 
GROUP	Civil_UnSpecClaim_20_DefResp	1732276111339	1732276162166	5797	OK
REQUEST	Civil_UnSpecClaim_20_DefResp	ClaimInfo_005_ConfirmDetails	1732276164748	1732276165774	OK	 
GROUP	Civil_UnSpecClaim_20_DefResp	1732276164746	1732276165774	1026	OK
REQUEST	Civil_UnSpecClaim_20_DefResp	RejectClaim_005_RespondentResponseType	1732276168893	1732276169742	OK	 
GROUP	Civil_UnSpecClaim_20_DefResp	1732276168890	1732276169744	849	OK
REQUEST	Civil_UnSpecClaim_20_DefResp	FileRef_005_SolicitorReferences	1732276172366	1732276173319	OK	 
GROUP	Civil_UnSpecClaim_20_DefResp	1732276172364	1732276173324	953	OK
REQUEST	Civil_UnSpecClaim_20_DefResp	005_UploadDefence	1732276176253	1732276177993	OK	 
GROUP	Civil_UnSpecClaim_20_DefResp	1732276176244	1732276177997	1740	OK
REQUEST	Civil_UnSpecClaim_20_DefResp	010_UploadDefence	1732276180803	1732276181602	OK	 
GROUP	Civil_UnSpecClaim_20_DefResp	1732276180801	1732276181602	799	OK
REQUEST	Civil_UnSpecClaim_20_DefResp	005_FileDirectionsQuestionnaire	1732276184961	1732276185768	OK	 
GROUP	Civil_UnSpecClaim_20_DefResp	1732276184958	1732276185769	807	OK
REQUEST	Civil_UnSpecClaim_20_DefResp	005_FixedRecoverableCosts	1732276188792	1732276189199	OK	 
GROUP	Civil_UnSpecClaim_20_DefResp	1732276188789	1732276189201	407	OK
REQUEST	Civil_UnSpecClaim_20_DefResp	005_DisclosureOfNonElectronicDocuments	1732276193184	1732276193718	OK	 
GROUP	Civil_UnSpecClaim_20_DefResp	1732276193180	1732276193720	534	OK
REQUEST	Civil_UnSpecClaim_20_DefResp	005_RESPONSEExperts	1732276196843	1732276197814	OK	 
GROUP	Civil_UnSpecClaim_20_DefResp	1732276196842	1732276197816	971	OK
REQUEST	Civil_UnSpecClaim_20_DefResp	005_RESPONSEWitnesses	1732276201104	1732276202047	OK	 
GROUP	Civil_UnSpecClaim_20_DefResp	1732276201100	1732276202050	943	OK
REQUEST	Civil_UnSpecClaim_20_DefResp	005_RESPONSELanguage	1732276204211	1732276204865	OK	 
GROUP	Civil_UnSpecClaim_20_DefResp	1732276204199	1732276204866	654	OK
REQUEST	Civil_UnSpecClaim_20_DefResp	005_RESPONSEHearing	1732276207879	1732276209285	OK	 
GROUP	Civil_UnSpecClaim_20_DefResp	1732276207877	1732276209286	1406	OK
REQUEST	Civil_UnSpecClaim_20_DefResp	005_UploadDraftDirection	1732276211965	1732276212957	OK	 
GROUP	Civil_UnSpecClaim_20_DefResp	1732276211964	1732276212960	992	OK
REQUEST	Civil_UnSpecClaim_20_DefResp	005_RESPONSEDraftDirections	1732276215080	1732276215927	OK	 
GROUP	Civil_UnSpecClaim_20_DefResp	1732276215078	1732276215928	847	OK
REQUEST	Civil_UnSpecClaim_20_DefResp	005_RESPONSERequestedCourt	1732276219611	1732276220671	OK	 
GROUP	Civil_UnSpecClaim_20_DefResp	1732276219608	1732276220674	1060	OK
REQUEST	Civil_UnSpecClaim_20_DefResp	005_RESPONSEHearingSupport	1732276224182	1732276224937	OK	 
GROUP	Civil_UnSpecClaim_20_DefResp	1732276224176	1732276224939	755	OK
REQUEST	Civil_UnSpecClaim_20_DefResp	005_RESPONSEVulnerabilityQuestions	1732276227393	1732276227801	OK	 
GROUP	Civil_UnSpecClaim_20_DefResp	1732276227390	1732276227801	408	OK
REQUEST	Civil_UnSpecClaim_20_DefResp	005_RESPONSEFurtherInformation	1732276230619	1732276231388	OK	 
GROUP	Civil_UnSpecClaim_20_DefResp	1732276230617	1732276231388	769	OK
REQUEST	Civil_UnSpecClaim_20_DefResp	005_RESPONSEStatementOfTruth	1732276235073	1732276235953	OK	 
GROUP	Civil_UnSpecClaim_20_DefResp	1732276235070	1732276235954	880	OK
REQUEST	Civil_UnSpecClaim_20_DefResp	005_Submit	1732276238933	1732276242878	OK	 
REQUEST	Civil_UnSpecClaim_20_DefResp	010_DefenceSubmitted	1732276242881	1732276243831	OK	 
GROUP	Civil_UnSpecClaim_20_DefResp	1732276238930	1732276243833	4895	OK
REQUEST		XUI_020_Signout	1732276247615	1732276247860	OK	 
REQUEST		XUI_020_Signout Redirect 1	1732276247860	1732276247915	OK	 
REQUEST		XUI_020_Signout Redirect 2	1732276247915	1732276248059	OK	 
REQUEST		XUI_020_Signout Redirect 3	1732276248060	1732276248118	OK	 
REQUEST	XUI_010_Home	005_Home	1732276252122	1732276252171	OK	 
REQUEST	XUI_010_Home	Common_000_ConfigurationUI	1732276252173	1732276252213	OK	 
REQUEST	XUI_010_Home	Common_000_ConfigJson	1732276252214	1732276252256	OK	 
REQUEST	XUI_010_Home	Common_000_TsAndCs	1732276252258	1732276252308	OK	 
REQUEST	XUI_010_Home	Common_000_ConfigUI	1732276252309	1732276252340	OK	 
REQUEST	XUI_010_Home	Common_000_UserDetails	1732276252341	1732276252368	OK	 
REQUEST	XUI_010_Home	Common_000_IsAuthenticated	1732276252369	1732276252403	OK	 
REQUEST	XUI_010_Home	010_auth	1732276252403	1732276252461	OK	 
REQUEST	XUI_010_Home	010_auth Redirect 1	1732276252461	1732276252503	OK	 
REQUEST	XUI_010_Home	010_auth Redirect 2	1732276252503	1732276252558	OK	 
GROUP	XUI_010_Home	1732276252121	1732276252559	428	OK
REQUEST	XUI_020_Login	005_clientId	1732276254937	1732276255143	OK	 
REQUEST	XUI_020_Login	005_clientId Redirect 1	1732276255144	1732276255694	OK	 
REQUEST	XUI_020_Login	005_clientId Redirect 2	1732276255695	1732276255732	OK	 
REQUEST	XUI_020_Login	Common_000_ConfigurationUI	1732276255732	1732276255763	OK	 
REQUEST	XUI_020_Login	Common_000_ConfigUI	1732276255763	1732276255797	OK	 
REQUEST	XUI_020_Login	Common_000_TsAndCs	1732276255798	1732276255825	OK	 
REQUEST	XUI_020_Login	Common_000_IsAuthenticated	1732276255826	1732276255872	OK	 
REQUEST	XUI_020_Login	Common_000_UserDetails	1732276255874	1732276256541	OK	 
REQUEST	XUI_020_Login	Common_000_MonitoringTools	1732276256543	1732276256630	OK	 
REQUEST	XUI_020_Login	Common_000_IsAuthenticated	1732276256631	1732276256707	OK	 
GROUP	XUI_020_Login	1732276254937	1732276256710	1761	OK
REQUEST	Civil_UnSpecClaim_30_ClaimantResp	SearchCase_005_CaseReference	1732276259880	1732276261818	OK	 
REQUEST	Civil_UnSpecClaim_30_ClaimantResp	OpenCase_005_InternalCases	1732276261820	1732276263798	OK	 
GROUP	Civil_UnSpecClaim_30_ClaimantResp	1732276259879	1732276263799	3916	OK
REQUEST	Civil_UnSpecClaim_30_ClaimantResp	OpenCase_015_RoleAssignment	1732276263800	1732276264199	OK	 
GROUP	Civil_UnSpecClaim_30_ClaimantResp	1732276263799	1732276264200	399	OK
REQUEST	Civil_UnSpecClaim_30_ClaimantResp	OpenCase_020_Jurisdiction	1732276264201	1732276264288	OK	 
GROUP	Civil_UnSpecClaim_30_ClaimantResp	1732276264200	1732276264289	87	OK
REQUEST	Civil_UnSpecClaim_30_ClaimantResp	RespToDef_005_Jurisdiction	1732276267222	1732276267904	OK	 
REQUEST	Civil_UnSpecClaim_30_ClaimantResp	RespToDef_010_profile	1732276267904	1732276269282	OK	 
REQUEST	Civil_UnSpecClaim_30_ClaimantResp	RespToDef_015_IgnoreWarning	1732276269283	1732276270781	OK	 
REQUEST	Civil_UnSpecClaim_30_ClaimantResp	RespToDef_020_jurisdiction	1732276270788	1732276271736	OK	 
GROUP	Civil_UnSpecClaim_30_ClaimantResp	1732276267222	1732276271739	4506	OK
REQUEST	Civil_UnSpecClaim_30_ClaimantResp	005_RespondentResponse	1732276274635	1732276275535	OK	 
GROUP	Civil_UnSpecClaim_30_ClaimantResp	1732276274632	1732276275536	900	OK
REQUEST	Civil_UnSpecClaim_30_ClaimantResp	005_DefenceResponseDocument	1732276277665	1732276277868	OK	 
GROUP	Civil_UnSpecClaim_30_ClaimantResp	1732276277663	1732276277870	203	OK
REQUEST	Civil_UnSpecClaim_30_ClaimantResp	005_FileDirectionsQuestionnaire	1732276281209	1732276281675	OK	 
GROUP	Civil_UnSpecClaim_30_ClaimantResp	1732276281206	1732276281676	466	OK
REQUEST	Civil_UnSpecClaim_30_ClaimantResp	005_FixedRecoverableCosts	1732276284458	1732276285976	OK	 
GROUP	Civil_UnSpecClaim_30_ClaimantResp	1732276284458	1732276285977	1518	OK
REQUEST	Civil_UnSpecClaim_30_ClaimantResp	005_DisclosureOfNonElectronicDocuments	1732276289320	1732276290113	OK	 
GROUP	Civil_UnSpecClaim_30_ClaimantResp	1732276289317	1732276290113	793	OK
REQUEST	Civil_UnSpecClaim_30_ClaimantResp	005_Experts	1732276293239	1732276294412	OK	 
GROUP	Civil_UnSpecClaim_30_ClaimantResp	1732276293238	1732276294414	1173	OK
REQUEST	Civil_UnSpecClaim_30_ClaimantResp	005_Witnesses	1732276297336	1732276297697	OK	 
GROUP	Civil_UnSpecClaim_30_ClaimantResp	1732276297334	1732276297700	361	OK
REQUEST	Civil_UnSpecClaim_30_ClaimantResp	005_Language	1732276301358	1732276301841	OK	 
GROUP	Civil_UnSpecClaim_30_ClaimantResp	1732276301358	1732276301843	483	OK
REQUEST	Civil_UnSpecClaim_30_ClaimantResp	005_Hearing	1732276304804	1732276305720	OK	 
GROUP	Civil_UnSpecClaim_30_ClaimantResp	1732276304802	1732276305721	916	OK
REQUEST	Civil_UnSpecClaim_30_ClaimantResp	005_UploadDraftDirection	1732276308831	1732276310758	OK	 
GROUP	Civil_UnSpecClaim_30_ClaimantResp	1732276308826	1732276310761	1927	OK
REQUEST	Civil_UnSpecClaim_30_ClaimantResp	010_DraftDirections	1732276314252	1732276315157	OK	 
GROUP	Civil_UnSpecClaim_30_ClaimantResp	1732276314247	1732276315159	905	OK
REQUEST	Civil_UnSpecClaim_30_ClaimantResp	005_HearingSupport	1732276318143	1732276318942	OK	 
GROUP	Civil_UnSpecClaim_30_ClaimantResp	1732276318141	1732276318944	799	OK
REQUEST	Civil_UnSpecClaim_30_ClaimantResp	005_VulnerabilityQuestions	1732276322056	1732276322730	OK	 
GROUP	Civil_UnSpecClaim_30_ClaimantResp	1732276322054	1732276322732	674	OK
REQUEST	Civil_UnSpecClaim_30_ClaimantResp	005_FurtherInformation	1732276324920	1732276325710	OK	 
GROUP	Civil_UnSpecClaim_30_ClaimantResp	1732276324916	1732276325712	790	OK
REQUEST	Civil_UnSpecClaim_30_ClaimantResp	005_StatementOfTruth	1732276329633	1732276330460	OK	 
GROUP	Civil_UnSpecClaim_30_ClaimantResp	1732276329631	1732276330462	827	OK
REQUEST	Civil_UnSpecClaim_30_ClaimantResp	005_Submit	1732276332806	1732276336630	OK	 
REQUEST	Civil_UnSpecClaim_30_ClaimantResp	010_ProceedWithClaim	1732276336637	1732276337788	OK	 
GROUP	Civil_UnSpecClaim_30_ClaimantResp	1732276332804	1732276337800	4975	OK
REQUEST		XUI_020_Signout	1732276341470	1732276341725	OK	 
REQUEST		XUI_020_Signout Redirect 1	1732276341725	1732276341797	OK	 
REQUEST		XUI_020_Signout Redirect 2	1732276341798	1732276341892	OK	 
REQUEST		XUI_020_Signout Redirect 3	1732276341892	1732276341956	OK	 
REQUEST	XUI_010_Home	005_Home	1732276345960	1732276346044	OK	 
REQUEST	XUI_010_Home	Common_000_ConfigurationUI	1732276346046	1732276346099	OK	 
REQUEST	XUI_010_Home	Common_000_ConfigJson	1732276346101	1732276346131	OK	 
REQUEST	XUI_010_Home	Common_000_TsAndCs	1732276346132	1732276346165	OK	 
REQUEST	XUI_010_Home	Common_000_ConfigUI	1732276346166	1732276346205	OK	 
REQUEST	XUI_010_Home	Common_000_UserDetails	1732276346207	1732276346235	OK	 
REQUEST	XUI_010_Home	Common_000_IsAuthenticated	1732276346238	1732276346270	OK	 
REQUEST	XUI_010_Home	010_auth	1732276346271	1732276346335	OK	 
REQUEST	XUI_010_Home	010_auth Redirect 1	1732276346336	1732276346421	OK	 
REQUEST	XUI_010_Home	010_auth Redirect 2	1732276346424	1732276346517	OK	 
GROUP	XUI_010_Home	1732276345959	1732276346517	541	OK
REQUEST	XUI_020_Login	005_clientId	1732276349950	1732276350195	OK	 
REQUEST	XUI_020_Login	005_clientId Redirect 1	1732276350198	1732276350993	OK	 
REQUEST	XUI_020_Login	005_clientId Redirect 2	1732276350993	1732276351151	OK	 
REQUEST	XUI_020_Login	Common_000_ConfigurationUI	1732276351155	1732276351192	OK	 
REQUEST	XUI_020_Login	Common_000_ConfigUI	1732276351193	1732276351249	OK	 
REQUEST	XUI_020_Login	Common_000_TsAndCs	1732276351250	1732276351284	OK	 
REQUEST	XUI_020_Login	Common_000_IsAuthenticated	1732276351285	1732276351332	OK	 
REQUEST	XUI_020_Login	Common_000_UserDetails	1732276351332	1732276351529	OK	 
REQUEST	XUI_020_Login	Common_000_MonitoringTools	1732276351529	1732276351592	OK	 
REQUEST	XUI_020_Login	Common_000_IsAuthenticated	1732276351592	1732276351624	OK	 
GROUP	XUI_020_Login	1732276349948	1732276351625	1664	OK
REQUEST	Civil_UnSpecClaim_40_SDO	005_HealthCheck	1732276355377	1732276355415	OK	 
REQUEST	Civil_UnSpecClaim_40_SDO	005_RegionLocation	1732276355418	1732276356274	OK	 
REQUEST	Civil_UnSpecClaim_40_SDO	005_GetMyAccess	1732276356278	1732276356486	OK	 
REQUEST	Civil_UnSpecClaim_40_SDO	010_GetMyAccess	1732276356487	1732276356833	OK	 
REQUEST	Civil_UnSpecClaim_40_SDO	005_TypesOfWork	1732276356836	1732276357857	OK	 
REQUEST	Civil_UnSpecClaim_40_SDO	005_Jurisdiction	1732276357860	1732276357912	OK	 
REQUEST	Civil_UnSpecClaim_40_SDO	005_WorkAllocationTask	1732276357915	1732276358925	OK	 
REQUEST	Civil_UnSpecClaim_40_SDO	010_Jurisdiction	1732276358927	1732276358954	OK	 
REQUEST	Civil_UnSpecClaim_40_SDO	005_GetUsersByServiceName	1732276358954	1732276359494	OK	 
REQUEST	Civil_UnSpecClaim_40_SDO	010_WorkAllocationTask	1732276359496	1732276360499	OK	 
REQUEST	Civil_UnSpecClaim_40_SDO	005_GetJudicialUsers	1732276360503	1732276362139	OK	 
GROUP	Civil_UnSpecClaim_40_SDO	1732276355377	1732276362139	6737	OK
REQUEST	Civil_UnSpecClaim_40_SDO	005_SearchCase	1732276364671	1732276365773	OK	 
REQUEST	Civil_UnSpecClaim_40_SDO	010_SearchCase	1732276365779	1732276366979	OK	 
REQUEST	Civil_UnSpecClaim_40_SDO	015_SearchCase	1732276366982	1732276368446	OK	 
GROUP	Civil_UnSpecClaim_40_SDO	1732276364671	1732276368446	3766	OK
REQUEST	Civil_UnSpecClaim_40_SDO	005_OpenCase	1732276371631	1732276372759	OK	 
GROUP	Civil_UnSpecClaim_40_SDO	1732276371631	1732276372762	1128	OK
REQUEST	Civil_UnSpecClaim_40_SDO	010_OpenCase	1732276372762	1732276373115	OK	 
GROUP	Civil_UnSpecClaim_40_SDO	1732276372762	1732276373115	353	OK
REQUEST	Civil_UnSpecClaim_40_SDO	015_OpenCase	1732276373116	1732276373177	OK	 
GROUP	Civil_UnSpecClaim_40_SDO	1732276373115	1732276373180	61	OK
REQUEST	Civil_UnSpecClaim_40_SDO	005_TaskTab	1732276375623	1732276376846	KO	substring(Assign to me).find.exists, found nothing
REQUEST	Civil_UnSpecClaim_40_SDO	010_TaskTab	1732276376857	1732276376956	OK	 
GROUP	Civil_UnSpecClaim_40_SDO	1732276375621	1732276376959	1322	KO
ERROR	005_AssignToMe: No attribute named 'JudgeId' is defined 	1732276379590
REQUEST	Civil_UnSpecClaim_40_SDO	010_AssignToMe	1732276389594	1732276390371	KO	substring(Unassign task).find.exists, found nothing
REQUEST	Civil_UnSpecClaim_40_SDO	015_AssignToMe	1732276390376	1732276391280	OK	 
GROUP	Civil_UnSpecClaim_40_SDO	1732276379578	1732276391281	1681	KO
ERROR	005_FastTrack: No attribute named 'JudgeId' is defined 	1732276394799
REQUEST	Civil_UnSpecClaim_40_SDO	Common_000_ConfigurationUI	1732276394799	1732276394912	OK	 
REQUEST	Civil_UnSpecClaim_40_SDO	Common_000_ConfigUI	1732276394912	1732276395059	OK	 
REQUEST	Civil_UnSpecClaim_40_SDO	Common_000_TsAndCs	1732276395060	1732276395158	OK	 
REQUEST	Civil_UnSpecClaim_40_SDO	Common_000_UserDetails	1732276395159	1732276395333	OK	 
REQUEST	Civil_UnSpecClaim_40_SDO	Common_000_IsAuthenticated	1732276395334	1732276395423	OK	 
REQUEST	Civil_UnSpecClaim_40_SDO	Common_000_MonitoringTools	1732276395423	1732276395509	OK	 
REQUEST	Civil_UnSpecClaim_40_SDO	Common_000_MonitoringTools	1732276395510	1732276395606	OK	 
REQUEST	Civil_UnSpecClaim_40_SDO	Common_000_MonitoringTools	1732276395607	1732276395684	OK	 
REQUEST	Civil_UnSpecClaim_40_SDO	010_FastTrack	1732276395685	1732276396708	KO	substring(case_management_category).find.exists, found nothing
REQUEST	Civil_UnSpecClaim_40_SDO	015_FastTrack	1732276396710	1732276397803	OK	 
REQUEST	Civil_UnSpecClaim_40_SDO	020_FastTrack	1732276397805	1732276399300	OK	 
REQUEST	Civil_UnSpecClaim_40_SDO	025_FastTrack	1732276399304	1732276402312	OK	 
GROUP	Civil_UnSpecClaim_40_SDO	1732276394799	1732276402322	7499	KO
REQUEST	Civil_UnSpecClaim_40_SDO	005_SDO_Amount	1732276404898	1732276406044	OK	 
GROUP	Civil_UnSpecClaim_40_SDO	1732276404898	1732276406044	1146	OK
REQUEST	Civil_UnSpecClaim_40_SDO	005_ClaimsTrack	1732276408635	1732276409783	OK	 
GROUP	Civil_UnSpecClaim_40_SDO	1732276408632	1732276409786	1148	OK
REQUEST	Civil_UnSpecClaim_40_SDO	005_FastTrack	1732276413462	1732276417498	OK	 
GROUP	Civil_UnSpecClaim_40_SDO	1732276413461	1732276417502	4036	OK
REQUEST	Civil_UnSpecClaim_40_SDO	005_OrderPreview	1732276420431	1732276421367	OK	 
GROUP	Civil_UnSpecClaim_40_SDO	1732276420429	1732276421368	936	OK
ERROR	005_SubmitSDO: No attribute named 'JudgeId' is defined 	1732276424426
GROUP	Civil_UnSpecClaim_40_SDO	1732276424424	1732276424426	0	KO
REQUEST	Civil_UnSpecClaim_40_SDO	005_SubmitSDO	1732276424428	1732276427496	OK	 
ERROR	010_SubmitSDO: No attribute named 'JudgeId' is defined 	1732276427497
REQUEST	Civil_UnSpecClaim_40_SDO	015_SubmitSDO	1732276427497	1732276428489	OK	 
GROUP	Civil_UnSpecClaim_40_SDO	1732276424426	1732276428492	4060	KO
REQUEST		XUI_020_Signout	1732276431788	1732276432094	OK	 
REQUEST		XUI_020_Signout Redirect 1	1732276432095	1732276432131	OK	 
REQUEST		XUI_020_Signout Redirect 2	1732276432132	1732276432280	OK	 
REQUEST		XUI_020_Signout Redirect 3	1732276432280	1732276432426	OK	 
REQUEST	XUI_010_Home	005_Home	1732276436431	1732276436472	OK	 
REQUEST	XUI_010_Home	Common_000_ConfigurationUI	1732276436472	1732276436511	OK	 
REQUEST	XUI_010_Home	Common_000_ConfigJson	1732276436511	1732276436550	OK	 
REQUEST	XUI_010_Home	Common_000_TsAndCs	1732276436550	1732276436574	OK	 
REQUEST	XUI_010_Home	Common_000_ConfigUI	1732276436575	1732276436612	OK	 
REQUEST	XUI_010_Home	Common_000_UserDetails	1732276436614	1732276436642	OK	 
REQUEST	XUI_010_Home	Common_000_IsAuthenticated	1732276436643	1732276436669	OK	 
REQUEST	XUI_010_Home	010_auth	1732276436670	1732276436704	OK	 
REQUEST	XUI_010_Home	010_auth Redirect 1	1732276436705	1732276436734	OK	 
REQUEST	XUI_010_Home	010_auth Redirect 2	1732276436739	1732276436835	OK	 
GROUP	XUI_010_Home	1732276436430	1732276436837	393	OK
REQUEST	XUI_020_Login	005_clientId	1732276439223	1732276439570	OK	 
REQUEST	XUI_020_Login	005_clientId Redirect 1	1732276439573	1732276440190	OK	 
REQUEST	XUI_020_Login	005_clientId Redirect 2	1732276440191	1732276440223	OK	 
REQUEST	XUI_020_Login	Common_000_ConfigurationUI	1732276440224	1732276440261	OK	 
REQUEST	XUI_020_Login	Common_000_ConfigUI	1732276440262	1732276440295	OK	 
REQUEST	XUI_020_Login	Common_000_TsAndCs	1732276440297	1732276440337	OK	 
REQUEST	XUI_020_Login	Common_000_IsAuthenticated	1732276440338	1732276440368	OK	 
REQUEST	XUI_020_Login	Common_000_UserDetails	1732276440369	1732276440699	OK	 
REQUEST	XUI_020_Login	Common_000_MonitoringTools	1732276440700	1732276440897	OK	 
REQUEST	XUI_020_Login	Common_000_IsAuthenticated	1732276440898	1732276440946	OK	 
GROUP	XUI_020_Login	1732276439219	1732276440946	1711	OK
REQUEST	Civil_UnSpecClaim_50_HearingAdmin	005_HealthCheck	1732276444610	1732276444653	OK	 
REQUEST	Civil_UnSpecClaim_50_HearingAdmin	005_RegionLocation	1732276444654	1732276445408	OK	 
REQUEST	Civil_UnSpecClaim_50_HearingAdmin	005_GetMyAccess	1732276445409	1732276445714	OK	 
REQUEST	Civil_UnSpecClaim_50_HearingAdmin	010_GetMyAccess	1732276445715	1732276445950	OK	 
REQUEST	Civil_UnSpecClaim_50_HearingAdmin	005_TypesOfWork	1732276445951	1732276446942	OK	 
REQUEST	Civil_UnSpecClaim_50_HearingAdmin	005_Jurisdiction	1732276446943	1732276446991	OK	 
REQUEST	Civil_UnSpecClaim_50_HearingAdmin	005_WorkAllocationTask	1732276446992	1732276447668	OK	 
REQUEST	Civil_UnSpecClaim_50_HearingAdmin	010_Jurisdiction	1732276447669	1732276447718	OK	 
REQUEST	Civil_UnSpecClaim_50_HearingAdmin	005_GetUsersByServiceName	1732276447721	1732276448484	OK	 
REQUEST	Civil_UnSpecClaim_50_HearingAdmin	010_WorkAllocationTask	1732276448489	1732276448994	OK	 
GROUP	Civil_UnSpecClaim_50_HearingAdmin	1732276444610	1732276448996	4369	OK
REQUEST	Civil_UnSpecClaim_50_HearingAdmin	005_OpenCase	1732276451192	1732276452392	OK	 
GROUP	Civil_UnSpecClaim_50_HearingAdmin	1732276451190	1732276452398	1200	OK
REQUEST	Civil_UnSpecClaim_50_HearingAdmin	010_OpenCase	1732276452398	1732276452881	OK	 
GROUP	Civil_UnSpecClaim_50_HearingAdmin	1732276452398	1732276452882	483	OK
REQUEST	