RUN	uk.gov.hmcts.reform.civildamage.performance.simulations.SimulateScenario	simulatescenario	1732113938644	 	3.12.0
USER	UnSpec_CreateClaim	START	1732113939111
REQUEST	XUI_010_Home	005_Home	1732113939109	1732113939244	OK	 
REQUEST	XUI_010_Home	Common_000_ConfigurationUI	1732113939257	1732113939308	OK	 
REQUEST	XUI_010_Home	Common_000_ConfigJson	1732113939312	1732113939361	OK	 
REQUEST	XUI_010_Home	Common_000_TsAndCs	1732113939361	1732113939405	OK	 
REQUEST	XUI_010_Home	Common_000_ConfigUI	1732113939406	1732113939458	OK	 
REQUEST	XUI_010_Home	Common_000_UserDetails	1732113939459	1732113939507	OK	 
REQUEST	XUI_010_Home	Common_000_IsAuthenticated	1732113939517	1732113939557	OK	 
REQUEST	XUI_010_Home	010_auth	1732113939560	1732113939600	OK	 
REQUEST	XUI_010_Home	010_auth Redirect 1	1732113939606	1732113939761	OK	 
REQUEST	XUI_010_Home	010_auth Redirect 2	1732113939762	1732113939829	OK	 
GROUP	XUI_010_Home	1732113939102	1732113939832	681	OK
REQUEST	XUI_020_Login	005_clientId	1732113942266	1732113942602	OK	 
REQUEST	XUI_020_Login	005_clientId Redirect 1	1732113942610	1732113943160	OK	 
REQUEST	XUI_020_Login	005_clientId Redirect 2	1732113943161	1732113943205	OK	 
REQUEST	XUI_020_Login	Common_000_ConfigurationUI	1732113943208	1732113943320	OK	 
REQUEST	XUI_020_Login	Common_000_ConfigUI	1732113943321	1732113943371	OK	 
REQUEST	XUI_020_Login	Common_000_TsAndCs	1732113943372	1732113943412	OK	 
REQUEST	XUI_020_Login	Common_000_IsAuthenticated	1732113943413	1732113943462	OK	 
REQUEST	XUI_020_Login	Common_000_UserDetails	1732113943466	1732113944448	OK	 
REQUEST	XUI_020_Login	Common_000_MonitoringTools	1732113944452	1732113944536	OK	 
REQUEST	XUI_020_Login	Common_000_IsAuthenticated	1732113944562	1732113944625	OK	 
GROUP	XUI_020_Login	1732113942257	1732113944629	2310	OK
REQUEST	CivilDamage_UnSpecClaim_10_01_CreateCase	create	1732113948351	1732113953316	OK	 
GROUP	CivilDamage_UnSpecClaim_10_01_CreateCase	1732113948347	1732113953318	4965	OK
REQUEST	CivilDamage_UnSpecClaim_10_02_CreateCase	IgnoreWarning	1732113955614	1732113959308	OK	 
GROUP	CivilDamage_UnSpecClaim_10_02_CreateCase	1732113955611	1732113959349	3694	OK
REQUEST	CivilDamage_UnSpecClaim_10_03_CreateCase	CLAIMEligibility	1732113961415	1732113963994	OK	 
GROUP	CivilDamage_UnSpecClaim_10_03_CreateCase	1732113961408	1732113963995	2579	OK
REQUEST	CivilDamage_UnSpecClaim_10_04_CreateCase	CLAIMReferences	1732113967129	1732113968601	OK	 
GROUP	CivilDamage_UnSpecClaim_10_04_CreateCase	1732113967127	1732113968603	1472	OK
REQUEST	CivilDamage_UnSpecClaim_10_05_CreateCase	CLAIMCourt	1732113971688	1732113976824	OK	 
GROUP	CivilDamage_UnSpecClaim_10_05_CreateCase	1732113971685	1732113976827	5136	OK
REQUEST	CivilDamage_UnSpecClaim_10_06_CreateCase	postcode	1732113979216	1732113980684	OK	 
GROUP	CivilDamage_UnSpecClaim_10_06_CreateCase	1732113979213	1732113980686	1468	OK
REQUEST	CivilDamage_UnSpecClaim_10_07_CreateCase	CLAIMClaimant	1732113982867	1732113984394	OK	 
GROUP	CivilDamage_UnSpecClaim_10_07_CreateCase	1732113982863	1732113984396	1527	OK
REQUEST	CivilDamage_UnSpecClaim_10_08_CreateCase	CREATE_CLAIMClaimantLitigationFriend	1732113986934	1732113988187	OK	 
GROUP	CivilDamage_UnSpecClaim_10_08_CreateCase	1732113986931	1732113988190	1253	OK
REQUEST	CivilDamage_UnSpecClaim_10_09_CreateCase	CREATE_CLAIMNotifications	1732113991173	1732113992590	OK	 
GROUP	CivilDamage_UnSpecClaim_10_09_CreateCase	1732113991171	1732113992593	1417	OK
REQUEST	CivilDamage_UnSpecClaim_10_10_CreateCase	ClaimantSolicitorOrganisation	1732113996558	1732113998124	OK	 
GROUP	CivilDamage_UnSpecClaim_10_10_CreateCase	1732113996557	1732113998126	1566	OK
REQUEST	CivilDamage_UnSpecClaim_10_11_CreateCase	ClaimantSolicitorAddres	1732114000971	1732114002192	OK	 
GROUP	CivilDamage_UnSpecClaim_10_11_CreateCase	1732114000968	1732114002194	1221	OK
REQUEST	CivilDamage_UnSpecClaim_10_12_CreateCase	AddAnotherClaimant	1732114005600	1732114006180	OK	 
GROUP	CivilDamage_UnSpecClaim_10_12_CreateCase	1732114005597	1732114006183	580	OK
REQUEST	CivilDamage_UnSpecClaim_10_13_CreateCase	postcode	1732114008426	1732114009872	OK	 
GROUP	CivilDamage_UnSpecClaim_10_13_CreateCase	1732114008424	1732114009874	1446	OK
REQUEST	CivilDamage_UnSpecClaim_10_14_CreateCase	CLAIMDefendant	1732114013086	1732114014886	OK	 
GROUP	CivilDamage_UnSpecClaim_10_14_CreateCase	1732114013084	1732114014889	1800	OK
REQUEST	CivilDamage_UnSpecClaim_10_15_CreateCase	LegalRepresentation	1732114017309	1732114018643	OK	 
GROUP	CivilDamage_UnSpecClaim_10_15_CreateCase	1732114017306	1732114018645	1334	OK
REQUEST	CivilDamage_UnSpecClaim_10_16_CreateCase	DefendantSolicitorOrganisation	1732114021439	1732114022978	OK	 
GROUP	CivilDamage_UnSpecClaim_10_16_CreateCase	1732114021437	1732114022981	1539	OK
REQUEST	CivilDamage_UnSpecClaim_10_17_CreateCase	DefendantSolicitorServiceAddress	1732114025203	1732114026561	OK	 
GROUP	CivilDamage_UnSpecClaim_10_17_CreateCase	1732114025201	1732114026562	1358	OK
REQUEST	CivilDamage_UnSpecClaim_10_18_CreateCase	CLAIMAddAnotherDefendant	1732114029427	1732114030760	OK	 
GROUP	CivilDamage_UnSpecClaim_10_18_CreateCase	1732114029420	1732114030762	1333	OK
REQUEST	CivilDamage_UnSpecClaim_10_19_CreateCase	AddAnotherDefendant	1732114034046	1732114034806	OK	 
GROUP	CivilDamage_UnSpecClaim_10_19_CreateCase	1732114034045	1732114034808	760	OK
REQUEST	CivilDamage_UnSpecClaim_10_20_CreateCase	CLAIMClaimType	1732114037814	1732114039319	OK	 
GROUP	CivilDamage_UnSpecClaim_10_20_CreateCase	1732114037811	1732114039320	1505	OK
REQUEST	CivilDamage_UnSpecClaim_10_21_CreateCase	CLAIMDetails	1732114041913	1732114042795	OK	 
GROUP	CivilDamage_UnSpecClaim_10_21_CreateCase	1732114041908	1732114042796	882	OK
REQUEST	CivilDamage_UnSpecClaim_10_22_CreateCase	CLAIMUploadParticularsOfClaim	1732114045762	1732114046583	OK	 
GROUP	CivilDamage_UnSpecClaim_10_22_CreateCase	1732114045759	1732114046585	821	OK
REQUEST	CivilDamage_UnSpecClaim_10_23_CreateCase	CLAIMClaimValue	1732114048684	1732114051333	OK	 
GROUP	CivilDamage_UnSpecClaim_10_23_CreateCase	1732114048681	1732114051336	2649	OK
REQUEST	CivilDamage_UnSpecClaim_10_24_CreateCase	CLAIMPbaNumber	1732114053790	1732114054156	OK	 
GROUP	CivilDamage_UnSpecClaim_10_24_CreateCase	1732114053788	1732114054157	366	OK
REQUEST	CivilDamage_UnSpecClaim_10_25_CreateCase	StatementOfTruth	1732114056730	1732114057577	OK	 
GROUP	CivilDamage_UnSpecClaim_10_25_CreateCase	1732114056727	1732114057577	847	OK
REQUEST	CivilDamage_UnSpecClaim_10_26_CreateCase	Submit_Claim	1732114059847	1732114064144	OK	 
GROUP	CivilDamage_UnSpecClaim_10_26_CreateCase	1732114059846	1732114064148	4297	OK
REQUEST	CivilDamage_UnSpecClaim_10_27_CaseCreated	CaseCreated	1732114066706	1732114068301	OK	 
GROUP	CivilDamage_UnSpecClaim_10_27_CaseCreated	1732114066704	1732114068304	1595	OK
REQUEST	CivilDamage_UnSpecClaim_10_28_APIRoleAssignment	APIRoleAssignment	1732114068305	1732114068699	OK	 
GROUP	CivilDamage_UnSpecClaim_10_28_APIRoleAssignment	1732114068305	1732114068701	394	OK
REQUEST	CivilDamage_UnspecClaim_10_29_SupportedJurisdiction	SupportedJurisdiction	1732114068703	1732114068789	OK	 
GROUP	CivilDamage_UnspecClaim_10_29_SupportedJurisdiction	1732114068701	1732114068792	86	OK
REQUEST	Civil_CreateClaim_005_MakePayment	005_PaymentGroups	1732114071237	1732114073936	OK	 
REQUEST	Civil_CreateClaim_005_MakePayment	010_ServiceTab	1732114073938	1732114074068	OK	 
REQUEST	Civil_CreateClaim_005_MakePayment	015_case_ids	1732114074069	1732114076204	OK	 
GROUP	Civil_CreateClaim_005_MakePayment	1732114071232	1732114076213	4964	OK
REQUEST	Civil_CreateClaim_010_MakePay	005_PayNow	1732114078218	1732114079491	OK	 
GROUP	Civil_CreateClaim_010_MakePay	1732114078215	1732114079493	1273	OK
REQUEST	Civil_CreateClaim_010_MakePay	005_ConfirmPay	1732114081496	1732114083854	OK	 
GROUP	Civil_CreateClaim_010_MakePay	1732114081495	1732114083857	2358	OK
REQUEST	Civil_UnSpecClaim_10_NotifyDEF	005_jurisdiction	1732114086245	1732114087744	OK	 
REQUEST	Civil_UnSpecClaim_10_NotifyDEF	010_Profile	1732114087747	1732114089356	OK	 
REQUEST	Civil_UnSpecClaim_10_NotifyDEF	015_warning	1732114134362	1732114135274	KO	