RUN	uk.gov.hmcts.reform.civildamage.performance.simulations.SimulateScenario	simulatescenario	1734367232689	 	3.12.0
USER	UnSpec_CreateClaim	START	1734367233176
REQUEST	XUI_010_Home	005_Home	1734367233174	1734367233291	OK	 
REQUEST	XUI_010_Home	Common_000_ConfigurationUI	1734367233797	1734367233846	OK	 
REQUEST	XUI_010_Home	Common_000_ConfigJson	1734367233847	1734367233913	OK	 
REQUEST	XUI_010_Home	Common_000_TsAndCs	1734367233914	1734367233953	OK	 
REQUEST	XUI_010_Home	Common_000_ConfigUI	1734367233956	1734367233986	OK	 
REQUEST	XUI_010_Home	Common_000_UserDetails	1734367233989	1734367234020	OK	 
REQUEST	XUI_010_Home	Common_000_IsAuthenticated	1734367234025	1734367234056	OK	 
REQUEST	XUI_010_Home	010_auth	1734367234061	1734367234099	OK	 
REQUEST	XUI_010_Home	010_auth Redirect 1	1734367234107	1734367234208	OK	 
REQUEST	XUI_010_Home	010_auth Redirect 2	1734367234212	1734367234280	OK	 
GROUP	XUI_010_Home	1734367233167	1734367236819	3535	OK
REQUEST	XUI_020_Login	005_clientId	1734367240361	1734367240892	OK	 
REQUEST	XUI_020_Login	005_clientId Redirect 1	1734367240900	1734367241504	OK	 
REQUEST	XUI_020_Login	005_clientId Redirect 2	1734367241506	1734367241544	OK	 
REQUEST	XUI_020_Login	Common_000_ConfigurationUI	1734367241940	1734367241973	OK	 
REQUEST	XUI_020_Login	Common_000_ConfigUI	1734367241975	1734367242020	OK	 
REQUEST	XUI_020_Login	Common_000_TsAndCs	1734367242023	1734367242055	OK	 
REQUEST	XUI_020_Login	Common_000_IsAuthenticated	1734367242058	1734367242090	OK	 
REQUEST	XUI_020_Login	Common_000_UserDetails	1734367242093	1734367242576	OK	 
REQUEST	XUI_020_Login	Common_000_MonitoringTools	1734367242580	1734367242693	OK	 
REQUEST	XUI_020_Login	Common_000_IsAuthenticated	1734367242728	1734367242839	OK	 
GROUP	XUI_020_Login	1734367240351	1734367242843	2414	OK
REQUEST	CivilDamage_UnSpecClaim_10_00_LandingPage	Jurisdictions	1734367245331	1734367248350	OK	 
REQUEST	CivilDamage_UnSpecClaim_10_00_LandingPage	Organisation	1734367248353	1734367249495	OK	 
GROUP	CivilDamage_UnSpecClaim_10_00_LandingPage	1734367245328	1734367249498	4161	OK
REQUEST	CivilDamage_UnSpecClaim_10_01_CreateCase	create	1734367252267	1734367252457	OK	 
GROUP	CivilDamage_UnSpecClaim_10_01_CreateCase	1734367252265	1734367252459	190	OK
REQUEST	CivilDamage_UnSpecClaim_10_02_CreateCase	IgnoreWarning	1734367256422	1734367258418	OK	 
GROUP	CivilDamage_UnSpecClaim_10_02_CreateCase	1734367256420	1734367258463	1996	OK
REQUEST	CivilDamage_UnSpecClaim_10_03_CreateCase	CLAIMEligibility	1734367261940	1734367264152	OK	 
GROUP	CivilDamage_UnSpecClaim_10_03_CreateCase	1734367261933	1734367264154	2212	OK
REQUEST	CivilDamage_UnSpecClaim_10_04_CreateCase	CLAIMReferences	1734367267050	1734367268026	OK	 
GROUP	CivilDamage_UnSpecClaim_10_04_CreateCase	1734367267047	1734367268028	976	OK
REQUEST	CivilDamage_UnSpecClaim_10_05_CreateCase	CLAIMCourt	1734367270642	1734367273572	OK	 
GROUP	CivilDamage_UnSpecClaim_10_05_CreateCase	1734367270639	1734367273573	2930	OK
REQUEST	CivilDamage_UnSpecClaim_10_06_CreateCase	postcode	1734367276880	1734367278096	OK	 
GROUP	CivilDamage_UnSpecClaim_10_06_CreateCase	1734367276878	1734367278101	1216	OK
REQUEST	CivilDamage_UnSpecClaim_10_07_CreateCase	CLAIMClaimant	1734367280708	1734367281769	OK	 
GROUP	CivilDamage_UnSpecClaim_10_07_CreateCase	1734367280707	1734367281771	1061	OK
REQUEST	CivilDamage_UnSpecClaim_10_08_CreateCase	CREATE_CLAIMClaimantLitigationFriend	1734367284323	1734367286270	OK	 
GROUP	CivilDamage_UnSpecClaim_10_08_CreateCase	1734367284320	1734367286272	1947	OK
REQUEST	CivilDamage_UnSpecClaim_10_09_CreateCase	CREATE_CLAIMNotifications	1734367290184	1734367291288	OK	 
GROUP	CivilDamage_UnSpecClaim_10_09_CreateCase	1734367290183	1734367291289	1104	OK
REQUEST	CivilDamage_UnSpecClaim_10_10_CreateCase	ClaimantSolicitorOrganisation	1734367295037	1734367296204	OK	 
GROUP	CivilDamage_UnSpecClaim_10_10_CreateCase	1734367295035	1734367296205	1167	OK
REQUEST	CivilDamage_UnSpecClaim_10_11_CreateCase	ClaimantSolicitorAddres	1734367298298	1734367299258	OK	 
GROUP	CivilDamage_UnSpecClaim_10_11_CreateCase	1734367298297	1734367299260	960	OK
REQUEST	CivilDamage_UnSpecClaim_10_12_CreateCase	AddAnotherClaimant	1734367302108	1734367303866	OK	 
GROUP	CivilDamage_UnSpecClaim_10_12_CreateCase	1734367302105	1734367303869	1758	OK
REQUEST	CivilDamage_UnSpecClaim_10_13_CreateCase	postcode	1734367306145	1734367307192	OK	 
GROUP	CivilDamage_UnSpecClaim_10_13_CreateCase	1734367306142	1734367307195	1047	OK
REQUEST	CivilDamage_UnSpecClaim_10_14_CreateCase	CLAIMDefendant	1734367309565	1734367311565	OK	 
GROUP	CivilDamage_UnSpecClaim_10_14_CreateCase	1734367309562	1734367311566	2000	OK
REQUEST	CivilDamage_UnSpecClaim_10_15_CreateCase	LegalRepresentation	1734367313645	1734367314414	OK	 
GROUP	CivilDamage_UnSpecClaim_10_15_CreateCase	1734367313641	1734367314416	769	OK
REQUEST	CivilDamage_UnSpecClaim_10_16_CreateCase	DefendantSolicitorOrganisation	1734367316498	1734367317501	OK	 
GROUP	CivilDamage_UnSpecClaim_10_16_CreateCase	1734367316495	1734367317504	1003	OK
REQUEST	CivilDamage_UnSpecClaim_10_17_CreateCase	DefendantSolicitorServiceAddress	1734367321437	1734367321889	OK	 
GROUP	CivilDamage_UnSpecClaim_10_17_CreateCase	1734367321434	1734367321891	452	OK
REQUEST	CivilDamage_UnSpecClaim_10_18_CreateCase	CLAIMAddAnotherDefendant	1734367325409	1734367326435	OK	 
GROUP	CivilDamage_UnSpecClaim_10_18_CreateCase	1734367325406	1734367326437	1026	OK
REQUEST	CivilDamage_UnSpecClaim_10_19_CreateCase	AddAnotherDefendant	1734367328799	1734367329979	OK	 
GROUP	CivilDamage_UnSpecClaim_10_19_CreateCase	1734367328797	1734367329980	1180	OK
REQUEST	CivilDamage_UnSpecClaim_10_20_CreateCase	CLAIMClaimType	1734367332728	1734367333357	OK	 
GROUP	CivilDamage_UnSpecClaim_10_20_CreateCase	1734367332725	1734367333359	629	OK
REQUEST	CivilDamage_UnSpecClaim_10_21_CreateCase	CLAIMDetails	1734367335720	1734367336430	OK	 
GROUP	CivilDamage_UnSpecClaim_10_21_CreateCase	1734367335717	1734367336432	710	OK
REQUEST	CivilDamage_UnSpecClaim_10_22_CreateCase	CLAIMUploadParticularsOfClaim	1734367339299	1734367340218	OK	 
GROUP	CivilDamage_UnSpecClaim_10_22_CreateCase	1734367339296	1734367340219	919	OK
REQUEST	CivilDamage_UnSpecClaim_10_23_CreateCase	CLAIMClaimValue	1734367343233	1734367345252	OK	 
GROUP	CivilDamage_UnSpecClaim_10_23_CreateCase	1734367343232	1734367345256	2019	OK
REQUEST	CivilDamage_UnSpecClaim_10_24_CreateCase	CLAIMPbaNumber	1734367347646	1734367348307	OK	 
GROUP	CivilDamage_UnSpecClaim_10_24_CreateCase	1734367347643	1734367348307	661	OK
REQUEST	CivilDamage_UnSpecClaim_10_25_CreateCase	StatementOfTruth	1734367350854	1734367351702	OK	 
GROUP	CivilDamage_UnSpecClaim_10_25_CreateCase	1734367350851	1734367351704	848	OK
REQUEST	CivilDamage_UnSpecClaim_10_26_CreateCase	Submit_Claim	1734367354190	1734367358240	OK	 
GROUP	CivilDamage_UnSpecClaim_10_26_CreateCase	1734367354189	1734367358243	4050	OK
REQUEST	CivilDamage_UnSpecClaim_10_27_CaseCreated	CaseCreated	1734367361052	1734367362307	OK	 
GROUP	CivilDamage_UnSpecClaim_10_27_CaseCreated	1734367361049	1734367362311	1255	OK
REQUEST	CivilDamage_UnSpecClaim_10_28_APIRoleAssignment	APIRoleAssignment	1734367362312	1734367362746	OK	 
GROUP	CivilDamage_UnSpecClaim_10_28_APIRoleAssignment	1734367362311	1734367362748	434	OK
REQUEST	CivilDamage_UnspecClaim_10_29_SupportedJurisdiction	SupportedJurisdiction	1734367362749	1734367362844	OK	 
GROUP	CivilDamage_UnspecClaim_10_29_SupportedJurisdiction	1734367362748	1734367362846	95	OK
REQUEST	Civil_CreateClaim_005_MakePayment	005_PaymentGroups	1734367372850	1734367381489	OK	 
REQUEST	Civil_CreateClaim_005_MakePayment	010_ServiceTab	1734367381495	1734367381605	OK	 
REQUEST	Civil_CreateClaim_005_MakePayment	015_case_ids	1734367382114	1734367383432	OK	 
GROUP	Civil_CreateClaim_005_MakePayment	1734367372848	1734367383446	10569	OK
REQUEST	Civil_CreateClaim_010_MakePay	005_PayNow	1734367385450	1734367394799	OK	 
GROUP	Civil_CreateClaim_010_MakePay	1734367385447	1734367394801	9349	OK
REQUEST	Civil_CreateClaim_010_MakePay	005_ConfirmPay	1734367396806	1734367400943	OK	 
GROUP	Civil_CreateClaim_010_MakePay	1734367396804	1734367400945	4137	OK
REQUEST	