RUN	uk.gov.hmcts.reform.civildamage.performance.simulations.SimulateScenario	simulatescenario	1730406110343	 	3.12.0
USER	UnSpec_CreateClaim	START	1730406111366
REQUEST	XUI_010_Home	005_Home	1730406111398	1730406111511	OK	 
REQUEST	XUI_010_Home	Common_000_ConfigurationUI	1730406112569	1730406112618	OK	 
REQUEST	XUI_010_Home	Common_000_ConfigJson	1730406112624	1730406112650	OK	 
REQUEST	XUI_010_Home	Common_000_TsAndCs	1730406112653	1730406112684	OK	 
REQUEST	XUI_010_Home	Common_000_ConfigUI	1730406112686	1730406112720	OK	 
REQUEST	XUI_010_Home	Common_000_UserDetails	1730406112724	1730406112749	OK	 
REQUEST	XUI_010_Home	Common_000_IsAuthenticated	1730406112751	1730406112777	OK	 
REQUEST	XUI_010_Home	010_auth	1730406112782	1730406112809	OK	 
REQUEST	XUI_010_Home	015_authorize	1730406113112	1730406113252	OK	 
REQUEST	XUI_010_Home	020_client	1730406113257	1730406113303	OK	 
GROUP	XUI_010_Home	1730406111371	1730406113316	517	OK
REQUEST	XUI_020_Login	005_clientId	1730406113324	1730406113449	OK	 
REQUEST	XUI_020_Login	010_LoginCallback	1730406113458	1730406114018	OK	 
REQUEST	XUI_020_Login	015_idamurl	1730406114020	1730406114053	OK	 
REQUEST	XUI_020_Login	Common_000_ConfigurationUI	1730406115071	1730406115120	OK	 
REQUEST	XUI_020_Login	Common_000_ConfigUI	1730406115127	1730406115166	OK	 
REQUEST	XUI_020_Login	Common_000_TsAndCs	1730406115168	1730406115192	OK	 
REQUEST	XUI_020_Login	Common_000_IsAuthenticated	1730406115193	1730406115214	OK	 
REQUEST	XUI_020_Login	Common_000_UserDetails	1730406115217	1730406116419	OK	 
REQUEST	XUI_020_Login	Common_000_MonitoringTools	1730406116420	1730406116496	OK	 
REQUEST	XUI_020_Login	Common_000_IsAuthenticated	1730406116549	1730406116618	OK	 
GROUP	XUI_020_Login	1730406113316	1730406116631	2198	OK
REQUEST	CivilDamage_UnSpecClaim_10_01_CreateCase	create	1730406125884	1730406132765	OK	 
GROUP	CivilDamage_UnSpecClaim_10_01_CreateCase	1730406125882	1730406132766	6881	OK
REQUEST	CivilDamage_UnSpecClaim_10_02_CreateCase	IgnoreWarning	1730406139769	1730406142907	OK	 
GROUP	CivilDamage_UnSpecClaim_10_02_CreateCase	1730406139767	1730406142977	3138	OK
REQUEST	CivilDamage_UnSpecClaim_10_03_CreateCase	CLAIMEligibility	1730406149984	1730406153242	OK	 
GROUP	CivilDamage_UnSpecClaim_10_03_CreateCase	1730406149977	1730406153243	3258	OK
REQUEST	CivilDamage_UnSpecClaim_10_04_CreateCase	CLAIMReferences	1730406160255	1730406161323	OK	 
GROUP	CivilDamage_UnSpecClaim_10_04_CreateCase	1730406160253	1730406161324	1068	OK
REQUEST	CivilDamage_UnSpecClaim_10_05_CreateCase	CLAIMCourt	1730406168340	1730406171719	OK	 
GROUP	CivilDamage_UnSpecClaim_10_05_CreateCase	1730406168338	1730406171720	3379	OK
REQUEST	CivilDamage_UnSpecClaim_10_06_CreateCase	postcode	1730406178737	1730406179725	OK	 
GROUP	CivilDamage_UnSpecClaim_10_06_CreateCase	1730406178735	1730406179726	988	OK
REQUEST	CivilDamage_UnSpecClaim_10_07_CreateCase	CLAIMClaimant	1730406186732	1730406187659	OK	 
GROUP	CivilDamage_UnSpecClaim_10_07_CreateCase	1730406186731	1730406187660	927	OK
REQUEST	CivilDamage_UnSpecClaim_10_08_CreateCase	CREATE_CLAIMClaimantLitigationFriend	1730406194676	1730406196761	OK	 
GROUP	CivilDamage_UnSpecClaim_10_08_CreateCase	1730406194675	1730406196762	2085	OK
REQUEST	CivilDamage_UnSpecClaim_10_09_CreateCase	CREATE_CLAIMNotifications	1730406203771	1730406204957	OK	 
GROUP	CivilDamage_UnSpecClaim_10_09_CreateCase	1730406203770	1730406204957	1186	OK
REQUEST	CivilDamage_UnSpecClaim_10_10_CreateCase	ClaimantSolicitorOrganisation	1730406211968	1730406213656	OK	 
GROUP	CivilDamage_UnSpecClaim_10_10_CreateCase	1730406211966	1730406213657	1688	OK
REQUEST	CivilDamage_UnSpecClaim_10_11_CreateCase	ClaimantSolicitorAddres	1730406220675	1730406222356	OK	 
GROUP	CivilDamage_UnSpecClaim_10_11_CreateCase	1730406220672	1730406222356	1681	OK
REQUEST	CivilDamage_UnSpecClaim_10_12_CreateCase	AddAnotherClaimant	1730406229361	1730406230023	OK	 
GROUP	CivilDamage_UnSpecClaim_10_12_CreateCase	1730406229359	1730406230023	662	OK
REQUEST	CivilDamage_UnSpecClaim_10_13_CreateCase	postcode	1730406237038	1730406238208	OK	 
GROUP	CivilDamage_UnSpecClaim_10_13_CreateCase	1730406237037	1730406238209	1170	OK
REQUEST	CivilDamage_UnSpecClaim_10_14_CreateCase	CLAIMDefendant	1730406245214	1730406247199	OK	 
GROUP	CivilDamage_UnSpecClaim_10_14_CreateCase	1730406245213	1730406247199	1985	OK
REQUEST	CivilDamage_UnSpecClaim_10_15_CreateCase	LegalRepresentation	1730406254203	1730406254766	OK	 
GROUP	CivilDamage_UnSpecClaim_10_15_CreateCase	1730406254201	1730406254767	563	OK
REQUEST	CivilDamage_UnSpecClaim_10_16_CreateCase	DefendantSolicitorOrganisation	1730406261779	1730406263165	OK	 
GROUP	CivilDamage_UnSpecClaim_10_16_CreateCase	1730406261778	1730406263167	1386	OK
REQUEST	CivilDamage_UnSpecClaim_10_17_CreateCase	DefendantSolicitorServiceAddress	1730406270178	1730406270947	OK	 
GROUP	CivilDamage_UnSpecClaim_10_17_CreateCase	1730406270177	1730406270947	769	OK
REQUEST	CivilDamage_UnSpecClaim_10_18_CreateCase	CLAIMAddAnotherDefendant	1730406277959	1730406279086	OK	 
GROUP	CivilDamage_UnSpecClaim_10_18_CreateCase	1730406277957	1730406279086	1127	OK
REQUEST	CivilDamage_UnSpecClaim_10_19_CreateCase	AddAnotherDefendant	1730406286100	1730406286810	OK	 
GROUP	CivilDamage_UnSpecClaim_10_19_CreateCase	1730406286098	1730406286810	710	OK
REQUEST	CivilDamage_UnSpecClaim_10_20_CreateCase	CLAIMClaimType	1730406293814	1730406294170	OK	 
GROUP	CivilDamage_UnSpecClaim_10_20_CreateCase	1730406293812	1730406294171	356	OK
REQUEST	CivilDamage_UnSpecClaim_10_21_CreateCase	CLAIMDetails	1730406301177	1730406302299	OK	 
GROUP	CivilDamage_UnSpecClaim_10_21_CreateCase	1730406301176	1730406302300	1122	OK
REQUEST	CivilDamage_UnSpecClaim_10_22_CreateCase	CLAIMuploadParticularsOfClaim	1730406309317	1730406309864	OK	 
GROUP	CivilDamage_UnSpecClaim_10_22_CreateCase	1730406309316	1730406309865	547	OK
REQUEST	CivilDamage_UnSpecClaim_10_23_CreateCase	CLAIMClaimValue	1730406316873	1730406319725	OK	 
GROUP	CivilDamage_UnSpecClaim_10_23_CreateCase	1730406316870	1730406319729	2852	OK
REQUEST	CivilDamage_UnSpecClaim_10_24_CreateCase	CLAIMPbaNumber	1730406326743	1730406327545	OK	 
GROUP	CivilDamage_UnSpecClaim_10_24_CreateCase	1730406326742	1730406327546	802	OK
REQUEST	CivilDamage_UnSpecClaim_10_25_CreateCase	StatementOfTruth	1730406334552	1730406335397	OK	 
GROUP	CivilDamage_UnSpecClaim_10_25_CreateCase	1730406334551	1730406335398	845	OK
REQUEST	CivilDamage_UnSpecClaim_10_26_CreateCase	Submit_Claim	1730406342409	1730406342966	KO	status.find.in([200, 209], 304), found 406
GROUP	CivilDamage_UnSpecClaim_10_26_CreateCase	1730406342406	1730406342994	557	KO
REQUEST		XUI_020_Signout	1730406370004	1730406370222	OK	 
REQUEST	XUI_010_Home	005_Home	1730406420226	1730406420375	OK	 
REQUEST	XUI_010_Home	Common_000_ConfigurationUI	1730406421386	1730406421434	OK	 
REQUEST	XUI_010_Home	Common_000_ConfigJson	1730406421435	1730406421465	OK	 
REQUEST	XUI_010_Home	Common_000_TsAndCs	1730406421467	1730406421503	OK	 
REQUEST	XUI_010_Home	Common_000_ConfigUI	1730406421506	1730406421553	OK	 
REQUEST	XUI_010_Home	Common_000_UserDetails	1730406421554	1730406421584	OK	 
REQUEST	XUI_010_Home	Common_000_IsAuthenticated	1730406421585	1730406421670	OK	 
REQUEST	XUI_010_Home	010_auth	1730406421671	1730406421717	OK	 
REQUEST	XUI_010_Home	015_authorize	1730406421979	1730406422077	OK	 
REQUEST	XUI_010_Home	020_client	1730406422077	1730406422123	OK	 
GROUP	XUI_010_Home	1730406420225	1730406422125	615	OK
REQUEST	XUI_020_Login	005_clientId	1730406422126	1730406422206	OK	 
REQUEST	XUI_020_Login	010_LoginCallback	1730406422207	1730406422685	OK	 
REQUEST	XUI_020_Login	015_idamurl	1730406422686	1730406422717	OK	 
REQUEST	XUI_020_Login	Common_000_ConfigurationUI	1730406423722	1730406423772	OK	 
REQUEST	XUI_020_Login	Common_000_ConfigUI	1730406423775	1730406423802	OK	 
REQUEST	XUI_020_Login	Common_000_TsAndCs	1730406423806	1730406423846	OK	 
REQUEST	XUI_020_Login	Common_000_IsAuthenticated	1730406423849	1730406423874	OK	 
REQUEST	XUI_020_Login	Common_000_UserDetails	1730406423875	1730406425567	OK	 
REQUEST	XUI_020_Login	