RUN	uk.gov.hmcts.reform.civildamage.performance.simulations.SimulateScenario	simulatescenario	1732472673078	 	3.12.0
USER	UnSpec_CreateClaim	START	1732472673743
REQUEST	XUI_010_Home	005_Home	1732472673740	1732472674027	OK	 
REQUEST	XUI_010_Home	Common_000_ConfigurationUI	1732472674052	1732472674090	OK	 
REQUEST	XUI_010_Home	Common_000_ConfigJson	1732472674091	1732472674122	OK	 
REQUEST	XUI_010_Home	Common_000_TsAndCs	1732472674122	1732472674167	OK	 
REQUEST	XUI_010_Home	Common_000_ConfigUI	1732472674168	1732472674390	OK	 
REQUEST	XUI_010_Home	Common_000_UserDetails	1732472674393	1732472674436	OK	 
REQUEST	XUI_010_Home	Common_000_IsAuthenticated	1732472674444	1732472674486	OK	 
REQUEST	XUI_010_Home	010_auth	1732472674489	1732472674526	OK	 
REQUEST	XUI_010_Home	010_auth Redirect 1	1732472674532	1732472674780	OK	 
REQUEST	XUI_010_Home	010_auth Redirect 2	1732472674784	1732472674853	OK	 
GROUP	XUI_010_Home	1732472673733	1732472674864	1062	OK
REQUEST	XUI_020_Login	005_clientId	1732472677260	1732472677745	OK	 
REQUEST	XUI_020_Login	005_clientId Redirect 1	1732472677757	1732472678220	OK	 
REQUEST	XUI_020_Login	005_clientId Redirect 2	1732472678221	1732472678259	OK	 
REQUEST	XUI_020_Login	Common_000_ConfigurationUI	1732472678261	1732472678334	OK	 
REQUEST	XUI_020_Login	Common_000_ConfigUI	1732472678337	1732472678376	OK	 
REQUEST	XUI_020_Login	Common_000_TsAndCs	1732472678378	1732472678414	OK	 
REQUEST	XUI_020_Login	Common_000_IsAuthenticated	1732472678415	1732472678460	OK	 
REQUEST	XUI_020_Login	Common_000_UserDetails	1732472678463	1732472679268	OK	 
REQUEST	XUI_020_Login	Common_000_MonitoringTools	1732472679270	1732472679357	OK	 
REQUEST	XUI_020_Login	Common_000_IsAuthenticated	1732472679394	1732472679504	OK	 
GROUP	XUI_020_Login	1732472677253	1732472679510	2181	OK
REQUEST	CivilDamage_UnSpecClaim_10_00_LandingPage	Jurisdictions	1732472681772	1732472687536	OK	 
REQUEST	CivilDamage_UnSpecClaim_10_00_LandingPage	Organisation	1732472687538	1732472689416	OK	 
GROUP	CivilDamage_UnSpecClaim_10_00_LandingPage	1732472681767	1732472689418	7642	OK
REQUEST	CivilDamage_UnSpecClaim_10_01_CreateCase	create	1732472692040	1732472692472	OK	 
GROUP	CivilDamage_UnSpecClaim_10_01_CreateCase	1732472692038	1732472692474	432	OK
REQUEST	CivilDamage_UnSpecClaim_10_02_CreateCase	IgnoreWarning	1732472694916	1732472699818	OK	 
GROUP	CivilDamage_UnSpecClaim_10_02_CreateCase	1732472694914	1732472699871	4902	OK
REQUEST	CivilDamage_UnSpecClaim_10_03_CreateCase	CLAIMEligibility	1732472703280	1732472706156	OK	 
GROUP	CivilDamage_UnSpecClaim_10_03_CreateCase	1732472703269	1732472706157	2876	OK
REQUEST	CivilDamage_UnSpecClaim_10_04_CreateCase	CLAIMReferences	1732472708834	1732472709502	OK	 
GROUP	CivilDamage_UnSpecClaim_10_04_CreateCase	1732472708832	1732472709503	668	OK
REQUEST	CivilDamage_UnSpecClaim_10_05_CreateCase	CLAIMCourt	1732472711659	1732472714447	OK	 
GROUP	CivilDamage_UnSpecClaim_10_05_CreateCase	1732472711655	1732472714449	2788	OK
REQUEST	CivilDamage_UnSpecClaim_10_06_CreateCase	postcode	1732472717325	1732472718383	OK	 
GROUP	CivilDamage_UnSpecClaim_10_06_CreateCase	1732472717323	1732472718389	1058	OK
REQUEST	CivilDamage_UnSpecClaim_10_07_CreateCase	CLAIMClaimant	1732472721039	1732472722547	OK	 
GROUP	CivilDamage_UnSpecClaim_10_07_CreateCase	1732472721036	1732472722548	1508	OK
REQUEST	CivilDamage_UnSpecClaim_10_08_CreateCase	CREATE_CLAIMClaimantLitigationFriend	1732472726095	1732472728354	OK	 
GROUP	CivilDamage_UnSpecClaim_10_08_CreateCase	1732472726093	1732472728357	2259	OK
REQUEST	CivilDamage_UnSpecClaim_10_09_CreateCase	CREATE_CLAIMNotifications	1732472731350	1732472732157	OK	 
GROUP	CivilDamage_UnSpecClaim_10_09_CreateCase	1732472731348	1732472732158	807	OK
REQUEST	CivilDamage_UnSpecClaim_10_10_CreateCase	ClaimantSolicitorOrganisation	1732472734791	1732472736968	OK	 
GROUP	CivilDamage_UnSpecClaim_10_10_CreateCase	1732472734789	1732472736971	2177	OK
REQUEST	CivilDamage_UnSpecClaim_10_11_CreateCase	ClaimantSolicitorAddres	1732472740929	1732472742575	OK	 
GROUP	CivilDamage_UnSpecClaim_10_11_CreateCase	1732472740927	1732472742575	1646	OK
REQUEST	CivilDamage_UnSpecClaim_10_12_CreateCase	AddAnotherClaimant	1732472744610	1732472745858	OK	 
GROUP	CivilDamage_UnSpecClaim_10_12_CreateCase	1732472744607	1732472745860	1248	OK
REQUEST	CivilDamage_UnSpecClaim_10_13_CreateCase	postcode	1732472749600	1732472750895	OK	 
GROUP	CivilDamage_UnSpecClaim_10_13_CreateCase	1732472749599	1732472750897	1295	OK
REQUEST	CivilDamage_UnSpecClaim_10_14_CreateCase	CLAIMDefendant	1732472753810	1732472755139	OK	 
GROUP	CivilDamage_UnSpecClaim_10_14_CreateCase	1732472753810	1732472755140	1329	OK
REQUEST	CivilDamage_UnSpecClaim_10_15_CreateCase	LegalRepresentation	1732472758799	1732472759972	OK	 
GROUP	CivilDamage_UnSpecClaim_10_15_CreateCase	1732472758798	1732472759973	1173	OK
REQUEST	CivilDamage_UnSpecClaim_10_16_CreateCase	DefendantSolicitorOrganisation	1732472762220	1732472762765	OK	 
GROUP	CivilDamage_UnSpecClaim_10_16_CreateCase	1732472762214	1732472762768	545	OK
REQUEST	CivilDamage_UnSpecClaim_10_17_CreateCase	DefendantSolicitorServiceAddress	1732472765957	1732472767133	OK	 
GROUP	CivilDamage_UnSpecClaim_10_17_CreateCase	1732472765954	1732472767135	1176	OK
REQUEST	CivilDamage_UnSpecClaim_10_18_CreateCase	CLAIMAddAnotherDefendant	1732472769535	1732472770366	OK	 
GROUP	CivilDamage_UnSpecClaim_10_18_CreateCase	1732472769534	1732472770367	831	OK
REQUEST	CivilDamage_UnSpecClaim_10_19_CreateCase	AddAnotherDefendant	1732472773045	1732472775140	OK	 
GROUP	CivilDamage_UnSpecClaim_10_19_CreateCase	1732472773044	1732472775140	2095	OK
REQUEST	CivilDamage_UnSpecClaim_10_20_CreateCase	CLAIMClaimType	1732472778703	1732472779558	OK	 
GROUP	CivilDamage_UnSpecClaim_10_20_CreateCase	1732472778700	1732472779564	855	OK
REQUEST	CivilDamage_UnSpecClaim_10_21_CreateCase	CLAIMDetails	1732472783024	1732472783630	OK	 
GROUP	CivilDamage_UnSpecClaim_10_21_CreateCase	1732472783021	1732472783632	606	OK
REQUEST	CivilDamage_UnSpecClaim_10_22_CreateCase	CLAIMUploadParticularsOfClaim	1732472785651	1732472786313	OK	 
GROUP	CivilDamage_UnSpecClaim_10_22_CreateCase	1732472785646	1732472786316	662	OK
REQUEST	CivilDamage_UnSpecClaim_10_23_CreateCase	CLAIMClaimValue	1732472790013	1732472792998	OK	 
GROUP	CivilDamage_UnSpecClaim_10_23_CreateCase	1732472790011	1732472792999	2985	OK
REQUEST	CivilDamage_UnSpecClaim_10_24_CreateCase	CLAIMPbaNumber	1732472795708	1732472796901	OK	 
GROUP	CivilDamage_UnSpecClaim_10_24_CreateCase	1732472795707	1732472796903	1193	OK
REQUEST	CivilDamage_UnSpecClaim_10_25_CreateCase	StatementOfTruth	1732472799756	1732472800377	OK	 
GROUP	CivilDamage_UnSpecClaim_10_25_CreateCase	1732472799750	1732472800379	621	OK
REQUEST	CivilDamage_UnSpecClaim_10_26_CreateCase	Submit_Claim	1732472803144	1732472806787	OK	 
GROUP	CivilDamage_UnSpecClaim_10_26_CreateCase	1732472803139	1732472806793	3643	OK
REQUEST	CivilDamage_UnSpecClaim_10_27_CaseCreated	CaseCreated	1732472809944	1732472812269	OK	 
GROUP	CivilDamage_UnSpecClaim_10_27_CaseCreated	1732472809941	1732472812273	2325	OK
REQUEST	CivilDamage_UnSpecClaim_10_28_APIRoleAssignment	APIRoleAssignment	1732472812274	1732472812708	OK	 
GROUP	CivilDamage_UnSpecClaim_10_28_APIRoleAssignment	1732472812273	1732472812710	434	OK
REQUEST	CivilDamage_UnspecClaim_10_29_SupportedJurisdiction	SupportedJurisdiction	1732472812712	1732472812805	OK	 
GROUP	CivilDamage_UnspecClaim_10_29_SupportedJurisdiction	1732472812710	1732472812808	93	OK
REQUEST	Civil_CreateClaim_005_MakePayment	005_PaymentGroups	1732472822809	1732472825390	OK	 
REQUEST	Civil_CreateClaim_005_MakePayment	010_ServiceTab	1732472825392	1732472825485	OK	 
REQUEST	Civil_CreateClaim_005_MakePayment	015_case_ids	1732472825489	1732472826737	OK	 
GROUP	Civil_CreateClaim_005_MakePayment	1732472822808	1732472826748	3922	OK
REQUEST	Civil_CreateClaim_010_MakePay	005_PayNow	1732472828753	1732472830844	OK	 
GROUP	Civil_CreateClaim_010_MakePay	1732472828751	1732472830845	2091	OK
REQUEST	Civil_CreateClaim_010_MakePay	005_ConfirmPay	1732472832848	1732472836670	OK	 
GROUP	Civil_CreateClaim_010_MakePay	1732472832847	1732472836672	3822	OK
REQUEST	Civil_UnSpecClaim_10_NotifyDEF	005_jurisdiction	1732472840018	1732472841584	OK	 
REQUEST	Civil_UnSpecClaim_10_NotifyDEF	010_Profile	1732472841586	1732472843634	OK	 
REQUEST	Civil_UnSpecClaim_10_NotifyDEF	015_warning	1732472888636	1732472890111	OK	 
REQUEST	Civil_UnSpecClaim_10_NotifyDEF	020_jurisdiction	1732472890120	1732472891862	OK	 
GROUP	Civil_UnSpecClaim_10_NotifyDEF	1732472840018	1732472891863	6831	OK
REQUEST	Civil_UnSpecClaim_10_NotifyDEF	005_CLAIMAccessGrantedWarning	1732472894940	1732472895526	OK	 
GROUP	Civil_UnSpecClaim_10_NotifyDEF	1732472894939	1732472895528	586	OK
REQUEST	Civil_UnSpecClaim_10_NotifyDEF	330_SubmitNotification	1732472898368	1732472899455	OK	 
REQUEST	Civil_UnSpecClaim_10_NotifyDEF	335_getCases	1732472899458	1732472900572	OK	 
GROUP	Civil_UnSpecClaim_10_NotifyDEF	1732472898367	1732472900575	2201	OK
REQUEST	Civil_UnSpecClaim_10_NotifyDEF	005_APIRoleAssignment	1732472904535	1732472904971	OK	 
GROUP	Civil_UnSpecClaim_10_NotifyDEF	1732472904533	1732472904973	436	OK
REQUEST	Civil_UnSpecClaim_10_NotifyDEF	010_SupportedJurisdiction	1732472904974	1732472905101	OK	 
GROUP	Civil_UnSpecClaim_10_NotifyDEF	1732472904973	1732472905102	127	OK
REQUEST	Civil_UnSpecClaim_10_NotifyDetails	005_jurisdiction	1732472908567	1732472909375	OK	 
REQUEST	Civil_UnSpecClaim_10_NotifyDetails	010_IgnoreWarning	1732472909379	1732472911018	OK	 
REQUEST	Civil_UnSpecClaim_10_NotifyDetails	020_jurisdiction	1732472911024	1732472911448	OK	 
GROUP	Civil_UnSpecClaim_10_NotifyDetails	1732472908565	1732472911450	2871	OK
REQUEST	Civil_UnSpecClaim_10_NotifyDetails	005_DetailsUpload	1732472914514	1732472915222	OK	 
GROUP	Civil_UnSpecClaim_10_NotifyDetails	1732472914514	1732472915225	708	OK
REQUEST	Civil_UnSpecClaim_10_NotifyDetails	005_SubmitNotifyDetails	1732472917548	1732472918758	OK	 
REQUEST	Civil_UnSpecClaim_10_NotifyDetails	010_getCases	1732472918759	1732472920705	OK	 
GROUP	Civil_UnSpecClaim_10_NotifyDetails	1732472917547	1732472920714	3156	OK
REQUEST	Civil_UnSpecClaim_10_NotifyDetails	005_APIRoleAssignment	1732472923807	1732472924180	OK	 
GROUP	Civil_UnSpecClaim_10_NotifyDetails	1732472923807	1732472924180	373	OK
REQUEST	Civil_UnSpecClaim_10_NotifyDetails	010_SupportedJurisdiction	1732472924181	1732472924270	OK	 
GROUP	Civil_UnSpecClaim_10_NotifyDetails	1732472924180	1732472924271	89	OK
REQUEST		XUI_020_Signout	1732472927103	1732472927500	OK	 
REQUEST		XUI_020_Signout Redirect 1	1732472927501	1732472927535	OK	 
REQUEST		XUI_020_Signout Redirect 2	1732472927536	1732472927675	OK	 
REQUEST		XUI_020_Signout Redirect 3	1732472927677	1732472927751	OK	 
REQUEST	XUI_010_Home	005_Home	1732472931757	1732472931796	OK	 
REQUEST	XUI_010_Home	Common_000_ConfigurationUI	1732472931798	1732472931835	OK	 
REQUEST	XUI_010_Home	Common_000_ConfigJson	1732472931837	1732472931876	OK	 
REQUEST	XUI_010_Home	Common_000_TsAndCs	1732472931878	1732472931910	OK	 
REQUEST	XUI_010_Home	Common_000_ConfigUI	1732472931911	1732472931939	OK	 
REQUEST	XUI_010_Home	Common_000_UserDetails	1732472931940	1732472931974	OK	 
REQUEST	XUI_010_Home	Common_000_IsAuthenticated	1732472931975	1732472932003	OK	 
REQUEST	XUI_010_Home	010_auth	1732472932004	1732472932101	OK	 
REQUEST	XUI_010_Home	010_auth Redirect 1	1732472932103	1732472932140	OK	 
REQUEST	XUI_010_Home	010_auth Redirect 2	1732472932142	1732472932229	OK	 
GROUP	XUI_010_Home	1732472931757	1732472932233	458	OK
REQUEST	XUI_020_Login	005_clientId	1732472934648	1732472934896	OK	 
REQUEST	XUI_020_Login	005_clientId Redirect 1	1732472934896	1732472935899	OK	 
REQUEST	XUI_020_Login	005_clientId Redirect 2	1732472935902	1732472935940	OK	 
REQUEST	XUI_020_Login	Common_000_ConfigurationUI	1732472935942	1732472935985	OK	 
REQUEST	XUI_020_Login	Common_000_ConfigUI	1732472935987	1732472936074	OK	 
REQUEST	XUI_020_Login	Common_000_TsAndCs	1732472936075	1732472936106	OK	 
REQUEST	XUI_020_Login	Common_000_IsAuthenticated	1732472936107	1732472936152	OK	 
REQUEST	XUI_020_Login	Common_000_UserDetails	1732472936153	1732472937122	OK	 
REQUEST	XUI_020_Login	Common_000_MonitoringTools	1732472937123	1732472937220	OK	 
REQUEST	XUI_020_Login	Common_000_IsAuthenticated	1732472937222	1732472937290	OK	 
GROUP	XUI_020_Login	1732472934646	1732472937291	2629	OK
REQUEST	Civil_UnSpecClaim_20_DefResp	Land_005_Jurisdictions	1732472940844	1732472952066	OK	 
REQUEST	Civil_UnSpecClaim_20_DefResp	Land_010_Organisation	1732472952076	1732472952688	OK	 
GROUP	Civil_UnSpecClaim_20_DefResp	1732472940842	1732472952689	11834	OK
REQUEST	Civil_UnSpecClaim_20_DefResp	CIVIL_AssignCase_000_AssignCase	1732472955547	1732472957810	OK	 
GROUP	Civil_UnSpecClaim_20_DefResp	1732472955546	1732472957810	2263	OK
REQUEST	Civil_UnSpecClaim_20_DefResp	Search_005_WorkBasket	1732472957811	1732472958576	OK	 
REQUEST	Civil_UnSpecClaim_20_DefResp	Search_010_CaseReference	1732472958578	1732472960406	OK	 
GROUP	Civil_UnSpecClaim_20_DefResp	1732472957810	1732472960407	2593	OK
REQUEST	Civil_UnSpecClaim_20_DefResp	OpenCase_005_InternalCases	1732472964381	1732472965982	OK	 
GROUP	Civil_UnSpecClaim_20_DefResp	1732472964381	1732472965984	1601	OK
REQUEST	Civil_UnSpecClaim_20_DefResp	OpenCase_010_RoleAssignment	1732472965985	1732472966470	OK	 
GROUP	Civil_UnSpecClaim_20_DefResp	1732472965984	1732472966470	485	OK
REQUEST	Civil_UnSpecClaim_20_DefResp	OpenCase_015_Jurisdiction	1732472966470	1732472966595	OK	 
GROUP	Civil_UnSpecClaim_20_DefResp	1732472966470	1732472966596	125	OK
REQUEST	Civil_UnSpecClaim_20_DefResp	RespToClaim_005_jurisdiction	1732472969954	1732472971393	OK	 
REQUEST	Civil_UnSpecClaim_20_DefResp	RespToClaim_010_Profile	1732472971394	1732472984219	OK	 
REQUEST	Civil_UnSpecClaim_20_DefResp	RespToClaim_015_IgnoreWarning	1732473029239	1732473033237	OK	 
REQUEST	Civil_UnSpecClaim_20_DefResp	RespToClaim_020_jurisdiction	1732473033266	1732473034574	OK	 
GROUP	Civil_UnSpecClaim_20_DefResp	1732472969953	1732473034576	19570	OK
REQUEST	Civil_UnSpecClaim_20_DefResp	ClaimInfo_005_ConfirmDetails	1732473036741	1732473038610	OK	 
GROUP	Civil_UnSpecClaim_20_DefResp	1732473036738	1732473038612	1869	OK
REQUEST	Civil_UnSpecClaim_20_DefResp	RejectClaim_005_RespondentResponseType	1732473042026	1732473044545	OK	 
GROUP	Civil_UnSpecClaim_20_DefResp	1732473042021	1732473044547	2519	OK
REQUEST	Civil_UnSpecClaim_20_DefResp	FileRef_005_SolicitorReferences	1732473046609	1732473048192	OK	 
GROUP	Civil_UnSpecClaim_20_DefResp	1732473046608	1732473048194	1583	OK
REQUEST	Civil_UnSpecClaim_20_DefResp	005_UploadDefence	1732473052055	1732473055003	OK	 
GROUP	Civil_UnSpecClaim_20_DefResp	1732473052026	1732473055017	2948	OK
REQUEST	Civil_UnSpecClaim_20_DefResp	010_UploadDefence	1732473065020	1732473065936	OK	 
GROUP	Civil_UnSpecClaim_20_DefResp	1732473065019	1732473065936	916	OK
REQUEST	Civil_UnSpecClaim_20_DefResp	005_FileDirectionsQuestionnaire	1732473068293	1732473069326	OK	 
GROUP	Civil_UnSpecClaim_20_DefResp	1732473068291	1732473069328	1033	OK
REQUEST	Civil_UnSpecClaim_20_DefResp	005_FixedRecoverableCosts	1732473073315	1732473073830	OK	 
GROUP	Civil_UnSpecClaim_20_DefResp	1732473073313	1732473073830	515	OK
REQUEST	Civil_UnSpecClaim_20_DefResp	005_DisclosureOfNonElectronicDocuments	1732473076063	1732473076801	OK	 
GROUP	Civil_UnSpecClaim_20_DefResp	1732473076062	1732473076802	738	OK
REQUEST	Civil_UnSpecClaim_20_DefResp	005_RESPONSEExperts	1732473079869	1732473080310	OK	 
GROUP	Civil_UnSpecClaim_20_DefResp	1732473079868	1732473080311	441	OK
REQUEST	Civil_UnSpecClaim_20_DefResp	005_RESPONSEWitnesses	1732473083846	1732473084895	OK	 
GROUP	Civil_UnSpecClaim_20_DefResp	1732473083845	1732473084896	1049	OK
REQUEST	Civil_UnSpecClaim_20_DefResp	005_RESPONSELanguage	1732473088215	1732473089521	OK	 
GROUP	Civil_UnSpecClaim_20_DefResp	1732473088213	1732473089523	1306	OK
REQUEST	Civil_UnSpecClaim_20_DefResp	005_RESPONSEHearing	1732473091984	1732473092790	OK	 
GROUP	Civil_UnSpecClaim_20_DefResp	1732473091981	1732473092793	806	OK
REQUEST	Civil_UnSpecClaim_20_DefResp	005_UploadDraftDirection	1732473095999	1732473097528	OK	 
GROUP	Civil_UnSpecClaim_20_DefResp	1732473095996	1732473097531	1529	OK
REQUEST	Civil_UnSpecClaim_20_DefResp	005_RESPONSEDraftDirections	1732473101240	1732473102156	OK	 
GROUP	Civil_UnSpecClaim_20_DefResp	1732473101239	1732473102158	916	OK
REQUEST	Civil_UnSpecClaim_20_DefResp	005_RESPONSERequestedCourt	1732473105896	1732473106521	OK	 
GROUP	Civil_UnSpecClaim_20_DefResp	1732473105895	1732473106524	625	OK
REQUEST	Civil_UnSpecClaim_20_DefResp	005_RESPONSEHearingSupport	1732473110027	1732473110904	OK	 
GROUP	Civil_UnSpecClaim_20_DefResp	1732473110024	1732473110906	877	OK
REQUEST	Civil_UnSpecClaim_20_DefResp	005_RESPONSEVulnerabilityQuestions	1732473114453	1732473114894	OK	 
GROUP	Civil_UnSpecClaim_20_DefResp	1732473114451	1732473114896	441	OK
REQUEST	Civil_UnSpecClaim_20_DefResp	005_RESPONSEFurtherInformation	1732473118620	1732473119503	OK	 
GROUP	Civil_UnSpecClaim_20_DefResp	1732473118618	1732473119505	883	OK
REQUEST	Civil_UnSpecClaim_20_DefResp	005_RESPONSEStatementOfTruth	1732473122616	1732473123702	OK	 
GROUP	Civil_UnSpecClaim_20_DefResp	1732473122615	1732473123704	1086	OK
REQUEST	Civil_UnSpecClaim_20_DefResp	005_Submit	1732473127267	1732473131588	OK	 
REQUEST	Civil_UnSpecClaim_20_DefResp	010_DefenceSubmitted	1732473131590	1732473133752	OK	 
GROUP	Civil_UnSpecClaim_20_DefResp	1732473127264	1732473133754	6483	OK
REQUEST		XUI_020_Signout	1732473136092	1732473136294	OK	 
REQUEST		XUI_020_Signout Redirect 1	1732473136295	1732473136351	OK	 
REQUEST		XUI_020_Signout Redirect 2	1732473136353	1732473136510	OK	 
REQUEST		XUI_020_Signout Redirect 3	1732473136511	1732473136579	OK	 
REQUEST	XUI_010_Home	005_Home	1732473140580	1732473140617	OK	 
REQUEST	XUI_010_Home	Common_000_ConfigurationUI	1732473140617	1732473140660	OK	 
REQUEST	XUI_010_Home	Common_000_ConfigJson	1732473140661	1732473140690	OK	 
REQUEST	XUI_010_Home	Common_000_TsAndCs	1732473140691	1732473140720	OK	 
REQUEST	XUI_010_Home	Common_000_ConfigUI	1732473140721	1732473140759	OK	 
REQUEST	XUI_010_Home	Common_000_UserDetails	1732473140760	1732473140789	OK	 
REQUEST	XUI_010_Home	Common_000_IsAuthenticated	1732473140789	1732473140834	OK	 
REQUEST	XUI_010_Home	010_auth	1732473140835	1732473140886	OK	 
REQUEST	XUI_010_Home	010_auth Redirect 1	1732473140886	1732473140928	OK	 
REQUEST	XUI_010_Home	010_auth Redirect 2	1732473140929	1732473141000	OK	 
GROUP	XUI_010_Home	1732473140580	1732473141001	414	OK
REQUEST	XUI_020_Login	005_clientId	1732473143041	1732473143364	OK	 
REQUEST	XUI_020_Login	005_clientId Redirect 1	1732473143366	1732473143899	OK	 
REQUEST	XUI_020_Login	005_clientId Redirect 2	1732473143900	1732473143944	OK	 
REQUEST	XUI_020_Login	Common_000_ConfigurationUI	1732473143945	1732473143981	OK	 
REQUEST	XUI_020_Login	Common_000_ConfigUI	1732473143982	1732473144067	OK	 
REQUEST	XUI_020_Login	Common_000_TsAndCs	1732473144068	1732473144107	OK	 
REQUEST	XUI_020_Login	Common_000_IsAuthenticated	1732473144108	1732473144150	OK	 
REQUEST	XUI_020_Login	Common_000_UserDetails	1732473144150	1732473144865	OK	 
REQUEST	XUI_020_Login	Common_000_MonitoringTools	1732473144866	1732473144992	OK	 
REQUEST	XUI_020_Login	Common_000_IsAuthenticated	1732473144993	1732473145079	OK	 
GROUP	XUI_020_Login	1732473143038	1732473145080	2029	OK
REQUEST	Civil_UnSpecClaim_30_ClaimantResp	SearchCase_005_CaseReference	1732473147403	1732473149518	OK	 
REQUEST	Civil_UnSpecClaim_30_ClaimantResp	OpenCase_005_InternalCases	1732473149519	1732473150569	OK	 
GROUP	Civil_UnSpecClaim_30_ClaimantResp	1732473147402	1732473150574	3165	OK
REQUEST	Civil_UnSpecClaim_30_ClaimantResp	OpenCase_015_RoleAssignment	1732473150575	1732473150941	OK	 
GROUP	Civil_UnSpecClaim_30_ClaimantResp	1732473150574	1732473150942	366	OK
REQUEST	Civil_UnSpecClaim_30_ClaimantResp	OpenCase_020_Jurisdiction	1732473150943	1732473151035	OK	 
GROUP	Civil_UnSpecClaim_30_ClaimantResp	1732473150942	1732473151036	92	OK
REQUEST	Civil_UnSpecClaim_30_ClaimantResp	RespToDef_005_Jurisdiction	1732473153719	1732473154934	OK	 
REQUEST	Civil_UnSpecClaim_30_ClaimantResp	RespToDef_010_profile	1732473154936	1732473156448	OK	 
REQUEST	Civil_UnSpecClaim_30_ClaimantResp	RespToDef_015_IgnoreWarning	1732473156450	1732473158141	OK	 
REQUEST	Civil_UnSpecClaim_30_ClaimantResp	RespToDef_020_jurisdiction	1732473158147	1732473159028	OK	 
GROUP	Civil_UnSpecClaim_30_ClaimantResp	1732473153718	1732473159028	5299	OK
REQUEST	Civil_UnSpecClaim_30_ClaimantResp	005_RespondentResponse	1732473161103	1732473162265	OK	 
GROUP	Civil_UnSpecClaim_30_ClaimantResp	1732473161100	1732473162268	1162	OK
REQUEST	Civil_UnSpecClaim_30_ClaimantResp	005_DefenceResponseDocument	1732473164819	1732473165379	OK	 
GROUP	Civil_UnSpecClaim_30_ClaimantResp	1732473164816	1732473165380	560	OK
REQUEST	Civil_UnSpecClaim_30_ClaimantResp	005_FileDirectionsQuestionnaire	1732473168678	1732473170379	OK	 
GROUP	Civil_UnSpecClaim_30_ClaimantResp	1732473168676	1732473170380	1701	OK
REQUEST	Civil_UnSpecClaim_30_ClaimantResp	005_FixedRecoverableCosts	1732473173968	1732473174752	OK	 
GROUP	Civil_UnSpecClaim_30_ClaimantResp	1732473173968	1732473174753	784	OK
REQUEST	Civil_UnSpecClaim_30_ClaimantResp	005_DisclosureOfNonElectronicDocuments	1732473178636	1732473179504	OK	 
GROUP	Civil_UnSpecClaim_30_ClaimantResp	1732473178635	1732473179505	868	OK
REQUEST	Civil_UnSpecClaim_30_ClaimantResp	005_Experts	1732473181551	1732473182638	OK	 
GROUP	Civil_UnSpecClaim_30_ClaimantResp	1732473181550	1732473182639	1087	OK
REQUEST	Civil_UnSpecClaim_30_ClaimantResp	005_Witnesses	1732473186418	1732473187728	OK	 
GROUP	Civil_UnSpecClaim_30_ClaimantResp	1732473186416	1732473187730	1310	OK
REQUEST	Civil_UnSpecClaim_30_ClaimantResp	005_Language	1732473191267	1732473192254	OK	 
GROUP	Civil_UnSpecClaim_30_ClaimantResp	1732473191266	1732473192255	987	OK
REQUEST	Civil_UnSpecClaim_30_ClaimantResp	005_Hearing	1732473194737	1732473195554	OK	 
GROUP	Civil_UnSpecClaim_30_ClaimantResp	1732473194736	1732473195555	817	OK
REQUEST	Civil_UnSpecClaim_30_ClaimantResp	005_UploadDraftDirection	1732473198604	1732473200151	OK	 
GROUP	Civil_UnSpecClaim_30_ClaimantResp	1732473198602	1732473200152	1547	OK
REQUEST	Civil_UnSpecClaim_30_ClaimantResp	010_DraftDirections	1732473202734	1732473203448	OK	 
GROUP	Civil_UnSpecClaim_30_ClaimantResp	1732473202731	1732473203448	714	OK
REQUEST	Civil_UnSpecClaim_30_ClaimantResp	005_HearingSupport	1732473206937	1732473208346	OK	 
GROUP	Civil_UnSpecClaim_30_ClaimantResp	1732473206934	1732473208347	1409	OK
REQUEST	Civil_UnSpecClaim_30_ClaimantResp	005_VulnerabilityQuestions	1732473212206	1732473212997	OK	 
GROUP	Civil_UnSpecClaim_30_ClaimantResp	1732473212203	1732473212998	791	OK
REQUEST	Civil_UnSpecClaim_30_ClaimantResp	005_FurtherInformation	1732473216888	1732473217605	OK	 
GROUP	Civil_UnSpecClaim_30_ClaimantResp	1732473216886	1732473217606	717	OK
REQUEST	Civil_UnSpecClaim_30_ClaimantResp	005_StatementOfTruth	1732473219802	1732473220754	OK	 
GROUP	Civil_UnSpecClaim_30_ClaimantResp	1732473219799	1732473220756	952	OK
REQUEST	Civil_UnSpecClaim_30_ClaimantResp	005_Submit	1732473222925	1732473227058	OK	 
REQUEST	Civil_UnSpecClaim_30_ClaimantResp	010_ProceedWithClaim	1732473227060	1732473228169	OK	 
GROUP	Civil_UnSpecClaim_30_ClaimantResp	1732473222922	1732473228170	5242	OK
REQUEST		XUI_020_Signout	1732473231939	1732473232285	OK	 
REQUEST		XUI_020_Signout Redirect 1	1732473232286	1732473232325	OK	 
REQUEST		XUI_020_Signout Redirect 2	1732473232326	1732473232470	OK	 
REQUEST		XUI_020_Signout Redirect 3	1732473232470	1732473232531	OK	 
REQUEST	XUI_010_Home	005_Home	1732473236535	1732473236599	OK	 
REQUEST	XUI_010_Home	Common_000_ConfigurationUI	1732473236601	1732473236649	OK	 
REQUEST	XUI_010_Home	Common_000_ConfigJson	1732473236652	1732473236688	OK	 
REQUEST	XUI_010_Home	Common_000_TsAndCs	1732473236690	1732473236731	OK	 
REQUEST	XUI_010_Home	Common_000_ConfigUI	1732473236732	1732473236811	OK	 
REQUEST	XUI_010_Home	Common_000_UserDetails	1732473236813	1732473236856	OK	 
REQUEST	XUI_010_Home	Common_000_IsAuthenticated	1732473236857	1732473236889	OK	 
REQUEST	XUI_010_Home	010_auth	1732473236891	1732473236934	OK	 
REQUEST	XUI_010_Home	010_auth Redirect 1	1732473236935	1732473236983	OK	 
REQUEST	XUI_010_Home	010_auth Redirect 2	1732473236983	1732473237047	OK	 
GROUP	XUI_010_Home	1732473236534	1732473237050	498	OK
REQUEST	XUI_020_Login	005_clientId	1732473240840	1732473240978	OK	 
REQUEST	XUI_020_Login	005_clientId Redirect 1	1732473240980	1732473241670	OK	 
REQUEST	XUI_020_Login	005_clientId Redirect 2	1732473241672	1732473241707	OK	 
REQUEST	XUI_020_Login	Common_000_ConfigurationUI	1732473241709	1732473241763	OK	 
REQUEST	XUI_020_Login	Common_000_ConfigUI	1732473241765	1732473241805	OK	 
REQUEST	XUI_020_Login	Common_000_TsAndCs	1732473241806	1732473241853	OK	 
REQUEST	XUI_020_Login	Common_000_IsAuthenticated	1732473241855	1732473241900	OK	 
REQUEST	XUI_020_Login	Common_000_UserDetails	1732473241902	1732473242237	OK	 
REQUEST	XUI_020_Login	Common_000_MonitoringTools	1732473242241	1732473242280	OK	 
REQUEST	XUI_020_Login	Common_000_IsAuthenticated	1732473242282	1732473242320	OK	 
GROUP	XUI_020_Login	1732473240839	1732473242323	1461	OK
REQUEST	Civil_UnSpecClaim_40_SDO	005_HealthCheck	1732473244999	1732473245045	OK	 
REQUEST	Civil_UnSpecClaim_40_SDO	005_RegionLocation	1732473245046	1732473245557	OK	 
REQUEST	Civil_UnSpecClaim_40_SDO	005_GetMyAccess	1732473245557	1732473245864	OK	 
REQUEST	Civil_UnSpecClaim_40_SDO	010_GetMyAccess	1732473245866	1732473246136	OK	 
REQUEST	Civil_UnSpecClaim_40_SDO	005_TypesOfWork	1732473246136	1732473247400	OK	 
REQUEST	Civil_UnSpecClaim_40_SDO	005_Jurisdiction	1732473247401	1732473247454	OK	 
REQUEST	Civil_UnSpecClaim_40_SDO	005_WorkAllocationTask	1732473247455	1732473248153	OK	 
REQUEST	Civil_UnSpecClaim_40_SDO	010_Jurisdiction	1732473248157	1732473248201	OK	 
REQUEST	Civil_UnSpecClaim_40_SDO	005_GetUsersByServiceName	1732473248203	1732473248824	OK	 
REQUEST	Civil_UnSpecClaim_40_SDO	010_WorkAllocationTask	1732473248825	1732473249908	OK	 
REQUEST	Civil_UnSpecClaim_40_SDO	005_GetJudicialUsers	1732473249908	1732473251087	OK	 
GROUP	Civil_UnSpecClaim_40_SDO	1732473244999	1732473251089	6076	OK
REQUEST	Civil_UnSpecClaim_40_SDO	005_SearchCase	1732473253584	1732473256895	OK	 
REQUEST	Civil_UnSpecClaim_40_SDO	010_SearchCase	1732473256897	1732473257642	OK	 
REQUEST	Civil_UnSpecClaim_40_SDO	015_SearchCase	1732473257643	1732473258511	OK	 
GROUP	Civil_UnSpecClaim_40_SDO	1732473253583	1732473258511	4924	OK
REQUEST	Civil_UnSpecClaim_40_SDO	005_OpenCase	1732473260624	1732473261655	OK	 
GROUP	Civil_UnSpecClaim_40_SDO	1732473260624	1732473261657	1031	OK
REQUEST	Civil_UnSpecClaim_40_SDO	010_OpenCase	1732473261657	1732473262084	OK	 
GROUP	Civil_UnSpecClaim_40_SDO	1732473261657	1732473262084	427	OK
REQUEST	Civil_UnSpecClaim_40_SDO	015_OpenCase	1732473262085	1732473262147	OK	 
GROUP	Civil_UnSpecClaim_40_SDO	1732473262084	1732473262148	62	OK
REQUEST	Civil_UnSpecClaim_40_SDO	005_TaskTab	1732473262148	1732473262277	OK	 
REQUEST	Civil_UnSpecClaim_40_SDO	010_TaskTab	1732473262279	1732473262897	OK	 
GROUP	Civil_UnSpecClaim_40_SDO	1732473262148	1732473262898	747	OK
REQUEST	Civil_UnSpecClaim_40_SDO	005_AssignToMe	1732473265204	1732473266447	OK	 
REQUEST	Civil_UnSpecClaim_40_SDO	010_AssignToMe	1732473276450	1732473276910	OK	 
REQUEST	Civil_UnSpecClaim_40_SDO	015_AssignToMe	1732473276913	1732473278112	OK	 
GROUP	Civil_UnSpecClaim_40_SDO	1732473265202	1732473278114	2902	OK
REQUEST	Civil_UnSpecClaim_40_SDO	005_FastTrack	1732473281256	1732473281325	OK	 
REQUEST	Civil_UnSpecClaim_40_SDO	Common_000_ConfigurationUI	1732473281327	1732473281430	OK	 
REQUEST	Civil_UnSpecClaim_40_SDO	Common_000_ConfigUI	1732473281432	1732473281498	OK	 
REQUEST	Civil_UnSpecClaim_40_SDO	Common_000_TsAndCs	1732473281500	1732473281564	OK	 
REQUEST	Civil_UnSpecClaim_40_SDO	Common_000_UserDetails	1732473281565	1732473281645	OK	 
REQUEST	Civil_UnSpecClaim_40_SDO	Common_000_IsAuthenticated	1732473281647	1732473281717	OK	 
REQUEST	Civil_UnSpecClaim_40_SDO	Common_000_MonitoringTools	1732473281721	1732473281785	OK	 
REQUEST	Civil_UnSpecClaim_40_SDO	Common_000_MonitoringTools	1732473281787	1732473281857	OK	 
REQUEST	Civil_UnSpecClaim_40_SDO	Common_000_MonitoringTools	1732473281860	1732473281934	OK	 
REQUEST	Civil_UnSpecClaim_40_SDO	010_FastTrack	1732473281934	1732473283359	OK	 
REQUEST	Civil_UnSpecClaim_40_SDO	015_FastTrack	1732473283363	1732473285176	OK	 
REQUEST	Civil_UnSpecClaim_40_SDO	020_FastTrack	1732473285182	1732473288310	OK	 
REQUEST	Civil_UnSpecClaim_40_SDO	025_FastTrack	1732473288317	1732473292233	OK	 
GROUP	Civil_UnSpecClaim_40_SDO	1732473281253	1732473292259	10942	OK
REQUEST	Civil_UnSpecClaim_40_SDO	005_SDO_Amount	1732473295280	1732473295955	OK	 
GROUP	Civil_UnSpecClaim_40_SDO	1732473295278	1732473295955	675	OK
REQUEST	Civil_UnSpecClaim_40_SDO	005_ClaimsTrack	1732473298549	1732473299868	OK	 
GROUP	Civil_UnSpecClaim_40_SDO	1732473298547	1732473299873	1319	OK
REQUEST	Civil_UnSpecClaim_40_SDO	005_FastTrack	1732473301971	1732473306150	OK	 
GROUP	Civil_UnSpecClaim_40_SDO	1732473301968	1732473306161	4179	OK
REQUEST	Civil_UnSpecClaim_40_SDO	005_OrderPreview	1732473309745	1732473310404	OK	 
GROUP	Civil_UnSpecClaim_40_SDO	1732473309743	1732473310406	659	OK
REQUEST	Civil_UnSpecClaim_40_SDO	005_SubmitSDO	1732473313619	1732473314680	OK	 
GROUP	Civil_UnSpecClaim_40_SDO	1732473313616	1732473314682	1061	OK
REQUEST	Civil_UnSpecClaim_40_SDO	005_SubmitSDO	1732473314684	1732473316880	OK	 
REQUEST	Civil_UnSpecClaim_40_SDO	010_SubmitSDO	1732473316883	1732473317855	OK	 
REQUEST	Civil_UnSpecClaim_40_SDO	015_SubmitSDO	1732473317858	1732473318853	OK	 
GROUP	Civil_UnSpecClaim_40_SDO	1732473314682	1732473318856	4163	OK
REQUEST		XUI_020_Signout	1732473322316	1732473322436	OK	 
REQUEST		XUI_020_Signout Redirect 1	1732473322437	1732473322495	OK	 
REQUEST		XUI_020_Signout Redirect 2	1732473322496	1732473322675	OK	 
REQUEST		XUI_020_Signout Redirect 3	1732473322677	1732473322731	OK	 
REQUEST	XUI_010_Home	005_Home	1732473326737	1732473326816	OK	 
REQUEST	XUI_010_Home	Common_000_ConfigurationUI	1732473326817	1732473326874	OK	 
REQUEST	XUI_010_Home	Common_000_ConfigJson	1732473326877	1732473326914	OK	 
REQUEST	XUI_010_Home	Common_000_TsAndCs	1732473326915	1732473326949	OK	 
REQUEST	XUI_010_Home	Common_000_ConfigUI	1732473326950	1732473327043	OK	 
REQUEST	XUI_010_Home	Common_000_UserDetails	1732473327044	1732473327097	OK	 
REQUEST	XUI_010_Home	Common_000_IsAuthenticated	1732473327099	1732473327136	OK	 
REQUEST	XUI_010_Home	010_auth	1732473327137	1732473327168	OK	 
REQUEST	XUI_010_Home	010_auth Redirect 1	1732473327169	1732473327206	OK	 
REQUEST	XUI_010_Home	010_auth Redirect 2	1732473327207	1732473327262	OK	 
GROUP	XUI_010_Home	1732473326736	1732473327263	513	OK
REQUEST	XUI_020_Login	005_clientId	1732473329580	1732473329711	OK	 
REQUEST	XUI_020_Login	005_clientId Redirect 1	1732473329714	1732473330342	OK	 
REQUEST	XUI_020_Login	005_clientId Redirect 2	1732473330345	1732473330377	OK	 
REQUEST	XUI_020_Login	Common_000_ConfigurationUI	1732473330380	1732473330425	OK	 
REQUEST	XUI_020_Login	Common_000_ConfigUI	1732473330426	1732473330487	OK	 
REQUEST	XUI_020_Login	Common_000_TsAndCs	1732473330490	1732473330532	OK	 
REQUEST	XUI_020_Login	Common_000_IsAuthenticated	1732473330535	1732473330574	OK	 
REQUEST	XUI_020_Login	Common_000_UserDetails	1732473330577	1732473330860	OK	 
REQUEST	XUI_020_Login	Common_000_MonitoringTools	1732473330863	1732473330903	OK	 
REQUEST	XUI_020_Login	Common_000_IsAuthenticated	1732473330907	1732473330952	OK	 
GROUP	XUI_020_Login	1732473329578	1732473330955	1346	OK
REQUEST	Civil_UnSpecClaim_50_HearingAdmin	005_HealthCheck	1732473334739	1732473334794	OK	 
REQUEST	Civil_UnSpecClaim_50_HearingAdmin	005_RegionLocation	1732473334797	1732473335621	OK	 
REQUEST	Civil_UnSpecClaim_50_HearingAdmin	005_GetMyAccess	1732473335624	1732473335975	OK	 
REQUEST	Civil_UnSpecClaim_50_HearingAdmin	010_GetMyAccess	1732473335977	1732473336285	OK	 
REQUEST	Civil_UnSpecClaim_50_HearingAdmin	005_TypesOfWork	1732473336288	1732473336903	OK	 
REQUEST	Civil_UnSpecClaim_50_HearingAdmin	005_Jurisdiction	1732473336906	1732473336944	OK	 
REQUEST	Civil_UnSpecClaim_50_HearingAdmin	005_WorkAllocationTask	1732473336946	1732473337927	OK	 
REQUEST	Civil_UnSpecClaim_50_HearingAdmin	010_Jurisdiction	1732473337928	1732473337962	OK	 
REQUEST	Civil_UnSpecClaim_50_HearingAdmin	005_GetUsersByServiceName	1732473337963	1732473338837	OK	 
REQUEST	Civil_UnSpecClaim_50_HearingAdmin	010_WorkAllocationTask	1732473338839	1732473339872	OK	 
GROUP	