RUN	uk.gov.hmcts.reform.civildamage.performance.simulations.SimulateScenario	simulatescenario	1732529999027	 	3.12.0
USER	Spec_Create_Claim	START	1732529999759
REQUEST	XUI_010_Home	005_Home	1732529999757	1732529999891	OK	 
REQUEST	XUI_010_Home	Common_000_ConfigurationUI	1732529999906	1732529999994	OK	 
REQUEST	XUI_010_Home	Common_000_ConfigJson	1732529999996	1732530000072	OK	 
REQUEST	XUI_010_Home	Common_000_TsAndCs	1732530000073	1732530000106	OK	 
REQUEST	XUI_010_Home	Common_000_ConfigUI	1732530000107	1732530000161	OK	 
REQUEST	XUI_010_Home	Common_000_UserDetails	1732530000164	1732530000219	OK	 
REQUEST	XUI_010_Home	Common_000_IsAuthenticated	1732530000226	1732530000267	OK	 
REQUEST	XUI_010_Home	010_auth	1732530000273	1732530000366	OK	 
REQUEST	XUI_010_Home	010_auth Redirect 1	1732530000369	1732530000578	OK	 
REQUEST	XUI_010_Home	010_auth Redirect 2	1732530000583	1732530000642	OK	 
GROUP	XUI_010_Home	1732529999751	1732530000652	842	OK
REQUEST	XUI_020_Login	005_clientId	1732530002825	1732530003295	OK	 
REQUEST	XUI_020_Login	005_clientId Redirect 1	1732530003307	1732530004277	OK	 
REQUEST	XUI_020_Login	005_clientId Redirect 2	1732530004280	1732530004315	OK	 
REQUEST	XUI_020_Login	Common_000_ConfigurationUI	1732530004316	1732530004373	OK	 
REQUEST	XUI_020_Login	Common_000_ConfigUI	1732530004376	1732530004427	OK	 
REQUEST	XUI_020_Login	Common_000_TsAndCs	1732530004430	1732530004475	OK	 
REQUEST	XUI_020_Login	Common_000_IsAuthenticated	1732530004478	1732530004523	OK	 
REQUEST	XUI_020_Login	Common_000_UserDetails	1732530004526	1732530006070	OK	 
REQUEST	XUI_020_Login	Common_000_MonitoringTools	1732530006071	1732530006170	OK	 
REQUEST	XUI_020_Login	Common_000_IsAuthenticated	1732530006208	1732530006328	OK	 
GROUP	XUI_020_Login	1732530002818	1732530006331	3436	OK
REQUEST	Civil_CreateSpecClaim_10_00_LandingPage	Jurisdiction	1732530009645	1732530013754	OK	 
REQUEST	Civil_CreateSpecClaim_10_00_LandingPage	Organisation	1732530013762	1732530015552	OK	 
GROUP	Civil_CreateSpecClaim_10_00_LandingPage	1732530009642	1732530015554	5899	OK
REQUEST	Civil_CreateSpecClaim_10_01_CreateCase	Create	1732530017997	1732530018248	OK	 
GROUP	Civil_CreateSpecClaim_10_01_CreateCase	1732530017994	1732530018251	251	OK
REQUEST	Civil_CreateSpecClaim_10_02_CreateCase	IgnoreWarning	1732530020786	1732530024071	OK	 
GROUP	Civil_CreateSpecClaim_10_02_CreateCase	1732530020783	1732530024141	3285	OK
REQUEST	Civil_CreateSpecClaim_10_03_CreateCase	CaseChecklist	1732530026501	1732530028600	OK	 
GROUP	Civil_CreateSpecClaim_10_03_CreateCase	1732530026489	1732530028600	2099	OK
REQUEST	Civil_CreateSpecClaim_10_04_CreateCase	Eligibility	1732530031377	1732530032710	OK	 
GROUP	Civil_CreateSpecClaim_10_04_CreateCase	1732530031373	1732530032712	1333	OK
REQUEST	Civil_CreateSpecClaim_10_05_CreateCase	References	1732530035082	1732530036469	OK	 
GROUP	Civil_CreateSpecClaim_10_05_CreateCase	1732530035079	1732530036469	1387	OK
REQUEST	Civil_CreateSpecClaim_10_06_CreateCase	PostCodeSearch	1732530039071	1732530040357	OK	 
GROUP	Civil_CreateSpecClaim_10_06_CreateCase	1732530039070	1732530040359	1286	OK
REQUEST	Civil_CreateSpecClaim_10_07_CreateCase	Claimant	1732530043350	1732530046011	OK	 
GROUP	Civil_CreateSpecClaim_10_07_CreateCase	1732530043349	1732530046013	2661	OK
REQUEST	Civil_CreateSpecClaim_10_08_CreateCase	AddAnotherClaimant	1732530049576	1732530050925	OK	 
GROUP	Civil_CreateSpecClaim_10_08_CreateCase	1732530049573	1732530050928	1349	OK
REQUEST	Civil_CreateSpecClaim_10_09_CreateCase	Notifications	1732530054513	1732530055110	OK	 
GROUP	Civil_CreateSpecClaim_10_09_CreateCase	1732530054510	1732530055111	597	OK
REQUEST	Civil_CreateSpecClaim_10_10_CreateCase	ClaimantSolOrg	1732530055112	1732530057786	OK	 
GROUP	Civil_CreateSpecClaim_10_10_CreateCase	1732530055111	1732530057789	2674	OK
REQUEST	Civil_CreateSpecClaim_10_11_CreateCase	CorrespondenceAddress	1732530060457	1732530061255	OK	 
GROUP	Civil_CreateSpecClaim_10_11_CreateCase	1732530060454	1732530061258	798	OK
REQUEST	Civil_CreateSpecClaim_10_12_CreateCase	DefPostCode	1732530064555	1732530065862	OK	 
GROUP	Civil_CreateSpecClaim_10_12_CreateCase	1732530064553	1732530065865	1307	OK
REQUEST	Civil_CreateSpecClaim_10_13_CreateCase	DefendantDetails	1732530069486	1732530072167	OK	 
GROUP	Civil_CreateSpecClaim_10_13_CreateCase	1732530069483	1732530072169	2681	OK
REQUEST	Civil_CreateSpecClaim_10_14_CreateCase	DefLegalRep	1732530074721	1732530076016	OK	 
GROUP	Civil_CreateSpecClaim_10_14_CreateCase	1732530074717	1732530076018	1295	OK
REQUEST	Civil_CreateSpecClaim_10_15_CreateCase	DefSolOrg	1732530078465	1732530079281	OK	 
GROUP	Civil_CreateSpecClaim_10_15_CreateCase	1732530078461	1732530079282	816	OK
REQUEST	Civil_CreateSpecClaim_10_16_CreateCase	CDefSolEmail	1732530082101	1732530083272	OK	 
GROUP	Civil_CreateSpecClaim_10_16_CreateCase	1732530082098	1732530083274	1171	OK
REQUEST	Civil_CreateSpecClaim_10_17_CreateCase	DefAddr	1732530086908	1732530088346	OK	 
GROUP	Civil_CreateSpecClaim_10_17_CreateCase	1732530086905	1732530088347	1438	OK
REQUEST	Civil_CreateSpecClaim_10_18_CreateCase	AddAnotherDefendant	1732530090736	1732530091362	OK	 
GROUP	Civil_CreateSpecClaim_10_18_CreateCase	1732530090731	1732530091364	626	OK
REQUEST	Civil_CreateSpecClaim_10_19_CreateCase	FlightDelayClaim	1732530094705	1732530096134	OK	 
GROUP	Civil_CreateSpecClaim_10_19_CreateCase	1732530094701	1732530096136	1429	OK
REQUEST	Civil_CreateSpecClaim_10_20_CreateCase	CaseDetails	1732530098838	1732530099755	OK	 
GROUP	Civil_CreateSpecClaim_10_20_CreateCase	1732530098837	1732530099756	917	OK
REQUEST	Civil_CreateSpecClaim_10_21_CreateCase	UploadClaimDoc	1732530102215	1732530102937	OK	 
GROUP	Civil_CreateSpecClaim_10_21_CreateCase	1732530102214	1732530102938	722	OK
REQUEST	Civil_CreateSpecClaim_10_22_CreateCase	ClaimTimeline	1732530105777	1732530106515	OK	 
GROUP	Civil_CreateSpecClaim_10_22_CreateCase	1732530105774	1732530106516	738	OK
REQUEST	Civil_CreateSpecClaim_10_23_CreateCase	SPECEvidenceList	1732530109989	1732530111343	OK	 
GROUP	Civil_CreateSpecClaim_10_23_CreateCase	1732530109986	1732530111344	1354	OK
REQUEST	Civil_CreateSpecClaim_10_24_CreateCase	CREATE_CLAIM_SPECClaimAmount	1732530115166	1732530115735	OK	 
GROUP	Civil_CreateSpecClaim_10_24_CreateCase	1732530115164	1732530115738	569	OK
REQUEST	Civil_CreateSpecClaim_10_25_CreateCase	CREATE_CLAIM_SPECClaimAmountDetails	1732530118729	1732530119314	OK	 
GROUP	Civil_CreateSpecClaim_10_25_CreateCase	1732530118726	1732530119315	585	OK
REQUEST	Civil_CreateSpecClaim_10_26_CreateCase	CREATE_CLAIM_SPECClaimInterest	1732530122885	1732530123414	OK	 
GROUP	Civil_CreateSpecClaim_10_26_CreateCase	1732530122882	1732530123416	529	OK
REQUEST	Civil_CreateSpecClaim_10_27_CreateCase	CREATE_CLAIM_SPECInterestSummary	1732530125836	1732530127828	OK	 
GROUP	Civil_CreateSpecClaim_10_27_CreateCase	1732530125835	1732530127829	1992	OK
REQUEST	Civil_CreateSpecClaim_10_28_CreateCase	CREATE_CLAIM_SPECPbaNumber	1732530130500	1732530131096	OK	 
GROUP	Civil_CreateSpecClaim_10_28_CreateCase	1732530130497	1732530131097	596	OK
REQUEST	Civil_CreateSpecClaim_10_29_CreateCase	CREATE_CLAIM_SPECFixedCommencementCosts	1732530133638	1732530135031	OK	 
GROUP	Civil_CreateSpecClaim_10_29_CreateCase	1732530133635	1732530135031	1393	OK
REQUEST	Civil_CreateSpecClaim_10_30_CreateCase	CREATE_CLAIM_SPECStatementOfTruth	1732530138827	1732530139286	OK	 
GROUP	Civil_CreateSpecClaim_10_30_CreateCase	1732530138826	1732530139287	459	OK
REQUEST	Civil_CreateSpecClaim_10_31_CreateCase	CREATE_CLAIM_SPECCaseshare	1732530139288	1732530146270	OK	 
GROUP	Civil_CreateSpecClaim_10_31_CreateCase	1732530139287	1732530146287	6982	OK
REQUEST	Civil_CreateSpecClaim_10_32_CreateCase	CREATE_CLAIM_SPECSOT_Submit	1732530149141	1732530149919	KO	status.find.in([200, 209], 304), found 500
GROUP	Civil_CreateSpecClaim_10_32_CreateCase	1732530149139	1732530149926	778	KO
ERROR	CREATE_CLAIM_SPECGetCase: No attribute named 'caseId' is defined 	1732530152506
GROUP	Civil_CreateSpecClaim_10_33_APIRoleAssignment	1732530152497	1732530152506	0	KO
ERROR	