RUN	uk.gov.hmcts.reform.civildamage.performance.simulations.SimulateScenario	simulatescenario	1732115129359	 	3.12.0
USER	UnSpec_CreateClaim	START	1732115129884
REQUEST	XUI_010_Home	005_Home	1732115129882	1732115130089	OK	 
REQUEST	XUI_010_Home	Common_000_ConfigurationUI	1732115130104	1732115130155	OK	 
REQUEST	XUI_010_Home	Common_000_ConfigJson	1732115130158	1732115130221	OK	 
REQUEST	XUI_010_Home	Common_000_TsAndCs	1732115130222	1732115130283	OK	 
REQUEST	XUI_010_Home	Common_000_ConfigUI	1732115130284	1732115130328	OK	 
REQUEST	XUI_010_Home	Common_000_UserDetails	1732115130330	1732115130377	OK	 
REQUEST	XUI_010_Home	Common_000_IsAuthenticated	1732115130385	1732115130437	OK	 
REQUEST	XUI_010_Home	010_auth	1732115130442	1732115130487	OK	 
REQUEST	XUI_010_Home	010_auth Redirect 1	1732115130493	1732115131341	OK	 
REQUEST	XUI_010_Home	010_auth Redirect 2	1732115131344	1732115131425	OK	 
GROUP	XUI_010_Home	1732115129876	1732115131432	1499	OK
REQUEST	XUI_020_Login	005_clientId	1732115135211	1732115135519	OK	 
REQUEST	XUI_020_Login	005_clientId Redirect 1	1732115135528	1732115136196	OK	 
REQUEST	XUI_020_Login	005_clientId Redirect 2	1732115136199	1732115136338	OK	 
REQUEST	XUI_020_Login	Common_000_ConfigurationUI	1732115136340	1732115136405	OK	 
REQUEST	XUI_020_Login	Common_000_ConfigUI	1732115136408	1732115136471	OK	 
REQUEST	XUI_020_Login	Common_000_TsAndCs	1732115136474	1732115136528	OK	 
REQUEST	XUI_020_Login	Common_000_IsAuthenticated	1732115136531	1732115136591	OK	 
REQUEST	XUI_020_Login	Common_000_UserDetails	1732115136594	1732115137472	OK	 
REQUEST	XUI_020_Login	Common_000_MonitoringTools	1732115137474	1732115137573	OK	 
REQUEST	XUI_020_Login	Common_000_IsAuthenticated	1732115137598	1732115137694	OK	 
GROUP	XUI_020_Login	1732115135200	1732115137701	2430	OK
REQUEST	CivilDamage_UnSpecClaim_10_01_CreateCase	create	1732115140982	1732115143000	OK	 
GROUP	CivilDamage_UnSpecClaim_10_01_CreateCase	1732115140980	1732115143002	2018	OK
REQUEST	CivilDamage_UnSpecClaim_10_02_CreateCase	IgnoreWarning	1732115146170	1732115149840	OK	 
GROUP	CivilDamage_UnSpecClaim_10_02_CreateCase	1732115146166	1732115149886	3670	OK
REQUEST	CivilDamage_UnSpecClaim_10_03_CreateCase	CLAIMEligibility	1732115153659	1732115156066	OK	 
GROUP	CivilDamage_UnSpecClaim_10_03_CreateCase	1732115153651	1732115156069	2407	OK
REQUEST	CivilDamage_UnSpecClaim_10_04_CreateCase	CLAIMReferences	1732115159914	1732115160591	OK	 
GROUP	CivilDamage_UnSpecClaim_10_04_CreateCase	1732115159913	1732115160593	677	OK
REQUEST	CivilDamage_UnSpecClaim_10_05_CreateCase	CLAIMCourt	1732115163672	1732115166097	OK	 
GROUP	CivilDamage_UnSpecClaim_10_05_CreateCase	1732115163667	1732115166099	2425	OK
REQUEST	CivilDamage_UnSpecClaim_10_06_CreateCase	postcode	1732115169151	1732115170371	OK	 
GROUP	CivilDamage_UnSpecClaim_10_06_CreateCase	1732115169149	1732115170374	1220	OK
REQUEST	CivilDamage_UnSpecClaim_10_07_CreateCase	CLAIMClaimant	1732115172772	1732115173520	OK	 
GROUP	CivilDamage_UnSpecClaim_10_07_CreateCase	1732115172768	1732115173523	748	OK
REQUEST	CivilDamage_UnSpecClaim_10_08_CreateCase	CREATE_CLAIMClaimantLitigationFriend	1732115176156	1732115177628	OK	 
GROUP	CivilDamage_UnSpecClaim_10_08_CreateCase	1732115176155	1732115177631	1472	OK
REQUEST	CivilDamage_UnSpecClaim_10_09_CreateCase	CREATE_CLAIMNotifications	1732115181148	1732115182729	OK	 
GROUP	CivilDamage_UnSpecClaim_10_09_CreateCase	1732115181144	1732115182731	1581	OK
REQUEST	CivilDamage_UnSpecClaim_10_10_CreateCase	ClaimantSolicitorOrganisation	1732115186595	1732115187786	OK	 
GROUP	CivilDamage_UnSpecClaim_10_10_CreateCase	1732115186592	1732115187787	1191	OK
REQUEST	CivilDamage_UnSpecClaim_10_11_CreateCase	ClaimantSolicitorAddres	1732115191144	1732115192510	OK	 
GROUP	CivilDamage_UnSpecClaim_10_11_CreateCase	1732115191141	1732115192512	1366	OK
REQUEST	CivilDamage_UnSpecClaim_10_12_CreateCase	AddAnotherClaimant	1732115195802	1732115196944	OK	 
GROUP	CivilDamage_UnSpecClaim_10_12_CreateCase	1732115195800	1732115196946	1142	OK
REQUEST	CivilDamage_UnSpecClaim_10_13_CreateCase	postcode	1732115200704	1732115201866	OK	 
GROUP	CivilDamage_UnSpecClaim_10_13_CreateCase	1732115200702	1732115201867	1162	OK
REQUEST	CivilDamage_UnSpecClaim_10_14_CreateCase	CLAIMDefendant	1732115204592	1732115205765	OK	 
GROUP	CivilDamage_UnSpecClaim_10_14_CreateCase	1732115204590	1732115205768	1173	OK
REQUEST	CivilDamage_UnSpecClaim_10_15_CreateCase	LegalRepresentation	1732115208913	1732115209541	OK	 
GROUP	CivilDamage_UnSpecClaim_10_15_CreateCase	1732115208910	1732115209543	628	OK
REQUEST	CivilDamage_UnSpecClaim_10_16_CreateCase	DefendantSolicitorOrganisation	1732115211721	1732115212584	OK	 
GROUP	CivilDamage_UnSpecClaim_10_16_CreateCase	1732115211718	1732115212587	863	OK
REQUEST	CivilDamage_UnSpecClaim_10_17_CreateCase	DefendantSolicitorServiceAddress	1732115215047	1732115215952	OK	 
GROUP	CivilDamage_UnSpecClaim_10_17_CreateCase	1732115215045	1732115215954	905	OK
REQUEST	CivilDamage_UnSpecClaim_10_18_CreateCase	CLAIMAddAnotherDefendant	1732115218526	1732115219474	OK	 
GROUP	CivilDamage_UnSpecClaim_10_18_CreateCase	1732115218523	1732115219477	948	OK
REQUEST	CivilDamage_UnSpecClaim_10_19_CreateCase	AddAnotherDefendant	1732115222090	1732115222511	OK	 
GROUP	CivilDamage_UnSpecClaim_10_19_CreateCase	1732115222087	1732115222513	421	OK
REQUEST	CivilDamage_UnSpecClaim_10_20_CreateCase	CLAIMClaimType	1732115226302	1732115227153	OK	 
GROUP	CivilDamage_UnSpecClaim_10_20_CreateCase	1732115226299	1732115227154	851	OK
REQUEST	CivilDamage_UnSpecClaim_10_21_CreateCase	CLAIMDetails	1732115229507	1732115230591	OK	 
GROUP	CivilDamage_UnSpecClaim_10_21_CreateCase	1732115229505	1732115230594	1084	OK
REQUEST	CivilDamage_UnSpecClaim_10_22_CreateCase	CLAIMUploadParticularsOfClaim	1732115233239	1732115233830	OK	 
GROUP	CivilDamage_UnSpecClaim_10_22_CreateCase	1732115233236	1732115233831	591	OK
REQUEST	CivilDamage_UnSpecClaim_10_23_CreateCase	CLAIMClaimValue	1732115237247	1732115239259	OK	 
GROUP	CivilDamage_UnSpecClaim_10_23_CreateCase	1732115237244	1732115239262	2012	OK
REQUEST	CivilDamage_UnSpecClaim_10_24_CreateCase	CLAIMPbaNumber	1732115242271	1732115242674	OK	 
GROUP	CivilDamage_UnSpecClaim_10_24_CreateCase	1732115242268	1732115242676	403	OK
REQUEST	CivilDamage_UnSpecClaim_10_25_CreateCase	StatementOfTruth	1732115245058	1732115245917	OK	 
GROUP	CivilDamage_UnSpecClaim_10_25_CreateCase	1732115245055	1732115245918	859	OK
REQUEST	CivilDamage_UnSpecClaim_10_26_CreateCase	Submit_Claim	1732115248175	1732115250928	OK	 
GROUP	CivilDamage_UnSpecClaim_10_26_CreateCase	1732115248172	1732115250933	2753	OK
REQUEST	CivilDamage_UnSpecClaim_10_27_CaseCreated	CaseCreated	1732115254250	1732115255731	OK	 
GROUP	CivilDamage_UnSpecClaim_10_27_CaseCreated	1732115254247	1732115255736	1481	OK
REQUEST	CivilDamage_UnSpecClaim_10_28_APIRoleAssignment	APIRoleAssignment	1732115255737	1732115256133	OK	 
GROUP	CivilDamage_UnSpecClaim_10_28_APIRoleAssignment	1732115255736	1732115256135	396	OK
REQUEST	CivilDamage_UnspecClaim_10_29_SupportedJurisdiction	SupportedJurisdiction	1732115256136	1732115256220	OK	 
GROUP	CivilDamage_UnspecClaim_10_29_SupportedJurisdiction	1732115256135	1732115256222	84	OK
REQUEST	Civil_CreateClaim_005_MakePayment	005_PaymentGroups	1732115258453	1732115261062	OK	 
REQUEST	Civil_CreateClaim_005_MakePayment	010_ServiceTab	1732115261064	1732115261158	OK	 
REQUEST	Civil_CreateClaim_005_MakePayment	015_case_ids	1732115261161	1732115261869	OK	 
GROUP	Civil_CreateClaim_005_MakePayment	1732115258446	1732115261879	3411	OK
REQUEST	Civil_CreateClaim_010_MakePay	005_PayNow	1732115263883	1732115265306	OK	 
GROUP	Civil_CreateClaim_010_MakePay	1732115263880	1732115265308	1423	OK
REQUEST	Civil_CreateClaim_010_MakePay	005_ConfirmPay	1732115267313	1732115269954	OK	 
GROUP	Civil_CreateClaim_010_MakePay	1732115267310	1732115269955	2641	OK
REQUEST	Civil_UnSpecClaim_10_NotifyDEF	005_jurisdiction	1732115273854	1732115274971	OK	 
REQUEST	Civil_UnSpecClaim_10_NotifyDEF	010_Profile	1732115274971	1732115277039	OK	 
REQUEST	Civil_UnSpecClaim_10_NotifyDEF	015_warning	1732115322047	1732115323944	OK	 
REQUEST	Civil_UnSpecClaim_10_NotifyDEF	020_jurisdiction	1732115323955	1732115325247	OK	 
GROUP	Civil_UnSpecClaim_10_NotifyDEF	1732115273853	1732115325248	6374	OK
REQUEST	Civil_UnSpecClaim_10_NotifyDEF	005_CLAIMAccessGrantedWarning	1732115327462	1732115329656	OK	 
GROUP	Civil_UnSpecClaim_10_NotifyDEF	1732115327459	1732115329657	2194	OK
REQUEST	Civil_UnSpecClaim_10_NotifyDEF	330_SubmitNotification	1732115333105	1732115335528	OK	 
REQUEST	Civil_UnSpecClaim_10_NotifyDEF	335_getCases	1732115335531	1732115337288	OK	 
GROUP	Civil_UnSpecClaim_10_NotifyDEF	1732115333102	1732115337292	4180	OK
REQUEST	Civil_UnSpecClaim_10_NotifyDEF	005_APIRoleAssignment	1732115339741	1732115340146	OK	 
GROUP	Civil_UnSpecClaim_10_NotifyDEF	1732115339738	1732115340148	405	OK
REQUEST	Civil_UnSpecClaim_10_NotifyDEF	010_SupportedJurisdiction	1732115340150	1732115340712	OK	 
GROUP	Civil_UnSpecClaim_10_NotifyDEF	1732115340148	1732115340714	562	OK
REQUEST	Civil_UnSpecClaim_10_NotifyDetails	005_jurisdiction	1732115344130	1732115344606	OK	 
REQUEST	Civil_UnSpecClaim_10_NotifyDetails	010_IgnoreWarning	1732115344609	1732115346384	OK	 
REQUEST	Civil_UnSpecClaim_10_NotifyDetails	020_jurisdiction	1732115346394	1732115347077	OK	 
GROUP	Civil_UnSpecClaim_10_NotifyDetails	1732115344126	1732115347080	2934	OK
REQUEST	Civil_UnSpecClaim_10_NotifyDetails	005_DetailsUpload	1732115349333	1732115349951	OK	 
GROUP	Civil_UnSpecClaim_10_NotifyDetails	1732115349331	1732115349953	618	OK
REQUEST	Civil_UnSpecClaim_10_NotifyDetails	005_SubmitNotifyDetails	1732115352704	1732115354312	OK	 
REQUEST	Civil_UnSpecClaim_10_NotifyDetails	010_getCases	1732115354314	1732115355260	OK	 
GROUP	Civil_UnSpecClaim_10_NotifyDetails	1732115352701	1732115355267	2554	OK
REQUEST	Civil_UnSpecClaim_10_NotifyDetails	005_APIRoleAssignment	1732115358990	1732115359451	OK	 
GROUP	Civil_UnSpecClaim_10_NotifyDetails	1732115358988	1732115359453	461	OK
REQUEST	Civil_UnSpecClaim_10_NotifyDetails	010_SupportedJurisdiction	1732115359454	1732115359542	OK	 
GROUP	Civil_UnSpecClaim_10_NotifyDetails	1732115359453	1732115359543	88	OK
REQUEST		XUI_020_Signout	1732115361559	1732115361846	OK	 
REQUEST		XUI_020_Signout Redirect 1	1732115361847	1732115361901	OK	 
REQUEST		XUI_020_Signout Redirect 2	1732115361905	1732115362258	OK	 
REQUEST		XUI_020_Signout Redirect 3	1732115362260	1732115362345	OK	 
REQUEST	XUI_010_Home	005_Home	1732115366353	1732115366438	OK	 
REQUEST	XUI_010_Home	Common_000_ConfigurationUI	1732115366440	1732115366485	OK	 
REQUEST	XUI_010_Home	Common_000_ConfigJson	1732115366495	1732115366532	OK	 
REQUEST	XUI_010_Home	Common_000_TsAndCs	1732115366535	1732115366584	OK	 
REQUEST	XUI_010_Home	Common_000_ConfigUI	1732115366587	1732115366637	OK	 
REQUEST	XUI_010_Home	Common_000_UserDetails	1732115366638	1732115366677	OK	 
REQUEST	XUI_010_Home	Common_000_IsAuthenticated	1732115366678	1732115366713	OK	 
REQUEST	XUI_010_Home	010_auth	1732115366715	1732115366786	OK	 
REQUEST	XUI_010_Home	010_auth Redirect 1	1732115366789	1732115366855	OK	 
REQUEST	XUI_010_Home	010_auth Redirect 2	1732115366856	1732115366957	OK	 
GROUP	XUI_010_Home	1732115366352	1732115366960	578	OK
REQUEST	XUI_020_Login	005_clientId	1732115370641	1732115371023	OK	 
REQUEST	XUI_020_Login	005_clientId Redirect 1	1732115371026	1732115371642	OK	 
REQUEST	XUI_020_Login	005_clientId Redirect 2	1732115371643	1732115371802	OK	 
REQUEST	XUI_020_Login	Common_000_ConfigurationUI	1732115371804	1732115371867	OK	 
REQUEST	XUI_020_Login	Common_000_ConfigUI	1732115371868	1732115371973	OK	 
REQUEST	XUI_020_Login	Common_000_TsAndCs	1732115371976	1732115372057	OK	 
REQUEST	XUI_020_Login	Common_000_IsAuthenticated	1732115372060	1732115372100	OK	 
REQUEST	XUI_020_Login	Common_000_UserDetails	1732115372104	1732115372599	OK	 
REQUEST	XUI_020_Login	Common_000_MonitoringTools	1732115372600	1732115372671	OK	 
REQUEST	XUI_020_Login	Common_000_IsAuthenticated	1732115372671	1732115372735	OK	 
GROUP	XUI_020_Login	1732115370639	1732115372736	2076	OK
REQUEST	Civil_UnSpecClaim_20_DefResp	CIVIL_AssignCase_000_AssignCase	1732115376212	1732115378290	OK	 
GROUP	Civil_UnSpecClaim_20_DefResp	1732115376209	1732115378291	2078	OK
REQUEST	Civil_UnSpecClaim_20_DefResp	Search_005_WorkBasket	1732115378291	1732115379437	OK	 
REQUEST	Civil_UnSpecClaim_20_DefResp	Search_010_CaseReference	1732115379442	1732115381080	OK	 
GROUP	Civil_UnSpecClaim_20_DefResp	1732115378291	1732115381082	2784	OK
REQUEST	Civil_UnSpecClaim_20_DefResp	OpenCase_005_InternalCases	1732115384323	1732115385809	OK	 
GROUP	Civil_UnSpecClaim_20_DefResp	1732115384320	1732115385812	1486	OK
REQUEST	Civil_UnSpecClaim_20_DefResp	OpenCase_010_RoleAssignment	1732115385812	1732115386105	OK	 
GROUP	Civil_UnSpecClaim_20_DefResp	1732115385812	1732115386105	293	OK
REQUEST	Civil_UnSpecClaim_20_DefResp	OpenCase_015_Jurisdiction	1732115386105	1732115386184	OK	 
GROUP	Civil_UnSpecClaim_20_DefResp	1732115386105	1732115386185	79	OK
REQUEST	Civil_UnSpecClaim_20_DefResp	RespToClaim_005_jurisdiction	1732115389792	1732115391298	OK	 
REQUEST	Civil_UnSpecClaim_20_DefResp	RespToClaim_010_Profile	1732115391301	1732115394737	OK	 
REQUEST	Civil_UnSpecClaim_20_DefResp	RespToClaim_015_IgnoreWarning	1732115439749	1732115441740	OK	 
REQUEST	Civil_UnSpecClaim_20_DefResp	RespToClaim_020_jurisdiction	1732115441754	1732115442806	OK	 
GROUP	Civil_UnSpecClaim_20_DefResp	1732115389789	1732115442809	7985	OK
REQUEST	Civil_UnSpecClaim_20_DefResp	ClaimInfo_005_ConfirmDetails	1732115445872	1732115446904	OK	 
GROUP	Civil_UnSpecClaim_20_DefResp	1732115445868	1732115446906	1032	OK
REQUEST	Civil_UnSpecClaim_20_DefResp	RejectClaim_005_RespondentResponseType	1732115449451	1732115450223	OK	 
GROUP	Civil_UnSpecClaim_20_DefResp	1732115449449	1732115450224	772	OK
REQUEST	Civil_UnSpecClaim_20_DefResp	FileRef_005_SolicitorReferences	1732115453620	1732115453963	OK	 
GROUP	Civil_UnSpecClaim_20_DefResp	1732115453614	1732115453964	343	OK
REQUEST	Civil_UnSpecClaim_20_DefResp	005_UploadDefence	1732115456058	1732115458118	OK	 
GROUP	Civil_UnSpecClaim_20_DefResp	1732115456040	1732115458123	2060	OK
REQUEST	Civil_UnSpecClaim_20_DefResp	010_UploadDefence	1732115461380	1732115462415	OK	 
GROUP	Civil_UnSpecClaim_20_DefResp	1732115461377	1732115462417	1035	OK
REQUEST	Civil_UnSpecClaim_20_DefResp	005_FileDirectionsQuestionnaire	1732115466161	1732115466768	OK	 
GROUP	Civil_UnSpecClaim_20_DefResp	1732115466158	1732115466770	607	OK
REQUEST	Civil_UnSpecClaim_20_DefResp	005_FixedRecoverableCosts	1732115469546	1732115470283	OK	 
GROUP	Civil_UnSpecClaim_20_DefResp	1732115469543	1732115470284	737	OK
REQUEST	Civil_UnSpecClaim_20_DefResp	005_DisclosureOfNonElectronicDocuments	1732115472425	1732115473384	OK	 
GROUP	Civil_UnSpecClaim_20_DefResp	1732115472422	1732115473386	959	OK
REQUEST	Civil_UnSpecClaim_20_DefResp	005_RESPONSEExperts	1732115476732	1732115477852	OK	 
GROUP	Civil_UnSpecClaim_20_DefResp	1732115476730	1732115477853	1120	OK
REQUEST	Civil_UnSpecClaim_20_DefResp	005_RESPONSEWitnesses	1732115481555	1732115482480	OK	 
GROUP	Civil_UnSpecClaim_20_DefResp	1732115481553	1732115482483	925	OK
REQUEST	Civil_UnSpecClaim_20_DefResp	005_RESPONSELanguage	1732115486062	1732115486531	OK	 
GROUP	Civil_UnSpecClaim_20_DefResp	1732115486059	1732115486533	469	OK
REQUEST	Civil_UnSpecClaim_20_DefResp	005_RESPONSEHearing	1732115490373	1732115491448	OK	 
GROUP	Civil_UnSpecClaim_20_DefResp	1732115490370	1732115491450	1075	OK
REQUEST	Civil_UnSpecClaim_20_DefResp	005_UploadDraftDirection	1732115494753	1732115496717	OK	 
GROUP	Civil_UnSpecClaim_20_DefResp	1732115494748	1732115496720	1964	OK
REQUEST	Civil_UnSpecClaim_20_DefResp	005_RESPONSEDraftDirections	1732115499416	1732115500093	OK	 
GROUP	Civil_UnSpecClaim_20_DefResp	1732115499414	1732115500093	677	OK
REQUEST	Civil_UnSpecClaim_20_DefResp	005_RESPONSERequestedCourt	1732115502338	1732115503149	OK	 
GROUP	Civil_UnSpecClaim_20_DefResp	1732115502336	1732115503151	811	OK
REQUEST	Civil_UnSpecClaim_20_DefResp	005_RESPONSEHearingSupport	1732115506684	1732115507217	OK	 
GROUP	Civil_UnSpecClaim_20_DefResp	1732115506680	1732115507219	533	OK
REQUEST	Civil_UnSpecClaim_20_DefResp	005_RESPONSEVulnerabilityQuestions	1732115510179	1732115511107	OK	 
GROUP	Civil_UnSpecClaim_20_DefResp	1732115510178	1732115511109	928	OK
REQUEST	Civil_UnSpecClaim_20_DefResp	005_RESPONSEFurtherInformation	1732115513328	1732115514081	OK	 
GROUP	Civil_UnSpecClaim_20_DefResp	1732115513325	1732115514083	753	OK
REQUEST	Civil_UnSpecClaim_20_DefResp	005_RESPONSEStatementOfTruth	1732115516462	1732115517385	OK	 
GROUP	Civil_UnSpecClaim_20_DefResp	1732115516458	1732115517388	923	OK
REQUEST	Civil_UnSpecClaim_20_DefResp	005_Submit	1732115520003	1732115523329	OK	 
REQUEST	Civil_UnSpecClaim_20_DefResp	010_DefenceSubmitted	1732115523332	1732115524761	OK	 
GROUP	Civil_UnSpecClaim_20_DefResp	1732115520002	1732115524763	4755	OK
REQUEST		XUI_020_Signout	1732115528221	1732115528617	OK	 
REQUEST		XUI_020_Signout Redirect 1	1732115528620	1732115528699	OK	 
REQUEST		XUI_020_Signout Redirect 2	1732115528701	1732115529189	OK	 
REQUEST		XUI_020_Signout Redirect 3	1732115529191	1732115529268	OK	 
REQUEST	XUI_010_Home	005_Home	1732115533275	1732115533336	OK	 
REQUEST	XUI_010_Home	Common_000_ConfigurationUI	1732115533337	1732115533381	OK	 
REQUEST	XUI_010_Home	Common_000_ConfigJson	1732115533384	1732115533447	OK	 
REQUEST	XUI_010_Home	Common_000_TsAndCs	1732115533449	1732115533492	OK	 
REQUEST	XUI_010_Home	Common_000_ConfigUI	1732115533495	1732115533566	OK	 
REQUEST	XUI_010_Home	Common_000_UserDetails	1732115533568	1732115533603	OK	 
REQUEST	XUI_010_Home	Common_000_IsAuthenticated	1732115533604	1732115533638	OK	 
REQUEST	XUI_010_Home	010_auth	1732115533640	1732115533688	OK	 
REQUEST	XUI_010_Home	010_auth Redirect 1	1732115533689	1732115533726	OK	 
REQUEST	XUI_010_Home	010_auth Redirect 2	1732115533728	1732115534010	OK	 
GROUP	XUI_010_Home	1732115533273	1732115534011	718	OK
REQUEST	XUI_020_Login	005_clientId	1732115538009	1732115538175	OK	 
REQUEST	XUI_020_Login	005_clientId Redirect 1	1732115538177	1732115538742	OK	 
REQUEST	XUI_020_Login	005_clientId Redirect 2	1732115538745	1732115538796	OK	 
REQUEST	XUI_020_Login	Common_000_ConfigurationUI	1732115538798	1732115538840	OK	 
REQUEST	XUI_020_Login	Common_000_ConfigUI	1732115538840	1732115538893	OK	 
REQUEST	XUI_020_Login	Common_000_TsAndCs	1732115538897	1732115538948	OK	 
REQUEST	XUI_020_Login	Common_000_IsAuthenticated	1732115538952	1732115538999	OK	 
REQUEST	XUI_020_Login	Common_000_UserDetails	1732115539003	1732115539304	OK	 
REQUEST	XUI_020_Login	Common_000_MonitoringTools	1732115539308	1732115539439	OK	 
REQUEST	XUI_020_Login	Common_000_IsAuthenticated	1732115539443	1732115539517	OK	 
GROUP	XUI_020_Login	1732115538006	1732115539520	1481	OK
REQUEST	Civil_UnSpecClaim_30_ClaimantResp	SearchCase_005_CaseReference	1732115542485	1732115544542	OK	 
REQUEST	Civil_UnSpecClaim_30_ClaimantResp	OpenCase_005_InternalCases	1732115544544	1732115546977	OK	 
GROUP	Civil_UnSpecClaim_30_ClaimantResp	1732115542480	1732115546981	4490	OK
REQUEST	Civil_UnSpecClaim_30_ClaimantResp	OpenCase_015_RoleAssignment	1732115546982	1732115547359	OK	 
GROUP	Civil_UnSpecClaim_30_ClaimantResp	1732115546981	1732115547361	377	OK
REQUEST	Civil_UnSpecClaim_30_ClaimantResp	OpenCase_020_Jurisdiction	1732115547362	1732115547434	OK	 
GROUP	Civil_UnSpecClaim_30_ClaimantResp	1732115547361	1732115547436	72	OK
REQUEST	Civil_UnSpecClaim_30_ClaimantResp	RespToDef_005_Jurisdiction	1732115550628	1732115551759	OK	 
REQUEST	Civil_UnSpecClaim_30_ClaimantResp	RespToDef_010_profile	1732115551763	1732115553378	OK	 
REQUEST	Civil_UnSpecClaim_30_ClaimantResp	RespToDef_015_IgnoreWarning	1732115553380	1732115555957	OK	 
REQUEST	Civil_UnSpecClaim_30_ClaimantResp	RespToDef_020_jurisdiction	1732115555970	1732115557288	OK	 
GROUP	Civil_UnSpecClaim_30_ClaimantResp	1732115550625	1732115557290	6641	OK
REQUEST	Civil_UnSpecClaim_30_ClaimantResp	005_RespondentResponse	1732115560100	1732115561203	OK	 
GROUP	Civil_UnSpecClaim_30_ClaimantResp	1732115560099	1732115561205	1103	OK
REQUEST	Civil_UnSpecClaim_30_ClaimantResp	005_DefenceResponseDocument	1732115563278	1732115563946	OK	 
GROUP	Civil_UnSpecClaim_30_ClaimantResp	1732115563274	1732115563948	668	OK
REQUEST	Civil_UnSpecClaim_30_ClaimantResp	005_FileDirectionsQuestionnaire	1732115567493	1732115568704	OK	 
GROUP	Civil_UnSpecClaim_30_ClaimantResp	1732115567490	1732115568706	1211	OK
REQUEST	Civil_UnSpecClaim_30_ClaimantResp	005_FixedRecoverableCosts	1732115572443	1732115573599	OK	 
GROUP	Civil_UnSpecClaim_30_ClaimantResp	1732115572440	1732115573600	1156	OK
REQUEST	Civil_UnSpecClaim_30_ClaimantResp	005_DisclosureOfNonElectronicDocuments	1732115576127	1732115576953	OK	 
GROUP	Civil_UnSpecClaim_30_ClaimantResp	1732115576124	1732115576954	826	OK
REQUEST	Civil_UnSpecClaim_30_ClaimantResp	005_Experts	1732115579831	1732115580553	OK	 
GROUP	Civil_UnSpecClaim_30_ClaimantResp	1732115579829	1732115580556	722	OK
REQUEST	Civil_UnSpecClaim_30_ClaimantResp	005_Witnesses	1732115584221	1732115585524	OK	 
GROUP	Civil_UnSpecClaim_30_ClaimantResp	1732115584219	1732115585527	1303	OK
REQUEST	Civil_UnSpecClaim_30_ClaimantResp	005_Language	1732115589015	1732115589753	OK	 
GROUP	Civil_UnSpecClaim_30_ClaimantResp	1732115589012	1732115589755	738	OK
REQUEST	Civil_UnSpecClaim_30_ClaimantResp	005_Hearing	1732115593535	1732115594833	OK	 
GROUP	Civil_UnSpecClaim_30_ClaimantResp	1732115593533	1732115594835	1298	OK
REQUEST	Civil_UnSpecClaim_30_ClaimantResp	005_UploadDraftDirection	1732115597021	1732115598812	OK	 
GROUP	Civil_UnSpecClaim_30_ClaimantResp	1732115597019	1732115598815	1791	OK
REQUEST	Civil_UnSpecClaim_30_ClaimantResp	010_DraftDirections	1732115602475	1732115603389	OK	 
GROUP	Civil_UnSpecClaim_30_ClaimantResp	1732115602472	1732115603390	914	OK
REQUEST	Civil_UnSpecClaim_30_ClaimantResp	005_HearingSupport	1732115607122	1732115607979	OK	 
GROUP	Civil_UnSpecClaim_30_ClaimantResp	1732115607119	1732115607981	857	OK
REQUEST	Civil_UnSpecClaim_30_ClaimantResp	005_VulnerabilityQuestions	1732115611327	1732115611869	OK	 
GROUP	Civil_UnSpecClaim_30_ClaimantResp	1732115611324	1732115611870	542	OK
REQUEST	Civil_UnSpecClaim_30_ClaimantResp	005_FurtherInformation	1732115613916	1732115614838	OK	 
GROUP	Civil_UnSpecClaim_30_ClaimantResp	1732115613914	1732115614839	922	OK
REQUEST	Civil_UnSpecClaim_30_ClaimantResp	005_StatementOfTruth	1732115617609	1732115619356	OK	 
GROUP	Civil_UnSpecClaim_30_ClaimantResp	1732115617606	1732115619357	1747	OK
REQUEST	Civil_UnSpecClaim_30_ClaimantResp	005_Submit	1732115621985	1732115625470	OK	 
REQUEST	Civil_UnSpecClaim_30_ClaimantResp	010_ProceedWithClaim	1732115625471	1732115626911	OK	 
GROUP	Civil_UnSpecClaim_30_ClaimantResp	1732115621982	1732115626913	4925	OK
REQUEST		XUI_020_Signout	1732115629557	1732115629995	OK	 
REQUEST		XUI_020_Signout Redirect 1	1732115629997	1732115630070	OK	 
REQUEST		XUI_020_Signout Redirect 2	1732115630072	1732115630211	OK	 
REQUEST		XUI_020_Signout Redirect 3	1732115630211	1732115630291	OK	 
REQUEST	XUI_010_Home	005_Home	1732115634295	1732115634345	OK	 
REQUEST	XUI_010_Home	Common_000_ConfigurationUI	1732115634346	1732115634391	OK	 
REQUEST	XUI_010_Home	Common_000_ConfigJson	1732115634395	1732115634465	OK	 
REQUEST	XUI_010_Home	Common_000_TsAndCs	1732115634468	1732115634536	OK	 
REQUEST	XUI_010_Home	Common_000_ConfigUI	1732115634538	1732115634586	OK	 
REQUEST	XUI_010_Home	Common_000_UserDetails	1732115634588	1732115634637	OK	 
REQUEST	XUI_010_Home	Common_000_IsAuthenticated	1732115634639	1732115634678	OK	 
REQUEST	XUI_010_Home	010_auth	1732115634679	1732115634717	OK	 
REQUEST	XUI_010_Home	010_auth Redirect 1	1732115634720	1732115634895	OK	 
REQUEST	XUI_010_Home	010_auth Redirect 2	1732115634897	1732115635065	OK	 
GROUP	XUI_010_Home	1732115634294	1732115635066	750	OK
REQUEST	XUI_020_Login	005_clientId	1732115638838	1732115639015	OK	 
REQUEST	XUI_020_Login	005_clientId Redirect 1	1732115639017	1732115639619	OK	 
REQUEST	XUI_020_Login	005_clientId Redirect 2	1732115639621	1732115639666	OK	 
REQUEST	XUI_020_Login	Common_000_ConfigurationUI	1732115639672	1732115639737	OK	 
REQUEST	XUI_020_Login	Common_000_ConfigUI	1732115639740	1732115639798	OK	 
REQUEST	XUI_020_Login	Common_000_TsAndCs	1732115639802	1732115639846	OK	 
REQUEST	XUI_020_Login	Common_000_IsAuthenticated	1732115639848	1732115639891	OK	 
REQUEST	XUI_020_Login	Common_000_UserDetails	1732115639893	1732115640164	OK	 
REQUEST	XUI_020_Login	Common_000_MonitoringTools	1732115640167	1732115640262	OK	 
REQUEST	XUI_020_Login	Common_000_IsAuthenticated	1732115640264	1732115640389	OK	 
GROUP	XUI_020_Login	1732115638836	1732115640392	1525	OK
REQUEST	Civil_UnSpecClaim_40_SDO	005_HealthCheck	1732115643667	1732115643720	OK	 
REQUEST	Civil_UnSpecClaim_40_SDO	005_RegionLocation	1732115643724	1732115644431	OK	 
REQUEST	Civil_UnSpecClaim_40_SDO	005_GetMyAccess	1732115644435	1732115644738	OK	 
REQUEST	Civil_UnSpecClaim_40_SDO	010_GetMyAccess	1732115644740	1732115645250	OK	 
REQUEST	Civil_UnSpecClaim_40_SDO	005_TypesOfWork	1732115645255	1732115645969	OK	 
REQUEST	Civil_UnSpecClaim_40_SDO	005_Jurisdiction	1732115645971	1732115646063	OK	 
REQUEST	Civil_UnSpecClaim_40_SDO	005_WorkAllocationTask	1732115646063	1732115646975	OK	 
REQUEST	Civil_UnSpecClaim_40_SDO	010_Jurisdiction	1732115646978	1732115647020	OK	 
REQUEST	Civil_UnSpecClaim_40_SDO	005_GetUsersByServiceName	1732115647023	1732115647643	OK	 
REQUEST	Civil_UnSpecClaim_40_SDO	010_WorkAllocationTask	1732115647644	1732115649112	OK	 
REQUEST	Civil_UnSpecClaim_40_SDO	005_GetJudicialUsers	1732115649117	1732115649858	OK	 
GROUP	Civil_UnSpecClaim_40_SDO	1732115643666	1732115649859	6162	OK
REQUEST	Civil_UnSpecClaim_40_SDO	005_SearchCase	1732115651988	1732115653287	OK	 
REQUEST	Civil_UnSpecClaim_40_SDO	010_SearchCase	1732115653290	1732115654993	OK	 
REQUEST	Civil_UnSpecClaim_40_SDO	015_SearchCase	1732115654995	1732115657761	OK	 
GROUP	Civil_UnSpecClaim_40_SDO	1732115651986	1732115657762	5768	OK
REQUEST	Civil_UnSpecClaim_40_SDO	005_OpenCase	1732115661395	1732115662792	OK	 
GROUP	Civil_UnSpecClaim_40_SDO	1732115661393	1732115662795	1397	OK
REQUEST	Civil_UnSpecClaim_40_SDO	010_OpenCase	1732115662796	1732115663212	OK	 
GROUP	Civil_UnSpecClaim_40_SDO	1732115662795	1732115663214	416	OK
REQUEST	Civil_UnSpecClaim_40_SDO	015_OpenCase	1732115663215	1732115663288	OK	 
GROUP	Civil_UnSpecClaim_40_SDO	1732115663214	1732115663289	73	OK
REQUEST	Civil_UnSpecClaim_40_SDO	005_TaskTab	1732115666856	1732115667997	OK	 
REQUEST	Civil_UnSpecClaim_40_SDO	010_TaskTab	1732115668003	1732115668117	OK	 
GROUP	Civil_UnSpecClaim_40_SDO	1732115666855	1732115668121	1255	OK
REQUEST	Civil_UnSpecClaim_40_SDO	005_AssignToMe	1732115671990	1732115672591	OK	 
REQUEST	Civil_UnSpecClaim_40_SDO	010_AssignToMe	1732115672594	1732115673830	OK	 
REQUEST	Civil_UnSpecClaim_40_SDO	015_AssignToMe	1732115673834	1732115674468	OK	 
GROUP	Civil_UnSpecClaim_40_SDO	1732115671988	1732115674470	2471	OK
REQUEST	Civil_UnSpecClaim_40_SDO	005_FastTrack	1732115676776	1732115676875	OK	 
REQUEST	Civil_UnSpecClaim_40_SDO	Common_000_ConfigurationUI	1732115676878	1732115676949	OK	 
REQUEST	Civil_UnSpecClaim_40_SDO	Common_000_ConfigUI	1732115676953	1732115677036	OK	 
REQUEST	Civil_UnSpecClaim_40_SDO	Common_000_TsAndCs	1732115677037	1732115677135	OK	 
REQUEST	Civil_UnSpecClaim_40_SDO	Common_000_UserDetails	1732115677137	1732115677223	OK	 
REQUEST	Civil_UnSpecClaim_40_SDO	Common_000_IsAuthenticated	1732115677226	1732115677303	OK	 
REQUEST	Civil_UnSpecClaim_40_SDO	Common_000_MonitoringTools	1732115677304	1732115677396	OK	 
REQUEST	Civil_UnSpecClaim_40_SDO	Common_000_MonitoringTools	1732115677399	1732115677486	OK	 
REQUEST	Civil_UnSpecClaim_40_SDO	Common_000_MonitoringTools	1732115677488	1732115677566	OK	 
REQUEST	Civil_UnSpecClaim_40_SDO	010_FastTrack	1732115677569	1732115678272	OK	 
REQUEST	Civil_UnSpecClaim_40_SDO	015_FastTrack	1732115678276	1732115679712	OK	 
REQUEST	Civil_UnSpecClaim_40_SDO	020_FastTrack	1732115679714	1732115681801	OK	 
REQUEST	Civil_UnSpecClaim_40_SDO	025_FastTrack	1732115681804	1732115685944	OK	 
GROUP	Civil_UnSpecClaim_40_SDO	1732115676774	1732115685961	9137	OK
REQUEST	Civil_UnSpecClaim_40_SDO	005_SDO_Amount	1732115689489	1732115690409	OK	 
GROUP	Civil_UnSpecClaim_40_SDO	1732115689487	1732115690411	920	OK
REQUEST	Civil_UnSpecClaim_40_SDO	005_ClaimsTrack	1732115694028	1732115695700	OK	 
GROUP	Civil_UnSpecClaim_40_SDO	1732115694026	1732115695702	1672	OK
REQUEST	Civil_UnSpecClaim_40_SDO	005_FastTrack	1732115698673	1732115703492	OK	 
GROUP	Civil_UnSpecClaim_40_SDO	1732115698672	1732115703500	4819	OK
REQUEST	Civil_UnSpecClaim_40_SDO	005_OrderPreview	1732115705624	1732115706905	OK	 
GROUP	Civil_UnSpecClaim_40_SDO	1732115705622	1732115706907	1281	OK
REQUEST	Civil_UnSpecClaim_40_SDO	005_SubmitSDO	1732115709690	1732115710226	OK	 
GROUP	Civil_UnSpecClaim_40_SDO	1732115709688	1732115710229	536	OK
REQUEST	Civil_UnSpecClaim_40_SDO	005_SubmitSDO	1732115710230	1732115712399	OK	 
REQUEST	Civil_UnSpecClaim_40_SDO	010_SubmitSDO	1732115712400	1732115713958	OK	 
REQUEST	Civil_UnSpecClaim_40_SDO	015_SubmitSDO	1732115713963	1732115715749	OK	 
GROUP	Civil_UnSpecClaim_40_SDO	1732115710229	1732115715753	5513	OK
REQUEST		XUI_020_Signout	1732115718594	1732115718803	OK	 
REQUEST		XUI_020_Signout Redirect 1	1732115718805	1732115718902	OK	 
REQUEST		XUI_020_Signout Redirect 2	1732115718905	1732115719112	OK	 
REQUEST		XUI_020_Signout Redirect 3	1732115719114	1732115719179	OK	 
REQUEST	XUI_010_Home	005_Home	1732115723184	1732115723242	OK	 
REQUEST	XUI_010_Home	Common_000_ConfigurationUI	1732115723245	1732115723342	OK	 
REQUEST	XUI_010_Home	Common_000_ConfigJson	1732115723347	1732115723400	OK	 
REQUEST	XUI_010_Home	Common_000_TsAndCs	1732115723403	1732115723459	OK	 
REQUEST	XUI_010_Home	Common_000_ConfigUI	1732115723460	1732115723521	OK	 
REQUEST	XUI_010_Home	Common_000_UserDetails	1732115723523	1732115723563	OK	 
REQUEST	XUI_010_Home	Common_000_IsAuthenticated	1732115723566	1732115723605	OK	 
REQUEST	XUI_010_Home	010_auth	1732115723607	1732115723662	OK	 
REQUEST	XUI_010_Home	010_auth Redirect 1	1732115723663	1732115723705	OK	 
REQUEST	XUI_010_Home	010_auth Redirect 2	1732115723708	1732115723790	OK	 
GROUP	XUI_010_Home	1732115723183	1732115723794	583	OK
REQUEST	XUI_020_Login	005_clientId	1732115727644	1732115727844	OK	 
REQUEST	XUI_020_Login	005_clientId Redirect 1	1732115727845	1732115728605	OK	 
REQUEST	XUI_020_Login	005_clientId Redirect 2	1732115728607	1732115728655	OK	 
REQUEST	XUI_020_Login	Common_000_ConfigurationUI	1732115728659	1732115728711	OK	 
REQUEST	XUI_020_Login	Common_000_ConfigUI	1732115728713	1732115728861	OK	 
REQUEST	XUI_020_Login	Common_000_TsAndCs	1732115728862	1732115728940	OK	 
REQUEST	XUI_020_Login	Common_000_IsAuthenticated	1732115728944	1732115729038	OK	 
REQUEST	XUI_020_Login	Common_000_UserDetails	1732115729042	1732115729337	OK	 
REQUEST	XUI_020_Login	Common_000_MonitoringTools	1732115729340	1732115729402	OK	 
REQUEST	XUI_020_Login	Common_000_IsAuthenticated	1732115729406	1732115729462	OK	 
GROUP	XUI_020_Login	1732115727641	1732115729463	1793	OK
REQUEST	Civil_UnSpecClaim_50_HearingAdmin	005_HealthCheck	1732115732314	1732115732400	OK	 
REQUEST	Civil_UnSpecClaim_50_HearingAdmin	005_RegionLocation	1732115732406	1732115733212	OK	 
REQUEST	Civil_UnSpecClaim_50_HearingAdmin	005_GetMyAccess	1732115733215	1732115733520	OK	 
REQUEST	Civil_UnSpecClaim_50_HearingAdmin	010_GetMyAccess	1732115733522	1732115733929	OK	 
REQUEST	Civil_UnSpecClaim_50_HearingAdmin	005_TypesOfWork	1732115733931	1732115734952	OK	 
REQUEST	Civil_UnSpecClaim_50_HearingAdmin	005_Jurisdiction	1732115734952	1732115735009	OK	 
REQUEST	Civil_UnSpecClaim_50_HearingAdmin	005_WorkAllocationTask	1732115735010	1732115735875	OK	 
REQUEST	Civil_UnSpecClaim_50_HearingAdmin	010_Jurisdiction	1732115735879	1732115735923	OK	 
REQUEST	Civil_UnSpecClaim_50_HearingAdmin	005_GetUsersByServiceName	1732115735925	1732115736088	OK	 
ERROR	010_WorkAllocationTask: No attribute named 'uId_hearing"' is defined 	1732115736096
GROUP	Civil_UnSpecClaim_50_HearingAdmin	1732115732312	1732115736096	3754	KO
REQUEST	Civil_UnSpecClaim_50_HearingAdmin	005_OpenCase	1732115738587	1732115739900	OK	 
GROUP	Civil_UnSpecClaim_50_HearingAdmin	1732115738585	1732115739903	1313	OK
REQUEST	Civil_UnSpecClaim_50_HearingAdmin	010_OpenCase	1732115739903	1732115740329	OK	 
GROUP	Civil_UnSpecClaim_50_HearingAdmin	1732115739903	1732115740331	426	OK
REQUEST	Civil_UnSpecClaim_50_HearingAdmin	015_OpenCase	1732115740333	1732115740384	OK	 
GROUP	Civil_UnSpecClaim_50_HearingAdmin	1732115740331	1732115740386	51	OK
REQUEST	