RUN	uk.gov.hmcts.reform.civildamage.performance.simulations.SimulateScenario	simulatescenario	1732526241188	 	3.12.0
USER	Spec_Create_Claim	START	1732526241915
REQUEST	XUI_010_Home	005_Home	1732526241912	1732526242016	OK	 
REQUEST	XUI_010_Home	Common_000_ConfigurationUI	1732526242032	1732526242083	OK	 
REQUEST	XUI_010_Home	Common_000_ConfigJson	1732526242084	1732526242118	OK	 
REQUEST	XUI_010_Home	Common_000_TsAndCs	1732526242119	1732526242150	OK	 
REQUEST	XUI_010_Home	Common_000_ConfigUI	1732526242150	1732526242196	OK	 
REQUEST	XUI_010_Home	Common_000_UserDetails	1732526242198	1732526242226	OK	 
REQUEST	XUI_010_Home	Common_000_IsAuthenticated	1732526242229	1732526242254	OK	 
REQUEST	XUI_010_Home	010_auth	1732526242257	1732526242295	OK	 
REQUEST	XUI_010_Home	010_auth Redirect 1	1732526242302	1732526242451	OK	 
REQUEST	XUI_010_Home	010_auth Redirect 2	1732526242455	1732526242512	OK	 
GROUP	XUI_010_Home	1732526241906	1732526242517	563	OK
REQUEST	XUI_020_Login	005_clientId	1732526245760	1732526245871	OK	 
REQUEST	XUI_020_Login	005_clientId Redirect 1	1732526245881	1732526246668	OK	 
REQUEST	XUI_020_Login	005_clientId Redirect 2	1732526246671	1732526246714	OK	 
REQUEST	XUI_020_Login	Common_000_ConfigurationUI	1732526246717	1732526246755	OK	 
REQUEST	XUI_020_Login	Common_000_ConfigUI	1732526246756	1732526246830	OK	 
REQUEST	XUI_020_Login	Common_000_TsAndCs	1732526246832	1732526246870	OK	 
REQUEST	XUI_020_Login	Common_000_IsAuthenticated	1732526246872	1732526246903	OK	 
REQUEST	XUI_020_Login	Common_000_UserDetails	1732526246906	1732526247551	OK	 
REQUEST	XUI_020_Login	Common_000_MonitoringTools	1732526247552	1732526247685	OK	 
REQUEST	XUI_020_Login	Common_000_IsAuthenticated	1732526247719	1732526247802	OK	 
GROUP	XUI_020_Login	1732526245749	1732526247808	1983	OK
REQUEST	Civil_CreateSpecClaim_10_00_LandingPage	Jurisdiction	1732526250267	1732526251922	OK	 
REQUEST	Civil_CreateSpecClaim_10_00_LandingPage	Organisation	1732526251927	1732526252409	OK	 
GROUP	Civil_CreateSpecClaim_10_00_LandingPage	1732526250263	1732526252411	2137	OK
REQUEST	Civil_CreateSpecClaim_10_01_CreateCase	Create	1732526255071	1732526255248	OK	 
GROUP	Civil_CreateSpecClaim_10_01_CreateCase	1732526255069	1732526255250	177	OK
REQUEST	Civil_CreateSpecClaim_10_02_CreateCase	IgnoreWarning	1732526258352	1732526259253	OK	 
GROUP	Civil_CreateSpecClaim_10_02_CreateCase	1732526258349	1732526259300	901	OK
REQUEST	Civil_CreateSpecClaim_10_03_CreateCase	CaseChecklist	1732526261482	1732526262539	OK	 
GROUP	Civil_CreateSpecClaim_10_03_CreateCase	1732526261477	1732526262541	1057	OK
REQUEST	Civil_CreateSpecClaim_10_04_CreateCase	Eligibility	1732526264819	1732526265555	OK	 
GROUP	Civil_CreateSpecClaim_10_04_CreateCase	1732526264816	1732526265557	736	OK
REQUEST	Civil_CreateSpecClaim_10_05_CreateCase	References	1732526268830	1732526269299	OK	 
GROUP	Civil_CreateSpecClaim_10_05_CreateCase	1732526268827	1732526269301	469	OK
REQUEST	Civil_CreateSpecClaim_10_06_CreateCase	PostCodeSearch	1732526271410	1732526272508	OK	 
GROUP	Civil_CreateSpecClaim_10_06_CreateCase	1732526271407	1732526272510	1098	OK
REQUEST	Civil_CreateSpecClaim_10_07_CreateCase	Claimant	1732526275750	1732526277228	OK	 
GROUP	Civil_CreateSpecClaim_10_07_CreateCase	1732526275747	1732526277228	1478	OK
REQUEST	Civil_CreateSpecClaim_10_08_CreateCase	AddAnotherClaimant	1732526280705	1732526281178	OK	 
GROUP	Civil_CreateSpecClaim_10_08_CreateCase	1732526280702	1732526281180	473	OK
REQUEST	Civil_CreateSpecClaim_10_09_CreateCase	Notifications	1732526283827	1732526284557	OK	 
GROUP	Civil_CreateSpecClaim_10_09_CreateCase	1732526283824	1732526284559	730	OK
REQUEST	Civil_CreateSpecClaim_10_10_CreateCase	ClaimantSolOrg	1732526284560	1732526285478	OK	 
GROUP	Civil_CreateSpecClaim_10_10_CreateCase	1732526284559	1732526285480	918	OK
REQUEST	Civil_CreateSpecClaim_10_11_CreateCase	CorrespondenceAddress	1732526288898	1732526289588	OK	 
GROUP	Civil_CreateSpecClaim_10_11_CreateCase	1732526288898	1732526289588	690	OK
REQUEST	Civil_CreateSpecClaim_10_12_CreateCase	DefPostCode	1732526292247	1732526293415	OK	 
GROUP	Civil_CreateSpecClaim_10_12_CreateCase	1732526292244	1732526293417	1168	OK
REQUEST	Civil_CreateSpecClaim_10_13_CreateCase	DefendantDetails	1732526296398	1732526297559	OK	 
GROUP	Civil_CreateSpecClaim_10_13_CreateCase	1732526296393	1732526297561	1161	OK
REQUEST	Civil_CreateSpecClaim_10_14_CreateCase	DefLegalRep	1732526301083	1732526301271	OK	 
GROUP	Civil_CreateSpecClaim_10_14_CreateCase	1732526301080	1732526301273	188	OK
REQUEST	Civil_CreateSpecClaim_10_15_CreateCase	DefSolOrg	1732526303694	1732526304099	OK	 
GROUP	Civil_CreateSpecClaim_10_15_CreateCase	1732526303692	1732526304101	405	OK
REQUEST	Civil_CreateSpecClaim_10_16_CreateCase	CDefSolEmail	1732526307054	1732526307802	OK	 
GROUP	Civil_CreateSpecClaim_10_16_CreateCase	1732526307053	1732526307804	748	OK
REQUEST	Civil_CreateSpecClaim_10_17_CreateCase	DefAddr	1732526310844	1732526312435	OK	 
GROUP	Civil_CreateSpecClaim_10_17_CreateCase	1732526310842	1732526312437	1591	OK
REQUEST	Civil_CreateSpecClaim_10_18_CreateCase	AddAnotherDefendant	1732526315072	1732526315585	OK	 
GROUP	Civil_CreateSpecClaim_10_18_CreateCase	1732526315069	1732526315587	513	OK
REQUEST	Civil_CreateSpecClaim_10_19_CreateCase	FlightDelayClaim	1732526319195	1732526319985	OK	 
GROUP	Civil_CreateSpecClaim_10_19_CreateCase	1732526319192	1732526319986	790	OK
REQUEST	Civil_CreateSpecClaim_10_20_CreateCase	CaseDetails	1732526322969	1732526323409	OK	 
GROUP	Civil_CreateSpecClaim_10_20_CreateCase	1732526322968	1732526323410	440	OK
REQUEST	Civil_CreateSpecClaim_10_21_CreateCase	UploadClaimDoc	1732526327303	1732526327770	OK	 
GROUP	Civil_CreateSpecClaim_10_21_CreateCase	1732526327300	1732526327773	467	OK
REQUEST	Civil_CreateSpecClaim_10_22_CreateCase	ClaimTimeline	1732526331118	1732526332070	OK	 
GROUP	Civil_CreateSpecClaim_10_22_CreateCase	1732526331115	1732526332073	952	OK
REQUEST	Civil_CreateSpecClaim_10_23_CreateCase	SPECEvidenceList	1732526335204	1732526336166	OK	 
GROUP	Civil_CreateSpecClaim_10_23_CreateCase	1732526335202	1732526336168	962	OK
REQUEST	Civil_CreateSpecClaim_10_24_CreateCase	CREATE_CLAIM_SPECClaimAmount	1732526338227	1732526338785	OK	 
GROUP	Civil_CreateSpecClaim_10_24_CreateCase	1732526338225	1732526338788	558	OK
REQUEST	Civil_CreateSpecClaim_10_25_CreateCase	CREATE_CLAIM_SPECClaimAmountDetails	1732526341609	1732526341988	OK	 
GROUP	Civil_CreateSpecClaim_10_25_CreateCase	1732526341606	1732526341993	379	OK
REQUEST	Civil_CreateSpecClaim_10_26_CreateCase	CREATE_CLAIM_SPECClaimInterest	1732526345155	1732526345692	OK	 
GROUP	Civil_CreateSpecClaim_10_26_CreateCase	1732526345151	1732526345694	537	OK
REQUEST	Civil_CreateSpecClaim_10_27_CreateCase	CREATE_CLAIM_SPECInterestSummary	1732526347871	1732526348761	OK	 
GROUP	Civil_CreateSpecClaim_10_27_CreateCase	1732526347869	1732526348764	890	OK
REQUEST	Civil_CreateSpecClaim_10_28_CreateCase	CREATE_CLAIM_SPECPbaNumber	1732526352717	1732526353063	OK	 
GROUP	Civil_CreateSpecClaim_10_28_CreateCase	1732526352716	1732526353064	346	OK
REQUEST	Civil_CreateSpecClaim_10_29_CreateCase	CREATE_CLAIM_SPECFixedCommencementCosts	1732526355567	1732526356911	OK	 
GROUP	Civil_CreateSpecClaim_10_29_CreateCase	1732526355566	1732526356911	1344	OK
REQUEST	Civil_CreateSpecClaim_10_30_CreateCase	CREATE_CLAIM_SPECStatementOfTruth	1732526359085	1732526359515	OK	 
GROUP	Civil_CreateSpecClaim_10_30_CreateCase	1732526359083	1732526359517	430	OK
REQUEST	Civil_CreateSpecClaim_10_31_CreateCase	CREATE_CLAIM_SPECCaseshare	1732526363077	1732526364027	OK	 
GROUP	Civil_CreateSpecClaim_10_31_CreateCase	1732526363076	1732526364035	950	OK
REQUEST	Civil_CreateSpecClaim_10_32_CreateCase	CREATE_CLAIM_SPECSOT_Submit	1732526364035	1732526364736	KO	status.find.in([200, 209], 304), found 500
GROUP	Civil_CreateSpecClaim_10_32_CreateCase	1732526364035	1732526364740	701	KO
ERROR	CREATE_CLAIM_SPECGetCase: No attribute named 'caseId' is defined 	1732526368589
GROUP	Civil_CreateSpecClaim_10_33_APIRoleAssignment	1732526368584	1732526368589	0	KO
ERROR	