RUN	uk.gov.hmcts.reform.civildamage.performance.simulations.SimulateScenario	simulatescenario	1732288337909	 	3.12.0
USER	UnSpec_CreateClaim	START	1732288338490
REQUEST	XUI_010_Home	005_Home	1732288338487	1732288338578	OK	 
REQUEST	XUI_010_Home	Common_000_ConfigurationUI	1732288338594	1732288338656	OK	 
REQUEST	XUI_010_Home	Common_000_ConfigJson	1732288338657	1732288338770	OK	 
REQUEST	XUI_010_Home	Common_000_TsAndCs	1732288338771	1732288338875	OK	 
REQUEST	XUI_010_Home	Common_000_ConfigUI	1732288338877	1732288338925	OK	 
REQUEST	XUI_010_Home	Common_000_UserDetails	1732288338926	1732288338985	OK	 
REQUEST	XUI_010_Home	Common_000_IsAuthenticated	1732288338987	1732288339035	OK	 
REQUEST	XUI_010_Home	010_auth	1732288339038	1732288339092	OK	 
REQUEST	XUI_010_Home	010_auth Redirect 1	1732288339098	1732288339242	OK	 
REQUEST	XUI_010_Home	010_auth Redirect 2	1732288339244	1732288339321	OK	 
GROUP	XUI_010_Home	1732288338481	1732288339325	800	OK
REQUEST	XUI_020_Login	005_clientId	1732288342037	1732288342859	OK	 
REQUEST	XUI_020_Login	005_clientId Redirect 1	1732288342866	1732288343479	OK	 
REQUEST	XUI_020_Login	005_clientId Redirect 2	1732288343480	1732288343520	OK	 
REQUEST	XUI_020_Login	Common_000_ConfigurationUI	1732288343521	1732288343572	OK	 
REQUEST	XUI_020_Login	Common_000_ConfigUI	1732288343573	1732288343618	OK	 
REQUEST	XUI_020_Login	Common_000_TsAndCs	1732288343621	1732288343661	OK	 
REQUEST	XUI_020_Login	Common_000_IsAuthenticated	1732288343662	1732288343696	OK	 
REQUEST	XUI_020_Login	Common_000_UserDetails	1732288343699	1732288344325	OK	 
REQUEST	XUI_020_Login	Common_000_MonitoringTools	1732288344325	1732288344472	OK	 
REQUEST	XUI_020_Login	Common_000_IsAuthenticated	1732288344490	1732288344580	OK	 
GROUP	XUI_020_Login	1732288342028	1732288344584	2508	OK
REQUEST	CivilDamage_UnSpecClaim_10_00_LandingPage	Jurisdictions	1732288348237	1732288349859	OK	 
REQUEST	CivilDamage_UnSpecClaim_10_00_LandingPage	Organisation	1732288349861	1732288351991	OK	 
GROUP	CivilDamage_UnSpecClaim_10_00_LandingPage	1732288348234	1732288351991	3752	OK
REQUEST	CivilDamage_UnSpecClaim_10_01_CreateCase	create	1732288355221	1732288355580	OK	 
GROUP	CivilDamage_UnSpecClaim_10_01_CreateCase	1732288355219	1732288355583	359	OK
REQUEST	CivilDamage_UnSpecClaim_10_02_CreateCase	IgnoreWarning	1732288358164	1732288360725	OK	 
GROUP	CivilDamage_UnSpecClaim_10_02_CreateCase	1732288358162	1732288360772	2561	OK
REQUEST	CivilDamage_UnSpecClaim_10_03_CreateCase	CLAIMEligibility	1732288364293	1732288365766	OK	 
GROUP	CivilDamage_UnSpecClaim_10_03_CreateCase	1732288364285	1732288365769	1473	OK
REQUEST	CivilDamage_UnSpecClaim_10_04_CreateCase	CLAIMReferences	1732288367900	1732288368767	OK	 
GROUP	CivilDamage_UnSpecClaim_10_04_CreateCase	1732288367898	1732288368770	867	OK
REQUEST	CivilDamage_UnSpecClaim_10_05_CreateCase	CLAIMCourt	1732288372180	1732288374648	OK	 
GROUP	CivilDamage_UnSpecClaim_10_05_CreateCase	1732288372178	1732288374648	2468	OK
REQUEST	CivilDamage_UnSpecClaim_10_06_CreateCase	postcode	1732288377057	1732288378147	OK	 
GROUP	CivilDamage_UnSpecClaim_10_06_CreateCase	1732288377057	1732288378148	1090	OK
REQUEST	CivilDamage_UnSpecClaim_10_07_CreateCase	CLAIMClaimant	1732288381507	1732288382562	OK	 
GROUP	CivilDamage_UnSpecClaim_10_07_CreateCase	1732288381505	1732288382565	1055	OK
REQUEST	CivilDamage_UnSpecClaim_10_08_CreateCase	CREATE_CLAIMClaimantLitigationFriend	1732288384593	1732288385576	OK	 
GROUP	CivilDamage_UnSpecClaim_10_08_CreateCase	1732288384592	1732288385577	983	OK
REQUEST	CivilDamage_UnSpecClaim_10_09_CreateCase	CREATE_CLAIMNotifications	1732288388445	1732288389267	OK	 
GROUP	CivilDamage_UnSpecClaim_10_09_CreateCase	1732288388443	1732288389269	822	OK
REQUEST	CivilDamage_UnSpecClaim_10_10_CreateCase	ClaimantSolicitorOrganisation	1732288392628	1732288393479	OK	 
GROUP	CivilDamage_UnSpecClaim_10_10_CreateCase	1732288392627	1732288393480	851	OK
REQUEST	CivilDamage_UnSpecClaim_10_11_CreateCase	ClaimantSolicitorAddres	1732288396290	1732288396831	OK	 
GROUP	CivilDamage_UnSpecClaim_10_11_CreateCase	1732288396290	1732288396831	541	OK
REQUEST	CivilDamage_UnSpecClaim_10_12_CreateCase	AddAnotherClaimant	1732288399199	1732288400253	OK	 
GROUP	CivilDamage_UnSpecClaim_10_12_CreateCase	1732288399199	1732288400254	1054	OK
REQUEST	CivilDamage_UnSpecClaim_10_13_CreateCase	postcode	1732288404238	1732288405697	OK	 
GROUP	CivilDamage_UnSpecClaim_10_13_CreateCase	1732288404235	1732288405699	1459	OK
REQUEST	CivilDamage_UnSpecClaim_10_14_CreateCase	CLAIMDefendant	1732288408044	1732288409559	OK	 
GROUP	CivilDamage_UnSpecClaim_10_14_CreateCase	1732288408043	1732288409559	1515	OK
REQUEST	CivilDamage_UnSpecClaim_10_15_CreateCase	LegalRepresentation	1732288413202	1732288413927	OK	 
GROUP	CivilDamage_UnSpecClaim_10_15_CreateCase	1732288413201	1732288413930	725	OK
REQUEST	CivilDamage_UnSpecClaim_10_16_CreateCase	DefendantSolicitorOrganisation	1732288416119	1732288416743	OK	 
GROUP	CivilDamage_UnSpecClaim_10_16_CreateCase	1732288416118	1732288416745	624	OK
REQUEST	CivilDamage_UnSpecClaim_10_17_CreateCase	DefendantSolicitorServiceAddress	1732288419922	1732288420528	OK	 
GROUP	CivilDamage_UnSpecClaim_10_17_CreateCase	1732288419920	1732288420528	606	OK
REQUEST	CivilDamage_UnSpecClaim_10_18_CreateCase	CLAIMAddAnotherDefendant	1732288423639	1732288424747	OK	 
GROUP	CivilDamage_UnSpecClaim_10_18_CreateCase	1732288423638	1732288424750	1108	OK
REQUEST	CivilDamage_UnSpecClaim_10_19_CreateCase	AddAnotherDefendant	1732288427351	1732288428431	OK	 
GROUP	CivilDamage_UnSpecClaim_10_19_CreateCase	1732288427351	1732288428433	1080	OK
REQUEST	CivilDamage_UnSpecClaim_10_20_CreateCase	CLAIMClaimType	1732288431824	1732288432456	OK	 
GROUP	CivilDamage_UnSpecClaim_10_20_CreateCase	1732288431822	1732288432457	632	OK
REQUEST	CivilDamage_UnSpecClaim_10_21_CreateCase	CLAIMDetails	1732288434462	1732288435017	OK	 
GROUP	CivilDamage_UnSpecClaim_10_21_CreateCase	1732288434462	1732288435017	555	OK
REQUEST	CivilDamage_UnSpecClaim_10_22_CreateCase	CLAIMUploadParticularsOfClaim	1732288438107	1732288438681	OK	 
GROUP	CivilDamage_UnSpecClaim_10_22_CreateCase	1732288438104	1732288438681	574	OK
REQUEST	CivilDamage_UnSpecClaim_10_23_CreateCase	CLAIMClaimValue	1732288440885	1732288443249	OK	 
GROUP	CivilDamage_UnSpecClaim_10_23_CreateCase	1732288440883	1732288443251	2364	OK
REQUEST	CivilDamage_UnSpecClaim_10_24_CreateCase	CLAIMPbaNumber	1732288446275	1732288447409	OK	 
GROUP	CivilDamage_UnSpecClaim_10_24_CreateCase	1732288446275	1732288447410	1134	OK
REQUEST	CivilDamage_UnSpecClaim_10_25_CreateCase	StatementOfTruth	1732288450028	1732288450921	OK	 
GROUP	CivilDamage_UnSpecClaim_10_25_CreateCase	1732288450027	1732288450922	893	OK
REQUEST	CivilDamage_UnSpecClaim_10_26_CreateCase	Submit_Claim	1732288454747	1732288457433	OK	 
GROUP	CivilDamage_UnSpecClaim_10_26_CreateCase	1732288454744	1732288457435	2686	OK
REQUEST	CivilDamage_UnSpecClaim_10_27_CaseCreated	CaseCreated	1732288460645	1732288461429	OK	 
GROUP	CivilDamage_UnSpecClaim_10_27_CaseCreated	1732288460642	1732288461433	784	OK
REQUEST	CivilDamage_UnSpecClaim_10_28_APIRoleAssignment	APIRoleAssignment	1732288461435	1732288461861	OK	 
GROUP	CivilDamage_UnSpecClaim_10_28_APIRoleAssignment	1732288461433	1732288461862	426	OK
REQUEST	CivilDamage_UnspecClaim_10_29_SupportedJurisdiction	SupportedJurisdiction	1732288461864	1732288461982	OK	 
GROUP	CivilDamage_UnspecClaim_10_29_SupportedJurisdiction	1732288461862	1732288461999	118	OK
REQUEST	Civil_CreateClaim_005_MakePayment	005_PaymentGroups	1732288464734	1732288466726	OK	 
REQUEST	Civil_CreateClaim_005_MakePayment	010_ServiceTab	1732288466731	1732288466825	OK	 
REQUEST	Civil_CreateClaim_005_MakePayment	015_case_ids	1732288466830	1732288468267	OK	 
GROUP	Civil_CreateClaim_005_MakePayment	1732288464729	1732288468290	3523	OK
REQUEST	Civil_CreateClaim_010_MakePay	005_PayNow	1732288470294	1732288471601	OK	 
GROUP	Civil_CreateClaim_010_MakePay	1732288470291	1732288471604	1307	OK
REQUEST	Civil_CreateClaim_010_MakePay	005_ConfirmPay	1732288473609	1732288476106	OK	 
GROUP	Civil_CreateClaim_010_MakePay	1732288473606	1732288476107	2497	OK
REQUEST	Civil_UnSpecClaim_10_NotifyDEF	005_jurisdiction	1732288478604	1732288480342	OK	 
REQUEST	Civil_UnSpecClaim_10_NotifyDEF	010_Profile	1732288480344	1732288482786	OK	 
REQUEST	Civil_UnSpecClaim_10_NotifyDEF	015_warning	1732288527793	1732288528785	OK	 
REQUEST	Civil_UnSpecClaim_10_NotifyDEF	020_jurisdiction	1732288528795	1732288529334	OK	 
GROUP	Civil_UnSpecClaim_10_NotifyDEF	1732288478603	1732288529337	5711	OK
REQUEST	Civil_UnSpecClaim_10_NotifyDEF	005_CLAIMAccessGrantedWarning	1732288532389	1732288533069	OK	 
GROUP	Civil_UnSpecClaim_10_NotifyDEF	1732288532384	1732288533071	680	OK
REQUEST	Civil_UnSpecClaim_10_NotifyDEF	330_SubmitNotification	1732288536487	1732288538289	OK	 
REQUEST	Civil_UnSpecClaim_10_NotifyDEF	335_getCases	1732288538290	1732288539429	OK	 
GROUP	Civil_UnSpecClaim_10_NotifyDEF	1732288536485	1732288539431	2941	OK
REQUEST	Civil_UnSpecClaim_10_NotifyDEF	005_APIRoleAssignment	1732288541543	1732288541806	OK	 
GROUP	Civil_UnSpecClaim_10_NotifyDEF	1732288541541	1732288541807	263	OK
REQUEST	Civil_UnSpecClaim_10_NotifyDEF	010_SupportedJurisdiction	1732288541808	1732288541893	OK	 
GROUP	Civil_UnSpecClaim_10_NotifyDEF	1732288541807	1732288541895	85	OK
REQUEST	Civil_UnSpecClaim_10_NotifyDetails	005_jurisdiction	1732288544526	1732288545929	OK	 
REQUEST	Civil_UnSpecClaim_10_NotifyDetails	010_IgnoreWarning	1732288545931	1732288547463	OK	 
REQUEST	Civil_UnSpecClaim_10_NotifyDetails	020_jurisdiction	1732288547470	1732288548893	OK	 
GROUP	Civil_UnSpecClaim_10_NotifyDetails	1732288544523	1732288548895	4358	OK
REQUEST	Civil_UnSpecClaim_10_NotifyDetails	005_DetailsUpload	1732288551117	1732288551770	OK	 
GROUP	Civil_UnSpecClaim_10_NotifyDetails	1732288551113	1732288551770	653	OK
REQUEST	Civil_UnSpecClaim_10_NotifyDetails	005_SubmitNotifyDetails	1732288555209	1732288557133	OK	 
REQUEST	Civil_UnSpecClaim_10_NotifyDetails	010_getCases	1732288557138	1732288557630	OK	 
GROUP	Civil_UnSpecClaim_10_NotifyDetails	1732288555206	1732288557642	2416	OK
REQUEST	Civil_UnSpecClaim_10_NotifyDetails	005_APIRoleAssignment	1732288560622	1732288560976	OK	 
GROUP	Civil_UnSpecClaim_10_NotifyDetails	1732288560620	1732288560978	354	OK
REQUEST	Civil_UnSpecClaim_10_NotifyDetails	010_SupportedJurisdiction	1732288560979	1732288561121	OK	 
GROUP	Civil_UnSpecClaim_10_NotifyDetails	1732288560978	1732288561123	142	OK
REQUEST		XUI_020_Signout	1732288563686	1732288564055	OK	 
REQUEST		XUI_020_Signout Redirect 1	1732288564058	1732288564101	OK	 
REQUEST		XUI_020_Signout Redirect 2	1732288564102	1732288564274	OK	 
REQUEST		XUI_020_Signout Redirect 3	1732288564275	1732288564686	OK	 
REQUEST	XUI_010_Home	005_Home	1732288568692	1732288568727	OK	 
REQUEST	XUI_010_Home	Common_000_ConfigurationUI	1732288568728	1732288568771	OK	 
REQUEST	XUI_010_Home	Common_000_ConfigJson	1732288568772	1732288568806	OK	 
REQUEST	XUI_010_Home	Common_000_TsAndCs	1732288568809	1732288568848	OK	 
REQUEST	XUI_010_Home	Common_000_ConfigUI	1732288568851	1732288568889	OK	 
REQUEST	XUI_010_Home	Common_000_UserDetails	1732288568892	1732288568952	OK	 
REQUEST	XUI_010_Home	Common_000_IsAuthenticated	1732288568954	1732288569055	OK	 
REQUEST	XUI_010_Home	010_auth	1732288569058	1732288569127	OK	 
REQUEST	XUI_010_Home	010_auth Redirect 1	1732288569130	1732288569214	OK	 
REQUEST	XUI_010_Home	010_auth Redirect 2	1732288569215	1732288569397	OK	 
GROUP	XUI_010_Home	1732288568692	1732288569401	685	OK
REQUEST	XUI_020_Login	005_clientId	1732288572580	1732288572772	OK	 
REQUEST	XUI_020_Login	005_clientId Redirect 1	1732288572773	1732288573468	OK	 
REQUEST	XUI_020_Login	005_clientId Redirect 2	1732288573471	1732288573501	OK	 
REQUEST	XUI_020_Login	Common_000_ConfigurationUI	1732288573504	1732288573547	OK	 
REQUEST	XUI_020_Login	Common_000_ConfigUI	1732288573550	1732288573576	OK	 
REQUEST	XUI_020_Login	Common_000_TsAndCs	1732288573578	1732288573628	OK	 
REQUEST	XUI_020_Login	Common_000_IsAuthenticated	1732288573630	1732288573688	OK	 
REQUEST	XUI_020_Login	Common_000_UserDetails	1732288573690	1732288574099	OK	 
REQUEST	XUI_020_Login	Common_000_MonitoringTools	1732288574102	1732288574244	OK	 
REQUEST	XUI_020_Login	Common_000_IsAuthenticated	1732288574248	1732288574309	OK	 
GROUP	XUI_020_Login	1732288572578	1732288574311	1706	OK
REQUEST	Civil_UnSpecClaim_20_DefResp	Land_005_Jurisdictions	1732288576596	1732288579044	OK	 
REQUEST	Civil_UnSpecClaim_20_DefResp	Land_010_Organisation	1732288579060	1732288580035	OK	 
GROUP	Civil_UnSpecClaim_20_DefResp	1732288576595	1732288580037	3423	OK
REQUEST	Civil_UnSpecClaim_20_DefResp	CIVIL_AssignCase_000_AssignCase	1732288583920	1732288585140	OK	 
GROUP	Civil_UnSpecClaim_20_DefResp	1732288583918	1732288585141	1220	OK
REQUEST	Civil_UnSpecClaim_20_DefResp	Search_005_WorkBasket	1732288585142	1732288586013	OK	 
REQUEST	Civil_UnSpecClaim_20_DefResp	Search_010_CaseReference	1732288586018	1732288587820	OK	 
GROUP	Civil_UnSpecClaim_20_DefResp	1732288585141	1732288587821	2673	OK
REQUEST	Civil_UnSpecClaim_20_DefResp	OpenCase_005_InternalCases	1732288590916	1732288592259	OK	 
GROUP	Civil_UnSpecClaim_20_DefResp	1732288590913	1732288592261	1343	OK
REQUEST	Civil_UnSpecClaim_20_DefResp	OpenCase_010_RoleAssignment	1732288592261	1732288592676	OK	 
GROUP	Civil_UnSpecClaim_20_DefResp	1732288592261	1732288592678	415	OK
REQUEST	Civil_UnSpecClaim_20_DefResp	OpenCase_015_Jurisdiction	1732288592679	1732288592862	OK	 
GROUP	Civil_UnSpecClaim_20_DefResp	1732288592678	1732288592864	183	OK
REQUEST	Civil_UnSpecClaim_20_DefResp	RespToClaim_005_jurisdiction	1732288595030	1732288596715	OK	 
REQUEST	Civil_UnSpecClaim_20_DefResp	RespToClaim_010_Profile	1732288596719	1732288600127	OK	 
REQUEST	Civil_UnSpecClaim_20_DefResp	RespToClaim_015_IgnoreWarning	1732288645143	1732288646972	OK	 
REQUEST	Civil_UnSpecClaim_20_DefResp	RespToClaim_020_jurisdiction	1732288647002	1732288647813	OK	 
GROUP	Civil_UnSpecClaim_20_DefResp	1732288595027	1732288647814	7733	OK
REQUEST	Civil_UnSpecClaim_20_DefResp	ClaimInfo_005_ConfirmDetails	1732288651569	1732288652525	OK	 
GROUP	Civil_UnSpecClaim_20_DefResp	1732288651567	1732288652527	956	OK
REQUEST	Civil_UnSpecClaim_20_DefResp	RejectClaim_005_RespondentResponseType	1732288654823	1732288656343	OK	 
GROUP	Civil_UnSpecClaim_20_DefResp	1732288654820	1732288656344	1520	OK
REQUEST	Civil_UnSpecClaim_20_DefResp	FileRef_005_SolicitorReferences	1732288658604	1732288659327	OK	 
GROUP	Civil_UnSpecClaim_20_DefResp	1732288658604	1732288659328	723	OK
REQUEST	Civil_UnSpecClaim_20_DefResp	005_UploadDefence	1732288661351	1732288663424	OK	 
GROUP	Civil_UnSpecClaim_20_DefResp	1732288661336	1732288663425	2073	OK
REQUEST	Civil_UnSpecClaim_20_DefResp	010_UploadDefence	1732288673430	1732288674026	OK	 
GROUP	Civil_UnSpecClaim_20_DefResp	1732288673427	1732288674027	596	OK
REQUEST	Civil_UnSpecClaim_20_DefResp	005_FileDirectionsQuestionnaire	1732288676359	1732288677294	OK	 
GROUP	Civil_UnSpecClaim_20_DefResp	1732288676357	1732288677296	935	OK
REQUEST	Civil_UnSpecClaim_20_DefResp	005_FixedRecoverableCosts	1732288680876	1732288681707	OK	 
GROUP	Civil_UnSpecClaim_20_DefResp	1732288680874	1732288681708	831	OK
REQUEST	Civil_UnSpecClaim_20_DefResp	005_DisclosureOfNonElectronicDocuments	1732288684184	1732288685439	OK	 
GROUP	Civil_UnSpecClaim_20_DefResp	1732288684182	1732288685441	1255	OK
REQUEST	Civil_UnSpecClaim_20_DefResp	005_RESPONSEExperts	1732288689237	1732288690834	OK	 
GROUP	Civil_UnSpecClaim_20_DefResp	1732288689234	1732288690839	1597	OK
REQUEST	Civil_UnSpecClaim_20_DefResp	005_RESPONSEWitnesses	1732288694456	1732288695348	OK	 
GROUP	Civil_UnSpecClaim_20_DefResp	1732288694454	1732288695352	892	OK
REQUEST	Civil_UnSpecClaim_20_DefResp	005_RESPONSELanguage	1732288699170	1732288700243	OK	 
GROUP	Civil_UnSpecClaim_20_DefResp	1732288699167	1732288700245	1073	OK
REQUEST	Civil_UnSpecClaim_20_DefResp	005_RESPONSEHearing	1732288704000	1732288704850	OK	 
GROUP	Civil_UnSpecClaim_20_DefResp	1732288703996	1732288704853	850	OK
REQUEST	Civil_UnSpecClaim_20_DefResp	005_UploadDraftDirection	1732288707328	1732288709187	OK	 
GROUP	Civil_UnSpecClaim_20_DefResp	1732288707325	1732288709190	1859	OK
REQUEST	Civil_UnSpecClaim_20_DefResp	005_RESPONSEDraftDirections	1732288712693	1732288713474	OK	 
GROUP	Civil_UnSpecClaim_20_DefResp	1732288712690	1732288713474	781	OK
REQUEST	Civil_UnSpecClaim_20_DefResp	005_RESPONSERequestedCourt	1732288716086	1732288716949	OK	 
GROUP	Civil_UnSpecClaim_20_DefResp	1732288716083	1732288716951	863	OK
REQUEST	Civil_UnSpecClaim_20_DefResp	005_RESPONSEHearingSupport	1732288719148	1732288719801	OK	 
GROUP	Civil_UnSpecClaim_20_DefResp	1732288719146	1732288719803	653	OK
REQUEST	Civil_UnSpecClaim_20_DefResp	005_RESPONSEVulnerabilityQuestions	1732288722869	1732288723802	OK	 
GROUP	Civil_UnSpecClaim_20_DefResp	1732288722867	1732288723804	933	OK
REQUEST	Civil_UnSpecClaim_20_DefResp	005_RESPONSEFurtherInformation	1732288727249	1732288728832	OK	 
GROUP	Civil_UnSpecClaim_20_DefResp	1732288727249	1732288728834	1583	OK
REQUEST	Civil_UnSpecClaim_20_DefResp	005_RESPONSEStatementOfTruth	1732288731791	1732288733437	OK	 
GROUP	Civil_UnSpecClaim_20_DefResp	1732288731790	1732288733439	1646	OK
REQUEST	Civil_UnSpecClaim_20_DefResp	005_Submit	1732288736430	1732288740658	OK	 
REQUEST	Civil_UnSpecClaim_20_DefResp	010_DefenceSubmitted	1732288740660	1732288742873	OK	 
GROUP	Civil_UnSpecClaim_20_DefResp	1732288736429	1732288742874	6441	OK
REQUEST		XUI_020_Signout	1732288746198	1732288746474	OK	 
REQUEST		XUI_020_Signout Redirect 1	1732288746477	1732288746534	OK	 
REQUEST		XUI_020_Signout Redirect 2	1732288746536	1732288746669	OK	 
REQUEST		XUI_020_Signout Redirect 3	1732288746670	1732288746744	OK	 
REQUEST	XUI_010_Home	005_Home	1732288750749	1732288750783	OK	 
REQUEST	XUI_010_Home	Common_000_ConfigurationUI	1732288750785	1732288750817	OK	 
REQUEST	XUI_010_Home	Common_000_ConfigJson	1732288750819	1732288750861	OK	 
REQUEST	XUI_010_Home	Common_000_TsAndCs	1732288750863	1732288750895	OK	 
REQUEST	XUI_010_Home	Common_000_ConfigUI	1732288750896	1732288750992	OK	 
REQUEST	XUI_010_Home	Common_000_UserDetails	1732288750993	1732288751057	OK	 
REQUEST	XUI_010_Home	Common_000_IsAuthenticated	1732288751057	1732288751121	OK	 
REQUEST	XUI_010_Home	010_auth	1732288751122	1732288751156	OK	 
REQUEST	XUI_010_Home	010_auth Redirect 1	1732288751157	1732288751189	OK	 
REQUEST	XUI_010_Home	010_auth Redirect 2	1732288751190	1732288751249	OK	 
GROUP	XUI_010_Home	1732288750748	1732288751249	489	OK
REQUEST	XUI_020_Login	005_clientId	1732288753699	1732288753971	OK	 
REQUEST	XUI_020_Login	005_clientId Redirect 1	1732288753972	1732288754518	OK	 
REQUEST	XUI_020_Login	005_clientId Redirect 2	1732288754521	1732288754561	OK	 
REQUEST	XUI_020_Login	Common_000_ConfigurationUI	1732288754564	1732288754616	OK	 
REQUEST	XUI_020_Login	Common_000_ConfigUI	1732288754619	1732288754665	OK	 
REQUEST	XUI_020_Login	Common_000_TsAndCs	1732288754667	1732288754710	OK	 
REQUEST	XUI_020_Login	Common_000_IsAuthenticated	1732288754712	1732288754794	OK	 
REQUEST	XUI_020_Login	Common_000_UserDetails	1732288754797	1732288755427	OK	 
REQUEST	XUI_020_Login	Common_000_MonitoringTools	1732288755431	1732288755522	OK	 
REQUEST	XUI_020_Login	Common_000_IsAuthenticated	1732288755526	1732288755598	OK	 
GROUP	XUI_020_Login	1732288753697	1732288755601	1874	OK
REQUEST	Civil_UnSpecClaim_30_ClaimantResp	SearchCase_005_CaseReference	1732288759214	1732288760881	OK	 
REQUEST	Civil_UnSpecClaim_30_ClaimantResp	OpenCase_005_InternalCases	1732288760885	1732288762698	OK	 
GROUP	Civil_UnSpecClaim_30_ClaimantResp	1732288759213	1732288762706	3480	OK
REQUEST	Civil_UnSpecClaim_30_ClaimantResp	OpenCase_015_RoleAssignment	1732288762711	1732288763068	OK	 
GROUP	Civil_UnSpecClaim_30_ClaimantResp	1732288762706	1732288763069	357	OK
REQUEST	Civil_UnSpecClaim_30_ClaimantResp	OpenCase_020_Jurisdiction	1732288763071	1732288763139	OK	 
GROUP	Civil_UnSpecClaim_30_ClaimantResp	1732288763069	1732288763140	68	OK
REQUEST	Civil_UnSpecClaim_30_ClaimantResp	RespToDef_005_Jurisdiction	1732288766225	1732288767522	OK	 
REQUEST	Civil_UnSpecClaim_30_ClaimantResp	RespToDef_010_profile	1732288767523	1732288768971	OK	 
REQUEST	Civil_UnSpecClaim_30_ClaimantResp	RespToDef_015_IgnoreWarning	1732288768976	1732288770815	OK	 
REQUEST	Civil_UnSpecClaim_30_ClaimantResp	RespToDef_020_jurisdiction	1732288770839	1732288772342	OK	 
GROUP	Civil_UnSpecClaim_30_ClaimantResp	1732288766223	1732288772345	6087	OK
REQUEST	Civil_UnSpecClaim_30_ClaimantResp	005_RespondentResponse	1732288774782	1732288776382	OK	 
GROUP	Civil_UnSpecClaim_30_ClaimantResp	1732288774782	1732288776384	1600	OK
REQUEST	Civil_UnSpecClaim_30_ClaimantResp	005_DefenceResponseDocument	1732288779738	1732288780732	OK	 
GROUP	Civil_UnSpecClaim_30_ClaimantResp	1732288779738	1732288780734	994	OK
REQUEST	Civil_UnSpecClaim_30_ClaimantResp	005_FileDirectionsQuestionnaire	1732288784333	1732288785441	OK	 
GROUP	Civil_UnSpecClaim_30_ClaimantResp	1732288784332	1732288785443	1108	OK
REQUEST	Civil_UnSpecClaim_30_ClaimantResp	005_FixedRecoverableCosts	1732288787785	1732288788415	OK	 
GROUP	Civil_UnSpecClaim_30_ClaimantResp	1732288787784	1732288788417	630	OK
REQUEST	Civil_UnSpecClaim_30_ClaimantResp	005_DisclosureOfNonElectronicDocuments	1732288790913	1732288791599	OK	 
GROUP	Civil_UnSpecClaim_30_ClaimantResp	1732288790910	1732288791602	686	OK
REQUEST	Civil_UnSpecClaim_30_ClaimantResp	005_Experts	1732288793853	1732288794986	OK	 
GROUP	Civil_UnSpecClaim_30_ClaimantResp	1732288793852	1732288794986	1133	OK
REQUEST	Civil_UnSpecClaim_30_ClaimantResp	005_Witnesses	1732288797042	1732288798088	OK	 
GROUP	Civil_UnSpecClaim_30_ClaimantResp	1732288797040	1732288798091	1046	OK
REQUEST	Civil_UnSpecClaim_30_ClaimantResp	005_Language	1732288800365	1732288801221	OK	 
GROUP	Civil_UnSpecClaim_30_ClaimantResp	1732288800364	1732288801223	856	OK
REQUEST	Civil_UnSpecClaim_30_ClaimantResp	005_Hearing	1732288803232	1732288803762	OK	 
GROUP	Civil_UnSpecClaim_30_ClaimantResp	1732288803230	1732288803764	530	OK
REQUEST	Civil_UnSpecClaim_30_ClaimantResp	005_UploadDraftDirection	1732288807428	1732288810069	OK	 
GROUP	Civil_UnSpecClaim_30_ClaimantResp	1732288807419	1732288810072	2641	OK
REQUEST	Civil_UnSpecClaim_30_ClaimantResp	010_DraftDirections	1732288813863	1732288814628	OK	 
GROUP	Civil_UnSpecClaim_30_ClaimantResp	1732288813861	1732288814630	765	OK
REQUEST	Civil_UnSpecClaim_30_ClaimantResp	005_HearingSupport	1732288817824	1732288818497	OK	 
GROUP	Civil_UnSpecClaim_30_ClaimantResp	1732288817822	1732288818498	673	OK
REQUEST	Civil_UnSpecClaim_30_ClaimantResp	005_VulnerabilityQuestions	1732288821049	1732288821693	OK	 
GROUP	Civil_UnSpecClaim_30_ClaimantResp	1732288821046	1732288821694	644	OK
REQUEST	Civil_UnSpecClaim_30_ClaimantResp	005_FurtherInformation	1732288824226	1732288824718	OK	 
GROUP	Civil_UnSpecClaim_30_ClaimantResp	1732288824226	1732288824719	492	OK
REQUEST	Civil_UnSpecClaim_30_ClaimantResp	005_StatementOfTruth	1732288828451	1732288829298	OK	 
GROUP	Civil_UnSpecClaim_30_ClaimantResp	1732288828450	1732288829299	847	OK
REQUEST	Civil_UnSpecClaim_30_ClaimantResp	005_Submit	1732288833180	1732288836312	OK	 
REQUEST	Civil_UnSpecClaim_30_ClaimantResp	010_ProceedWithClaim	1732288836313	1732288837644	OK	 
GROUP	Civil_UnSpecClaim_30_ClaimantResp	1732288833180	1732288837647	4463	OK
REQUEST		XUI_020_Signout	1732288840498	1732288840846	OK	 
REQUEST		XUI_020_Signout Redirect 1	1732288840849	1732288840882	OK	 
REQUEST		XUI_020_Signout Redirect 2	1732288840884	1732288841112	OK	 
REQUEST		XUI_020_Signout Redirect 3	1732288841113	1732288841178	OK	 
REQUEST	XUI_010_Home	005_Home	1732288845182	1732288845222	OK	 
REQUEST	XUI_010_Home	Common_000_ConfigurationUI	1732288845225	1732288845283	OK	 
REQUEST	XUI_010_Home	Common_000_ConfigJson	1732288845285	1732288845314	OK	 
REQUEST	XUI_010_Home	Common_000_TsAndCs	1732288845316	1732288845342	OK	 
REQUEST	XUI_010_Home	Common_000_ConfigUI	1732288845344	1732288845405	OK	 
REQUEST	XUI_010_Home	Common_000_UserDetails	1732288845409	1732288845437	OK	 
REQUEST	XUI_010_Home	Common_000_IsAuthenticated	1732288845439	1732288845488	OK	 
REQUEST	XUI_010_Home	010_auth	1732288845491	1732288845523	OK	 
REQUEST	XUI_010_Home	010_auth Redirect 1	1732288845524	1732288845628	OK	 
REQUEST	XUI_010_Home	010_auth Redirect 2	1732288845630	1732288845686	OK	 
GROUP	XUI_010_Home	1732288845181	1732288845689	483	OK
REQUEST	XUI_020_Login	005_clientId	1732288849481	1732288849612	OK	 
REQUEST	