RUN	uk.gov.hmcts.reform.civildamage.performance.simulations.SimulateScenario	simulatescenario	1734367033768	 	3.12.0
USER	Spec_Create_Claim	START	1734367034618
REQUEST	XUI_010_Home	005_Home	1734367034616	1734367034735	OK	 
REQUEST	XUI_010_Home	Common_000_ConfigurationUI	1734367035215	1734367035247	OK	 
REQUEST	XUI_010_Home	Common_000_ConfigJson	1734367035248	1734367035276	OK	 
REQUEST	XUI_010_Home	Common_000_TsAndCs	1734367035277	1734367035324	OK	 
REQUEST	XUI_010_Home	Common_000_ConfigUI	1734367035326	1734367035400	OK	 
REQUEST	XUI_010_Home	Common_000_UserDetails	1734367035404	1734367035431	OK	 
REQUEST	XUI_010_Home	Common_000_IsAuthenticated	1734367035434	1734367035464	OK	 
REQUEST	XUI_010_Home	010_auth	1734367035468	1734367035506	OK	 
REQUEST	XUI_010_Home	010_auth Redirect 1	1734367035515	1734367035749	OK	 
REQUEST	XUI_010_Home	010_auth Redirect 2	1734367035757	1734367035801	OK	 
GROUP	XUI_010_Home	1734367034610	1734367036056	1337	OK
REQUEST	XUI_020_Login	005_clientId	1734367039943	1734367040489	OK	 
REQUEST	XUI_020_Login	005_clientId Redirect 1	1734367040500	1734367041104	OK	 
REQUEST	XUI_020_Login	005_clientId Redirect 2	1734367041107	1734367041174	OK	 
REQUEST	XUI_020_Login	Common_000_ConfigurationUI	1734367042554	1734367042592	OK	 
REQUEST	XUI_020_Login	Common_000_ConfigUI	1734367042597	1734367042634	OK	 
REQUEST	XUI_020_Login	Common_000_TsAndCs	1734367042637	1734367042681	OK	 
REQUEST	XUI_020_Login	Common_000_IsAuthenticated	1734367042684	1734367042716	OK	 
REQUEST	XUI_020_Login	Common_000_UserDetails	1734367042719	1734367043224	OK	 
REQUEST	XUI_020_Login	Common_000_MonitoringTools	1734367043225	1734367043330	OK	 
REQUEST	XUI_020_Login	Common_000_IsAuthenticated	1734367043364	1734367043442	OK	 
GROUP	XUI_020_Login	1734367039933	1734367043445	3432	OK
REQUEST	Civil_CreateSpecClaim_10_00_LandingPage	Jurisdiction	1734367047173	1734367049501	OK	 
REQUEST	Civil_CreateSpecClaim_10_00_LandingPage	Organisation	1734367049504	1734367051036	OK	 
GROUP	Civil_CreateSpecClaim_10_00_LandingPage	1734367047170	1734367051038	3860	OK
REQUEST	Civil_CreateSpecClaim_10_01_CreateCase	Create	1734367053446	1734367053618	OK	 
GROUP	Civil_CreateSpecClaim_10_01_CreateCase	1734367053445	1734367053621	172	OK
REQUEST	Civil_CreateSpecClaim_10_02_CreateCase	IgnoreWarning	1734367056064	1734367058010	OK	 
GROUP	Civil_CreateSpecClaim_10_02_CreateCase	1734367056061	1734367058055	1946	OK
REQUEST	Civil_CreateSpecClaim_10_03_CreateCase	CaseChecklist	1734367061076	1734367062404	OK	 
GROUP	Civil_CreateSpecClaim_10_03_CreateCase	1734367061073	1734367062407	1328	OK
REQUEST	Civil_CreateSpecClaim_10_04_CreateCase	Eligibility	1734367065070	1734367066806	OK	 
GROUP	Civil_CreateSpecClaim_10_04_CreateCase	1734367065067	1734367066808	1736	OK
REQUEST	Civil_CreateSpecClaim_10_05_CreateCase	References	1734367069474	1734367070185	OK	 
GROUP	Civil_CreateSpecClaim_10_05_CreateCase	1734367069473	1734367070188	711	OK
REQUEST	Civil_CreateSpecClaim_10_06_CreateCase	PostCodeSearch	1734367072344	1734367073805	OK	 
GROUP	Civil_CreateSpecClaim_10_06_CreateCase	1734367072342	1734367073811	1461	OK
REQUEST	Civil_CreateSpecClaim_10_07_CreateCase	Claimant	1734367076206	1734367077793	OK	 
GROUP	Civil_CreateSpecClaim_10_07_CreateCase	1734367076203	1734367077795	1587	OK
REQUEST	Civil_CreateSpecClaim_10_08_CreateCase	AddAnotherClaimant	1734367081197	1734367082737	OK	 
GROUP	Civil_CreateSpecClaim_10_08_CreateCase	1734367081194	1734367082739	1540	OK
REQUEST	Civil_CreateSpecClaim_10_09_CreateCase	Notifications	1734367085854	1734367089501	OK	 
GROUP	Civil_CreateSpecClaim_10_09_CreateCase	1734367085851	1734367089502	3647	OK
REQUEST	Civil_CreateSpecClaim_10_10_CreateCase	ClaimantSolOrg	1734367089503	1734367090234	OK	 
GROUP	Civil_CreateSpecClaim_10_10_CreateCase	1734367089502	1734367090238	731	OK
REQUEST	Civil_CreateSpecClaim_10_11_CreateCase	CorrespondenceAddress	1734367092561	1734367093840	OK	 
GROUP	Civil_CreateSpecClaim_10_11_CreateCase	1734367092558	1734367093842	1279	OK
REQUEST	Civil_CreateSpecClaim_10_12_CreateCase	DefPostCode	1734367095894	1734367097063	OK	 
GROUP	Civil_CreateSpecClaim_10_12_CreateCase	1734367095891	1734367097068	1169	OK
REQUEST	Civil_CreateSpecClaim_10_13_CreateCase	DefendantDetails	1734367101027	1734367103261	OK	 
GROUP	Civil_CreateSpecClaim_10_13_CreateCase	1734367101024	1734367103263	2234	OK
REQUEST	Civil_CreateSpecClaim_10_14_CreateCase	DefLegalRep	1734367106669	1734367108176	OK	 
GROUP	Civil_CreateSpecClaim_10_14_CreateCase	1734367106667	1734367108178	1507	OK
REQUEST	Civil_CreateSpecClaim_10_15_CreateCase	DefSolOrg	1734367112168	1734367113296	OK	 
GROUP	Civil_CreateSpecClaim_10_15_CreateCase	1734367112165	1734367113299	1128	OK
REQUEST	Civil_CreateSpecClaim_10_16_CreateCase	CDefSolEmail	1734367116100	1734367116880	OK	 
GROUP	Civil_CreateSpecClaim_10_16_CreateCase	1734367116097	1734367116883	780	OK
REQUEST	Civil_CreateSpecClaim_10_17_CreateCase	DefAddr	1734367120694	1734367121590	OK	 
GROUP	Civil_CreateSpecClaim_10_17_CreateCase	1734367120691	1734367121593	896	OK
REQUEST	Civil_CreateSpecClaim_10_18_CreateCase	AddAnotherDefendant	1734367125105	1734367126300	OK	 
GROUP	Civil_CreateSpecClaim_10_18_CreateCase	1734367125102	1734367126303	1195	OK
REQUEST	Civil_CreateSpecClaim_10_19_CreateCase	FlightDelayClaim	1734367129030	1734367130090	OK	 
GROUP	Civil_CreateSpecClaim_10_19_CreateCase	1734367129027	1734367130092	1060	OK
REQUEST	Civil_CreateSpecClaim_10_20_CreateCase	CaseDetails	1734367133523	1734367134084	OK	 
GROUP	Civil_CreateSpecClaim_10_20_CreateCase	1734367133520	1734367134085	561	OK
REQUEST	Civil_CreateSpecClaim_10_21_CreateCase	UploadClaimDoc	1734367136107	1734367136745	OK	 
GROUP	Civil_CreateSpecClaim_10_21_CreateCase	1734367136105	1734367136747	638	OK
REQUEST	Civil_CreateSpecClaim_10_22_CreateCase	ClaimTimeline	1734367140555	1734367141218	OK	 
GROUP	Civil_CreateSpecClaim_10_22_CreateCase	1734367140552	1734367141221	663	OK
REQUEST	Civil_CreateSpecClaim_10_23_CreateCase	SPECEvidenceList	1734367143903	1734367144555	OK	 
GROUP	Civil_CreateSpecClaim_10_23_CreateCase	1734367143900	1734367144556	652	OK
REQUEST	Civil_CreateSpecClaim_10_24_CreateCase	CREATE_CLAIM_SPECClaimAmount	1734367146937	1734367147807	OK	 
GROUP	Civil_CreateSpecClaim_10_24_CreateCase	1734367146934	1734367147809	870	OK
REQUEST	Civil_CreateSpecClaim_10_25_CreateCase	CREATE_CLAIM_SPECClaimAmountDetails	1734367150021	1734367150570	OK	 
GROUP	Civil_CreateSpecClaim_10_25_CreateCase	1734367150019	1734367150573	549	OK
REQUEST	Civil_CreateSpecClaim_10_26_CreateCase	CREATE_CLAIM_SPECClaimInterest	1734367152661	1734367153542	OK	 
GROUP	Civil_CreateSpecClaim_10_26_CreateCase	1734367152658	1734367153544	881	OK
REQUEST	Civil_CreateSpecClaim_10_27_CreateCase	CREATE_CLAIM_SPECInterestSummary	1734367156616	1734367158046	OK	 
GROUP	Civil_CreateSpecClaim_10_27_CreateCase	1734367156613	1734367158048	1430	OK
REQUEST	Civil_CreateSpecClaim_10_28_CreateCase	CREATE_CLAIM_SPECPbaNumber	1734367161994	1734367162757	OK	 
GROUP	Civil_CreateSpecClaim_10_28_CreateCase	1734367161993	1734367162759	763	OK
REQUEST	Civil_CreateSpecClaim_10_29_CreateCase	CREATE_CLAIM_SPECFixedCommencementCosts	1734367166711	1734367167569	OK	 
GROUP	Civil_CreateSpecClaim_10_29_CreateCase	1734367166709	1734367167571	858	OK
REQUEST	Civil_CreateSpecClaim_10_30_CreateCase	CREATE_CLAIM_SPECStatementOfTruth	1734367170858	1734367171987	OK	 
GROUP	Civil_CreateSpecClaim_10_30_CreateCase	1734367170855	1734367171988	1129	OK
REQUEST	Civil_CreateSpecClaim_10_31_CreateCase	CREATE_CLAIM_SPECCaseshare	1734367171989	1734367173459	OK	 
GROUP	Civil_CreateSpecClaim_10_31_CreateCase	1734367171988	1734367173465	1470	OK
REQUEST	Civil_CreateSpecClaim_10_32_CreateCase	CREATE_CLAIM_SPECSOT_Submit	1734367175664	1734367177399	KO	status.find.in([200, 209], 304), found 500
GROUP	Civil_CreateSpecClaim_10_32_CreateCase	1734367175661	1734367177408	1735	KO
ERROR	CREATE_CLAIM_SPECGetCase: No attribute named 'caseId' is defined 	1734367180131
GROUP	Civil_CreateSpecClaim_10_33_APIRoleAssignment	1734367180123	1734367180131	0	KO
ERROR	