RUN	uk.gov.hmcts.reform.civildamage.performance.simulations.SimulateScenario	simulatescenario	1732530332230	 	3.12.0
USER	Spec_Create_Claim	START	1732530332654
REQUEST	XUI_010_Home	005_Home	1732530332652	1732530332774	OK	 
REQUEST	XUI_010_Home	Common_000_ConfigurationUI	1732530332791	1732530332844	OK	 
REQUEST	XUI_010_Home	Common_000_ConfigJson	1732530332845	1732530332917	OK	 
REQUEST	XUI_010_Home	Common_000_TsAndCs	1732530332918	1732530332962	OK	 
REQUEST	XUI_010_Home	Common_000_ConfigUI	1732530332963	1732530333070	OK	 
REQUEST	XUI_010_Home	Common_000_UserDetails	1732530333072	1732530333115	OK	 
REQUEST	XUI_010_Home	Common_000_IsAuthenticated	1732530333121	1732530333218	OK	 
REQUEST	XUI_010_Home	010_auth	1732530333223	1732530333308	OK	 
REQUEST	XUI_010_Home	010_auth Redirect 1	1732530333319	1732530333432	OK	 
REQUEST	XUI_010_Home	010_auth Redirect 2	1732530333438	1732530333501	OK	 
GROUP	XUI_010_Home	1732530332645	1732530333512	799	OK
REQUEST	XUI_020_Login	005_clientId	1732530335703	1732530336104	OK	 
REQUEST	XUI_020_Login	005_clientId Redirect 1	1732530336116	1732530336855	OK	 
REQUEST	XUI_020_Login	005_clientId Redirect 2	1732530336856	1732530336925	OK	 
REQUEST	XUI_020_Login	Common_000_ConfigurationUI	1732530336929	1732530337099	OK	 
REQUEST	XUI_020_Login	Common_000_ConfigUI	1732530337102	1732530337148	OK	 
REQUEST	XUI_020_Login	Common_000_TsAndCs	1732530337151	1732530337213	OK	 
REQUEST	XUI_020_Login	Common_000_IsAuthenticated	1732530337216	1732530337257	OK	 
REQUEST	XUI_020_Login	Common_000_UserDetails	1732530337261	1732530338549	OK	 
REQUEST	XUI_020_Login	Common_000_MonitoringTools	1732530338552	1732530338655	OK	 
REQUEST	XUI_020_Login	Common_000_IsAuthenticated	1732530338690	1732530338775	OK	 
GROUP	XUI_020_Login	1732530335693	1732530338779	3004	OK
REQUEST	Civil_CreateSpecClaim_10_00_LandingPage	Jurisdiction	1732530341081	1732530344929	OK	 
REQUEST	Civil_CreateSpecClaim_10_00_LandingPage	Organisation	1732530344933	1732530346368	OK	 
GROUP	Civil_CreateSpecClaim_10_00_LandingPage	1732530341079	1732530346370	5283	OK
REQUEST	Civil_CreateSpecClaim_10_01_CreateCase	Create	1732530350300	1732530350618	OK	 
GROUP	Civil_CreateSpecClaim_10_01_CreateCase	1732530350298	1732530350622	318	OK
REQUEST	Civil_CreateSpecClaim_10_02_CreateCase	IgnoreWarning	1732530354539	1732530359546	OK	 
GROUP	Civil_CreateSpecClaim_10_02_CreateCase	1732530354537	1732530359598	5007	OK
REQUEST	Civil_CreateSpecClaim_10_03_CreateCase	CaseChecklist	1732530363470	1732530365157	OK	 
GROUP	Civil_CreateSpecClaim_10_03_CreateCase	1732530363464	1732530365159	1687	OK
REQUEST	Civil_CreateSpecClaim_10_04_CreateCase	Eligibility	1732530367769	1732530369240	OK	 
GROUP	Civil_CreateSpecClaim_10_04_CreateCase	1732530367767	1732530369243	1471	OK
REQUEST	Civil_CreateSpecClaim_10_05_CreateCase	References	1732530372966	1732530374400	OK	 
GROUP	Civil_CreateSpecClaim_10_05_CreateCase	1732530372963	1732530374402	1434	OK
REQUEST	Civil_CreateSpecClaim_10_06_CreateCase	PostCodeSearch	1732530377209	1732530378427	OK	 
GROUP	Civil_CreateSpecClaim_10_06_CreateCase	1732530377207	1732530378429	1218	OK
REQUEST	Civil_CreateSpecClaim_10_07_CreateCase	Claimant	1732530382159	1732530384046	OK	 
GROUP	Civil_CreateSpecClaim_10_07_CreateCase	1732530382156	1732530384048	1887	OK
REQUEST	Civil_CreateSpecClaim_10_08_CreateCase	AddAnotherClaimant	1732530387802	1732530389670	OK	 
GROUP	Civil_CreateSpecClaim_10_08_CreateCase	1732530387800	1732530389673	1868	OK
REQUEST	Civil_CreateSpecClaim_10_09_CreateCase	Notifications	1732530392193	1732530393666	OK	 
GROUP	Civil_CreateSpecClaim_10_09_CreateCase	1732530392191	1732530393669	1473	OK
REQUEST	Civil_CreateSpecClaim_10_10_CreateCase	ClaimantSolOrg	1732530393670	1732530394899	OK	 
GROUP	Civil_CreateSpecClaim_10_10_CreateCase	1732530393669	1732530394901	1229	OK
REQUEST	Civil_CreateSpecClaim_10_11_CreateCase	CorrespondenceAddress	1732530398318	1732530399914	OK	 
GROUP	Civil_CreateSpecClaim_10_11_CreateCase	1732530398315	1732530399916	1596	OK
REQUEST	Civil_CreateSpecClaim_10_12_CreateCase	DefPostCode	1732530402039	1732530403466	OK	 
GROUP	Civil_CreateSpecClaim_10_12_CreateCase	1732530402038	1732530403469	1427	OK
REQUEST	Civil_CreateSpecClaim_10_13_CreateCase	DefendantDetails	1732530406811	1732530409075	OK	 
GROUP	Civil_CreateSpecClaim_10_13_CreateCase	1732530406809	1732530409077	2264	OK
REQUEST	Civil_CreateSpecClaim_10_14_CreateCase	DefLegalRep	1732530412854	1732530413375	OK	 
GROUP	Civil_CreateSpecClaim_10_14_CreateCase	1732530412851	1732530413377	521	OK
REQUEST	Civil_CreateSpecClaim_10_15_CreateCase	DefSolOrg	1732530415618	1732530416488	OK	 
GROUP	Civil_CreateSpecClaim_10_15_CreateCase	1732530415616	1732530416490	870	OK
REQUEST	Civil_CreateSpecClaim_10_16_CreateCase	CDefSolEmail	1732530419882	1732530421619	OK	 
GROUP	Civil_CreateSpecClaim_10_16_CreateCase	1732530419879	1732530421622	1737	OK
REQUEST	Civil_CreateSpecClaim_10_17_CreateCase	DefAddr	1732530423694	1732530425461	OK	 
GROUP	Civil_CreateSpecClaim_10_17_CreateCase	1732530423691	1732530425463	1767	OK
REQUEST	Civil_CreateSpecClaim_10_18_CreateCase	AddAnotherDefendant	1732530427776	1732530429351	OK	 
GROUP	Civil_CreateSpecClaim_10_18_CreateCase	1732530427774	1732530429354	1575	OK
REQUEST	Civil_CreateSpecClaim_10_19_CreateCase	FlightDelayClaim	1732530433224	1732530434936	OK	 
GROUP	Civil_CreateSpecClaim_10_19_CreateCase	1732530433221	1732530434938	1712	OK
REQUEST	Civil_CreateSpecClaim_10_20_CreateCase	CaseDetails	1732530438146	1732530439593	OK	 
GROUP	Civil_CreateSpecClaim_10_20_CreateCase	1732530438143	1732530439595	1447	OK
REQUEST	Civil_CreateSpecClaim_10_21_CreateCase	UploadClaimDoc	1732530443543	1732530444138	OK	 
GROUP	Civil_CreateSpecClaim_10_21_CreateCase	1732530443540	1732530444140	595	OK
REQUEST	Civil_CreateSpecClaim_10_22_CreateCase	ClaimTimeline	1732530447999	1732530448678	OK	 
GROUP	Civil_CreateSpecClaim_10_22_CreateCase	1732530447996	1732530448680	679	OK
REQUEST	Civil_CreateSpecClaim_10_23_CreateCase	SPECEvidenceList	1732530451475	1732530452858	OK	 
GROUP	Civil_CreateSpecClaim_10_23_CreateCase	1732530451471	1732530452860	1383	OK
REQUEST	Civil_CreateSpecClaim_10_24_CreateCase	CREATE_CLAIM_SPECClaimAmount	1732530455554	1732530456131	OK	 
GROUP	Civil_CreateSpecClaim_10_24_CreateCase	1732530455553	1732530456133	577	OK
REQUEST	Civil_CreateSpecClaim_10_25_CreateCase	CREATE_CLAIM_SPECClaimAmountDetails	1732530458325	1732530458696	OK	 
GROUP	Civil_CreateSpecClaim_10_25_CreateCase	1732530458322	1732530458698	371	OK
REQUEST	Civil_CreateSpecClaim_10_26_CreateCase	CREATE_CLAIM_SPECClaimInterest	1732530461017	1732530461751	OK	 
GROUP	Civil_CreateSpecClaim_10_26_CreateCase	1732530461014	1732530461753	734	OK
REQUEST	Civil_CreateSpecClaim_10_27_CreateCase	CREATE_CLAIM_SPECInterestSummary	1732530465236	1732530467756	OK	 
GROUP	Civil_CreateSpecClaim_10_27_CreateCase	1732530465234	1732530467758	2520	OK
REQUEST	Civil_CreateSpecClaim_10_28_CreateCase	CREATE_CLAIM_SPECPbaNumber	1732530469870	1732530471336	OK	 
GROUP	Civil_CreateSpecClaim_10_28_CreateCase	1732530469866	1732530471338	1466	OK
REQUEST	Civil_CreateSpecClaim_10_29_CreateCase	CREATE_CLAIM_SPECFixedCommencementCosts	1732530473741	1732530474654	OK	 
GROUP	Civil_CreateSpecClaim_10_29_CreateCase	1732530473738	1732530474656	913	OK
REQUEST	Civil_CreateSpecClaim_10_30_CreateCase	CREATE_CLAIM_SPECStatementOfTruth	1732530477842	1732530478340	OK	 
GROUP	Civil_CreateSpecClaim_10_30_CreateCase	1732530477837	1732530478342	498	OK
REQUEST	Civil_CreateSpecClaim_10_31_CreateCase	CREATE_CLAIM_SPECCaseshare	1732530478343	1732530485511	OK	 
GROUP	Civil_CreateSpecClaim_10_31_CreateCase	1732530478342	1732530485526	7168	OK
REQUEST	Civil_CreateSpecClaim_10_32_CreateCase	CREATE_CLAIM_SPECSOT_Submit	1732530487636	1732530489460	KO	status.find.in([200, 209], 304), found 500
GROUP	Civil_CreateSpecClaim_10_32_CreateCase	1732530487634	1732530489467	1824	KO
ERROR	CREATE_CLAIM_SPECGetCase: No attribute named 'caseId' is defined 	1732530491496
GROUP	Civil_CreateSpecClaim_10_33_APIRoleAssignment	1732530491486	1732530491497	0	KO
ERROR	