RUN	uk.gov.hmcts.reform.civildamage.performance.simulations.SimulateScenario	simulatescenario	1730309616114	 	3.12.0
USER	UnSpec_CreateClaim	START	1730309617157
REQUEST	XUI_010_Home	005_Home	1730309617187	1730309617279	OK	 
REQUEST	XUI_010_Home	Common_000_ConfigurationUI	1730309618349	1730309618414	OK	 
REQUEST	XUI_010_Home	Common_000_ConfigJson	1730309618432	1730309618458	OK	 
REQUEST	XUI_010_Home	Common_000_TsAndCs	1730309618460	1730309618487	OK	 
REQUEST	XUI_010_Home	Common_000_ConfigUI	1730309618489	1730309618531	OK	 
REQUEST	XUI_010_Home	Common_000_UserDetails	1730309618543	1730309618569	OK	 
REQUEST	XUI_010_Home	Common_000_IsAuthenticated	1730309618570	1730309618608	OK	 
REQUEST	XUI_010_Home	010_auth	1730309618612	1730309618670	OK	 
REQUEST	XUI_010_Home	015_authorize	1730309618952	1730309619365	OK	 
REQUEST	XUI_010_Home	020_client	1730309619367	1730309619413	OK	 
GROUP	XUI_010_Home	1730309617160	1730309619418	833	OK
REQUEST	XUI_020_Login	005_clientId	1730309619425	1730309619805	OK	 
REQUEST	XUI_020_Login	010_LoginCallback	1730309619821	1730309620512	OK	 
REQUEST	XUI_020_Login	015_idamurl	1730309620515	1730309620555	OK	 
REQUEST	XUI_020_Login	Common_000_ConfigurationUI	1730309621568	1730309621604	OK	 
REQUEST	XUI_020_Login	Common_000_ConfigUI	1730309621607	1730309621647	OK	 
REQUEST	XUI_020_Login	Common_000_TsAndCs	1730309621651	1730309621699	OK	 
REQUEST	XUI_020_Login	Common_000_IsAuthenticated	1730309621701	1730309621745	OK	 
REQUEST	XUI_020_Login	Common_000_UserDetails	1730309621750	1730309622793	OK	 
REQUEST	XUI_020_Login	Common_000_MonitoringTools	1730309622794	1730309622869	OK	 
REQUEST	XUI_020_Login	Common_000_IsAuthenticated	1730309622952	1730309623064	OK	 
GROUP	XUI_020_Login	1730309619419	1730309623074	2509	OK
REQUEST	CivilDamage_UnSpecClaim_10_01_CreateCase	create	1730309631777	1730309636065	OK	 
GROUP	CivilDamage_UnSpecClaim_10_01_CreateCase	1730309631775	1730309636066	4288	OK
REQUEST	CivilDamage_UnSpecClaim_10_02_CreateCase	IgnoreWarning	1730309643072	1730309646315	OK	 
GROUP	CivilDamage_UnSpecClaim_10_02_CreateCase	1730309643070	1730309646380	3243	OK
REQUEST	CivilDamage_UnSpecClaim_10_03_CreateCase	CLAIMEligibility	1730309653409	1730309655986	OK	 
GROUP	CivilDamage_UnSpecClaim_10_03_CreateCase	1730309653393	1730309655987	2577	OK
REQUEST	CivilDamage_UnSpecClaim_10_04_CreateCase	CLAIMReferences	1730309662992	1730309664600	OK	 
GROUP	CivilDamage_UnSpecClaim_10_04_CreateCase	1730309662990	1730309664601	1608	OK
REQUEST	CivilDamage_UnSpecClaim_10_05_CreateCase	CLAIMCourt	1730309671609	1730309675486	OK	 
GROUP	CivilDamage_UnSpecClaim_10_05_CreateCase	1730309671607	1730309675487	3877	OK
REQUEST	CivilDamage_UnSpecClaim_10_06_CreateCase	postcode	1730309682506	1730309712531	KO	status.find.in([200, 209], 304), found 504
GROUP	CivilDamage_UnSpecClaim_10_06_CreateCase	1730309682503	1730309712552	30025	KO
REQUEST	CivilDamage_UnSpecClaim_10_07_CreateCase	CLAIMClaimant	1730309719564	1730309721427	OK	 
GROUP	CivilDamage_UnSpecClaim_10_07_CreateCase	1730309719562	1730309721428	1863	OK
REQUEST	CivilDamage_UnSpecClaim_10_08_CreateCase	CREATE_CLAIMClaimantLitigationFriend	1730309728434	1730309730227	OK	 
GROUP	CivilDamage_UnSpecClaim_10_08_CreateCase	1730309728433	1730309730228	1793	OK
REQUEST	CivilDamage_UnSpecClaim_10_09_CreateCase	CREATE_CLAIMNotifications	1730309737231	1730309739130	OK	 
GROUP	CivilDamage_UnSpecClaim_10_09_CreateCase	1730309737230	1730309739131	1899	OK
REQUEST	CivilDamage_UnSpecClaim_10_10_CreateCase	ClaimantSolicitorOrganisation	1730309746139	1730309747594	OK	 
GROUP	CivilDamage_UnSpecClaim_10_10_CreateCase	1730309746138	1730309747594	1455	OK
REQUEST	CivilDamage_UnSpecClaim_10_11_CreateCase	ClaimantSolicitorAddres	1730309754610	1730309756009	OK	 
GROUP	CivilDamage_UnSpecClaim_10_11_CreateCase	1730309754608	1730309756009	1399	OK
REQUEST	CivilDamage_UnSpecClaim_10_12_CreateCase	AddAnotherClaimant	1730309763017	1730309763334	OK	 
GROUP	CivilDamage_UnSpecClaim_10_12_CreateCase	1730309763014	1730309763334	317	OK
REQUEST	CivilDamage_UnSpecClaim_10_13_CreateCase	postcode	1730309770368	1730309773760	OK	 
GROUP	CivilDamage_UnSpecClaim_10_13_CreateCase	1730309770367	1730309773760	3392	OK
REQUEST	CivilDamage_UnSpecClaim_10_14_CreateCase	CLAIMDefendant	1730309780773	1730309782679	OK	 
GROUP	CivilDamage_UnSpecClaim_10_14_CreateCase	1730309780772	1730309782680	1906	OK
REQUEST	CivilDamage_UnSpecClaim_10_15_CreateCase	LegalRepresentation	1730309789687	1730309791028	OK	 
GROUP	CivilDamage_UnSpecClaim_10_15_CreateCase	1730309789685	1730309791028	1341	OK
REQUEST	CivilDamage_UnSpecClaim_10_16_CreateCase	DefendantSolicitorOrganisation	1730309798036	1730309798650	OK	 
GROUP	CivilDamage_UnSpecClaim_10_16_CreateCase	1730309798034	1730309798651	614	OK
REQUEST	CivilDamage_UnSpecClaim_10_17_CreateCase	DefendantSolicitorServiceAddress	1730309805664	1730309806452	OK	 
GROUP	CivilDamage_UnSpecClaim_10_17_CreateCase	1730309805661	1730309806453	788	OK
REQUEST	CivilDamage_UnSpecClaim_10_18_CreateCase	CLAIMAddAnotherDefendant	1730309813463	1730309814219	OK	 
GROUP	CivilDamage_UnSpecClaim_10_18_CreateCase	1730309813462	1730309814220	756	OK
REQUEST	CivilDamage_UnSpecClaim_10_19_CreateCase	AddAnotherDefendant	1730309821221	1730309821909	OK	 
GROUP	CivilDamage_UnSpecClaim_10_19_CreateCase	1730309821220	1730309821910	688	OK
REQUEST	CivilDamage_UnSpecClaim_10_20_CreateCase	CLAIMClaimType	1730309828927	1730309829741	OK	 
GROUP	CivilDamage_UnSpecClaim_10_20_CreateCase	1730309828924	1730309829741	814	OK
REQUEST	CivilDamage_UnSpecClaim_10_21_CreateCase	CLAIMDetails	1730309836755	1730309837190	OK	 
GROUP	CivilDamage_UnSpecClaim_10_21_CreateCase	1730309836753	1730309837190	435	OK
REQUEST	CivilDamage_UnSpecClaim_10_22_CreateCase	CLAIMuploadParticularsOfClaim	1730309844206	1730309844917	OK	 
GROUP	CivilDamage_UnSpecClaim_10_22_CreateCase	1730309844205	1730309844918	711	OK
REQUEST	CivilDamage_UnSpecClaim_10_23_CreateCase	CLAIMClaimValue	1730309851925	1730309854575	OK	 
GROUP	CivilDamage_UnSpecClaim_10_23_CreateCase	1730309851923	1730309854576	2650	OK
REQUEST	CivilDamage_UnSpecClaim_10_24_CreateCase	CLAIMPbaNumber	1730309861582	1730309862143	OK	 
GROUP	CivilDamage_UnSpecClaim_10_24_CreateCase	1730309861578	1730309862144	561	OK
REQUEST	CivilDamage_UnSpecClaim_10_25_CreateCase	StatementOfTruth	1730309869148	1730309870143	OK	 
GROUP	CivilDamage_UnSpecClaim_10_25_CreateCase	1730309869146	1730309870144	995	OK
REQUEST	CivilDamage_UnSpecClaim_10_26_CreateCase	Submit_Claim	1730309877161	1730309881947	OK	 
GROUP	CivilDamage_UnSpecClaim_10_26_CreateCase	1730309877158	1730309881956	4786	OK
REQUEST		XUI_020_Signout	1730309908966	1730309909219	OK	 
USER	UnSpec_CreateClaim	END	1730309959235
