RUN	uk.gov.hmcts.reform.civildamage.performance.simulations.SimulateScenario	simulatescenario	1734100949799	 	3.12.0
USER	Spec_Create_Claim	START	1734100950388
REQUEST	XUI_010_Home	005_Home	1734100950385	1734100950446	OK	 
REQUEST	XUI_010_Home	Common_000_ConfigurationUI	1734100953434	1734100953483	OK	 
REQUEST	XUI_010_Home	Common_000_ConfigJson	1734100953487	1734100953520	OK	 
REQUEST	XUI_010_Home	Common_000_TsAndCs	1734100953523	1734100953585	OK	 
REQUEST	XUI_010_Home	Common_000_ConfigUI	1734100953588	1734100953625	OK	 
REQUEST	XUI_010_Home	Common_000_UserDetails	1734100953628	1734100953657	OK	 
REQUEST	XUI_010_Home	Common_000_IsAuthenticated	1734100953662	1734100953695	OK	 
REQUEST	XUI_010_Home	010_auth	1734100953699	1734100953737	OK	 
REQUEST	XUI_010_Home	010_auth Redirect 1	1734100953744	1734100953843	OK	 
REQUEST	XUI_010_Home	010_auth Redirect 2	1734100953845	1734100953898	OK	 
GROUP	XUI_010_Home	1734100950380	1734100954209	3713	OK
REQUEST	XUI_020_Login	005_clientId	1734100956284	1734100956449	OK	 
REQUEST	XUI_020_Login	005_clientId Redirect 1	1734100956453	1734100956896	OK	 
REQUEST	XUI_020_Login	005_clientId Redirect 2	1734100956898	1734100956921	OK	 
REQUEST	XUI_020_Login	Common_000_ConfigurationUI	1734100960351	1734100960387	OK	 
REQUEST	XUI_020_Login	Common_000_ConfigUI	1734100960388	1734100960460	OK	 
REQUEST	XUI_020_Login	Common_000_TsAndCs	1734100960461	1734100960498	OK	 
REQUEST	XUI_020_Login	Common_000_IsAuthenticated	1734100960499	1734100960540	OK	 
REQUEST	XUI_020_Login	Common_000_UserDetails	1734100960542	1734100961276	OK	 
REQUEST	XUI_020_Login	Common_000_MonitoringTools	1734100961278	1734100961374	OK	 
REQUEST	XUI_020_Login	Common_000_IsAuthenticated	1734100961412	1734100961493	OK	 
GROUP	XUI_020_Login	1734100956270	1734100961498	5154	OK
REQUEST	Civil_CreateSpecClaim_10_00_LandingPage	Jurisdiction	1734100964848	1734100966241	OK	 
REQUEST	Civil_CreateSpecClaim_10_00_LandingPage	Organisation	1734100966244	1734100966604	OK	 
GROUP	Civil_CreateSpecClaim_10_00_LandingPage	1734100964846	1734100966606	1753	OK
REQUEST	Civil_CreateSpecClaim_10_01_CreateCase	Create	1734100970444	1734100970602	OK	 
GROUP	Civil_CreateSpecClaim_10_01_CreateCase	1734100970444	1734100970603	158	OK
REQUEST	Civil_CreateSpecClaim_10_02_CreateCase	IgnoreWarning	1734100973021	1734100974281	OK	 
GROUP	Civil_CreateSpecClaim_10_02_CreateCase	1734100973020	1734100974317	1260	OK
REQUEST	Civil_CreateSpecClaim_10_03_CreateCase	CaseChecklist	1734100977081	1734100978033	OK	 
GROUP	Civil_CreateSpecClaim_10_03_CreateCase	1734100977074	1734100978035	952	OK
REQUEST	Civil_CreateSpecClaim_10_04_CreateCase	Eligibility	1734100981612	1734100982702	OK	 
GROUP	Civil_CreateSpecClaim_10_04_CreateCase	1734100981609	1734100982703	1090	OK
REQUEST	Civil_CreateSpecClaim_10_05_CreateCase	References	1734100985092	1734100985879	OK	 
GROUP	Civil_CreateSpecClaim_10_05_CreateCase	1734100985091	1734100985881	787	OK
REQUEST	Civil_CreateSpecClaim_10_06_CreateCase	PostCodeSearch	1734100988397	1734100989744	OK	 
GROUP	Civil_CreateSpecClaim_10_06_CreateCase	1734100988395	1734100989752	1347	OK
REQUEST	Civil_CreateSpecClaim_10_07_CreateCase	Claimant	1734100992011	1734100992836	OK	 
GROUP	Civil_CreateSpecClaim_10_07_CreateCase	1734100992009	1734100992837	825	OK
REQUEST	Civil_CreateSpecClaim_10_08_CreateCase	AddAnotherClaimant	1734100995914	1734100996737	OK	 
GROUP	Civil_CreateSpecClaim_10_08_CreateCase	1734100995911	1734100996739	823	OK
REQUEST	Civil_CreateSpecClaim_10_09_CreateCase	Notifications	1734101000138	1734101001100	OK	 
GROUP	Civil_CreateSpecClaim_10_09_CreateCase	1734101000136	1734101001102	962	OK
REQUEST	Civil_CreateSpecClaim_10_10_CreateCase	ClaimantSolOrg	1734101001103	1734101001505	OK	 
GROUP	Civil_CreateSpecClaim_10_10_CreateCase	1734101001102	1734101001506	402	OK
REQUEST	Civil_CreateSpecClaim_10_11_CreateCase	CorrespondenceAddress	1734101004698	1734101005539	OK	 
GROUP	Civil_CreateSpecClaim_10_11_CreateCase	1734101004695	1734101005541	841	OK
REQUEST	Civil_CreateSpecClaim_10_12_CreateCase	DefPostCode	1734101008174	1734101009213	OK	 
GROUP	Civil_CreateSpecClaim_10_12_CreateCase	1734101008172	1734101009219	1039	OK
REQUEST	Civil_CreateSpecClaim_10_13_CreateCase	DefendantDetails	1734101012293	1734101013228	OK	 
GROUP	Civil_CreateSpecClaim_10_13_CreateCase	1734101012291	1734101013229	935	OK
REQUEST	Civil_CreateSpecClaim_10_14_CreateCase	DefLegalRep	1734101015610	1734101016200	OK	 
GROUP	Civil_CreateSpecClaim_10_14_CreateCase	1734101015607	1734101016202	590	OK
REQUEST	Civil_CreateSpecClaim_10_15_CreateCase	DefSolOrg	1734101019206	1734101020075	OK	 
GROUP	Civil_CreateSpecClaim_10_15_CreateCase	1734101019205	1734101020077	869	OK
REQUEST	Civil_CreateSpecClaim_10_16_CreateCase	CDefSolEmail	1734101022541	1734101023355	OK	 
GROUP	Civil_CreateSpecClaim_10_16_CreateCase	1734101022538	1734101023357	814	OK
REQUEST	Civil_CreateSpecClaim_10_17_CreateCase	DefAddr	1734101026039	1734101027046	OK	 
GROUP	Civil_CreateSpecClaim_10_17_CreateCase	1734101026037	1734101027049	1007	OK
REQUEST	Civil_CreateSpecClaim_10_18_CreateCase	AddAnotherDefendant	1734101030266	1734101030947	OK	 
GROUP	Civil_CreateSpecClaim_10_18_CreateCase	1734101030264	1734101030949	681	OK
REQUEST	Civil_CreateSpecClaim_10_19_CreateCase	FlightDelayClaim	1734101034685	1734101035547	OK	 
GROUP	Civil_CreateSpecClaim_10_19_CreateCase	1734101034684	1734101035550	862	OK
REQUEST	Civil_CreateSpecClaim_10_20_CreateCase	CaseDetails	1734101038876	1734101039947	OK	 
GROUP	Civil_CreateSpecClaim_10_20_CreateCase	1734101038873	1734101039949	1071	OK
REQUEST	Civil_CreateSpecClaim_10_21_CreateCase	UploadClaimDoc	1734101042345	1734101043078	OK	 
GROUP	Civil_CreateSpecClaim_10_21_CreateCase	1734101042342	1734101043080	733	OK
REQUEST	Civil_CreateSpecClaim_10_22_CreateCase	ClaimTimeline	1734101045893	1734101046425	OK	 
GROUP	Civil_CreateSpecClaim_10_22_CreateCase	1734101045892	1734101046427	532	OK
REQUEST	Civil_CreateSpecClaim_10_23_CreateCase	SPECEvidenceList	1734101049384	1734101050085	OK	 
GROUP	Civil_CreateSpecClaim_10_23_CreateCase	1734101049381	1734101050087	701	OK
REQUEST	Civil_CreateSpecClaim_10_24_CreateCase	CREATE_CLAIM_SPECClaimAmount	1734101052885	1734101054178	OK	 
GROUP	Civil_CreateSpecClaim_10_24_CreateCase	1734101052882	1734101054179	1293	OK
REQUEST	Civil_CreateSpecClaim_10_25_CreateCase	CREATE_CLAIM_SPECClaimAmountDetails	1734101057464	1734101057801	OK	 
GROUP	Civil_CreateSpecClaim_10_25_CreateCase	1734101057462	1734101057803	337	OK
REQUEST	Civil_CreateSpecClaim_10_26_CreateCase	CREATE_CLAIM_SPECClaimInterest	1734101060439	1734101061348	OK	 
GROUP	Civil_CreateSpecClaim_10_26_CreateCase	1734101060437	1734101061351	909	OK
REQUEST	Civil_CreateSpecClaim_10_27_CreateCase	CREATE_CLAIM_SPECInterestSummary	1734101063768	1734101064980	OK	 
GROUP	Civil_CreateSpecClaim_10_27_CreateCase	1734101063766	1734101064983	1212	OK
REQUEST	Civil_CreateSpecClaim_10_28_CreateCase	CREATE_CLAIM_SPECPbaNumber	1734101068360	1734101069136	OK	 
GROUP	Civil_CreateSpecClaim_10_28_CreateCase	1734101068357	1734101069138	776	OK
REQUEST	Civil_CreateSpecClaim_10_29_CreateCase	CREATE_CLAIM_SPECFixedCommencementCosts	1734101072949	1734101073515	OK	 
GROUP	Civil_CreateSpecClaim_10_29_CreateCase	1734101072947	1734101073519	566	OK
REQUEST	Civil_CreateSpecClaim_10_30_CreateCase	CREATE_CLAIM_SPECStatementOfTruth	1734101075796	1734101076319	OK	 
GROUP	Civil_CreateSpecClaim_10_30_CreateCase	1734101075794	1734101076321	523	OK
REQUEST	Civil_CreateSpecClaim_10_32_CreateCase	CREATE_CLAIM_SPECSOT_Submit	1734101126325	1734101127124	KO	status.find.in([200, 209], 304), found 500
GROUP	Civil_CreateSpecClaim_10_32_CreateCase	1734101126322	1734101127132	799	KO
ERROR	CREATE_CLAIM_SPECGetCase: No attribute named 'caseId' is defined 	1734101129801
GROUP	Civil_CreateSpecClaim_10_33_APIRoleAssignment	1734101129793	1734101129802	0	KO
ERROR	CREATE_CLAIM_SPECAPIRoleAssignment: No attribute named 'caseId' is defined 	1734101129802
GROUP	Civil_CreateSpecClaim_10_34_APIRoleAssignment	1734101129802	1734101129802	0	KO
REQUEST	