RUN	uk.gov.hmcts.reform.civildamage.performance.simulations.SimulateScenario	simulatescenario	1732529121147	 	3.12.0
USER	Spec_Create_Claim	START	1732529121654
REQUEST	XUI_010_Home	005_Home	1732529121651	1732529121778	OK	 
REQUEST	XUI_010_Home	Common_000_ConfigurationUI	1732529121796	1732529121854	OK	 
REQUEST	XUI_010_Home	Common_000_ConfigJson	1732529121855	1732529121907	OK	 
REQUEST	XUI_010_Home	Common_000_TsAndCs	1732529121907	1732529121945	OK	 
REQUEST	XUI_010_Home	Common_000_ConfigUI	1732529121946	1732529121981	OK	 
REQUEST	XUI_010_Home	Common_000_UserDetails	1732529121982	1732529122024	OK	 
REQUEST	XUI_010_Home	Common_000_IsAuthenticated	1732529122027	1732529122060	OK	 
REQUEST	XUI_010_Home	010_auth	1732529122062	1732529122099	OK	 
REQUEST	XUI_010_Home	010_auth Redirect 1	1732529122102	1732529122324	OK	 
REQUEST	XUI_010_Home	010_auth Redirect 2	1732529122331	1732529122392	OK	 
GROUP	XUI_010_Home	1732529121645	1732529122404	705	OK
REQUEST	XUI_020_Login	005_clientId	1732529125941	1732529126298	OK	 
REQUEST	XUI_020_Login	005_clientId Redirect 1	1732529126312	1732529127126	OK	 
REQUEST	XUI_020_Login	005_clientId Redirect 2	1732529127129	1732529127171	OK	 
REQUEST	XUI_020_Login	Common_000_ConfigurationUI	1732529127180	1732529127222	OK	 
REQUEST	XUI_020_Login	Common_000_ConfigUI	1732529127230	1732529127277	OK	 
REQUEST	XUI_020_Login	Common_000_TsAndCs	1732529127278	1732529127318	OK	 
REQUEST	XUI_020_Login	Common_000_IsAuthenticated	1732529127319	1732529127363	OK	 
REQUEST	XUI_020_Login	Common_000_UserDetails	1732529127365	1732529128417	OK	 
REQUEST	XUI_020_Login	Common_000_MonitoringTools	1732529128419	1732529128503	OK	 
REQUEST	XUI_020_Login	Common_000_IsAuthenticated	1732529128532	1732529128645	OK	 
GROUP	XUI_020_Login	1732529125925	1732529128651	2635	OK
REQUEST	Civil_CreateSpecClaim_10_00_LandingPage	Jurisdiction	1732529130732	1732529134381	OK	 
REQUEST	Civil_CreateSpecClaim_10_00_LandingPage	Organisation	1732529134385	1732529136019	OK	 
GROUP	Civil_CreateSpecClaim_10_00_LandingPage	1732529130728	1732529136022	5283	OK
REQUEST	Civil_CreateSpecClaim_10_01_CreateCase	Create	1732529138171	1732529138381	OK	 
GROUP	Civil_CreateSpecClaim_10_01_CreateCase	1732529138167	1732529138384	210	OK
REQUEST	Civil_CreateSpecClaim_10_02_CreateCase	IgnoreWarning	1732529141826	1732529144229	OK	 
GROUP	Civil_CreateSpecClaim_10_02_CreateCase	1732529141822	1732529144279	2403	OK
REQUEST	Civil_CreateSpecClaim_10_03_CreateCase	CaseChecklist	1732529147126	1732529148408	OK	 
GROUP	Civil_CreateSpecClaim_10_03_CreateCase	1732529147114	1732529148411	1282	OK
REQUEST	Civil_CreateSpecClaim_10_04_CreateCase	Eligibility	1732529151443	1732529153427	OK	 
GROUP	Civil_CreateSpecClaim_10_04_CreateCase	1732529151439	1732529153429	1984	OK
REQUEST	Civil_CreateSpecClaim_10_05_CreateCase	References	1732529157304	1732529158239	OK	 
GROUP	Civil_CreateSpecClaim_10_05_CreateCase	1732529157300	1732529158241	935	OK
REQUEST	Civil_CreateSpecClaim_10_06_CreateCase	PostCodeSearch	1732529161208	1732529162604	OK	 
GROUP	Civil_CreateSpecClaim_10_06_CreateCase	1732529161205	1732529162607	1396	OK
REQUEST	Civil_CreateSpecClaim_10_07_CreateCase	Claimant	1732529166494	1732529169298	OK	 
GROUP	Civil_CreateSpecClaim_10_07_CreateCase	1732529166492	1732529169300	2804	OK
REQUEST	Civil_CreateSpecClaim_10_08_CreateCase	AddAnotherClaimant	1732529171435	1732529172884	OK	 
GROUP	Civil_CreateSpecClaim_10_08_CreateCase	1732529171431	1732529172885	1449	OK
REQUEST	Civil_CreateSpecClaim_10_09_CreateCase	Notifications	1732529175296	1732529177145	OK	 
GROUP	Civil_CreateSpecClaim_10_09_CreateCase	1732529175293	1732529177147	1849	OK
REQUEST	Civil_CreateSpecClaim_10_10_CreateCase	ClaimantSolOrg	1732529177148	1732529177952	OK	 
GROUP	Civil_CreateSpecClaim_10_10_CreateCase	1732529177147	1732529177954	804	OK
REQUEST	Civil_CreateSpecClaim_10_11_CreateCase	CorrespondenceAddress	1732529181635	1732529182817	OK	 
GROUP	Civil_CreateSpecClaim_10_11_CreateCase	1732529181632	1732529182819	1182	OK
REQUEST	Civil_CreateSpecClaim_10_12_CreateCase	DefPostCode	1732529184850	1732529185942	OK	 
GROUP	Civil_CreateSpecClaim_10_12_CreateCase	1732529184846	1732529185943	1092	OK
REQUEST	Civil_CreateSpecClaim_10_13_CreateCase	DefendantDetails	1732529189095	1732529190291	OK	 
GROUP	Civil_CreateSpecClaim_10_13_CreateCase	1732529189093	1732529190293	1196	OK
REQUEST	Civil_CreateSpecClaim_10_14_CreateCase	DefLegalRep	1732529194146	1732529194847	OK	 
GROUP	Civil_CreateSpecClaim_10_14_CreateCase	1732529194143	1732529194848	701	OK
REQUEST	Civil_CreateSpecClaim_10_15_CreateCase	DefSolOrg	1732529197958	1732529198690	OK	 
GROUP	Civil_CreateSpecClaim_10_15_CreateCase	1732529197955	1732529198692	732	OK
REQUEST	Civil_CreateSpecClaim_10_16_CreateCase	CDefSolEmail	1732529201559	1732529202991	OK	 
GROUP	Civil_CreateSpecClaim_10_16_CreateCase	1732529201557	1732529202993	1432	OK
REQUEST	Civil_CreateSpecClaim_10_17_CreateCase	DefAddr	1732529206343	1732529207154	OK	 
GROUP	Civil_CreateSpecClaim_10_17_CreateCase	1732529206340	1732529207157	811	OK
REQUEST	Civil_CreateSpecClaim_10_18_CreateCase	AddAnotherDefendant	1732529209586	1732529210363	OK	 
GROUP	Civil_CreateSpecClaim_10_18_CreateCase	1732529209586	1732529210365	777	OK
REQUEST	Civil_CreateSpecClaim_10_19_CreateCase	FlightDelayClaim	1732529213658	1732529215071	OK	 
GROUP	Civil_CreateSpecClaim_10_19_CreateCase	1732529213654	1732529215072	1413	OK
REQUEST	Civil_CreateSpecClaim_10_20_CreateCase	CaseDetails	1732529217891	1732529218659	OK	 
GROUP	Civil_CreateSpecClaim_10_20_CreateCase	1732529217887	1732529218660	768	OK
REQUEST	Civil_CreateSpecClaim_10_21_CreateCase	UploadClaimDoc	1732529221632	1732529222650	OK	 
GROUP	Civil_CreateSpecClaim_10_21_CreateCase	1732529221629	1732529222652	1018	OK
REQUEST	Civil_CreateSpecClaim_10_22_CreateCase	ClaimTimeline	1732529224849	1732529225494	OK	 
GROUP	Civil_CreateSpecClaim_10_22_CreateCase	1732529224845	1732529225494	645	OK
REQUEST	Civil_CreateSpecClaim_10_23_CreateCase	SPECEvidenceList	1732529228338	1732529228691	OK	 
GROUP	Civil_CreateSpecClaim_10_23_CreateCase	1732529228334	1732529228692	353	OK
REQUEST	Civil_CreateSpecClaim_10_24_CreateCase	CREATE_CLAIM_SPECClaimAmount	1732529232184	1732529232586	OK	 
GROUP	Civil_CreateSpecClaim_10_24_CreateCase	1732529232180	1732529232588	402	OK
REQUEST	Civil_CreateSpecClaim_10_25_CreateCase	CREATE_CLAIM_SPECClaimAmountDetails	1732529236270	1732529237707	OK	 
GROUP	Civil_CreateSpecClaim_10_25_CreateCase	1732529236266	1732529237709	1437	OK
REQUEST	Civil_CreateSpecClaim_10_26_CreateCase	CREATE_CLAIM_SPECClaimInterest	1732529241049	1732529241698	OK	 
GROUP	Civil_CreateSpecClaim_10_26_CreateCase	1732529241045	1732529241699	649	OK
REQUEST	Civil_CreateSpecClaim_10_27_CreateCase	CREATE_CLAIM_SPECInterestSummary	1732529245381	1732529246406	OK	 
GROUP	Civil_CreateSpecClaim_10_27_CreateCase	1732529245378	1732529246408	1025	OK
REQUEST	Civil_CreateSpecClaim_10_28_CreateCase	CREATE_CLAIM_SPECPbaNumber	1732529249932	1732529251018	OK	 
GROUP	Civil_CreateSpecClaim_10_28_CreateCase	1732529249928	1732529251019	1086	OK
REQUEST	Civil_CreateSpecClaim_10_29_CreateCase	CREATE_CLAIM_SPECFixedCommencementCosts	1732529254040	1732529255934	OK	 
GROUP	Civil_CreateSpecClaim_10_29_CreateCase	1732529254039	1732529255936	1894	OK
REQUEST	Civil_CreateSpecClaim_10_30_CreateCase	CREATE_CLAIM_SPECStatementOfTruth	1732529258337	1732529259107	OK	 
GROUP	Civil_CreateSpecClaim_10_30_CreateCase	1732529258333	1732529259109	770	OK
REQUEST	Civil_CreateSpecClaim_10_31_CreateCase	CREATE_CLAIM_SPECCaseshare	1732529259110	1732529260695	OK	 
GROUP	Civil_CreateSpecClaim_10_31_CreateCase	1732529259109	1732529260701	1585	OK
REQUEST	Civil_CreateSpecClaim_10_32_CreateCase	CREATE_CLAIM_SPECSOT_Submit	1732529263352	1732529265046	KO	status.find.in([200, 209], 304), found 500
GROUP	Civil_CreateSpecClaim_10_32_CreateCase	1732529263348	1732529265054	1694	KO
ERROR	CREATE_CLAIM_SPECGetCase: No attribute named 'caseId' is defined 	1732529268666
GROUP	Civil_CreateSpecClaim_10_33_APIRoleAssignment	1732529268662	1732529268667	0	KO
ERROR	