RUN	uk.gov.hmcts.reform.civildamage.performance.simulations.SimulateScenario	simulatescenario	1732121039679	 	3.12.0
USER	UnSpec_CreateClaim	START	1732121040152
REQUEST	XUI_010_Home	005_Home	1732121040150	1732121040295	OK	 
REQUEST	XUI_010_Home	Common_000_ConfigurationUI	1732121040312	1732121040405	OK	 
REQUEST	XUI_010_Home	Common_000_ConfigJson	1732121040408	1732121040481	OK	 
REQUEST	XUI_010_Home	Common_000_TsAndCs	1732121040482	1732121040614	OK	 
REQUEST	XUI_010_Home	Common_000_ConfigUI	1732121040615	1732121040820	OK	 
REQUEST	XUI_010_Home	Common_000_UserDetails	1732121040823	1732121040926	OK	 
REQUEST	XUI_010_Home	Common_000_IsAuthenticated	1732121040929	1732121040988	OK	 
REQUEST	XUI_010_Home	010_auth	1732121040990	1732121041091	OK	 
REQUEST	XUI_010_Home	010_auth Redirect 1	1732121041097	1732121041255	OK	 
REQUEST	XUI_010_Home	010_auth Redirect 2	1732121041257	1732121041325	OK	 
GROUP	XUI_010_Home	1732121040143	1732121041332	1137	OK
REQUEST	XUI_020_Login	005_clientId	1732121044556	1732121044745	OK	 
REQUEST	XUI_020_Login	005_clientId Redirect 1	1732121044752	1732121045651	OK	 
REQUEST	XUI_020_Login	005_clientId Redirect 2	1732121045655	1732121045697	OK	 
REQUEST	XUI_020_Login	Common_000_ConfigurationUI	1732121045700	1732121045752	OK	 
REQUEST	XUI_020_Login	Common_000_ConfigUI	1732121045754	1732121045811	OK	 
REQUEST	XUI_020_Login	Common_000_TsAndCs	1732121045813	1732121045895	OK	 
REQUEST	XUI_020_Login	Common_000_IsAuthenticated	1732121045897	1732121045955	OK	 
REQUEST	XUI_020_Login	Common_000_UserDetails	1732121045959	1732121046896	OK	 
REQUEST	XUI_020_Login	Common_000_MonitoringTools	1732121046898	1732121047122	OK	 
REQUEST	XUI_020_Login	Common_000_IsAuthenticated	1732121047151	1732121047262	OK	 
GROUP	XUI_020_Login	1732121044545	1732121047265	2651	OK
REQUEST	CivilDamage_UnSpecClaim_10_01_CreateCase	create	1732121050981	1732121053597	OK	 
GROUP	CivilDamage_UnSpecClaim_10_01_CreateCase	1732121050979	1732121053598	2616	OK
REQUEST	CivilDamage_UnSpecClaim_10_02_CreateCase	IgnoreWarning	1732121056058	1732121060215	OK	 
GROUP	CivilDamage_UnSpecClaim_10_02_CreateCase	1732121056056	1732121060256	4157	OK
REQUEST	CivilDamage_UnSpecClaim_10_03_CreateCase	CLAIMEligibility	1732121063577	1732121065395	OK	 
GROUP	CivilDamage_UnSpecClaim_10_03_CreateCase	1732121063567	1732121065397	1818	OK
REQUEST	CivilDamage_UnSpecClaim_10_04_CreateCase	CLAIMReferences	1732121068698	1732121069339	OK	 
GROUP	CivilDamage_UnSpecClaim_10_04_CreateCase	1732121068694	1732121069340	641	OK
REQUEST	CivilDamage_UnSpecClaim_10_05_CreateCase	CLAIMCourt	1732121071593	1732121073686	OK	 
GROUP	CivilDamage_UnSpecClaim_10_05_CreateCase	1732121071590	1732121073687	2093	OK
REQUEST	CivilDamage_UnSpecClaim_10_06_CreateCase	postcode	1732121076544	1732121077950	OK	 
GROUP	CivilDamage_UnSpecClaim_10_06_CreateCase	1732121076542	1732121077954	1406	OK
REQUEST	CivilDamage_UnSpecClaim_10_07_CreateCase	CLAIMClaimant	1732121080986	1732121082173	OK	 
GROUP	CivilDamage_UnSpecClaim_10_07_CreateCase	1732121080984	1732121082173	1187	OK
REQUEST	CivilDamage_UnSpecClaim_10_08_CreateCase	CREATE_CLAIMClaimantLitigationFriend	1732121085884	1732121087080	OK	 
GROUP	CivilDamage_UnSpecClaim_10_08_CreateCase	1732121085883	1732121087083	1196	OK
REQUEST	CivilDamage_UnSpecClaim_10_09_CreateCase	CREATE_CLAIMNotifications	1732121090603	1732121092122	OK	 
GROUP	CivilDamage_UnSpecClaim_10_09_CreateCase	1732121090600	1732121092122	1519	OK
REQUEST	CivilDamage_UnSpecClaim_10_10_CreateCase	ClaimantSolicitorOrganisation	1732121094622	1732121096000	OK	 
GROUP	CivilDamage_UnSpecClaim_10_10_CreateCase	1732121094618	1732121096003	1378	OK
REQUEST	CivilDamage_UnSpecClaim_10_11_CreateCase	ClaimantSolicitorAddres	1732121098637	1732121099876	OK	 
GROUP	CivilDamage_UnSpecClaim_10_11_CreateCase	1732121098633	1732121099877	1239	OK
REQUEST	CivilDamage_UnSpecClaim_10_12_CreateCase	AddAnotherClaimant	1732121102231	1732121102885	OK	 
GROUP	CivilDamage_UnSpecClaim_10_12_CreateCase	1732121102228	1732121102886	654	OK
REQUEST	CivilDamage_UnSpecClaim_10_13_CreateCase	postcode	1732121105285	1732121106561	OK	 
GROUP	CivilDamage_UnSpecClaim_10_13_CreateCase	1732121105283	1732121106563	1276	OK
REQUEST	CivilDamage_UnSpecClaim_10_14_CreateCase	CLAIMDefendant	1732121110256	1732121111202	OK	 
GROUP	CivilDamage_UnSpecClaim_10_14_CreateCase	1732121110254	1732121111205	946	OK
REQUEST	CivilDamage_UnSpecClaim_10_15_CreateCase	LegalRepresentation	1732121115016	1732121115733	OK	 
GROUP	CivilDamage_UnSpecClaim_10_15_CreateCase	1732121115014	1732121115735	717	OK
REQUEST	CivilDamage_UnSpecClaim_10_16_CreateCase	DefendantSolicitorOrganisation	1732121118877	1732121119956	OK	 
GROUP	CivilDamage_UnSpecClaim_10_16_CreateCase	1732121118876	1732121119957	1079	OK
REQUEST	CivilDamage_UnSpecClaim_10_17_CreateCase	DefendantSolicitorServiceAddress	1732121122736	1732121123620	OK	 
GROUP	CivilDamage_UnSpecClaim_10_17_CreateCase	1732121122734	1732121123621	884	OK
REQUEST	CivilDamage_UnSpecClaim_10_18_CreateCase	CLAIMAddAnotherDefendant	1732121127394	1732121128402	OK	 
GROUP	CivilDamage_UnSpecClaim_10_18_CreateCase	1732121127393	1732121128406	1008	OK
REQUEST	CivilDamage_UnSpecClaim_10_19_CreateCase	AddAnotherDefendant	1732121131067	1732121131808	OK	 
GROUP	CivilDamage_UnSpecClaim_10_19_CreateCase	1732121131065	1732121131809	741	OK
REQUEST	CivilDamage_UnSpecClaim_10_20_CreateCase	CLAIMClaimType	1732121134241	1732121135343	OK	 
GROUP	CivilDamage_UnSpecClaim_10_20_CreateCase	1732121134238	1732121135350	1102	OK
REQUEST	CivilDamage_UnSpecClaim_10_21_CreateCase	CLAIMDetails	1732121137987	1732121138821	OK	 
GROUP	CivilDamage_UnSpecClaim_10_21_CreateCase	1732121137984	1732121138822	834	OK
REQUEST	CivilDamage_UnSpecClaim_10_22_CreateCase	CLAIMUploadParticularsOfClaim	1732121142138	1732121142663	OK	 
GROUP	CivilDamage_UnSpecClaim_10_22_CreateCase	1732121142135	1732121142664	525	OK
REQUEST	CivilDamage_UnSpecClaim_10_23_CreateCase	CLAIMClaimValue	1732121144813	1732121146602	OK	 
GROUP	CivilDamage_UnSpecClaim_10_23_CreateCase	1732121144809	1732121146605	1789	OK
REQUEST	CivilDamage_UnSpecClaim_10_24_CreateCase	CLAIMPbaNumber	1732121150242	1732121151397	OK	 
GROUP	CivilDamage_UnSpecClaim_10_24_CreateCase	1732121150239	1732121151398	1155	OK
REQUEST	CivilDamage_UnSpecClaim_10_25_CreateCase	StatementOfTruth	1732121155062	1732121156017	OK	 
GROUP	CivilDamage_UnSpecClaim_10_25_CreateCase	1732121155059	1732121156018	955	OK
REQUEST	CivilDamage_UnSpecClaim_10_26_CreateCase	Submit_Claim	1732121160017	1732121162742	OK	 
GROUP	CivilDamage_UnSpecClaim_10_26_CreateCase	1732121160014	1732121162747	2725	OK
REQUEST	CivilDamage_UnSpecClaim_10_27_CaseCreated	CaseCreated	1732121165067	1732121166727	OK	 
GROUP	CivilDamage_UnSpecClaim_10_27_CaseCreated	1732121165064	1732121166730	1660	OK
REQUEST	CivilDamage_UnSpecClaim_10_28_APIRoleAssignment	APIRoleAssignment	1732121166731	1732121167086	OK	 
GROUP	CivilDamage_UnSpecClaim_10_28_APIRoleAssignment	1732121166730	1732121167088	355	OK
REQUEST	CivilDamage_UnspecClaim_10_29_SupportedJurisdiction	SupportedJurisdiction	1732121167090	1732121167170	OK	 
GROUP	CivilDamage_UnspecClaim_10_29_SupportedJurisdiction	1732121167088	1732121167171	80	OK
REQUEST	Civil_CreateClaim_005_MakePayment	005_PaymentGroups	1732121170867	1732121174103	OK	 
REQUEST	Civil_CreateClaim_005_MakePayment	010_ServiceTab	1732121174107	1732121174211	OK	 
REQUEST	Civil_CreateClaim_005_MakePayment	015_case_ids	1732121174214	1732121175480	OK	 
GROUP	Civil_CreateClaim_005_MakePayment	1732121170864	1732121175487	4606	OK
REQUEST	Civil_CreateClaim_010_MakePay	005_PayNow	1732121177492	1732121178506	OK	 
GROUP	Civil_CreateClaim_010_MakePay	1732121177489	1732121178509	1014	OK
REQUEST	Civil_CreateClaim_010_MakePay	005_ConfirmPay	1732121180514	1732121184648	OK	 
GROUP	Civil_CreateClaim_010_MakePay	1732121180511	1732121184650	4134	OK
REQUEST	Civil_UnSpecClaim_10_NotifyDEF	005_jurisdiction	1732121187240	1732121188654	OK	 
REQUEST	Civil_UnSpecClaim_10_NotifyDEF	010_Profile	1732121188657	1732121190198	OK	 
REQUEST	Civil_UnSpecClaim_10_NotifyDEF	015_warning	1732121235202	1732121237221	OK	 
REQUEST	Civil_UnSpecClaim_10_NotifyDEF	020_jurisdiction	1732121237235	1732121239138	OK	 
GROUP	Civil_UnSpecClaim_10_NotifyDEF	1732121187237	1732121239140	6877	OK
REQUEST	Civil_UnSpecClaim_10_NotifyDEF	005_CLAIMAccessGrantedWarning	1732121241257	1732121242091	OK	 
GROUP	Civil_UnSpecClaim_10_NotifyDEF	1732121241252	1732121242093	834	OK
REQUEST	Civil_UnSpecClaim_10_NotifyDEF	330_SubmitNotification	1732121244441	1732121246324	OK	 
REQUEST	Civil_UnSpecClaim_10_NotifyDEF	335_getCases	1732121246330	1732121247434	OK	 
GROUP	Civil_UnSpecClaim_10_NotifyDEF	1732121244438	1732121247435	2987	OK
REQUEST	Civil_UnSpecClaim_10_NotifyDEF	005_APIRoleAssignment	1732121251075	1732121251512	OK	 
GROUP	Civil_UnSpecClaim_10_NotifyDEF	1732121251071	1732121251514	437	OK
REQUEST	Civil_UnSpecClaim_10_NotifyDEF	010_SupportedJurisdiction	1732121251515	1732121251589	OK	 
GROUP	Civil_UnSpecClaim_10_NotifyDEF	1732121251514	1732121251592	74	OK
REQUEST	Civil_UnSpecClaim_10_NotifyDetails	005_jurisdiction	1732121254574	1732121255813	OK	 
REQUEST	Civil_UnSpecClaim_10_NotifyDetails	010_IgnoreWarning	1732121255817	1732121256973	OK	 
REQUEST	Civil_UnSpecClaim_10_NotifyDetails	020_jurisdiction	1732121256981	1732121257366	OK	 
GROUP	Civil_UnSpecClaim_10_NotifyDetails	1732121254571	1732121257367	2780	OK
REQUEST	Civil_UnSpecClaim_10_NotifyDetails	005_DetailsUpload	1732121260047	1732121260730	OK	 
GROUP	Civil_UnSpecClaim_10_NotifyDetails	1732121260044	1732121260734	683	OK
REQUEST	Civil_UnSpecClaim_10_NotifyDetails	005_SubmitNotifyDetails	1732121264025	1732121265386	OK	 
REQUEST	Civil_UnSpecClaim_10_NotifyDetails	010_getCases	1732121265388	1732121266964	OK	 
GROUP	Civil_UnSpecClaim_10_NotifyDetails	1732121264023	1732121266968	2937	OK
REQUEST	Civil_UnSpecClaim_10_NotifyDetails	005_APIRoleAssignment	1732121270236	1732121270560	OK	 
GROUP	Civil_UnSpecClaim_10_NotifyDetails	1732121270233	1732121270563	324	OK
REQUEST	Civil_UnSpecClaim_10_NotifyDetails	010_SupportedJurisdiction	1732121270564	1732121270657	OK	 
GROUP	Civil_UnSpecClaim_10_NotifyDetails	1732121270563	1732121270657	93	OK
REQUEST		XUI_020_Signout	1732121272811	1732121272945	OK	 
REQUEST		XUI_020_Signout Redirect 1	1732121272946	1732121273054	OK	 
REQUEST		XUI_020_Signout Redirect 2	1732121273054	1732121273264	OK	 
REQUEST		XUI_020_Signout Redirect 3	1732121273266	1732121273365	OK	 
REQUEST	XUI_010_Home	005_Home	1732121277373	1732121277426	OK	 
REQUEST	XUI_010_Home	Common_000_ConfigurationUI	1732121277428	1732121277472	OK	 
REQUEST	XUI_010_Home	Common_000_ConfigJson	1732121277478	1732121277523	OK	 
REQUEST	XUI_010_Home	Common_000_TsAndCs	1732121277526	1732121277574	OK	 
REQUEST	XUI_010_Home	Common_000_ConfigUI	1732121277577	1732121277624	OK	 
REQUEST	XUI_010_Home	Common_000_UserDetails	1732121277626	1732121277672	OK	 
REQUEST	XUI_010_Home	Common_000_IsAuthenticated	1732121277675	1732121277920	OK	 
REQUEST	XUI_010_Home	010_auth	1732121277922	1732121277998	OK	 
REQUEST	XUI_010_Home	010_auth Redirect 1	1732121278001	1732121278038	OK	 
REQUEST	XUI_010_Home	010_auth Redirect 2	1732121278039	1732121278097	OK	 
GROUP	XUI_010_Home	1732121277372	1732121278100	699	OK
REQUEST	XUI_020_Login	005_clientId	1732121281115	1732121281249	OK	 
REQUEST	XUI_020_Login	005_clientId Redirect 1	1732121281250	1732121281928	OK	 
REQUEST	XUI_020_Login	005_clientId Redirect 2	1732121281929	1732121282078	OK	 
REQUEST	XUI_020_Login	Common_000_ConfigurationUI	1732121282082	1732121282143	OK	 
REQUEST	XUI_020_Login	Common_000_ConfigUI	1732121282146	1732121282221	OK	 
REQUEST	XUI_020_Login	Common_000_TsAndCs	1732121282225	1732121282275	OK	 
REQUEST	XUI_020_Login	Common_000_IsAuthenticated	1732121282278	1732121282327	OK	 
REQUEST	XUI_020_Login	Common_000_UserDetails	1732121282330	1732121282778	OK	 
REQUEST	XUI_020_Login	Common_000_MonitoringTools	1732121282779	1732121283109	OK	 
REQUEST	XUI_020_Login	Common_000_IsAuthenticated	1732121283112	1732121283175	OK	 
GROUP	XUI_020_Login	1732121281114	1732121283179	2037	OK
REQUEST	Civil_UnSpecClaim_20_DefResp	CIVIL_AssignCase_000_AssignCase	1732121287128	1732121288509	OK	 
GROUP	Civil_UnSpecClaim_20_DefResp	1732121287127	1732121288510	1381	OK
REQUEST	Civil_UnSpecClaim_20_DefResp	Search_005_WorkBasket	1732121288512	1732121289330	OK	 
REQUEST	Civil_UnSpecClaim_20_DefResp	Search_010_CaseReference	1732121289332	1732121290552	OK	 
GROUP	Civil_UnSpecClaim_20_DefResp	1732121288510	1732121290554	2038	OK
REQUEST	Civil_UnSpecClaim_20_DefResp	OpenCase_005_InternalCases	1732121293875	1732121295222	OK	 
GROUP	Civil_UnSpecClaim_20_DefResp	1732121293872	1732121295224	1347	OK
REQUEST	Civil_UnSpecClaim_20_DefResp	OpenCase_010_RoleAssignment	1732121295224	1732121295543	OK	 
GROUP	Civil_UnSpecClaim_20_DefResp	1732121295224	1732121295549	319	OK
REQUEST	Civil_UnSpecClaim_20_DefResp	OpenCase_015_Jurisdiction	1732121295550	1732121295648	OK	 
GROUP	Civil_UnSpecClaim_20_DefResp	1732121295549	1732121295649	98	OK
REQUEST	Civil_UnSpecClaim_20_DefResp	RespToClaim_005_jurisdiction	1732121299531	1732121301473	OK	 
REQUEST	Civil_UnSpecClaim_20_DefResp	RespToClaim_010_Profile	1732121301477	1732121304781	OK	 
REQUEST	Civil_UnSpecClaim_20_DefResp	RespToClaim_015_IgnoreWarning	1732121349793	1732121352340	OK	 
REQUEST	Civil_UnSpecClaim_20_DefResp	RespToClaim_020_jurisdiction	1732121352350	1732121353504	OK	 
GROUP	Civil_UnSpecClaim_20_DefResp	1732121299528	1732121353504	8947	OK
REQUEST	Civil_UnSpecClaim_20_DefResp	ClaimInfo_005_ConfirmDetails	1732121357104	1732121358159	OK	 
GROUP	Civil_UnSpecClaim_20_DefResp	1732121357102	1732121358163	1055	OK
REQUEST	Civil_UnSpecClaim_20_DefResp	RejectClaim_005_RespondentResponseType	1732121360571	1732121362252	OK	 
GROUP	Civil_UnSpecClaim_20_DefResp	1732121360568	1732121362253	1681	OK
REQUEST	Civil_UnSpecClaim_20_DefResp	FileRef_005_SolicitorReferences	1732121365571	1732121366304	OK	 
GROUP	Civil_UnSpecClaim_20_DefResp	1732121365567	1732121366305	733	OK
REQUEST	Civil_UnSpecClaim_20_DefResp	005_UploadDefence	1732121370224	1732121372279	OK	 
GROUP	Civil_UnSpecClaim_20_DefResp	1732121370209	1732121372284	2055	OK
REQUEST	Civil_UnSpecClaim_20_DefResp	010_UploadDefence	1732121374929	1732121375633	OK	 
GROUP	Civil_UnSpecClaim_20_DefResp	1732121374928	1732121375635	704	OK
REQUEST	Civil_UnSpecClaim_20_DefResp	005_FileDirectionsQuestionnaire	1732121379405	1732121382229	OK	 
GROUP	Civil_UnSpecClaim_20_DefResp	1732121379401	1732121382231	2824	OK
REQUEST	Civil_UnSpecClaim_20_DefResp	005_FixedRecoverableCosts	1732121384654	1732121385452	OK	 
GROUP	Civil_UnSpecClaim_20_DefResp	1732121384653	1732121385454	798	OK
REQUEST	Civil_UnSpecClaim_20_DefResp	005_DisclosureOfNonElectronicDocuments	1732121387750	1732121388627	OK	 
GROUP	Civil_UnSpecClaim_20_DefResp	1732121387748	1732121388630	877	OK
REQUEST	Civil_UnSpecClaim_20_DefResp	005_RESPONSEExperts	1732121391172	1732121392827	OK	 
GROUP	Civil_UnSpecClaim_20_DefResp	1732121391171	1732121392829	1655	OK
REQUEST	Civil_UnSpecClaim_20_DefResp	005_RESPONSEWitnesses	1732121395971	1732121397245	OK	 
GROUP	Civil_UnSpecClaim_20_DefResp	1732121395970	1732121397246	1274	OK
REQUEST	Civil_UnSpecClaim_20_DefResp	005_RESPONSELanguage	1732121399952	1732121400351	OK	 
GROUP	Civil_UnSpecClaim_20_DefResp	1732121399949	1732121400353	399	OK
REQUEST	Civil_UnSpecClaim_20_DefResp	005_RESPONSEHearing	1732121403649	1732121404508	OK	 
GROUP	Civil_UnSpecClaim_20_DefResp	1732121403647	1732121404510	859	OK
REQUEST	Civil_UnSpecClaim_20_DefResp	005_UploadDraftDirection	1732121408277	1732121410052	OK	 
GROUP	Civil_UnSpecClaim_20_DefResp	1732121408273	1732121410054	1775	OK
REQUEST	Civil_UnSpecClaim_20_DefResp	005_RESPONSEDraftDirections	1732121412129	1732121413426	OK	 
GROUP	Civil_UnSpecClaim_20_DefResp	1732121412126	1732121413429	1297	OK
REQUEST	Civil_UnSpecClaim_20_DefResp	005_RESPONSERequestedCourt	1732121415492	1732121416464	OK	 
GROUP	Civil_UnSpecClaim_20_DefResp	1732121415489	1732121416467	972	OK
REQUEST	Civil_UnSpecClaim_20_DefResp	005_RESPONSEHearingSupport	1732121420383	1732121421619	OK	 
GROUP	Civil_UnSpecClaim_20_DefResp	1732121420382	1732121421620	1236	OK
REQUEST	Civil_UnSpecClaim_20_DefResp	005_RESPONSEVulnerabilityQuestions	1732121424427	1732121424957	OK	 
GROUP	Civil_UnSpecClaim_20_DefResp	1732121424422	1732121424961	530	OK
REQUEST	Civil_UnSpecClaim_20_DefResp	005_RESPONSEFurtherInformation	1732121427712	1732121428563	OK	 
GROUP	Civil_UnSpecClaim_20_DefResp	1732121427709	1732121428564	851	OK
REQUEST	Civil_UnSpecClaim_20_DefResp	005_RESPONSEStatementOfTruth	1732121430784	1732121431482	OK	 
GROUP	Civil_UnSpecClaim_20_DefResp	1732121430781	1732121431484	698	OK
REQUEST	Civil_UnSpecClaim_20_DefResp	005_Submit	1732121433630	1732121437098	OK	 
REQUEST	Civil_UnSpecClaim_20_DefResp	010_DefenceSubmitted	1732121437102	1732121438668	OK	 
GROUP	Civil_UnSpecClaim_20_DefResp	1732121433629	1732121438671	5034	OK
REQUEST		XUI_020_Signout	1732121442007	1732121442386	OK	 
REQUEST		XUI_020_Signout Redirect 1	1732121442387	1732121442437	OK	 
REQUEST		XUI_020_Signout Redirect 2	1732121442440	1732121442650	OK	 
REQUEST		XUI_020_Signout Redirect 3	1732121442652	1732121442733	OK	 
REQUEST	XUI_010_Home	005_Home	1732121446738	1732121446781	OK	 
REQUEST	XUI_010_Home	Common_000_ConfigurationUI	1732121446786	1732121446831	OK	 
REQUEST	XUI_010_Home	Common_000_ConfigJson	1732121446834	1732121446883	OK	 
REQUEST	XUI_010_Home	Common_000_TsAndCs	1732121446885	1732121446936	OK	 
REQUEST	XUI_010_Home	Common_000_ConfigUI	1732121446937	1732121447008	OK	 
REQUEST	XUI_010_Home	Common_000_UserDetails	1732121447012	1732121447054	OK	 
REQUEST	XUI_010_Home	Common_000_IsAuthenticated	1732121447056	1732121447100	OK	 
REQUEST	XUI_010_Home	010_auth	1732121447102	1732121447156	OK	 
REQUEST	XUI_010_Home	010_auth Redirect 1	1732121447158	1732121447208	OK	 
REQUEST	XUI_010_Home	010_auth Redirect 2	1732121447210	1732121447270	OK	 
GROUP	XUI_010_Home	1732121446737	1732121447271	509	OK
REQUEST	XUI_020_Login	005_clientId	1732121450836	1732121451197	OK	 
REQUEST	XUI_020_Login	005_clientId Redirect 1	1732121451198	1732121451692	OK	 
REQUEST	XUI_020_Login	005_clientId Redirect 2	1732121451695	1732121451757	OK	 
REQUEST	XUI_020_Login	Common_000_ConfigurationUI	1732121451758	1732121451804	OK	 
REQUEST	XUI_020_Login	Common_000_ConfigUI	1732121451807	1732121451852	OK	 
REQUEST	XUI_020_Login	Common_000_TsAndCs	1732121451854	1732121451892	OK	 
REQUEST	XUI_020_Login	Common_000_IsAuthenticated	1732121451893	1732121451937	OK	 
REQUEST	XUI_020_Login	Common_000_UserDetails	1732121451937	1732121452517	OK	 
REQUEST	XUI_020_Login	Common_000_MonitoringTools	1732121452518	1732121452610	OK	 
REQUEST	XUI_020_Login	Common_000_IsAuthenticated	1732121452611	1732121452710	OK	 
GROUP	XUI_020_Login	1732121450834	1732121452713	1861	OK
REQUEST	Civil_UnSpecClaim_30_ClaimantResp	SearchCase_005_CaseReference	1732121456217	1732121457580	OK	 
REQUEST	Civil_UnSpecClaim_30_ClaimantResp	OpenCase_005_InternalCases	1732121457581	1732121459060	OK	 
GROUP	Civil_UnSpecClaim_30_ClaimantResp	1732121456215	1732121459063	2842	OK
REQUEST	Civil_UnSpecClaim_30_ClaimantResp	OpenCase_015_RoleAssignment	1732121459064	1732121459439	OK	 
GROUP	Civil_UnSpecClaim_30_ClaimantResp	1732121459063	1732121459439	375	OK
REQUEST	Civil_UnSpecClaim_30_ClaimantResp	OpenCase_020_Jurisdiction	1732121459440	1732121459548	OK	 
GROUP	Civil_UnSpecClaim_30_ClaimantResp	1732121459439	1732121459551	108	OK
REQUEST	Civil_UnSpecClaim_30_ClaimantResp	RespToDef_005_Jurisdiction	1732121461884	1732121463072	OK	 
REQUEST	Civil_UnSpecClaim_30_ClaimantResp	RespToDef_010_profile	1732121463075	1732121464485	OK	 
REQUEST	Civil_UnSpecClaim_30_ClaimantResp	RespToDef_015_IgnoreWarning	1732121464488	1732121466929	OK	 
REQUEST	Civil_UnSpecClaim_30_ClaimantResp	RespToDef_020_jurisdiction	1732121466940	1732121467980	OK	 
GROUP	Civil_UnSpecClaim_30_ClaimantResp	1732121461884	1732121467981	6079	OK
REQUEST	Civil_UnSpecClaim_30_ClaimantResp	005_RespondentResponse	1732121471710	1732121472646	OK	 
GROUP	Civil_UnSpecClaim_30_ClaimantResp	1732121471707	1732121472647	936	OK
REQUEST	Civil_UnSpecClaim_30_ClaimantResp	005_DefenceResponseDocument	1732121474942	1732121475974	OK	 
GROUP	Civil_UnSpecClaim_30_ClaimantResp	1732121474939	1732121475976	1032	OK
REQUEST	Civil_UnSpecClaim_30_ClaimantResp	005_FileDirectionsQuestionnaire	1732121478657	1732121479660	OK	 
GROUP	Civil_UnSpecClaim_30_ClaimantResp	1732121478654	1732121479662	1003	OK
REQUEST	Civil_UnSpecClaim_30_ClaimantResp	005_FixedRecoverableCosts	1732121482783	1732121483554	OK	 
GROUP	Civil_UnSpecClaim_30_ClaimantResp	1732121482780	1732121483555	771	OK
REQUEST	Civil_UnSpecClaim_30_ClaimantResp	005_DisclosureOfNonElectronicDocuments	1732121486053	1732121486831	OK	 
GROUP	Civil_UnSpecClaim_30_ClaimantResp	1732121486050	1732121486833	778	OK
REQUEST	Civil_UnSpecClaim_30_ClaimantResp	005_Experts	1732121490372	1732121491457	OK	 
GROUP	Civil_UnSpecClaim_30_ClaimantResp	1732121490364	1732121491460	1085	OK
REQUEST	Civil_UnSpecClaim_30_ClaimantResp	005_Witnesses	1732121495190	1732121496116	OK	 
GROUP	Civil_UnSpecClaim_30_ClaimantResp	1732121495189	1732121496119	926	OK
REQUEST	Civil_UnSpecClaim_30_ClaimantResp	005_Language	1732121500003	1732121500755	OK	 
GROUP	Civil_UnSpecClaim_30_ClaimantResp	1732121500002	1732121500757	752	OK
REQUEST	Civil_UnSpecClaim_30_ClaimantResp	005_Hearing	1732121504340	1732121505186	OK	 
GROUP	Civil_UnSpecClaim_30_ClaimantResp	1732121504338	1732121505186	846	OK
REQUEST	Civil_UnSpecClaim_30_ClaimantResp	005_UploadDraftDirection	1732121507729	1732121508964	OK	 
GROUP	Civil_UnSpecClaim_30_ClaimantResp	1732121507726	1732121508966	1235	OK
REQUEST	Civil_UnSpecClaim_30_ClaimantResp	010_DraftDirections	1732121512643	1732121513664	OK	 
GROUP	Civil_UnSpecClaim_30_ClaimantResp	1732121512642	1732121513664	1021	OK
REQUEST	Civil_UnSpecClaim_30_ClaimantResp	005_HearingSupport	1732121516254	1732121517143	OK	 
GROUP	Civil_UnSpecClaim_30_ClaimantResp	1732121516252	1732121517143	889	OK
REQUEST	Civil_UnSpecClaim_30_ClaimantResp	005_VulnerabilityQuestions	1732121520952	1732121521850	OK	 
GROUP	Civil_UnSpecClaim_30_ClaimantResp	1732121520950	1732121521852	898	OK
REQUEST	Civil_UnSpecClaim_30_ClaimantResp	005_FurtherInformation	1732121524553	1732121525332	OK	 
GROUP	Civil_UnSpecClaim_30_ClaimantResp	1732121524550	1732121525333	779	OK
REQUEST	Civil_UnSpecClaim_30_ClaimantResp	005_StatementOfTruth	1732121529196	1732121530788	OK	 
GROUP	Civil_UnSpecClaim_30_ClaimantResp	1732121529193	1732121530791	1592	OK
REQUEST	Civil_UnSpecClaim_30_ClaimantResp	005_Submit	1732121534749	1732121538203	OK	 
REQUEST	Civil_UnSpecClaim_30_ClaimantResp	010_ProceedWithClaim	1732121538205	1732121539794	OK	 
GROUP	Civil_UnSpecClaim_30_ClaimantResp	1732121534745	1732121539799	5043	OK
REQUEST		XUI_020_Signout	1732121543338	1732121543661	OK	 
REQUEST		XUI_020_Signout Redirect 1	1732121543662	1732121543724	OK	 
REQUEST		XUI_020_Signout Redirect 2	1732121543725	1732121543904	OK	 
REQUEST		XUI_020_Signout Redirect 3	1732121543907	1732121543980	OK	 
REQUEST	XUI_010_Home	005_Home	1732121547986	1732121548032	OK	 
REQUEST	XUI_010_Home	Common_000_ConfigurationUI	1732121548033	1732121548132	OK	 
REQUEST	XUI_010_Home	Common_000_ConfigJson	1732121548132	1732121548176	OK	 
REQUEST	XUI_010_Home	Common_000_TsAndCs	1732121548177	1732121548223	OK	 
REQUEST	XUI_010_Home	Common_000_ConfigUI	1732121548224	1732121548269	OK	 
REQUEST	XUI_010_Home	Common_000_UserDetails	1732121548270	1732121548317	OK	 
REQUEST	XUI_010_Home	Common_000_IsAuthenticated	1732121548318	1732121548359	OK	 
REQUEST	XUI_010_Home	010_auth	1732121548363	1732121548411	OK	 
REQUEST	XUI_010_Home	010_auth Redirect 1	1732121548413	1732121548452	OK	 
REQUEST	XUI_010_Home	010_auth Redirect 2	1732121548454	1732121548523	OK	 
GROUP	XUI_010_Home	1732121547985	1732121548527	524	OK
REQUEST	XUI_020_Login	005_clientId	1732121551317	1732121551543	OK	 
REQUEST	XUI_020_Login	005_clientId Redirect 1	1732121551544	1732121552209	OK	 
REQUEST	XUI_020_Login	005_clientId Redirect 2	1732121552210	1732121552258	OK	 
REQUEST	XUI_020_Login	Common_000_ConfigurationUI	1732121552261	1732121552316	OK	 
REQUEST	XUI_020_Login	Common_000_ConfigUI	1732121552318	1732121552365	OK	 
REQUEST	XUI_020_Login	Common_000_TsAndCs	1732121552366	1732121552414	OK	 
REQUEST	XUI_020_Login	Common_000_IsAuthenticated	1732121552417	1732121552455	OK	 
REQUEST	XUI_020_Login	Common_000_UserDetails	1732121552458	1732121552874	OK	 
REQUEST	XUI_020_Login	