RUN	uk.gov.hmcts.reform.civildamage.performance.simulations.SimulateScenario	simulatescenario	1732109982482	 	3.12.0
USER	UnSpec_CreateClaim	START	1732109983304
REQUEST	XUI_010_Home	005_Home	1732109983302	1732109983541	OK	 
REQUEST	XUI_010_Home	Common_000_ConfigurationUI	1732109983556	1732109983618	OK	 
REQUEST	XUI_010_Home	Common_000_ConfigJson	1732109983621	1732109983728	OK	 
REQUEST	XUI_010_Home	Common_000_TsAndCs	1732109983732	1732109983811	OK	 
REQUEST	XUI_010_Home	Common_000_ConfigUI	1732109983813	1732109983899	OK	 
REQUEST	XUI_010_Home	Common_000_UserDetails	1732109983900	1732109983976	OK	 
REQUEST	XUI_010_Home	Common_000_IsAuthenticated	1732109983980	1732109984106	OK	 
REQUEST	XUI_010_Home	010_auth	1732109984110	1732109984240	OK	 
REQUEST	XUI_010_Home	010_auth Redirect 1	1732109984246	1732109984607	OK	 
REQUEST	XUI_010_Home	010_auth Redirect 2	1732109984611	1732109984688	OK	 
GROUP	XUI_010_Home	1732109983296	1732109984695	1343	OK
REQUEST	XUI_020_Login	005_clientId	1732109986801	1732109987165	OK	 
REQUEST	XUI_020_Login	005_clientId Redirect 1	1732109987173	1732109988472	OK	 
REQUEST	XUI_020_Login	005_clientId Redirect 2	1732109988474	1732109988527	OK	 
REQUEST	XUI_020_Login	Common_000_ConfigurationUI	1732109988528	1732109988630	OK	 
REQUEST	XUI_020_Login	Common_000_ConfigUI	1732109988633	1732109988929	OK	 
REQUEST	XUI_020_Login	Common_000_TsAndCs	1732109988931	1732109989002	OK	 
REQUEST	XUI_020_Login	Common_000_IsAuthenticated	1732109989004	1732109989105	OK	 
REQUEST	XUI_020_Login	Common_000_UserDetails	1732109989108	1732109990678	OK	 
REQUEST	XUI_020_Login	Common_000_MonitoringTools	1732109990679	1732109990791	OK	 
REQUEST	XUI_020_Login	Common_000_IsAuthenticated	1732109990810	1732109990882	OK	 
GROUP	XUI_020_Login	1732109986786	1732109990885	4040	OK
REQUEST	CivilDamage_UnSpecClaim_10_01_CreateCase	create	1732109992909	1732109998795	OK	 
GROUP	CivilDamage_UnSpecClaim_10_01_CreateCase	1732109992906	1732109998796	5886	OK
REQUEST	CivilDamage_UnSpecClaim_10_02_CreateCase	IgnoreWarning	1732110001848	1732110006818	OK	 
GROUP	CivilDamage_UnSpecClaim_10_02_CreateCase	1732110001846	1732110006865	4970	OK
REQUEST	CivilDamage_UnSpecClaim_10_03_CreateCase	CLAIMEligibility	1732110009882	1732110012655	OK	 
GROUP	CivilDamage_UnSpecClaim_10_03_CreateCase	1732110009875	1732110012657	2773	OK
REQUEST	CivilDamage_UnSpecClaim_10_04_CreateCase	CLAIMReferences	1732110014798	1732110016430	OK	 
GROUP	CivilDamage_UnSpecClaim_10_04_CreateCase	1732110014795	1732110016432	1632	OK
REQUEST	CivilDamage_UnSpecClaim_10_05_CreateCase	CLAIMCourt	1732110018441	1732110022031	OK	 
GROUP	CivilDamage_UnSpecClaim_10_05_CreateCase	1732110018440	1732110022032	3590	OK
REQUEST	CivilDamage_UnSpecClaim_10_06_CreateCase	postcode	1732110024383	1732110025620	OK	 
GROUP	CivilDamage_UnSpecClaim_10_06_CreateCase	1732110024381	1732110025624	1237	OK
REQUEST	CivilDamage_UnSpecClaim_10_07_CreateCase	CLAIMClaimant	1732110029086	1732110030354	OK	 
GROUP	CivilDamage_UnSpecClaim_10_07_CreateCase	1732110029083	1732110030357	1268	OK
REQUEST	CivilDamage_UnSpecClaim_10_08_CreateCase	CREATE_CLAIMClaimantLitigationFriend	1732110034040	1732110036147	OK	 
GROUP	CivilDamage_UnSpecClaim_10_08_CreateCase	1732110034037	1732110036147	2107	OK
REQUEST	CivilDamage_UnSpecClaim_10_09_CreateCase	CREATE_CLAIMNotifications	1732110039566	1732110040176	OK	 
GROUP	CivilDamage_UnSpecClaim_10_09_CreateCase	1732110039564	1732110040177	610	OK
REQUEST	CivilDamage_UnSpecClaim_10_10_CreateCase	ClaimantSolicitorOrganisation	1732110043251	1732110045609	OK	 
GROUP	CivilDamage_UnSpecClaim_10_10_CreateCase	1732110043248	1732110045610	2358	OK
REQUEST	CivilDamage_UnSpecClaim_10_11_CreateCase	ClaimantSolicitorAddres	1732110049480	1732110050930	OK	 
GROUP	CivilDamage_UnSpecClaim_10_11_CreateCase	1732110049477	1732110050931	1450	OK
REQUEST	CivilDamage_UnSpecClaim_10_12_CreateCase	AddAnotherClaimant	1732110054538	1732110055712	OK	 
GROUP	CivilDamage_UnSpecClaim_10_12_CreateCase	1732110054535	1732110055714	1174	OK
REQUEST	CivilDamage_UnSpecClaim_10_13_CreateCase	postcode	1732110058630	1732110059591	OK	 
GROUP	CivilDamage_UnSpecClaim_10_13_CreateCase	1732110058627	1732110059593	961	OK
REQUEST	CivilDamage_UnSpecClaim_10_14_CreateCase	CLAIMDefendant	1732110062852	1732110064162	OK	 
GROUP	CivilDamage_UnSpecClaim_10_14_CreateCase	1732110062850	1732110064164	1310	OK
REQUEST	CivilDamage_UnSpecClaim_10_15_CreateCase	LegalRepresentation	1732110066496	1732110067798	OK	 
GROUP	CivilDamage_UnSpecClaim_10_15_CreateCase	1732110066493	1732110067798	1302	OK
REQUEST	CivilDamage_UnSpecClaim_10_16_CreateCase	DefendantSolicitorOrganisation	1732110071498	1732110072295	OK	 
GROUP	CivilDamage_UnSpecClaim_10_16_CreateCase	1732110071495	1732110072298	797	OK
REQUEST	CivilDamage_UnSpecClaim_10_17_CreateCase	DefendantSolicitorServiceAddress	1732110075724	1732110076810	OK	 
GROUP	CivilDamage_UnSpecClaim_10_17_CreateCase	1732110075721	1732110076812	1086	OK
REQUEST	CivilDamage_UnSpecClaim_10_18_CreateCase	CLAIMAddAnotherDefendant	1732110079180	1732110081409	OK	 
GROUP	CivilDamage_UnSpecClaim_10_18_CreateCase	1732110079177	1732110081411	2229	OK
REQUEST	CivilDamage_UnSpecClaim_10_19_CreateCase	AddAnotherDefendant	1732110084011	1732110084602	OK	 
GROUP	CivilDamage_UnSpecClaim_10_19_CreateCase	1732110084008	1732110084604	591	OK
REQUEST	CivilDamage_UnSpecClaim_10_20_CreateCase	CLAIMClaimType	1732110087130	1732110088489	OK	 
GROUP	CivilDamage_UnSpecClaim_10_20_CreateCase	1732110087129	1732110088491	1359	OK
REQUEST	CivilDamage_UnSpecClaim_10_21_CreateCase	CLAIMDetails	1732110091490	1732110092479	OK	 
GROUP	CivilDamage_UnSpecClaim_10_21_CreateCase	1732110091489	1732110092482	989	OK
REQUEST	CivilDamage_UnSpecClaim_10_22_CreateCase	CLAIMUploadParticularsOfClaim	1732110094561	1732110096166	OK	 
GROUP	CivilDamage_UnSpecClaim_10_22_CreateCase	1732110094557	1732110096168	1605	OK
REQUEST	CivilDamage_UnSpecClaim_10_23_CreateCase	CLAIMClaimValue	1732110099180	1732110101376	OK	 
GROUP	CivilDamage_UnSpecClaim_10_23_CreateCase	1732110099177	1732110101379	2196	OK
REQUEST	CivilDamage_UnSpecClaim_10_24_CreateCase	CLAIMPbaNumber	1732110104681	1732110106552	OK	 
GROUP	CivilDamage_UnSpecClaim_10_24_CreateCase	1732110104678	1732110106554	1871	OK
REQUEST	CivilDamage_UnSpecClaim_10_25_CreateCase	StatementOfTruth	1732110110433	1732110111317	OK	 
GROUP	CivilDamage_UnSpecClaim_10_25_CreateCase	1732110110430	1732110111320	884	OK
REQUEST	CivilDamage_UnSpecClaim_10_26_CreateCase	Submit_Claim	1732110114265	1732110118279	OK	 
GROUP	CivilDamage_UnSpecClaim_10_26_CreateCase	1732110114263	1732110118284	4014	OK
REQUEST	CivilDamage_UnSpecClaim_10_27_CaseCreated	CaseCreated	1732110121302	1732110123340	OK	 
GROUP	CivilDamage_UnSpecClaim_10_27_CaseCreated	1732110121299	1732110123342	2038	OK
REQUEST	CivilDamage_UnSpecClaim_10_28_APIRoleAssignment	APIRoleAssignment	1732110123342	1732110123613	OK	 
GROUP	CivilDamage_UnSpecClaim_10_28_APIRoleAssignment	1732110123342	1732110123614	271	OK
REQUEST	CivilDamage_UnspecClaim_10_29_SupportedJurisdiction	SupportedJurisdiction	1732110123614	1732110123703	OK	 
GROUP	CivilDamage_UnspecClaim_10_29_SupportedJurisdiction	1732110123614	1732110123704	89	OK
REQUEST	Civil_CreateClaim_005_MakePayment	005_PaymentGroups	1732110126044	1732110126802	KO	status.find.in([200, 209], 304), found 404
REQUEST	Civil_CreateClaim_005_MakePayment	010_ServiceTab	1732110126808	1732110126900	OK	 
REQUEST	Civil_CreateClaim_005_MakePayment	015_case_ids	1732110126903	1732110128419	KO	status.find.in([200, 209], 304), found 404
GROUP	Civil_CreateClaim_005_MakePayment	1732110126040	1732110128426	2366	KO
REQUEST	Civil_CreateClaim_010_MakePay	005_PayNow	1732110130431	1732110131677	OK	 
GROUP	Civil_CreateClaim_010_MakePay	1732110130428	1732110131679	1246	OK
ERROR	005_ConfirmPay: No attribute named 'OrdRefNo' is defined 	1732110133689
GROUP	Civil_CreateClaim_010_MakePay	1732110133681	1732110133689	0	KO
REQUEST	Civil_UnSpecClaim_10_NotifyDEF	005_jurisdiction	1732110136489	1732110137662	OK	 
REQUEST	Civil_UnSpecClaim_10_NotifyDEF	010_Profile	1732110137664	1732110139564	OK	 
REQUEST	Civil_UnSpecClaim_10_NotifyDEF	015_warning	1732110184573	1732110187249	KO	status.find.in([200, 209], 304), found 422
REQUEST	Civil_UnSpecClaim_10_NotifyDEF	020_jurisdiction	1732110187254	1732110188736	OK	 
GROUP	Civil_UnSpecClaim_10_NotifyDEF	1732110136486	1732110188738	7231	KO
REQUEST	Civil_UnSpecClaim_10_NotifyDEF	005_CLAIMAccessGrantedWarning	1732110191944	1732110192623	OK	 
GROUP	Civil_UnSpecClaim_10_NotifyDEF	1732110191941	1732110192625	679	OK
REQUEST	Civil_UnSpecClaim_10_NotifyDEF	330_SubmitNotification	1732110195179	1732110196105	KO	status.find.in([200, 209], 304), found 500
REQUEST	Civil_UnSpecClaim_10_NotifyDEF	335_getCases	1732110196108	1732110199093	OK	 
GROUP	Civil_UnSpecClaim_10_NotifyDEF	1732110195177	1732110199097	3911	KO
REQUEST	Civil_UnSpecClaim_10_NotifyDEF	005_APIRoleAssignment	1732110201577	1732110202158	OK	 
GROUP	Civil_UnSpecClaim_10_NotifyDEF	1732110201575	1732110202160	581	OK
REQUEST	Civil_UnSpecClaim_10_NotifyDEF	010_SupportedJurisdiction	1732110202161	1732110202260	OK	 
GROUP	Civil_UnSpecClaim_10_NotifyDEF	1732110202160	1732110202262	99	OK
REQUEST	Civil_UnSpecClaim_10_NotifyDetails	005_jurisdiction	1732110205711	1732110206970	OK	 
REQUEST	Civil_UnSpecClaim_10_NotifyDetails	010_IgnoreWarning	1732110206973	1732110208224	KO	status.find.in([200, 209], 304), found 422
REQUEST	Civil_UnSpecClaim_10_NotifyDetails	020_jurisdiction	1732110208228	1732110209159	OK	 
GROUP	Civil_UnSpecClaim_10_NotifyDetails	1732110205708	1732110209160	3441	KO
REQUEST	Civil_UnSpecClaim_10_NotifyDetails	005_DetailsUpload	1732110211256	1732110212282	OK	 
GROUP	Civil_UnSpecClaim_10_NotifyDetails	1732110211253	1732110212284	1026	OK
REQUEST	Civil_UnSpecClaim_10_NotifyDetails	005_SubmitNotifyDetails	1732110214570	1732110215153	KO	status.find.in([200, 209], 304), found 500
REQUEST	Civil_UnSpecClaim_10_NotifyDetails	010_getCases	1732110215155	1732110217263	KO	substring(NOTIFY_DEFENDANT_OF_CLAIM_DETAILS).find.exists, found nothing
GROUP	Civil_UnSpecClaim_10_NotifyDetails	1732110214567	1732110217265	2691	KO
REQUEST	Civil_UnSpecClaim_10_NotifyDetails	005_APIRoleAssignment	1732110219548	1732110220070	OK	 
GROUP	Civil_UnSpecClaim_10_NotifyDetails	1732110219546	1732110220072	522	OK
REQUEST	Civil_UnSpecClaim_10_NotifyDetails	010_SupportedJurisdiction	1732110220072	1732110220194	OK	 
GROUP	Civil_UnSpecClaim_10_NotifyDetails	1732110220072	1732110220194	122	OK
REQUEST		XUI_020_Signout	1732110222732	1732110223192	OK	 
REQUEST		XUI_020_Signout Redirect 1	1732110223193	1732110223257	OK	 
REQUEST		XUI_020_Signout Redirect 2	1732110223263	1732110223473	OK	 
REQUEST		XUI_020_Signout Redirect 3	1732110223474	1732110223562	OK	 
REQUEST	XUI_010_Home	005_Home	1732110227568	1732110227632	OK	 
REQUEST	XUI_010_Home	Common_000_ConfigurationUI	1732110227634	1732110227807	OK	 
REQUEST	XUI_010_Home	Common_000_ConfigJson	1732110227809	1732110227858	OK	 
REQUEST	XUI_010_Home	Common_000_TsAndCs	1732110227861	1732110227922	OK	 
REQUEST	XUI_010_Home	Common_000_ConfigUI	1732110227924	1732110227978	OK	 
REQUEST	XUI_010_Home	Common_000_UserDetails	1732110227982	1732110228087	OK	 
REQUEST	XUI_010_Home	Common_000_IsAuthenticated	1732110228088	1732110228139	OK	 
REQUEST	XUI_010_Home	010_auth	1732110228141	1732110228217	OK	 
REQUEST	XUI_010_Home	010_auth Redirect 1	1732110228220	1732110228282	OK	 
REQUEST	XUI_010_Home	010_auth Redirect 2	1732110228284	1732110228388	OK	 
GROUP	XUI_010_Home	1732110227567	1732110228389	799	OK
REQUEST	XUI_020_Login	005_clientId	1732110230875	1732110231019	OK	 
REQUEST	XUI_020_Login	005_clientId Redirect 1	1732110231021	1732110232389	OK	 
REQUEST	XUI_020_Login	005_clientId Redirect 2	1732110232391	1732110232461	OK	 
REQUEST	XUI_020_Login	Common_000_ConfigurationUI	1732110232464	1732110232525	OK	 
REQUEST	XUI_020_Login	Common_000_ConfigUI	1732110232528	1732110232601	OK	 
REQUEST	XUI_020_Login	Common_000_TsAndCs	1732110232603	1732110232650	OK	 
REQUEST	XUI_020_Login	Common_000_IsAuthenticated	1732110232651	1732110232719	OK	 
REQUEST	XUI_020_Login	Common_000_UserDetails	1732110232721	1732110233591	OK	 
REQUEST	XUI_020_Login	Common_000_MonitoringTools	1732110233593	1732110233721	OK	 
REQUEST	XUI_020_Login	Common_000_IsAuthenticated	1732110233723	1732110233861	OK	 
GROUP	XUI_020_Login	1732110230873	1732110233862	2967	OK
REQUEST	Civil_UnSpecClaim_20_DefResp	CIVIL_AssignCase_000_AssignCase	1732110236898	1732110239475	OK	 
GROUP	Civil_UnSpecClaim_20_DefResp	1732110236895	1732110239476	2577	OK
REQUEST	Civil_UnSpecClaim_20_DefResp	Search_005_WorkBasket	1732110239479	1732110241101	OK	 
REQUEST	Civil_UnSpecClaim_20_DefResp	Search_010_CaseReference	1732110241105	1732110243132	OK	 
GROUP	Civil_UnSpecClaim_20_DefResp	1732110239476	1732110243133	3649	OK
REQUEST	Civil_UnSpecClaim_20_DefResp	OpenCase_005_InternalCases	1732110245601	1732110247220	KO	status.find.in([200, 209], 304), found 404
GROUP	Civil_UnSpecClaim_20_DefResp	1732110245599	1732110247221	1619	KO
REQUEST	Civil_UnSpecClaim_20_DefResp	OpenCase_010_RoleAssignment	1732110247223	1732110247711	OK	 
GROUP	Civil_UnSpecClaim_20_DefResp	1732110247221	1732110247714	488	OK
REQUEST	Civil_UnSpecClaim_20_DefResp	OpenCase_015_Jurisdiction	1732110247715	1732110247801	OK	 
GROUP	Civil_UnSpecClaim_20_DefResp	1732110247714	1732110247802	86	OK
REQUEST	Civil_UnSpecClaim_20_DefResp	RespToClaim_005_jurisdiction	1732110250749	1732110252149	OK	 
REQUEST	Civil_UnSpecClaim_20_DefResp	RespToClaim_010_Profile	1732110252150	1732110258619	OK	 
REQUEST	Civil_UnSpecClaim_20_DefResp	RespToClaim_015_IgnoreWarning	1732110303629	1732110304982	KO	status.find.in([200, 209], 304), found 422
REQUEST	Civil_UnSpecClaim_20_DefResp	RespToClaim_020_jurisdiction	1732110304987	1732110306316	OK	 
GROUP	Civil_UnSpecClaim_20_DefResp	1732110250746	1732110306318	10551	KO
ERROR	ClaimInfo_005_ConfirmDetails: No attribute named 'PartyID' is defined 	1732110308429
GROUP	Civil_UnSpecClaim_20_DefResp	1732110308428	1732110308429	0	KO
ERROR	RejectClaim_005_RespondentResponseType: No attribute named 'PartyID' is defined 	1732110312332
GROUP	Civil_UnSpecClaim_20_DefResp	1732110312331	1732110312333	0	KO
ERROR	FileRef_005_SolicitorReferences: No attribute named 'PartyID' is defined 	1732110315309
GROUP	Civil_UnSpecClaim_20_DefResp	1732110315307	1732110315309	0	KO
REQUEST	Civil_UnSpecClaim_20_DefResp	005_UploadDefence	1732110318406	1732110321982	OK	 
GROUP	Civil_UnSpecClaim_20_DefResp	1732110318387	1732110321986	3576	OK
ERROR	010_UploadDefence: No attribute named 'PartyID' is defined 	1732110324999
GROUP	Civil_UnSpecClaim_20_DefResp	1732110324995	1732110324999	0	KO
ERROR	005_FileDirectionsQuestionnaire: No attribute named 'PartyID' is defined 	1732110327806
GROUP	Civil_UnSpecClaim_20_DefResp	1732110327803	1732110327806	0	KO
ERROR	005_FixedRecoverableCosts: No attribute named 'PartyID' is defined 	1732110331406
GROUP	Civil_UnSpecClaim_20_DefResp	1732110331404	1732110331406	0	KO
ERROR	005_DisclosureOfNonElectronicDocuments: No attribute named 'PartyID' is defined 	1732110333415
GROUP	Civil_UnSpecClaim_20_DefResp	1732110333413	1732110333415	0	KO
ERROR	005_RESPONSEExperts: No attribute named 'PartyID' is defined 	1732110336862
GROUP	Civil_UnSpecClaim_20_DefResp	1732110336860	1732110336862	0	KO
ERROR	005_RESPONSEWitnesses: No attribute named 'PartyID' is defined 	1732110339860
GROUP	Civil_UnSpecClaim_20_DefResp	1732110339858	1732110339860	0	KO
ERROR	005_RESPONSELanguage: No attribute named 'PartyID' is defined 	1732110343001
GROUP	Civil_UnSpecClaim_20_DefResp	1732110342998	1732110343001	0	KO
ERROR	005_RESPONSEHearing: No attribute named 'PartyID' is defined 	1732110346804
GROUP	Civil_UnSpecClaim_20_DefResp	1732110346802	1732110346804	0	KO
REQUEST	Civil_UnSpecClaim_20_DefResp	005_UploadDraftDirection	1732110349295	1732110351242	OK	 
GROUP	Civil_UnSpecClaim_20_DefResp	1732110349291	1732110351245	1947	OK
ERROR	005_RESPONSEDraftDirections: No attribute named 'PartyID' is defined 	1732110353528
GROUP	Civil_UnSpecClaim_20_DefResp	1732110353527	1732110353529	0	KO
ERROR	005_RESPONSERequestedCourt: No attribute named 'PartyID' is defined 	1732110357317
GROUP	Civil_UnSpecClaim_20_DefResp	1732110357314	1732110357317	0	KO
ERROR	005_RESPONSEHearingSupport: No attribute named 'PartyID' is defined 	1732110359513
GROUP	Civil_UnSpecClaim_20_DefResp	1732110359511	1732110359513	0	KO
ERROR	005_RESPONSEVulnerabilityQuestions: No attribute named 'PartyID' is defined 	1732110363232
GROUP	Civil_UnSpecClaim_20_DefResp	1732110363230	1732110363232	0	KO
ERROR	005_RESPONSEFurtherInformation: No attribute named 'PartyID' is defined 	1732110367115
GROUP	Civil_UnSpecClaim_20_DefResp	1732110367113	1732110367115	0	KO
ERROR	005_RESPONSEStatementOfTruth: No attribute named 'PartyID' is defined 	1732110369805
GROUP	Civil_UnSpecClaim_20_DefResp	1732110369803	1732110369805	0	KO
ERROR	005_Submit: No attribute named 'PartyID' is defined 	1732110372463
REQUEST	Civil_UnSpecClaim_20_DefResp	010_DefenceSubmitted	1732110372464	1732110375180	KO	status.find.in([200, 209], 304), found 404
GROUP	Civil_UnSpecClaim_20_DefResp	1732110372460	1732110375183	2716	KO
REQUEST		XUI_020_Signout	1732110379082	1732110379428	OK	 
REQUEST		XUI_020_Signout Redirect 1	1732110379430	1732110379484	OK	 
REQUEST		XUI_020_Signout Redirect 2	1732110379486	1732110379701	OK	 
REQUEST		XUI_020_Signout Redirect 3	1732110379703	1732110379776	OK	 
REQUEST	XUI_010_Home	005_Home	1732110383782	1732110383818	OK	 
REQUEST	XUI_010_Home	Common_000_ConfigurationUI	1732110383819	1732110383867	OK	 
REQUEST	XUI_010_Home	Common_000_ConfigJson	1732110383869	1732110383914	OK	 
REQUEST	XUI_010_Home	Common_000_TsAndCs	1732110383915	1732110383953	OK	 
REQUEST	XUI_010_Home	Common_000_ConfigUI	1732110383954	1732110383999	OK	 
REQUEST	XUI_010_Home	Common_000_UserDetails	1732110384000	1732110384090	OK	 
REQUEST	XUI_010_Home	Common_000_IsAuthenticated	1732110384093	1732110384140	OK	 
REQUEST	XUI_010_Home	010_auth	1732110384141	1732110384185	OK	 
REQUEST	XUI_010_Home	010_auth Redirect 1	1732110384188	1732110384232	OK	 
REQUEST	XUI_010_Home	010_auth Redirect 2	1732110384234	1732110384304	OK	 
GROUP	XUI_010_Home	1732110383781	1732110384308	507	OK
REQUEST	XUI_020_Login	005_clientId	1732110387696	1732110388152	OK	 
REQUEST	XUI_020_Login	005_clientId Redirect 1	1732110388153	1732110388675	OK	 
REQUEST	XUI_020_Login	005_clientId Redirect 2	1732110388677	1732110388722	OK	 
REQUEST	XUI_020_Login	Common_000_ConfigurationUI	1732110388725	1732110388776	OK	 
REQUEST	XUI_020_Login	Common_000_ConfigUI	1732110388778	1732110388825	OK	 
REQUEST	XUI_020_Login	Common_000_TsAndCs	1732110388827	1732110388877	OK	 
REQUEST	XUI_020_Login	Common_000_IsAuthenticated	1732110388881	1732110388923	OK	 
REQUEST	XUI_020_Login	Common_000_UserDetails	1732110388925	1732110390298	OK	 
REQUEST	XUI_020_Login	Common_000_MonitoringTools	1732110390301	1732110390482	OK	 
REQUEST	XUI_020_Login	Common_000_IsAuthenticated	1732110390485	1732110390570	OK	 
GROUP	XUI_020_Login	1732110387693	1732110390573	2852	OK
REQUEST	Civil_UnSpecClaim_30_ClaimantResp	SearchCase_005_CaseReference	1732110393846	1732110396733	OK	 
REQUEST	Civil_UnSpecClaim_30_ClaimantResp	OpenCase_005_InternalCases	1732110396736	1732110399266	OK	 
GROUP	Civil_UnSpecClaim_30_ClaimantResp	1732110393844	1732110399270	5417	OK
REQUEST	Civil_UnSpecClaim_30_ClaimantResp	OpenCase_015_RoleAssignment	1732110399271	1732110399547	OK	 
GROUP	Civil_UnSpecClaim_30_ClaimantResp	1732110399270	1732110399549	276	OK
REQUEST	Civil_UnSpecClaim_30_ClaimantResp	OpenCase_020_Jurisdiction	1732110399550	1732110399640	OK	 
GROUP	Civil_UnSpecClaim_30_ClaimantResp	1732110399549	1732110399642	90	OK
REQUEST	Civil_UnSpecClaim_30_ClaimantResp	RespToDef_005_Jurisdiction	1732110402906	1732110404392	OK	 
REQUEST	Civil_UnSpecClaim_30_ClaimantResp	RespToDef_010_profile	1732110404394	1732110406068	OK	 
REQUEST	Civil_UnSpecClaim_30_ClaimantResp	RespToDef_015_IgnoreWarning	1732110406072	1732110406943	KO	status.find.in([200, 209], 304), found 422
REQUEST	Civil_UnSpecClaim_30_ClaimantResp	RespToDef_020_jurisdiction	1732110406948	1732110407967	OK	 
GROUP	Civil_UnSpecClaim_30_ClaimantResp	1732110402904	1732110407969	5050	KO
ERROR	005_RespondentResponse: No attribute named 'upload_timestamp' is defined 	1732110411726
GROUP	Civil_UnSpecClaim_30_ClaimantResp	1732110411723	1732110411726	0	KO
ERROR	005_DefenceResponseDocument: No attribute named 'upload_timestamp' is defined 	1732110415645
GROUP	Civil_UnSpecClaim_30_ClaimantResp	1732110415643	1732110415645	0	KO
ERROR	005_FileDirectionsQuestionnaire: No attribute named 'upload_timestamp' is defined 	1732110419499
GROUP	Civil_UnSpecClaim_30_ClaimantResp	1732110419497	1732110419499	0	KO
ERROR	005_FixedRecoverableCosts: No attribute named 'upload_timestamp' is defined 	1732110422117
GROUP	Civil_UnSpecClaim_30_ClaimantResp	1732110422115	1732110422117	0	KO
ERROR	005_DisclosureOfNonElectronicDocuments: No attribute named 'upload_timestamp' is defined 	1732110424891
GROUP	Civil_UnSpecClaim_30_ClaimantResp	1732110424889	1732110424891	0	KO
ERROR	005_Experts: No attribute named 'upload_timestamp' is defined 	1732110427292
GROUP	Civil_UnSpecClaim_30_ClaimantResp	1732110427290	1732110427292	0	KO
ERROR	005_Witnesses: No attribute named 'upload_timestamp' is defined 	1732110430705
GROUP	Civil_UnSpecClaim_30_ClaimantResp	1732110430703	1732110430705	0	KO
ERROR	005_Language: No attribute named 'upload_timestamp' is defined 	1732110433327
GROUP	Civil_UnSpecClaim_30_ClaimantResp	1732110433327	1732110433327	0	KO
ERROR	005_Hearing: No attribute named 'upload_timestamp' is defined 	1732110437322
GROUP	Civil_UnSpecClaim_30_ClaimantResp	1732110437319	1732110437322	0	KO
REQUEST	Civil_UnSpecClaim_30_ClaimantResp	005_UploadDraftDirection	1732110440345	1732110442200	OK	 
GROUP	Civil_UnSpecClaim_30_ClaimantResp	1732110440342	1732110442203	1855	OK
ERROR	010_DraftDirections: No attribute named 'upload_timestamp' is defined 	1732110446104
GROUP	Civil_UnSpecClaim_30_ClaimantResp	1732110446103	1732110446104	0	KO
ERROR	005_HearingSupport: No attribute named 'upload_timestamp' is defined 	1732110450001
GROUP	Civil_UnSpecClaim_30_ClaimantResp	1732110449999	1732110450001	0	KO
ERROR	005_VulnerabilityQuestions: No attribute named 'upload_timestamp' is defined 	1732110452618
GROUP	Civil_UnSpecClaim_30_ClaimantResp	1732110452616	1732110452618	0	KO
ERROR	005_FurtherInformation: No attribute named 'upload_timestamp' is defined 	1732110454953
GROUP	Civil_UnSpecClaim_30_ClaimantResp	1732110454949	1732110454953	0	KO
ERROR	005_StatementOfTruth: No attribute named 'upload_timestamp' is defined 	1732110458717
GROUP	Civil_UnSpecClaim_30_ClaimantResp	1732110458715	1732110458717	0	KO
ERROR	005_Submit: No attribute named 'upload_timestamp' is defined 	1732110462138
REQUEST	Civil_UnSpecClaim_30_ClaimantResp	010_ProceedWithClaim	1732110462138	1732110463760	OK	 
GROUP	Civil_UnSpecClaim_30_ClaimantResp	1732110462136	1732110463767	1622	KO
REQUEST		XUI_020_Signout	1732110467740	1732110467991	OK	 
REQUEST		XUI_020_Signout Redirect 1	1732110467992	1732110468297	OK	 
REQUEST		XUI_020_Signout Redirect 2	1732110468297	1732110468424	OK	 
REQUEST		XUI_020_Signout Redirect 3	1732110468425	1732110468494	OK	 
REQUEST	XUI_010_Home	005_Home	1732110472500	1732110472557	OK	 
REQUEST	XUI_010_Home	Common_000_ConfigurationUI	1732110472559	1732110472796	OK	 
REQUEST	XUI_010_Home	Common_000_ConfigJson	1732110472799	1732110473041	OK	 
REQUEST	XUI_010_Home	Common_000_TsAndCs	1732110473045	1732110473091	OK	 
REQUEST	XUI_010_Home	Common_000_ConfigUI	1732110473094	1732110473330	OK	 
REQUEST	XUI_010_Home	Common_000_UserDetails	1732110473331	1732110473369	OK	 
REQUEST	XUI_010_Home	Common_000_IsAuthenticated	1732110473370	1732110473410	OK	 
REQUEST	XUI_010_Home	010_auth	1732110473412	1732110473458	OK	 
REQUEST	XUI_010_Home	010_auth Redirect 1	1732110473460	1732110473505	OK	 
REQUEST	XUI_010_Home	010_auth Redirect 2	1732110473507	1732110473579	OK	 
GROUP	XUI_010_Home	1732110472499	1732110473582	1059	OK
REQUEST	XUI_020_Login	005_clientId	1732110475717	1732110475814	OK	 
REQUEST	XUI_020_Login	005_clientId Redirect 1	1732110475816	1732110476278	OK	 
REQUEST	XUI_020_Login	005_clientId Redirect 2	1732110476281	1732110476515	OK	 
REQUEST	XUI_020_Login	Common_000_ConfigurationUI	1732110476518	1732110476780	OK	 
REQUEST	XUI_020_Login	Common_000_ConfigUI	1732110476783	1732110477047	OK	 
REQUEST	XUI_020_Login	Common_000_TsAndCs	1732110477050	1732110477093	OK	 
REQUEST	XUI_020_Login	Common_000_IsAuthenticated	1732110477096	1732110477135	OK	 
REQUEST	XUI_020_Login	Common_000_UserDetails	1732110477140	1732110477412	OK	 
REQUEST	XUI_020_Login	Common_000_MonitoringTools	1732110477415	1732110477470	OK	 
REQUEST	XUI_020_Login	Common_000_IsAuthenticated	1732110477473	1732110477525	OK	 
GROUP	XUI_020_Login	1732110475715	1732110477527	1780	OK
REQUEST	Civil_UnSpecClaim_40_SDO	005_HealthCheck	1732110479697	1732110479753	OK	 
REQUEST	Civil_UnSpecClaim_40_SDO	005_RegionLocation	1732110479755	1732110481928	OK	 
REQUEST	Civil_UnSpecClaim_40_SDO	005_GetMyAccess	1732110481931	1732110482359	OK	 
REQUEST	Civil_UnSpecClaim_40_SDO	010_GetMyAccess	1732110482362	1732110482718	OK	 
REQUEST	Civil_UnSpecClaim_40_SDO	005_TypesOfWork	1732110482721	1732110483744	OK	 
REQUEST	Civil_UnSpecClaim_40_SDO	005_Jurisdiction	1732110483747	1732110483796	OK	 
REQUEST	Civil_UnSpecClaim_40_SDO	005_WorkAllocationTask	1732110483799	1732110485590	OK	 
REQUEST	Civil_UnSpecClaim_40_SDO	010_Jurisdiction	1732110485594	1732110485639	OK	 
REQUEST	Civil_UnSpecClaim_40_SDO	005_GetUsersByServiceName	1732110485641	1732110486934	OK	 
REQUEST	Civil_UnSpecClaim_40_SDO	010_WorkAllocationTask	1732110486938	1732110488182	OK	 
REQUEST	Civil_UnSpecClaim_40_SDO	005_GetJudicialUsers	1732110488187	1732110489177	OK	 
GROUP	Civil_UnSpecClaim_40_SDO	1732110479696	1732110489177	9448	OK
REQUEST	Civil_UnSpecClaim_40_SDO	005_SearchCase	1732110492172	1732110493479	OK	 
REQUEST	Civil_UnSpecClaim_40_SDO	010_SearchCase	1732110493485	1732110494552	OK	 
REQUEST	Civil_UnSpecClaim_40_SDO	015_SearchCase	1732110494555	1732110496408	OK	 
GROUP	Civil_UnSpecClaim_40_SDO	1732110492170	1732110496409	4227	OK
REQUEST	Civil_UnSpecClaim_40_SDO	005_OpenCase	1732110498682	1732110500198	OK	 
GROUP	Civil_UnSpecClaim_40_SDO	1732110498680	1732110500200	1516	OK
REQUEST	Civil_UnSpecClaim_40_SDO	010_OpenCase	1732110500202	1732110500550	OK	 
GROUP	Civil_UnSpecClaim_40_SDO	1732110500201	1732110500551	348	OK
REQUEST	Civil_UnSpecClaim_40_SDO	015_OpenCase	1732110500552	1732110500680	OK	 
GROUP	Civil_UnSpecClaim_40_SDO	1732110500551	1732110500681	128	OK
REQUEST	Civil_UnSpecClaim_40_SDO	005_TaskTab	1732110502829	1732110503916	KO	substring(Assign to me).find.exists, found nothing
REQUEST	Civil_UnSpecClaim_40_SDO	010_TaskTab	1732110503920	1732110563922	KO	Request timeout to manage-case.perftest.platform.hmcts.net/13.107.246.64:443 after 60000 ms
GROUP	Civil_UnSpecClaim_40_SDO	1732110502826	1732110563926	61089	KO
ERROR	005_AssignToMe: No attribute named 'JudgeId' is defined 	1732110566192
REQUEST	Civil_UnSpecClaim_40_SDO	010_AssignToMe	1732110566194	1732110567918	KO	substring(Unassign task).find.exists, found nothing
REQUEST	Civil_UnSpecClaim_40_SDO	015_AssignToMe	1732110567920	1732110568634	OK	 
GROUP	Civil_UnSpecClaim_40_SDO	1732110566190	1732110568637	2438	KO
ERROR	005_FastTrack: No attribute named 'JudgeId' is defined 	1732110570873
REQUEST	Civil_UnSpecClaim_40_SDO	Common_000_ConfigurationUI	1732110570875	1732110570979	OK	 
REQUEST	Civil_UnSpecClaim_40_SDO	Common_000_ConfigUI	1732110570982	1732110571088	OK	 
REQUEST	Civil_UnSpecClaim_40_SDO	Common_000_TsAndCs	1732110571091	1732110571164	OK	 
REQUEST	Civil_UnSpecClaim_40_SDO	Common_000_UserDetails	1732110571166	1732110571275	OK	 
REQUEST	Civil_UnSpecClaim_40_SDO	Common_000_IsAuthenticated	1732110571278	1732110571351	OK	 
REQUEST	Civil_UnSpecClaim_40_SDO	Common_000_MonitoringTools	1732110571354	1732110571452	OK	 
REQUEST	Civil_UnSpecClaim_40_SDO	Common_000_MonitoringTools	1732110571455	1732110571802	OK	 
REQUEST	Civil_UnSpecClaim_40_SDO	Common_000_MonitoringTools	1732110571805	1732110571884	OK	 
REQUEST	Civil_UnSpecClaim_40_SDO	010_FastTrack	1732110571886	1732110572729	KO	substring(case_management_category).find.exists, found nothing
REQUEST	Civil_UnSpecClaim_40_SDO	015_FastTrack	1732110572732	1732110573917	OK	 
REQUEST	Civil_UnSpecClaim_40_SDO	020_FastTrack	1732110573921	1732110575256	OK	 
REQUEST	Civil_UnSpecClaim_40_SDO	025_FastTrack	1732110575261	1732110576102	KO	status.find.in([200, 209], 304), found 422
GROUP	Civil_UnSpecClaim_40_SDO	1732110570872	1732110576105	5193	KO
REQUEST	Civil_UnSpecClaim_40_SDO	005_SDO_Amount	1732110579392	1732110580410	OK	 
GROUP	Civil_UnSpecClaim_40_SDO	1732110579390	1732110580412	1018	OK
REQUEST	Civil_UnSpecClaim_40_SDO	005_ClaimsTrack	1732110584132	1732110585814	OK	 
GROUP	Civil_UnSpecClaim_40_SDO	1732110584130	1732110585816	1682	OK
REQUEST	Civil_UnSpecClaim_40_SDO	005_FastTrack	1732110589393	1732110595013	OK	 
GROUP	Civil_UnSpecClaim_40_SDO	1732110589391	1732110595019	5620	OK
REQUEST	Civil_UnSpecClaim_40_SDO	005_OrderPreview	1732110598917	1732110599661	OK	 
GROUP	Civil_UnSpecClaim_40_SDO	1732110598915	1732110599663	744	OK
ERROR	005_SubmitSDO: No attribute named 'JudgeId' is defined 	1732110603413
GROUP	Civil_UnSpecClaim_40_SDO	1732110603412	1732110603413	0	KO
REQUEST	Civil_UnSpecClaim_40_SDO	005_SubmitSDO	1732110603414	1732110604696	KO	status.find.in([200, 209], 304), found 404
ERROR	010_SubmitSDO: No attribute named 'JudgeId' is defined 	1732110604699
REQUEST	Civil_UnSpecClaim_40_SDO	015_SubmitSDO	1732110604700	1732110605877	OK	 
GROUP	Civil_UnSpecClaim_40_SDO	1732110603413	1732110605878	2459	KO
REQUEST		XUI_020_Signout	1732110609679	1732110609911	OK	 
REQUEST		XUI_020_Signout Redirect 1	1732110609913	1732110609958	OK	 
REQUEST		XUI_020_Signout Redirect 2	1732110609960	1732110611556	OK	 
REQUEST		XUI_020_Signout Redirect 3	1732110611558	1732110611678	OK	 
REQUEST	XUI_010_Home	005_Home	1732110615683	1732110615724	OK	 
REQUEST	XUI_010_Home	Common_000_ConfigurationUI	1732110615726	1732110615780	OK	 
REQUEST	XUI_010_Home	Common_000_ConfigJson	1732110615783	1732110615818	OK	 
REQUEST	XUI_010_Home	Common_000_TsAndCs	1732110615821	1732110615870	OK	 
REQUEST	XUI_010_Home	Common_000_ConfigUI	1732110615872	1732110615915	OK	 
REQUEST	XUI_010_Home	Common_000_UserDetails	1732110615918	1732110615966	OK	 
REQUEST	XUI_010_Home	Common_000_IsAuthenticated	1732110615969	1732110616023	OK	 
REQUEST	XUI_010_Home	010_auth	1732110616027	1732110616078	OK	 
REQUEST	XUI_010_Home	010_auth Redirect 1	1732110616080	1732110616205	OK	 
REQUEST	XUI_010_Home	010_auth Redirect 2	1732110616207	1732110616330	OK	 
GROUP	XUI_010_Home	1732110615682	1732110616333	623	OK
REQUEST	XUI_020_Login	005_clientId	1732110619658	1732110619887	OK	 
REQUEST	XUI_020_Login	005_clientId Redirect 1	1732110619889	1732110620550	OK	 
REQUEST	XUI_020_Login	005_clientId Redirect 2	1732110620553	1732110620601	OK	 
REQUEST	XUI_020_Login	Common_000_ConfigurationUI	1732110620605	1732110620655	OK	 
REQUEST	XUI_020_Login	Common_000_ConfigUI	1732110620657	1732110620696	OK	 
REQUEST	XUI_020_Login	Common_000_TsAndCs	1732110620699	1732110620733	OK	 
REQUEST	XUI_020_Login	Common_000_IsAuthenticated	1732110620736	1732110620772	OK	 
REQUEST	XUI_020_Login	Common_000_UserDetails	1732110620775	1732110621001	OK	 
REQUEST	XUI_020_Login	Common_000_MonitoringTools	1732110621004	1732110621079	OK	 
REQUEST	XUI_020_Login	Common_000_IsAuthenticated	1732110621081	1732110621140	OK	 
GROUP	XUI_020_Login	1732110619657	1732110621141	1457	OK
REQUEST	Civil_UnSpecClaim_50_HearingAdmin	005_HealthCheck	1732110624508	1732110624558	OK	 
REQUEST	Civil_UnSpecClaim_50_HearingAdmin	005_RegionLocation	1732110624561	1732110625466	OK	 
REQUEST	Civil_UnSpecClaim_50_HearingAdmin	005_GetMyAccess	1732110625470	1732110625758	OK	 
REQUEST	Civil_UnSpecClaim_50_HearingAdmin	010_GetMyAccess	1732110625761	1732110625978	OK	 
REQUEST	Civil_UnSpecClaim_50_HearingAdmin	005_TypesOfWork	1732110625981	1732110627357	OK	 
REQUEST	Civil_UnSpecClaim_50_HearingAdmin	005_Jurisdiction	1732110627360	1732110627427	OK	 
REQUEST	Civil_UnSpecClaim_50_HearingAdmin	005_WorkAllocationTask	1732110627430	1732110627918	OK	 
REQUEST	Civil_UnSpecClaim_50_HearingAdmin	010_Jurisdiction	1732110627923	1732110627965	OK	 
REQUEST	Civil_UnSpecClaim_50_HearingAdmin	005_GetUsersByServiceName	1732110627968	1732110628123	OK	 
ERROR	010_WorkAllocationTask: No attribute named 'uId_hearing"' is defined 	1732110628127
GROUP	Civil_UnSpecClaim_50_HearingAdmin	1732110624507	1732110628127	3588	KO
REQUEST	Civil_UnSpecClaim_50_HearingAdmin	005_OpenCase	1732110631870	1732110632781	OK	 
GROUP	Civil_UnSpecClaim_50_HearingAdmin	1732110631868	1732110632785	911	OK
REQUEST	Civil_UnSpecClaim_50_HearingAdmin	010_OpenCase	1732110632787	1732110633193	OK	 
GROUP	Civil_UnSpecClaim_50_HearingAdmin	1732110632786	1732110633195	406	OK
REQUEST	Civil_UnSpecClaim_50_HearingAdmin	015_OpenCase	1732110633196	1732110633231	OK	 
GROUP	Civil_UnSpecClaim_50_HearingAdmin	1732110633195	1732110633232	35	OK
REQUEST	Civil_UnSpecClaim_40_SDO	005_TaskTab	1732110635407	1732110636114	KO	substring(Assign to me).find.exists, found nothing
REQUEST	Civil_UnSpecClaim_40_SDO	010_TaskTab	1732110636118	1732110636756	OK	 
GROUP	Civil_UnSpecClaim_40_SDO	1732110635405	1732110636758	1345	KO
ERROR	005_AssignToMe: No attribute named 'HearingCaseId' is defined 	1732110640662
GROUP	Civil_UnSpecClaim_50_HearingAdmin	1732110640661	1732110640663	0	KO
REQUEST	Civil_UnSpecClaim_50_HearingAdmin	010_AssignToMe	1732110640664	1732110640884	KO	substring(Unassign task).find.exists, found nothing
GROUP	Civil_UnSpecClaim_50_HearingAdmin	1732110640663	1732110640886	220	KO
REQUEST	Civil_UnSpecClaim_50_HearingAdmin	005_jurisdiction	1732110644253	1732110645280	OK	 
REQUEST	Civil_UnSpecClaim_50_HearingAdmin	010_Profile	1732110645283	1732110646503	OK	 
REQUEST	Civil_UnSpecClaim_50_HearingAdmin	015_IgnoreWarning	1732110646505	1732110647228	KO	status.find.in([200, 209], 304), found 422
REQUEST	Civil_UnSpecClaim_50_HearingAdmin	020_HearingScheduled	1732110647232	1732110647585	KO	substring(Schedule a hearing using the Hearings tab).find.exists, found nothing
GROUP	Civil_UnSpecClaim_50_HearingAdmin	1732110644252	1732110647588	3323	KO
REQUEST	Civil_UnSpecClaim_50_HearingAdmin	005_HearingNoticeSelect	1732110650957	1732110653129	OK	 
GROUP	Civil_UnSpecClaim_50_HearingAdmin	1732110650954	1732110653131	2172	OK
REQUEST	Civil_UnSpecClaim_50_HearingAdmin	005_ListingOrRelisting	1732110655214	1732110655672	OK	 
GROUP	Civil_UnSpecClaim_50_HearingAdmin	1732110655212	1732110655674	458	OK
REQUEST	Civil_UnSpecClaim_50_HearingAdmin	005_HearingDetails	1732110659482	1732110660706	KO	status.find.in([200, 209], 304), found 422
GROUP	Civil_UnSpecClaim_50_HearingAdmin	1732110659481	1732110660708	1224	KO
REQUEST	Civil_UnSpecClaim_50_HearingAdmin	005_HearingInformation	1732110663261	1732110663966	OK	 
GROUP	Civil_UnSpecClaim_50_HearingAdmin	1732110663259	1732110663967	705	OK
ERROR	005_Submit: No attribute named 'HearingCaseId' is defined 	1732110667211
ERROR	010_Submit: No attribute named 'HearingCaseId' is defined 	1732110667211
REQUEST	Civil_UnSpecClaim_50_HearingAdmin	015_Submit	1732110667213	1732110668420	OK	 
GROUP	Civil_UnSpecClaim_50_HearingAdmin	1732110667209	1732110668421	1207	KO
REQUEST		XUI_020_Signout	1732110668422	1732110668781	OK	 
REQUEST		XUI_020_Signout Redirect 1	1732110668782	1732110668827	OK	 
REQUEST		XUI_020_Signout Redirect 2	1732110668829	1732110668867	OK	 
REQUEST		XUI_020_Signout Redirect 3	1732110668868	1732110668931	OK	 
REQUEST	XUI_010_Home	005_Home	1732110678935	1732110678968	OK	 
REQUEST	XUI_010_Home	Common_000_ConfigurationUI	1732110678971	1732110679080	OK	 
REQUEST	XUI_010_Home	Common_000_ConfigJson	1732110679083	1732110679121	OK	 
REQUEST	XUI_010_Home	Common_000_TsAndCs	1732110679125	1732110679180	OK	 
REQUEST	XUI_010_Home	Common_000_ConfigUI	1732110679183	1732110679226	OK	 
REQUEST	XUI_010_Home	Common_000_UserDetails	1732110679228	1732110679267	OK	 
REQUEST	XUI_010_Home	Common_000_IsAuthenticated	1732110679268	1732110679303	OK	 
REQUEST	XUI_010_Home	010_auth	1732110679305	1732110679350	OK	 
REQUEST	XUI_010_Home	010_auth Redirect 1	1732110679351	1732110679397	OK	 
REQUEST	XUI_010_Home	010_auth Redirect 2	1732110679399	1732110679466	OK	 
GROUP	XUI_010_Home	1732110678934	1732110679469	510	OK
REQUEST	XUI_020_Login	005_clientId	1732110683041	1732110683192	OK	 
REQUEST	XUI_020_Login	005_clientId Redirect 1	1732110683194	1732110683721	OK	 
REQUEST	XUI_020_Login	005_clientId Redirect 2	1732110683723	1732110683767	OK	 
REQUEST	XUI_020_Login	Common_000_ConfigurationUI	1732110683769	1732110683813	OK	 
REQUEST	XUI_020_Login	Common_000_ConfigUI	1732110683814	1732110683852	OK	 
REQUEST	XUI_020_Login	Common_000_TsAndCs	1732110683854	1732110683891	OK	 
REQUEST	XUI_020_Login	Common_000_IsAuthenticated	1732110683892	1732110683937	OK	 
REQUEST	XUI_020_Login	Common_000_UserDetails	1732110683940	1732110684393	OK	 
REQUEST	XUI_020_Login	Common_000_MonitoringTools	1732110684397	1732110684530	OK	 
REQUEST	XUI_020_Login	Common_000_IsAuthenticated	1732110684533	1732110684606	OK	 
GROUP	XUI_020_Login	1732110683039	1732110684608	1545	OK
REQUEST	Civil_UnSpecClaim_60_DocUpload	request_28	1732110687294	1732110688337	KO	status.find.in([200, 209], 304), found 404
GROUP	Civil_UnSpecClaim_60_DocUpload	1732110687290	1732110688337	1043	KO
REQUEST		request_31	1732110693340	1732110694789	OK	 
REQUEST		request_32	1732110694791	1732110697715	OK	 
REQUEST		request_33	1732110697717	1732110698097	KO	status.find.in([200, 209], 304), found 422
REQUEST		request_34	1732110698100	1732110698993	OK	 
REQUEST		request_35	1732110703997	1732110705106	OK	 
REQUEST		request_36	1732110710111	1732110712301	OK	 
REQUEST		request_37	1732110717306	1732110718886	OK	 
REQUEST		request_38	1732110723892	1732110724694	OK	 
REQUEST		request_39	1732110729700	1732110730952	KO	status.find.in([200, 209], 304), found 404
REQUEST		request_40	1732110730956	1732110731962	KO	status.find.in([200, 209], 304), found 404
REQUEST		XUI_020_Signout	1732110736966	1732110737341	OK	 
REQUEST		XUI_020_Signout Redirect 1	1732110737344	1732110737386	OK	 
REQUEST		XUI_020_Signout Redirect 2	1732110737388	1732110737430	OK	 
REQUEST		XUI_020_Signout Redirect 3	1732110737431	1732110737496	OK	 
REQUEST	XUI_010_Home	005_Home	1732110747502	1732110747549	OK	 
REQUEST	XUI_010_Home	Common_000_ConfigurationUI	1732110747552	1732110747625	OK	 
REQUEST	XUI_010_Home	Common_000_ConfigJson	1732110747628	1732110747672	OK	 
REQUEST	XUI_010_Home	Common_000_TsAndCs	1732110747675	1732110747709	OK	 
REQUEST	XUI_010_Home	Common_000_ConfigUI	1732110747712	1732110747753	OK	 
REQUEST	XUI_010_Home	Common_000_UserDetails	1732110747756	1732110747805	OK	 
REQUEST	XUI_010_Home	Common_000_IsAuthenticated	1732110747807	1732110747851	OK	 
REQUEST	XUI_010_Home	010_auth	1732110747858	1732110747891	OK	 
REQUEST	XUI_010_Home	010_auth Redirect 1	1732110747892	1732110747935	OK	 
REQUEST	XUI_010_Home	010_auth Redirect 2	1732110747936	1732110747996	OK	 
GROUP	XUI_010_Home	1732110747502	1732110747999	468	OK
REQUEST	XUI_020_Login	005_clientId	1732110750671	1732110751006	OK	 
REQUEST	XUI_020_Login	005_clientId Redirect 1	1732110751008	1732110751622	OK	 
REQUEST	XUI_020_Login	005_clientId Redirect 2	1732110751625	1732110751664	OK	 
REQUEST	XUI_020_Login	Common_000_ConfigurationUI	1732110751665	1732110751711	OK	 
REQUEST	XUI_020_Login	Common_000_ConfigUI	1732110751711	1732110751773	OK	 
REQUEST	XUI_020_Login	Common_000_TsAndCs	1732110751775	1732110751825	OK	 
REQUEST	XUI_020_Login	Common_000_IsAuthenticated	1732110751828	1732110751871	OK	 
REQUEST	XUI_020_Login	Common_000_UserDetails	1732110751874	1732110752616	OK	 
REQUEST	XUI_020_Login	Common_000_MonitoringTools	1732110752618	1732110752730	OK	 
REQUEST	XUI_020_Login	Common_000_IsAuthenticated	1732110752733	1732110752821	OK	 
GROUP	XUI_020_Login	1732110750669	1732110752823	2131	OK
REQUEST		request_62	1732110755236	1732110756651	OK	 
REQUEST		request_63	1732110756823	1732110756915	OK	 
REQUEST		request_64	1732110756918	1732110757194	OK	 
REQUEST		request_65	1732110762201	1732110763910	OK	 
REQUEST		request_66	1732110763913	1732110765751	OK	 
REQUEST		request_67	1732110765751	1732110766573	KO	status.find.in([200, 209], 304), found 422
REQUEST		request_68	1732110766577	1732110767596	OK	 
REQUEST		request_69	1732110772603	1732110773556	OK	 
REQUEST		request_70	1732110778562	1732110780105	OK	 
REQUEST		request_71	1732110785112	1732110787105	OK	 
REQUEST		request_72	1732110797114	1732110798741	OK	 
REQUEST		request_73	1732110803747	1732110805006	KO	status.find.in([200, 209], 304), found 500
REQUEST		request_74	1732110805010	1732110806460	OK	 
REQUEST		XUI_020_Signout	1732110811465	1732110811782	OK	 
REQUEST		XUI_020_Signout Redirect 1	1732110811784	1732110812080	OK	 
REQUEST		XUI_020_Signout Redirect 2	1732110812082	1732110812256	OK	 
REQUEST		XUI_020_Signout Redirect 3	1732110812258	1732110812330	OK	 
REQUEST	XUI_010_Home	005_Home	1732110822337	1732110822385	OK	 
REQUEST	XUI_010_Home	Common_000_ConfigurationUI	1732110822386	1732110822425	OK	 
REQUEST	XUI_010_Home	Common_000_ConfigJson	1732110822428	1732110822474	OK	 
REQUEST	XUI_010_Home	Common_000_TsAndCs	1732110822476	1732110822513	OK	 
REQUEST	XUI_010_Home	Common_000_ConfigUI	1732110822515	1732110822556	OK	 
REQUEST	XUI_010_Home	Common_000_UserDetails	1732110822559	1732110822594	OK	 
REQUEST	XUI_010_Home	Common_000_IsAuthenticated	1732110822596	1732110822629	OK	 
REQUEST	XUI_010_Home	010_auth	1732110822630	1732110822687	OK	 
REQUEST	XUI_010_Home	010_auth Redirect 1	1732110822688	1732110822734	OK	 
REQUEST	XUI_010_Home	010_auth Redirect 2	1732110822736	1732110822803	OK	 
GROUP	XUI_010_Home	1732110822335	1732110822804	449	OK
REQUEST	XUI_020_Login	005_clientId	1732110825429	1732110825759	OK	 
REQUEST	XUI_020_Login	005_clientId Redirect 1	1732110825760	1732110826581	OK	 
REQUEST	XUI_020_Login	005_clientId Redirect 2	1732110826583	1732110826638	OK	 
REQUEST	XUI_020_Login	Common_000_ConfigurationUI	1732110826641	1732110826708	OK	 
REQUEST	XUI_020_Login	Common_000_ConfigUI	1732110826712	1732110826763	OK	 
REQUEST	XUI_020_Login	Common_000_TsAndCs	1732110826765	1732110826812	OK	 
REQUEST	XUI_020_Login	Common_000_IsAuthenticated	1732110826813	1732110826856	OK	 
REQUEST	XUI_020_Login	Common_000_UserDetails	1732110826858	1732110827350	OK	 
REQUEST	XUI_020_Login	Common_000_MonitoringTools	1732110827353	1732110827405	OK	 
REQUEST	XUI_020_Login	Common_000_IsAuthenticated	1732110827409	1732110827472	OK	 
GROUP	XUI_020_Login	1732110825427	1732110827475	2021	OK
REQUEST		request_100	1732110830653	1732110830706	OK	 
REQUEST		request_103	1732110830710	1732110831495	OK	 
REQUEST		request_104	1732110831497	1732110833571	OK	 
REQUEST		request_105	1732110833572	1732110835092	OK	 
REQUEST		request_109	1732110840097	1732110842007	OK	 
REQUEST		request_112	1732110847012	1732110849388	OK	 
REQUEST		request_113	1732110849571	1732110849655	OK	 
REQUEST		request_115	1732110849656	1732110850189	OK	 
REQUEST		request_120	1732110850191	1732110850949	OK	 
REQUEST		request_135	1732110855955	1732110857403	OK	 
REQUEST		request_136	1732110857405	1732110859815	OK	 
REQUEST		request_139	1732110860292	1732110861137	KO	status.find.in([200, 209], 304), found 422
REQUEST		request_140	1732110861283	1732110862520	OK	 
REQUEST		request_147	1732110862523	1732110864526	OK	 
REQUEST		request_152	1732110869530	1732110871449	OK	 
REQUEST		request_166	1732110871849	1732110876245	OK	 
REQUEST		request_172	1732110883258	1732110884732	OK	 
REQUEST		request_177	1732110889738	1732110890464	KO	status.find.in([200, 209], 304), found 404
REQUEST		XUI_020_Signout	1732110896303	1732110896625	OK	 
REQUEST		XUI_020_Signout Redirect 1	1732110896626	1732110896682	OK	 
REQUEST		XUI_020_Signout Redirect 2	1732110896683	1732110896838	OK	 
REQUEST		XUI_020_Signout Redirect 3	1732110896838	1732110896913	OK	 
USER	UnSpec_CreateClaim	END	1732110906922
