RUN	uk.gov.hmcts.reform.civildamage.performance.simulations.SimulateScenario	simulatescenario	1732528610781	 	3.12.0
USER	Spec_Create_Claim	START	1732528611214
REQUEST	XUI_010_Home	005_Home	1732528611212	1732528611573	OK	 
REQUEST	XUI_010_Home	Common_000_ConfigurationUI	1732528611596	1732528611666	OK	 
REQUEST	XUI_010_Home	Common_000_ConfigJson	1732528611668	1732528611707	OK	 
REQUEST	XUI_010_Home	Common_000_TsAndCs	1732528611708	1732528611750	OK	 
REQUEST	XUI_010_Home	Common_000_ConfigUI	1732528611751	1732528611803	OK	 
REQUEST	XUI_010_Home	Common_000_UserDetails	1732528611805	1732528611834	OK	 
REQUEST	XUI_010_Home	Common_000_IsAuthenticated	1732528611839	1732528611890	OK	 
REQUEST	XUI_010_Home	010_auth	1732528611894	1732528611924	OK	 
REQUEST	XUI_010_Home	010_auth Redirect 1	1732528611934	1732528612441	OK	 
REQUEST	XUI_010_Home	010_auth Redirect 2	1732528612446	1732528612505	OK	 
GROUP	XUI_010_Home	1732528611205	1732528612515	1240	OK
REQUEST	XUI_020_Login	005_clientId	1732528615018	1732528615191	OK	 
REQUEST	XUI_020_Login	005_clientId Redirect 1	1732528615200	1732528615712	OK	 
REQUEST	XUI_020_Login	005_clientId Redirect 2	1732528615713	1732528615748	OK	 
REQUEST	XUI_020_Login	Common_000_ConfigurationUI	1732528615750	1732528615787	OK	 
REQUEST	XUI_020_Login	Common_000_ConfigUI	1732528615789	1732528615826	OK	 
REQUEST	XUI_020_Login	Common_000_TsAndCs	1732528615829	1732528615868	OK	 
REQUEST	XUI_020_Login	Common_000_IsAuthenticated	1732528615871	1732528615906	OK	 
REQUEST	XUI_020_Login	Common_000_UserDetails	1732528615911	1732528616304	OK	 
REQUEST	XUI_020_Login	Common_000_MonitoringTools	1732528616304	1732528616386	OK	 
REQUEST	XUI_020_Login	Common_000_IsAuthenticated	1732528616412	1732528616497	OK	 
GROUP	XUI_020_Login	1732528615007	1732528616502	1428	OK
REQUEST	Civil_CreateSpecClaim_10_00_LandingPage	Jurisdiction	1732528619405	1732528621951	OK	 
REQUEST	Civil_CreateSpecClaim_10_00_LandingPage	Organisation	1732528621959	1732528623598	OK	 
GROUP	Civil_CreateSpecClaim_10_00_LandingPage	1732528619402	1732528623601	4185	OK
REQUEST	Civil_CreateSpecClaim_10_01_CreateCase	Create	1732528626347	1732528626517	OK	 
GROUP	Civil_CreateSpecClaim_10_01_CreateCase	1732528626347	1732528626519	170	OK
REQUEST	Civil_CreateSpecClaim_10_02_CreateCase	IgnoreWarning	1732528629441	1732528631787	OK	 
GROUP	Civil_CreateSpecClaim_10_02_CreateCase	1732528629439	1732528631834	2346	OK
REQUEST	Civil_CreateSpecClaim_10_03_CreateCase	CaseChecklist	1732528634879	1732528635784	OK	 
GROUP	Civil_CreateSpecClaim_10_03_CreateCase	1732528634870	1732528635787	905	OK
REQUEST	Civil_CreateSpecClaim_10_04_CreateCase	Eligibility	1732528638283	1732528639265	OK	 
GROUP	Civil_CreateSpecClaim_10_04_CreateCase	1732528638280	1732528639267	982	OK
REQUEST	Civil_CreateSpecClaim_10_05_CreateCase	References	1732528642637	1732528643463	OK	 
GROUP	Civil_CreateSpecClaim_10_05_CreateCase	1732528642634	1732528643465	826	OK
REQUEST	Civil_CreateSpecClaim_10_06_CreateCase	PostCodeSearch	1732528645883	1732528646785	OK	 
GROUP	Civil_CreateSpecClaim_10_06_CreateCase	1732528645881	1732528646788	902	OK
REQUEST	Civil_CreateSpecClaim_10_07_CreateCase	Claimant	1732528649346	1732528651554	OK	 
GROUP	Civil_CreateSpecClaim_10_07_CreateCase	1732528649342	1732528651556	2208	OK
REQUEST	Civil_CreateSpecClaim_10_08_CreateCase	AddAnotherClaimant	1732528654914	1732528655751	OK	 
GROUP	Civil_CreateSpecClaim_10_08_CreateCase	1732528654910	1732528655752	837	OK
REQUEST	Civil_CreateSpecClaim_10_09_CreateCase	Notifications	1732528658618	1732528659439	OK	 
GROUP	Civil_CreateSpecClaim_10_09_CreateCase	1732528658614	1732528659440	821	OK
REQUEST	Civil_CreateSpecClaim_10_10_CreateCase	ClaimantSolOrg	1732528659441	1732528660667	OK	 
GROUP	Civil_CreateSpecClaim_10_10_CreateCase	1732528659440	1732528660669	1226	OK
REQUEST	Civil_CreateSpecClaim_10_11_CreateCase	CorrespondenceAddress	1732528663109	1732528663637	OK	 
GROUP	Civil_CreateSpecClaim_10_11_CreateCase	1732528663106	1732528663640	528	OK
REQUEST	Civil_CreateSpecClaim_10_12_CreateCase	DefPostCode	1732528666757	1732528668026	OK	 
GROUP	Civil_CreateSpecClaim_10_12_CreateCase	1732528666753	1732528668028	1269	OK
REQUEST	Civil_CreateSpecClaim_10_13_CreateCase	DefendantDetails	1732528671769	1732528673473	OK	 
GROUP	Civil_CreateSpecClaim_10_13_CreateCase	1732528671765	1732528673475	1704	OK
REQUEST	Civil_CreateSpecClaim_10_14_CreateCase	DefLegalRep	1732528675512	1732528676643	OK	 
GROUP	Civil_CreateSpecClaim_10_14_CreateCase	1732528675510	1732528676645	1131	OK
REQUEST	Civil_CreateSpecClaim_10_15_CreateCase	DefSolOrg	1732528679473	1732528680842	OK	 
GROUP	Civil_CreateSpecClaim_10_15_CreateCase	1732528679470	1732528680844	1369	OK
REQUEST	Civil_CreateSpecClaim_10_16_CreateCase	CDefSolEmail	1732528683782	1732528684427	OK	 
GROUP	Civil_CreateSpecClaim_10_16_CreateCase	1732528683779	1732528684429	645	OK
REQUEST	Civil_CreateSpecClaim_10_17_CreateCase	DefAddr	1732528687817	1732528688622	OK	 
GROUP	Civil_CreateSpecClaim_10_17_CreateCase	1732528687816	1732528688624	805	OK
REQUEST	Civil_CreateSpecClaim_10_18_CreateCase	AddAnotherDefendant	1732528690988	1732528691594	OK	 
GROUP	Civil_CreateSpecClaim_10_18_CreateCase	1732528690985	1732528691597	606	OK
REQUEST	Civil_CreateSpecClaim_10_19_CreateCase	FlightDelayClaim	1732528694369	1732528694975	OK	 
GROUP	Civil_CreateSpecClaim_10_19_CreateCase	1732528694366	1732528694977	606	OK
REQUEST	Civil_CreateSpecClaim_10_20_CreateCase	CaseDetails	1732528698906	1732528699785	OK	 
GROUP	Civil_CreateSpecClaim_10_20_CreateCase	1732528698904	1732528699787	879	OK
REQUEST	Civil_CreateSpecClaim_10_21_CreateCase	UploadClaimDoc	1732528702041	1732528702651	OK	 
GROUP	Civil_CreateSpecClaim_10_21_CreateCase	1732528702038	1732528702653	610	OK
REQUEST	Civil_CreateSpecClaim_10_22_CreateCase	ClaimTimeline	1732528706456	1732528707466	OK	 
GROUP	Civil_CreateSpecClaim_10_22_CreateCase	1732528706453	1732528707469	1010	OK
REQUEST	Civil_CreateSpecClaim_10_23_CreateCase	SPECEvidenceList	1732528711431	1732528712005	OK	 
GROUP	Civil_CreateSpecClaim_10_23_CreateCase	1732528711429	1732528712007	574	OK
REQUEST	Civil_CreateSpecClaim_10_24_CreateCase	CREATE_CLAIM_SPECClaimAmount	1732528715148	1732528716170	OK	 
GROUP	Civil_CreateSpecClaim_10_24_CreateCase	1732528715145	1732528716173	1022	OK
REQUEST	Civil_CreateSpecClaim_10_25_CreateCase	CREATE_CLAIM_SPECClaimAmountDetails	1732528718923	1732528720164	OK	 
GROUP	Civil_CreateSpecClaim_10_25_CreateCase	1732528718920	1732528720166	1241	OK
REQUEST	Civil_CreateSpecClaim_10_26_CreateCase	CREATE_CLAIM_SPECClaimInterest	1732528722313	1732528723748	OK	 
GROUP	Civil_CreateSpecClaim_10_26_CreateCase	1732528722310	1732528723750	1435	OK
REQUEST	Civil_CreateSpecClaim_10_27_CreateCase	CREATE_CLAIM_SPECInterestSummary	1732528727522	1732528729893	OK	 
GROUP	Civil_CreateSpecClaim_10_27_CreateCase	1732528727520	1732528729895	2371	OK
REQUEST	Civil_CreateSpecClaim_10_28_CreateCase	CREATE_CLAIM_SPECPbaNumber	1732528732126	1732528732962	OK	 
GROUP	Civil_CreateSpecClaim_10_28_CreateCase	1732528732126	1732528732963	836	OK
REQUEST	Civil_CreateSpecClaim_10_29_CreateCase	CREATE_CLAIM_SPECFixedCommencementCosts	1732528736610	1732528737367	OK	 
GROUP	Civil_CreateSpecClaim_10_29_CreateCase	1732528736609	1732528737369	757	OK
REQUEST	Civil_CreateSpecClaim_10_30_CreateCase	CREATE_CLAIM_SPECStatementOfTruth	1732528740271	1732528741688	OK	 
GROUP	Civil_CreateSpecClaim_10_30_CreateCase	1732528740268	1732528741691	1417	OK
REQUEST	Civil_CreateSpecClaim_10_31_CreateCase	CREATE_CLAIM_SPECCaseshare	1732528741692	1732528743662	OK	 
GROUP	Civil_CreateSpecClaim_10_31_CreateCase	1732528741691	1732528743677	1970	OK
REQUEST	Civil_CreateSpecClaim_10_32_CreateCase	CREATE_CLAIM_SPECSOT_Submit	1732528746204	1732528746875	KO	status.find.in([200, 209], 304), found 400
GROUP	Civil_CreateSpecClaim_10_32_CreateCase	1732528746202	1732528746882	671	KO
ERROR	CREATE_CLAIM_SPECGetCase: No attribute named 'caseId' is defined 	1732528749079
GROUP	Civil_CreateSpecClaim_10_33_APIRoleAssignment	1732528749072	1732528749079	0	KO
ERROR	