RUN	uk.gov.hmcts.reform.civildamage.performance.simulations.SimulateScenario	simulatescenario	1732287275639	 	3.12.0
USER	UnSpec_CreateClaim	START	1732287276144
REQUEST	XUI_010_Home	005_Home	1732287276141	1732287276240	OK	 
REQUEST	XUI_010_Home	Common_000_ConfigurationUI	1732287276256	1732287276290	OK	 
REQUEST	XUI_010_Home	Common_000_ConfigJson	1732287276291	1732287276321	OK	 
REQUEST	XUI_010_Home	Common_000_TsAndCs	1732287276322	1732287276360	OK	 
REQUEST	XUI_010_Home	Common_000_ConfigUI	1732287276361	1732287276395	OK	 
REQUEST	XUI_010_Home	Common_000_UserDetails	1732287276396	1732287276825	OK	 
REQUEST	XUI_010_Home	Common_000_IsAuthenticated	1732287276830	1732287276861	OK	 
REQUEST	XUI_010_Home	010_auth	1732287276862	1732287276897	OK	 
REQUEST	XUI_010_Home	010_auth Redirect 1	1732287276901	1732287277004	OK	 
REQUEST	XUI_010_Home	010_auth Redirect 2	1732287277007	1732287277098	OK	 
GROUP	XUI_010_Home	1732287276134	1732287277103	924	OK
REQUEST	XUI_020_Login	005_clientId	1732287280105	1732287280617	OK	 
REQUEST	XUI_020_Login	005_clientId Redirect 1	1732287280637	1732287281172	OK	 
REQUEST	XUI_020_Login	005_clientId Redirect 2	1732287281172	1732287281218	OK	 
REQUEST	XUI_020_Login	Common_000_ConfigurationUI	1732287281219	1732287281253	OK	 
REQUEST	XUI_020_Login	Common_000_ConfigUI	1732287281254	1732287281282	OK	 
REQUEST	XUI_020_Login	Common_000_TsAndCs	1732287281283	1732287281313	OK	 
REQUEST	XUI_020_Login	Common_000_IsAuthenticated	1732287281314	1732287281339	OK	 
REQUEST	XUI_020_Login	Common_000_UserDetails	1732287281342	1732287281976	OK	 
REQUEST	XUI_020_Login	Common_000_MonitoringTools	1732287281980	1732287282129	OK	 
REQUEST	XUI_020_Login	Common_000_IsAuthenticated	1732287282153	1732287282347	OK	 
GROUP	XUI_020_Login	1732287280079	1732287282351	2187	OK
REQUEST	CivilDamage_UnSpecClaim_10_00_LandingPage	Jurisdictions	1732287285063	1732287286567	OK	 
REQUEST	CivilDamage_UnSpecClaim_10_00_LandingPage	Organisation	1732287286569	1732287288412	OK	 
GROUP	CivilDamage_UnSpecClaim_10_00_LandingPage	1732287285057	1732287288415	3347	OK
REQUEST	CivilDamage_UnSpecClaim_10_01_CreateCase	create	1732287291826	1732287292019	OK	 
GROUP	CivilDamage_UnSpecClaim_10_01_CreateCase	1732287291826	1732287292019	193	OK
REQUEST	CivilDamage_UnSpecClaim_10_02_CreateCase	IgnoreWarning	1732287295364	1732287299300	OK	 
GROUP	CivilDamage_UnSpecClaim_10_02_CreateCase	1732287295363	1732287299345	3936	OK
REQUEST	CivilDamage_UnSpecClaim_10_03_CreateCase	CLAIMEligibility	1732287302293	1732287303999	OK	 
GROUP	CivilDamage_UnSpecClaim_10_03_CreateCase	1732287302287	1732287304001	1706	OK
REQUEST	CivilDamage_UnSpecClaim_10_04_CreateCase	CLAIMReferences	1732287306016	1732287306357	OK	 
GROUP	CivilDamage_UnSpecClaim_10_04_CreateCase	1732287306015	1732287306358	341	OK
REQUEST	CivilDamage_UnSpecClaim_10_05_CreateCase	CLAIMCourt	1732287308530	1732287310957	OK	 
GROUP	CivilDamage_UnSpecClaim_10_05_CreateCase	1732287308530	1732287310959	2427	OK
REQUEST	CivilDamage_UnSpecClaim_10_06_CreateCase	postcode	1732287314595	1732287315786	OK	 
GROUP	CivilDamage_UnSpecClaim_10_06_CreateCase	1732287314594	1732287315787	1191	OK
REQUEST	CivilDamage_UnSpecClaim_10_07_CreateCase	CLAIMClaimant	1732287318795	1732287319859	OK	 
GROUP	CivilDamage_UnSpecClaim_10_07_CreateCase	1732287318792	1732287319861	1064	OK
REQUEST	CivilDamage_UnSpecClaim_10_08_CreateCase	CREATE_CLAIMClaimantLitigationFriend	1732287323337	1732287325852	OK	 
GROUP	CivilDamage_UnSpecClaim_10_08_CreateCase	1732287323334	1732287325854	2515	OK
REQUEST	CivilDamage_UnSpecClaim_10_09_CreateCase	CREATE_CLAIMNotifications	1732287329366	1732287331055	OK	 
GROUP	CivilDamage_UnSpecClaim_10_09_CreateCase	1732287329363	1732287331058	1689	OK
REQUEST	CivilDamage_UnSpecClaim_10_10_CreateCase	ClaimantSolicitorOrganisation	1732287333506	1732287334360	OK	 
GROUP	CivilDamage_UnSpecClaim_10_10_CreateCase	1732287333504	1732287334362	854	OK
REQUEST	CivilDamage_UnSpecClaim_10_11_CreateCase	ClaimantSolicitorAddres	1732287337605	1732287338269	OK	 
GROUP	CivilDamage_UnSpecClaim_10_11_CreateCase	1732287337602	1732287338271	664	OK
REQUEST	CivilDamage_UnSpecClaim_10_12_CreateCase	AddAnotherClaimant	1732287340715	1732287341429	OK	 
GROUP	CivilDamage_UnSpecClaim_10_12_CreateCase	1732287340711	1732287341431	714	OK
REQUEST	CivilDamage_UnSpecClaim_10_13_CreateCase	postcode	1732287343502	1732287344875	OK	 
GROUP	CivilDamage_UnSpecClaim_10_13_CreateCase	1732287343500	1732287344878	1373	OK
REQUEST	CivilDamage_UnSpecClaim_10_14_CreateCase	CLAIMDefendant	1732287347383	1732287348658	OK	 
GROUP	CivilDamage_UnSpecClaim_10_14_CreateCase	1732287347380	1732287348660	1275	OK
REQUEST	CivilDamage_UnSpecClaim_10_15_CreateCase	LegalRepresentation	1732287351728	1732287352197	OK	 
GROUP	CivilDamage_UnSpecClaim_10_15_CreateCase	1732287351727	1732287352198	469	OK
REQUEST	CivilDamage_UnSpecClaim_10_16_CreateCase	DefendantSolicitorOrganisation	1732287356170	1732287357191	OK	 
GROUP	CivilDamage_UnSpecClaim_10_16_CreateCase	1732287356167	1732287357195	1021	OK
REQUEST	CivilDamage_UnSpecClaim_10_17_CreateCase	DefendantSolicitorServiceAddress	1732287360990	1732287361925	OK	 
GROUP	CivilDamage_UnSpecClaim_10_17_CreateCase	1732287360988	1732287361927	935	OK
REQUEST	CivilDamage_UnSpecClaim_10_18_CreateCase	CLAIMAddAnotherDefendant	1732287364876	1732287365384	OK	 
GROUP	CivilDamage_UnSpecClaim_10_18_CreateCase	1732287364873	1732287365387	508	OK
REQUEST	CivilDamage_UnSpecClaim_10_19_CreateCase	AddAnotherDefendant	1732287369099	1732287369718	OK	 
GROUP	CivilDamage_UnSpecClaim_10_19_CreateCase	1732287369098	1732287369720	619	OK
REQUEST	CivilDamage_UnSpecClaim_10_20_CreateCase	CLAIMClaimType	1732287372884	1732287373705	OK	 
GROUP	CivilDamage_UnSpecClaim_10_20_CreateCase	1732287372884	1732287373706	821	OK
REQUEST	CivilDamage_UnSpecClaim_10_21_CreateCase	CLAIMDetails	1732287376060	1732287376876	OK	 
GROUP	CivilDamage_UnSpecClaim_10_21_CreateCase	1732287376057	1732287376877	816	OK
REQUEST	CivilDamage_UnSpecClaim_10_22_CreateCase	CLAIMUploadParticularsOfClaim	1732287379050	1732287379538	OK	 
GROUP	CivilDamage_UnSpecClaim_10_22_CreateCase	1732287379049	1732287379540	488	OK
REQUEST	CivilDamage_UnSpecClaim_10_23_CreateCase	CLAIMClaimValue	1732287382498	1732287384283	OK	 
GROUP	CivilDamage_UnSpecClaim_10_23_CreateCase	1732287382494	1732287384287	1785	OK
REQUEST	CivilDamage_UnSpecClaim_10_24_CreateCase	CLAIMPbaNumber	1732287388275	1732287389110	OK	 
GROUP	CivilDamage_UnSpecClaim_10_24_CreateCase	1732287388272	1732287389113	835	OK
REQUEST	CivilDamage_UnSpecClaim_10_25_CreateCase	StatementOfTruth	1732287391576	1732287392283	OK	 
GROUP	CivilDamage_UnSpecClaim_10_25_CreateCase	1732287391574	1732287392283	707	OK
REQUEST	CivilDamage_UnSpecClaim_10_26_CreateCase	Submit_Claim	1732287395972	1732287399050	OK	 
GROUP	CivilDamage_UnSpecClaim_10_26_CreateCase	1732287395969	1732287399052	3078	OK
REQUEST	CivilDamage_UnSpecClaim_10_27_CaseCreated	CaseCreated	1732287402673	1732287403902	OK	 
GROUP	CivilDamage_UnSpecClaim_10_27_CaseCreated	1732287402670	1732287403906	1229	OK
REQUEST	CivilDamage_UnSpecClaim_10_28_APIRoleAssignment	APIRoleAssignment	1732287403907	1732287404319	OK	 
GROUP	CivilDamage_UnSpecClaim_10_28_APIRoleAssignment	1732287403906	1732287404321	412	OK
REQUEST	CivilDamage_UnspecClaim_10_29_SupportedJurisdiction	SupportedJurisdiction	1732287404323	1732287404447	OK	 
GROUP	CivilDamage_UnspecClaim_10_29_SupportedJurisdiction	1732287404321	1732287404449	124	OK
REQUEST	Civil_CreateClaim_005_MakePayment	005_PaymentGroups	1732287406934	1732287409492	OK	 
REQUEST	Civil_CreateClaim_005_MakePayment	010_ServiceTab	1732287409498	1732287409606	OK	 
REQUEST	Civil_CreateClaim_005_MakePayment	015_case_ids	1732287409612	1732287410863	OK	 
GROUP	Civil_CreateClaim_005_MakePayment	1732287406931	1732287410886	3917	OK
REQUEST	Civil_CreateClaim_010_MakePay	005_PayNow	1732287412889	1732287415330	OK	 
GROUP	Civil_CreateClaim_010_MakePay	1732287412887	1732287415331	2441	OK
REQUEST	Civil_CreateClaim_010_MakePay	005_ConfirmPay	1732287417338	1732287419680	OK	 
GROUP	Civil_CreateClaim_010_MakePay	1732287417336	1732287419682	2342	OK
REQUEST	Civil_UnSpecClaim_10_NotifyDEF	005_jurisdiction	1732287422942	1732287424491	OK	 
REQUEST	Civil_UnSpecClaim_10_NotifyDEF	010_Profile	1732287424493	1732287425837	OK	 
REQUEST	Civil_UnSpecClaim_10_NotifyDEF	015_warning	1732287470844	1732287472292	OK	 
REQUEST	Civil_UnSpecClaim_10_NotifyDEF	020_jurisdiction	1732287472303	1732287473703	OK	 
GROUP	Civil_UnSpecClaim_10_NotifyDEF	1732287422939	1732287473704	5741	OK
REQUEST	Civil_UnSpecClaim_10_NotifyDEF	005_CLAIMAccessGrantedWarning	1732287476564	1732287477174	OK	 
GROUP	Civil_UnSpecClaim_10_NotifyDEF	1732287476557	1732287477176	610	OK
REQUEST	Civil_UnSpecClaim_10_NotifyDEF	330_SubmitNotification	1732287480102	1732287481377	OK	 
REQUEST	Civil_UnSpecClaim_10_NotifyDEF	335_getCases	1732287481378	1732287482656	OK	 
GROUP	Civil_UnSpecClaim_10_NotifyDEF	1732287480097	1732287482657	2553	OK
REQUEST	Civil_UnSpecClaim_10_NotifyDEF	005_APIRoleAssignment	1732287485655	1732287486177	OK	 
GROUP	Civil_UnSpecClaim_10_NotifyDEF	1732287485654	1732287486178	522	OK
REQUEST	Civil_UnSpecClaim_10_NotifyDEF	010_SupportedJurisdiction	1732287486178	1732287486344	OK	 
GROUP	Civil_UnSpecClaim_10_NotifyDEF	1732287486178	1732287486344	166	OK
REQUEST	Civil_UnSpecClaim_10_NotifyDetails	005_jurisdiction	1732287489322	1732287490730	OK	 
REQUEST	Civil_UnSpecClaim_10_NotifyDetails	010_IgnoreWarning	1732287490734	1732287491679	KO	status.find.in([200, 209], 304), found 422
REQUEST	Civil_UnSpecClaim_10_NotifyDetails	020_jurisdiction	1732287491684	1732287492800	OK	 
GROUP	Civil_UnSpecClaim_10_NotifyDetails	1732287489320	1732287492802	3469	KO
REQUEST	Civil_UnSpecClaim_10_NotifyDetails	005_DetailsUpload	1732287496249	1732287496901	KO	status.find.in([200, 209], 304), found 422
GROUP	Civil_UnSpecClaim_10_NotifyDetails	1732287496248	1732287496904	652	KO
REQUEST	Civil_UnSpecClaim_10_NotifyDetails	005_SubmitNotifyDetails	1732287498983	1732287499840	KO	status.find.in([200, 209], 304), found 422
REQUEST	Civil_UnSpecClaim_10_NotifyDetails	010_getCases	1732287499841	1732287501017	OK	 
GROUP	Civil_UnSpecClaim_10_NotifyDetails	1732287498980	1732287501019	2033	KO
REQUEST	Civil_UnSpecClaim_10_NotifyDetails	005_APIRoleAssignment	1732287503873	1732287504209	OK	 
GROUP	Civil_UnSpecClaim_10_NotifyDetails	1732287503871	1732287504211	336	OK
REQUEST	Civil_UnSpecClaim_10_NotifyDetails	010_SupportedJurisdiction	1732287504212	1732287504320	OK	 
GROUP	Civil_UnSpecClaim_10_NotifyDetails	1732287504211	1732287504321	108	OK
REQUEST		XUI_020_Signout	1732287506699	1732287507198	OK	 
REQUEST		XUI_020_Signout Redirect 1	1732287507201	1732287507235	OK	 
REQUEST		XUI_020_Signout Redirect 2	1732287507236	1732287508391	OK	 
REQUEST		XUI_020_Signout Redirect 3	1732287508393	1732287508599	OK	 
REQUEST	XUI_010_Home	005_Home	1732287512607	1732287512643	OK	 
REQUEST	XUI_010_Home	Common_000_ConfigurationUI	1732287512646	1732287512684	OK	 
REQUEST	XUI_010_Home	Common_000_ConfigJson	1732287512686	1732287512719	OK	 
REQUEST	XUI_010_Home	Common_000_TsAndCs	1732287512722	1732287512750	OK	 
REQUEST	XUI_010_Home	Common_000_ConfigUI	1732287512752	1732287512799	OK	 
REQUEST	XUI_010_Home	Common_000_UserDetails	1732287512801	1732287512837	OK	 
REQUEST	XUI_010_Home	Common_000_IsAuthenticated	1732287512838	1732287512885	OK	 
REQUEST	XUI_010_Home	010_auth	1732287512888	1732287512930	OK	 
REQUEST	XUI_010_Home	010_auth Redirect 1	1732287512931	1732287512967	OK	 
REQUEST	XUI_010_Home	010_auth Redirect 2	1732287512969	1732287513050	OK	 
GROUP	XUI_010_Home	1732287512606	1732287513053	424	OK
REQUEST	XUI_020_Login	005_clientId	1732287515085	1732287515173	OK	 
REQUEST	XUI_020_Login	005_clientId Redirect 1	1732287515176	1732287516093	OK	 
REQUEST	XUI_020_Login	005_clientId Redirect 2	1732287516095	1732287516213	OK	 
REQUEST	XUI_020_Login	Common_000_ConfigurationUI	1732287516216	1732287516357	OK	 
REQUEST	XUI_020_Login	Common_000_ConfigUI	1732287516361	1732287516627	OK	 
REQUEST	XUI_020_Login	Common_000_TsAndCs	1732287516632	1732287516674	OK	 
REQUEST	XUI_020_Login	Common_000_IsAuthenticated	1732287516676	1732287516730	OK	 
REQUEST	XUI_020_Login	Common_000_UserDetails	1732287516733	1732287517351	OK	 
REQUEST	XUI_020_Login	Common_000_MonitoringTools	1732287517354	1732287517460	OK	 
REQUEST	XUI_020_Login	Common_000_IsAuthenticated	1732287517463	1732287517525	OK	 
GROUP	XUI_020_Login	1732287515083	1732287517527	2412	OK
REQUEST	Civil_UnSpecClaim_20_DefResp	Land_005_Jurisdictions	1732287520325	1732287522876	OK	 
REQUEST	Civil_UnSpecClaim_20_DefResp	Land_010_Organisation	1732287522882	1732287523651	OK	 
GROUP	Civil_UnSpecClaim_20_DefResp	1732287520323	1732287523651	3320	OK
REQUEST	Civil_UnSpecClaim_20_DefResp	CIVIL_AssignCase_000_AssignCase	1732287526041	1732287527397	OK	 
GROUP	Civil_UnSpecClaim_20_DefResp	1732287526039	1732287527398	1356	OK
REQUEST	Civil_UnSpecClaim_20_DefResp	Search_005_WorkBasket	1732287527399	1732287528217	OK	 
REQUEST	Civil_UnSpecClaim_20_DefResp	Search_010_CaseReference	1732287528220	1732287530120	OK	 
GROUP	Civil_UnSpecClaim_20_DefResp	1732287527398	1732287530120	2718	OK
REQUEST	Civil_UnSpecClaim_20_DefResp	OpenCase_005_InternalCases	1732287532288	1732287533538	OK	 
GROUP	Civil_UnSpecClaim_20_DefResp	1732287532287	1732287533539	1250	OK
REQUEST	Civil_UnSpecClaim_20_DefResp	OpenCase_010_RoleAssignment	1732287533540	1732287534111	OK	 
GROUP	Civil_UnSpecClaim_20_DefResp	1732287533539	1732287534112	571	OK
REQUEST	Civil_UnSpecClaim_20_DefResp	OpenCase_015_Jurisdiction	1732287534112	1732287534320	OK	 
GROUP	Civil_UnSpecClaim_20_DefResp	1732287534112	1732287534321	208	OK
REQUEST	Civil_UnSpecClaim_20_DefResp	RespToClaim_005_jurisdiction	1732287538122	1732287539190	OK	 
REQUEST	Civil_UnSpecClaim_20_DefResp	RespToClaim_010_Profile	1732287539194	1732287542210	OK	 
REQUEST	Civil_UnSpecClaim_20_DefResp	RespToClaim_015_IgnoreWarning	1732287587233	1732287588657	KO	status.find.in([200, 209], 304), found 422
REQUEST	Civil_UnSpecClaim_20_DefResp	RespToClaim_020_jurisdiction	1732287588659	1732287590133	OK	 
GROUP	Civil_UnSpecClaim_20_DefResp	1732287538121	1732287590134	6982	KO
ERROR	ClaimInfo_005_ConfirmDetails: No attribute named 'PartyID' is defined 	1732287592478
GROUP	Civil_UnSpecClaim_20_DefResp	1732287592476	1732287592478	0	KO
ERROR	RejectClaim_005_RespondentResponseType: No attribute named 'PartyID' is defined 	1732287595789
GROUP	Civil_UnSpecClaim_20_DefResp	1732287595786	1732287595789	0	KO
ERROR	FileRef_005_SolicitorReferences: No attribute named 'PartyID' is defined 	1732287598406
GROUP	Civil_UnSpecClaim_20_DefResp	1732287598404	1732287598407	0	KO
REQUEST	Civil_UnSpecClaim_20_DefResp	005_UploadDefence	1732287601388	1732287603300	OK	 
GROUP	Civil_UnSpecClaim_20_DefResp	1732287601373	1732287603312	1912	OK
ERROR	010_UploadDefence: No attribute named 'PartyID' is defined 	1732287613317
GROUP	Civil_UnSpecClaim_20_DefResp	1732287613314	1732287613317	0	KO
ERROR	005_FileDirectionsQuestionnaire: No attribute named 'PartyID' is defined 	1732287616812
GROUP	Civil_UnSpecClaim_20_DefResp	1732287616812	1732287616812	0	KO
ERROR	005_FixedRecoverableCosts: No attribute named 'PartyID' is defined 	1732287619531
GROUP	Civil_UnSpecClaim_20_DefResp	1732287619529	1732287619531	0	KO
ERROR	005_DisclosureOfNonElectronicDocuments: No attribute named 'PartyID' is defined 	1732287622475
GROUP	Civil_UnSpecClaim_20_DefResp	1732287622474	1732287622475	0	KO
ERROR	005_RESPONSEExperts: No attribute named 'PartyID' is defined 	1732287626405
GROUP	Civil_UnSpecClaim_20_DefResp	1732287626404	1732287626405	0	KO
ERROR	005_RESPONSEWitnesses: No attribute named 'PartyID' is defined 	1732287630379
GROUP	Civil_UnSpecClaim_20_DefResp	1732287630379	1732287630379	0	KO
ERROR	005_RESPONSELanguage: No attribute named 'PartyID' is defined 	1732287633506
GROUP	Civil_UnSpecClaim_20_DefResp	1732287633506	1732287633506	0	KO
ERROR	005_RESPONSEHearing: No attribute named 'PartyID' is defined 	1732287636645
GROUP	Civil_UnSpecClaim_20_DefResp	1732287636644	1732287636645	0	KO
REQUEST	Civil_UnSpecClaim_20_DefResp	005_UploadDraftDirection	1732287639714	1732287641802	OK	 
GROUP	Civil_UnSpecClaim_20_DefResp	1732287639714	1732287641802	2088	OK
ERROR	005_RESPONSEDraftDirections: No attribute named 'PartyID' is defined 	1732287645694
GROUP	Civil_UnSpecClaim_20_DefResp	1732287645693	1732287645694	0	KO
ERROR	005_RESPONSERequestedCourt: No attribute named 'PartyID' is defined 	1732287647984
GROUP	Civil_UnSpecClaim_20_DefResp	1732287647983	1732287647984	0	KO
ERROR	005_RESPONSEHearingSupport: No attribute named 'PartyID' is defined 	1732287650414
GROUP	Civil_UnSpecClaim_20_DefResp	1732287650412	1732287650414	0	KO
ERROR	005_RESPONSEVulnerabilityQuestions: No attribute named 'PartyID' is defined 	1732287652664
GROUP	Civil_UnSpecClaim_20_DefResp	1732287652662	1732287652664	0	KO
ERROR	005_RESPONSEFurtherInformation: No attribute named 'PartyID' is defined 	1732287656362
GROUP	Civil_UnSpecClaim_20_DefResp	1732287656361	1732287656362	0	KO
ERROR	005_RESPONSEStatementOfTruth: No attribute named 'PartyID' is defined 	1732287659783
GROUP	Civil_UnSpecClaim_20_DefResp	1732287659778	1732287659783	0	KO
ERROR	005_Submit: No attribute named 'PartyID' is defined 	1732287663437
REQUEST	Civil_UnSpecClaim_20_DefResp	010_DefenceSubmitted	1732287663438	1732287665934	OK	 
GROUP	Civil_UnSpecClaim_20_DefResp	1732287663434	1732287665937	2496	KO
REQUEST		XUI_020_Signout	1732287669008	1732287669443	OK	 
REQUEST		XUI_020_Signout Redirect 1	1732287669446	1732287669495	OK	 
REQUEST		XUI_020_Signout Redirect 2	1732287669496	1732287669691	OK	 
REQUEST		XUI_020_Signout Redirect 3	1732287669692	1732287669760	OK	 
REQUEST	XUI_010_Home	005_Home	1732287673763	1732287673794	OK	 
REQUEST	XUI_010_Home	Common_000_ConfigurationUI	1732287673795	1732287673826	OK	 
REQUEST	XUI_010_Home	Common_000_ConfigJson	1732287673826	1732287673851	OK	 
REQUEST	XUI_010_Home	Common_000_TsAndCs	1732287673852	1732287673885	OK	 
REQUEST	XUI_010_Home	Common_000_ConfigUI	1732287673887	1732287673916	OK	 
REQUEST	XUI_010_Home	Common_000_UserDetails	1732287673917	1732287673951	OK	 
REQUEST	XUI_010_Home	Common_000_IsAuthenticated	1732287673953	1732287673984	OK	 
REQUEST	XUI_010_Home	010_auth	1732287673985	1732287674064	OK	 
REQUEST	XUI_010_Home	010_auth Redirect 1	1732287674066	1732287674098	OK	 
REQUEST	XUI_010_Home	010_auth Redirect 2	1732287674100	1732287674173	OK	 
GROUP	XUI_010_Home	1732287673763	1732287674175	398	OK
REQUEST	XUI_020_Login	005_clientId	1732287677850	1732287678077	OK	 
REQUEST	XUI_020_Login	005_clientId Redirect 1	1732287678080	1732287679391	OK	 
REQUEST	XUI_020_Login	005_clientId Redirect 2	1732287679393	1732287679429	OK	 
REQUEST	XUI_020_Login	Common_000_ConfigurationUI	1732287679433	1732287679491	OK	 
REQUEST	XUI_020_Login	Common_000_ConfigUI	1732287679493	1732287679530	OK	 
REQUEST	XUI_020_Login	Common_000_TsAndCs	1732287679533	1732287679572	OK	 
REQUEST	XUI_020_Login	Common_000_IsAuthenticated	1732287679574	1732287679609	OK	 
REQUEST	XUI_020_Login	Common_000_UserDetails	1732287679611	1732287680857	OK	 
REQUEST	XUI_020_Login	Common_000_MonitoringTools	1732287680858	1732287680926	OK	 
REQUEST	XUI_020_Login	Common_000_IsAuthenticated	1732287680928	1732287681007	OK	 
GROUP	XUI_020_Login	1732287677848	1732287681010	3136	OK
REQUEST	Civil_UnSpecClaim_30_ClaimantResp	SearchCase_005_CaseReference	1732287684217	1732287686964	OK	 
REQUEST	Civil_UnSpecClaim_30_ClaimantResp	OpenCase_005_InternalCases	1732287686966	1732287689147	OK	 
GROUP	Civil_UnSpecClaim_30_ClaimantResp	1732287684214	1732287689149	4928	OK
REQUEST	Civil_UnSpecClaim_30_ClaimantResp	OpenCase_015_RoleAssignment	1732287689150	1732287689513	OK	 
GROUP	Civil_UnSpecClaim_30_ClaimantResp	1732287689149	1732287689515	363	OK
REQUEST	Civil_UnSpecClaim_30_ClaimantResp	OpenCase_020_Jurisdiction	1732287689516	1732287689623	OK	 
GROUP	Civil_UnSpecClaim_30_ClaimantResp	1732287689515	1732287689625	107	OK
REQUEST	Civil_UnSpecClaim_30_ClaimantResp	RespToDef_005_Jurisdiction	1732287693328	1732287694227	OK	 
REQUEST	Civil_UnSpecClaim_30_ClaimantResp	RespToDef_010_profile	1732287694230	1732287696532	OK	 
REQUEST	Civil_UnSpecClaim_30_ClaimantResp	RespToDef_015_IgnoreWarning	1732287696537	1732287697400	KO	status.find.in([200, 209], 304), found 422
REQUEST	Civil_UnSpecClaim_30_ClaimantResp	RespToDef_020_jurisdiction	1732287697403	1732287698629	OK	 
GROUP	Civil_UnSpecClaim_30_ClaimantResp	1732287693326	1732287698631	5290	KO
ERROR	005_RespondentResponse: No attribute named 'upload_timestamp' is defined 	1732287702305
GROUP	Civil_UnSpecClaim_30_ClaimantResp	1732287702303	1732287702306	0	KO
ERROR	005_DefenceResponseDocument: No attribute named 'upload_timestamp' is defined 	1732287706177
GROUP	Civil_UnSpecClaim_30_ClaimantResp	1732287706176	1732287706177	0	KO
ERROR	005_FileDirectionsQuestionnaire: No attribute named 'upload_timestamp' is defined 	1732287709483
GROUP	Civil_UnSpecClaim_30_ClaimantResp	1732287709482	1732287709483	0	KO
ERROR	005_FixedRecoverableCosts: No attribute named 'upload_timestamp' is defined 	1732287711803
GROUP	Civil_UnSpecClaim_30_ClaimantResp	1732287711800	1732287711803	0	KO
ERROR	005_DisclosureOfNonElectronicDocuments: No attribute named 'upload_timestamp' is defined 	1732287715472
GROUP	Civil_UnSpecClaim_30_ClaimantResp	1732287715471	1732287715472	0	KO
ERROR	005_Experts: No attribute named 'upload_timestamp' is defined 	1732287719188
GROUP	Civil_UnSpecClaim_30_ClaimantResp	1732287719186	1732287719188	0	KO
ERROR	005_Witnesses: No attribute named 'upload_timestamp' is defined 	1732287722598
GROUP	Civil_UnSpecClaim_30_ClaimantResp	1732287722596	1732287722598	0	KO
ERROR	005_Language: No attribute named 'upload_timestamp' is defined 	1732287724693
GROUP	Civil_UnSpecClaim_30_ClaimantResp	1732287724691	1732287724693	0	KO
ERROR	005_Hearing: No attribute named 'upload_timestamp' is defined 	1732287728484
GROUP	Civil_UnSpecClaim_30_ClaimantResp	1732287728482	1732287728484	0	KO
REQUEST	Civil_UnSpecClaim_30_ClaimantResp	005_UploadDraftDirection	1732287732046	1732287734780	OK	 
GROUP	Civil_UnSpecClaim_30_ClaimantResp	1732287732042	1732287734782	2734	OK
ERROR	010_DraftDirections: No attribute named 'upload_timestamp' is defined 	1732287737551
GROUP	Civil_UnSpecClaim_30_ClaimantResp	1732287737549	1732287737552	0	KO
ERROR	005_HearingSupport: No attribute named 'upload_timestamp' is defined 	1732287741036
GROUP	Civil_UnSpecClaim_30_ClaimantResp	1732287741034	1732287741036	0	KO
ERROR	005_VulnerabilityQuestions: No attribute named 'upload_timestamp' is defined 	1732287744408
GROUP	Civil_UnSpecClaim_30_ClaimantResp	1732287744408	1732287744408	0	KO
ERROR	005_FurtherInformation: No attribute named 'upload_timestamp' is defined 	1732287747947
GROUP	Civil_UnSpecClaim_30_ClaimantResp	1732287747945	1732287747947	0	KO
ERROR	005_StatementOfTruth: No attribute named 'upload_timestamp' is defined 	1732287751251
GROUP	Civil_UnSpecClaim_30_ClaimantResp	1732287751249	1732287751251	0	KO
ERROR	005_Submit: No attribute named 'upload_timestamp' is defined 	1732287755143
REQUEST	Civil_UnSpecClaim_30_ClaimantResp	010_ProceedWithClaim	1732287755145	1732287756596	OK	 
GROUP	Civil_UnSpecClaim_30_ClaimantResp	1732287755141	1732287756599	1451	KO
REQUEST		XUI_020_Signout	1732287760048	1732287760225	OK	 
REQUEST		XUI_020_Signout Redirect 1	1732287760227	1732287760548	OK	 
REQUEST		XUI_020_Signout Redirect 2	1732287760550	1732287760649	OK	 
REQUEST		XUI_020_Signout Redirect 3	1732287760651	1732287760705	OK	 
REQUEST	XUI_010_Home	005_Home	1732287764711	1732287764779	OK	 
REQUEST	XUI_010_Home	Common_000_ConfigurationUI	1732287764784	1732287764820	OK	 
REQUEST	XUI_010_Home	Common_000_ConfigJson	1732287764821	1732287764866	OK	 
REQUEST	XUI_010_Home	Common_000_TsAndCs	1732287764867	1732287764900	OK	 
REQUEST	XUI_010_Home	Common_000_ConfigUI	1732287764902	1732287764945	OK	 
REQUEST	XUI_010_Home	Common_000_UserDetails	1732287764947	1732287764985	OK	 
REQUEST	XUI_010_Home	Common_000_IsAuthenticated	1732287764987	1732287765023	OK	 
REQUEST	XUI_010_Home	010_auth	1732287765025	1732287765057	OK	 
REQUEST	XUI_010_Home	010_auth Redirect 1	1732287765058	1732287765096	OK	 
REQUEST	XUI_010_Home	010_auth Redirect 2	1732287765097	1732287765154	OK	 
GROUP	XUI_010_Home	1732287764710	1732287765157	426	OK
REQUEST	XUI_020_Login	005_clientId	1732287768390	1732287768776	OK	 
REQUEST	XUI_020_Login	005_clientId Redirect 1	1732287768778	1732287769389	OK	 
REQUEST	XUI_020_Login	005_clientId Redirect 2	1732287769391	1732287769456	OK	 
REQUEST	XUI_020_Login	Common_000_ConfigurationUI	1732287769459	1732287769511	OK	 
REQUEST	XUI_020_Login	Common_000_ConfigUI	1732287769513	1732287769544	OK	 
REQUEST	XUI_020_Login	Common_000_TsAndCs	1732287769545	1732287769582	OK	 
REQUEST	XUI_020_Login	Common_000_IsAuthenticated	1732287769583	1732287769647	OK	 
REQUEST	XUI_020_Login	Common_000_UserDetails	1732287769649	1732287770310	OK	 
REQUEST	XUI_020_Login	Common_000_MonitoringTools	1732287770312	1732287770343	OK	 
REQUEST	XUI_020_Login	Common_000_IsAuthenticated	1732287770346	1732287770377	OK	 
GROUP	XUI_020_Login	1732287768387	1732287770379	1969	OK
REQUEST	Civil_UnSpecClaim_40_SDO	005_HealthCheck	1732287773569	1732287773606	OK	 
REQUEST	Civil_UnSpecClaim_40_SDO	005_RegionLocation	1732287773609	1732287775443	OK	 
REQUEST	Civil_UnSpecClaim_40_SDO	005_GetMyAccess	1732287775447	1732287776139	OK	 
REQUEST	Civil_UnSpecClaim_40_SDO	010_GetMyAccess	1732287776141	1732287776561	OK	 
REQUEST	Civil_UnSpecClaim_40_SDO	005_TypesOfWork	1732287776563	1732287777886	OK	 
REQUEST	Civil_UnSpecClaim_40_SDO	005_Jurisdiction	1732287777889	1732287777933	OK	 
REQUEST	Civil_UnSpecClaim_40_SDO	005_WorkAllocationTask	1732287777935	1732287779329	OK	 
REQUEST	Civil_UnSpecClaim_40_SDO	010_Jurisdiction	1732287779331	1732287779366	OK	 
REQUEST	Civil_UnSpecClaim_40_SDO	005_GetUsersByServiceName	1732287779367	1732287780049	OK	 
REQUEST	Civil_UnSpecClaim_40_SDO	010_WorkAllocationTask	1732287780054	1732287781335	OK	 
REQUEST	Civil_UnSpecClaim_40_SDO	005_GetJudicialUsers	1732287781339	1732287782598	OK	 
GROUP	Civil_UnSpecClaim_40_SDO	1732287773567	1732287782600	9001	OK
REQUEST	Civil_UnSpecClaim_40_SDO	005_SearchCase	1732287785114	1732287787470	OK	 
REQUEST	Civil_UnSpecClaim_40_SDO	010_SearchCase	1732287787475	1732287789059	OK	 
REQUEST	Civil_UnSpecClaim_40_SDO	015_SearchCase	1732287789063	1732287790496	OK	 
GROUP	Civil_UnSpecClaim_40_SDO	1732287785112	1732287790497	5373	OK
REQUEST	Civil_UnSpecClaim_40_SDO	005_OpenCase	1732287793137	1732287794146	OK	 
GROUP	Civil_UnSpecClaim_40_SDO	1732287793135	1732287794147	1009	OK
REQUEST	Civil_UnSpecClaim_40_SDO	010_OpenCase	1732287794148	1732287794427	OK	 
GROUP	Civil_UnSpecClaim_40_SDO	1732287794147	1732287794429	279	OK
REQUEST	Civil_UnSpecClaim_40_SDO	015_OpenCase	1732287794430	1732287794764	OK	 
GROUP	Civil_UnSpecClaim_40_SDO	1732287794429	1732287794766	334	OK
REQUEST	Civil_UnSpecClaim_40_SDO	005_TaskTab	1732287839768	1732287840510	KO	substring(Assign to me).find.exists, found nothing
REQUEST	Civil_UnSpecClaim_40_SDO	010_TaskTab	1732287840511	1732287840636	OK	 
GROUP	Civil_UnSpecClaim_40_SDO	1732287839768	1732287840636	867	KO
ERROR	005_AssignToMe: No attribute named 'JudgeId' is defined 	1732287843798
REQUEST	Civil_UnSpecClaim_40_SDO	010_AssignToMe	1732287853800	1732287854897	KO	substring(Unassign task).find.exists, found nothing
REQUEST	Civil_UnSpecClaim_40_SDO	015_AssignToMe	1732287854900	1732287855305	OK	 
GROUP	Civil_UnSpecClaim_40_SDO	1732287843797	1732287855307	1502	KO
ERROR	005_FastTrack: No attribute named 'JudgeId' is defined 	1732287858310
REQUEST	Civil_UnSpecClaim_40_SDO	Common_000_ConfigurationUI	1732287858310	1732287858433	OK	 
REQUEST	Civil_UnSpecClaim_40_SDO	Common_000_ConfigUI	1732287858434	1732287858507	OK	 
REQUEST	Civil_UnSpecClaim_40_SDO	Common_000_TsAndCs	1732287858508	1732287858581	OK	 
REQUEST	Civil_UnSpecClaim_40_SDO	Common_000_UserDetails	1732287858581	1732287858658	OK	 
REQUEST	Civil_UnSpecClaim_40_SDO	Common_000_IsAuthenticated	1732287858659	1732287858724	OK	 
REQUEST	Civil_UnSpecClaim_40_SDO	Common_000_MonitoringTools	1732287858725	1732287858788	OK	 
REQUEST	Civil_UnSpecClaim_40_SDO	Common_000_MonitoringTools	1732287858788	1732287858862	OK	 
REQUEST	Civil_UnSpecClaim_40_SDO	Common_000_MonitoringTools	1732287858862	1732287858938	OK	 
REQUEST	Civil_UnSpecClaim_40_SDO	010_FastTrack	1732287858939	1732287860479	KO	substring(case_management_category).find.exists, found nothing
REQUEST	Civil_UnSpecClaim_40_SDO	015_FastTrack	1732287860480	1732287861311	OK	 
REQUEST	Civil_UnSpecClaim_40_SDO	020_FastTrack	1732287861312	1732287862883	OK	 
REQUEST	Civil_UnSpecClaim_40_SDO	025_FastTrack	1732287862889	1732287863557	KO	status.find.in([200, 209], 304), found 422
GROUP	Civil_UnSpecClaim_40_SDO	1732287858310	1732287863557	5234	KO
REQUEST	Civil_UnSpecClaim_40_SDO	005_SDO_Amount	1732287866667	1732287867807	OK	 
GROUP	Civil_UnSpecClaim_40_SDO	1732287866665	1732287867809	1140	OK
REQUEST	Civil_UnSpecClaim_40_SDO	005_ClaimsTrack	1732287870253	1732287872059	OK	 
GROUP	Civil_UnSpecClaim_40_SDO	1732287870252	1732287872061	1806	OK
REQUEST	Civil_UnSpecClaim_40_SDO	005_FastTrack	1732287875968	1732287881284	OK	 
GROUP	Civil_UnSpecClaim_40_SDO	1732287875966	1732287881291	5316	OK
REQUEST	Civil_UnSpecClaim_40_SDO	005_OrderPreview	1732287885152	1732287886281	OK	 
GROUP	Civil_UnSpecClaim_40_SDO	1732287885150	1732287886281	1129	OK
ERROR	005_SubmitSDO: No attribute named 'JudgeId' is defined 	1732287889037
GROUP	Civil_UnSpecClaim_40_SDO	1732287889036	1732287889037	0	KO
REQUEST	Civil_UnSpecClaim_40_SDO	005_SubmitSDO	1732287889042	1732287890069	KO	status.find.in([200, 209], 304), found 404
ERROR	010_SubmitSDO: No attribute named 'JudgeId' is defined 	1732287890072
REQUEST	Civil_UnSpecClaim_40_SDO	015_SubmitSDO	1732287890074	1732287890934	OK	 
GROUP	Civil_UnSpecClaim_40_SDO	1732287889037	1732287890937	1887	KO
REQUEST		XUI_020_Signout	1732287893497	1732287894637	OK	 
REQUEST		XUI_020_Signout Redirect 1	1732287894639	1732287894685	OK	 
REQUEST		XUI_020_Signout Redirect 2	1732287894687	1732287894829	OK	 
REQUEST		XUI_020_Signout Redirect 3	1732287894831	1732287894883	OK	 
REQUEST	XUI_010_Home	005_Home	1732287898887	1732287898981	OK	 
REQUEST	XUI_010_Home	Common_000_ConfigurationUI	1732287898984	1732287899028	OK	 
REQUEST	XUI_010_Home	Common_000_ConfigJson	1732287899031	1732287899068	OK	 
REQUEST	XUI_010_Home	Common_000_TsAndCs	1732287899069	1732287899302	OK	 
REQUEST	XUI_010_Home	Common_000_ConfigUI	1732287899305	1732287900520	OK	 
REQUEST	XUI_010_Home	Common_000_UserDetails	1732287900523	1732287900568	OK	 
REQUEST	XUI_010_Home	Common_000_IsAuthenticated	1732287900571	1732287900610	OK	 
REQUEST	XUI_010_Home	010_auth	1732287900614	1732287900665	OK	 
REQUEST	XUI_010_Home	010_auth Redirect 1	1732287900667	1732287900703	OK	 
REQUEST	XUI_010_Home	010_auth Redirect 2	1732287900704	1732287900771	OK	 
GROUP	XUI_010_Home	1732287898886	1732287900775	1861	OK
REQUEST	XUI_020_Login	005_clientId	1732287903407	1732287903514	OK	 
REQUEST	XUI_020_Login	005_clientId Redirect 1	1732287903515	1732287904305	OK	 
REQUEST	XUI_020_Login	005_clientId Redirect 2	1732287904307	1732287904452	OK	 
REQUEST	XUI_020_Login	Common_000_ConfigurationUI	1732287904454	1732287904506	OK	 
REQUEST	XUI_020_Login	Common_000_ConfigUI	1732287904508	1732287904572	OK	 
REQUEST	XUI_020_Login	Common_000_TsAndCs	1732287904574	1732287904609	OK	 
REQUEST	XUI_020_Login	Common_000_IsAuthenticated	1732287904611	1732287904668	OK	 
REQUEST	XUI_020_Login	Common_000_UserDetails	1732287904674	1732287905084	OK	 
REQUEST	XUI_020_Login	Common_000_MonitoringTools	1732287905086	1732287905121	OK	 
REQUEST	XUI_020_Login	Common_000_IsAuthenticated	1732287905122	1732287905154	OK	 
GROUP	XUI_020_Login	1732287903404	1732287905157	1727	OK
REQUEST	Civil_UnSpecClaim_50_HearingAdmin	005_HealthCheck	1732287908953	1732287908999	OK	 
REQUEST	Civil_UnSpecClaim_50_HearingAdmin	005_RegionLocation	1732287909001	1732287909580	OK	 
REQUEST	Civil_UnSpecClaim_50_HearingAdmin	005_GetMyAccess	1732287909584	1732287909885	OK	 
REQUEST	Civil_UnSpecClaim_50_HearingAdmin	010_GetMyAccess	1732287909889	1732287910146	OK	 
REQUEST	Civil_UnSpecClaim_50_HearingAdmin	005_TypesOfWork	1732287910147	1732287911322	OK	 
REQUEST	Civil_UnSpecClaim_50_HearingAdmin	005_Jurisdiction	1732287911325	1732287911360	OK	 
REQUEST	Civil_UnSpecClaim_50_HearingAdmin	005_WorkAllocationTask	1732287911363	1732287912071	OK	 
REQUEST	Civil_UnSpecClaim_50_HearingAdmin	010_Jurisdiction	1732287912075	1732287912117	OK	 
REQUEST	Civil_UnSpecClaim_50_HearingAdmin	005_GetUsersByServiceName	1732287912120	1732287912856	OK	 
REQUEST	Civil_UnSpecClaim_50_HearingAdmin	010_WorkAllocationTask	1732287912860	1732287913367	OK	 
GROUP	Civil_UnSpecClaim_50_HearingAdmin	1732287908951	1732287913369	4386	OK
REQUEST	Civil_UnSpecClaim_50_HearingAdmin	005_OpenCase	1732287916541	1732287917290	OK	 
GROUP	Civil_UnSpecClaim_50_HearingAdmin	1732287916539	1732287917293	749	OK
REQUEST	Civil_UnSpecClaim_50_HearingAdmin	010_OpenCase	1732287917294	1732287917595	OK	 
GROUP	Civil_UnSpecClaim_50_HearingAdmin	1732287917293	1732287917596	301	OK
REQUEST	Civil_UnSpecClaim_50_HearingAdmin	015_OpenCase	1732287917597	1732287917747	OK	 
GROUP	Civil_UnSpecClaim_50_HearingAdmin	1732287917596	1732287917748	150	OK
REQUEST	Civil_UnSpecClaim_40_SDO	005_TaskTab	1732287919762	1732287920791	KO	substring(Assign to me).find.exists, found nothing
REQUEST	Civil_UnSpecClaim_40_SDO	010_TaskTab	1732287920795	1732287920858	OK	 
GROUP	Civil_UnSpecClaim_40_SDO	1732287919760	1732287920859	1092	KO
ERROR	005_AssignToMe: No attribute named 'HearingCaseId' is defined 	1732287923789
GROUP	Civil_UnSpecClaim_50_HearingAdmin	1732287923787	1732287923789	0	KO
REQUEST	Civil_UnSpecClaim_50_HearingAdmin	010_AssignToMe	1732287923791	1732287924575	KO	substring(Unassign task).find.exists, found nothing
GROUP	Civil_UnSpecClaim_50_HearingAdmin	1732287923789	1732287924577	784	KO
REQUEST	Civil_UnSpecClaim_50_HearingAdmin	005_jurisdiction	1732287928485	1732287929649	OK	 
REQUEST	Civil_UnSpecClaim_50_HearingAdmin	010_Profile	1732287929652	1732287931247	OK	 
REQUEST	Civil_UnSpecClaim_50_HearingAdmin	015_IgnoreWarning	1732287931250	1732287932054	KO	status.find.in([200, 209], 304), found 422
REQUEST	Civil_UnSpecClaim_50_HearingAdmin	020_HearingScheduled	1732287932058	1732287932658	OK	 
GROUP	Civil_UnSpecClaim_50_HearingAdmin	1732287928484	1732287932660	4163	KO
REQUEST	Civil_UnSpecClaim_50_HearingAdmin	005_HearingNoticeSelect	1732287934984	1732287936061	OK	 
GROUP	Civil_UnSpecClaim_50_HearingAdmin	1732287934983	1732287936063	1077	OK
REQUEST	Civil_UnSpecClaim_50_HearingAdmin	005_ListingOrRelisting	1732287939834	1732287940882	OK	 
GROUP	Civil_UnSpecClaim_50_HearingAdmin	1732287939833	1732287940883	1048	OK
REQUEST	Civil_UnSpecClaim_50_HearingAdmin	005_HearingDetails	1732287943077	1732287944603	OK	 
GROUP	Civil_UnSpecClaim_50_HearingAdmin	1732287943076	1732287944605	1526	OK
REQUEST	Civil_UnSpecClaim_50_HearingAdmin	005_HearingInformation	1732287946641	1732287947423	OK	 
GROUP	Civil_UnSpecClaim_50_HearingAdmin	1732287946635	1732287947425	782	OK
ERROR	005_Submit: No attribute named 'HearingCaseId' is defined 	1732287951118
REQUEST	Civil_UnSpecClaim_50_HearingAdmin	010_Submit	1732287951119	1732287951972	KO	status.find.is(201), but actually found 404
ERROR	015_Submit: No attribute named 'HearingCaseId' is defined 	1732287951976
REQUEST	Civil_UnSpecClaim_50_HearingAdmin	020_Submit	1732287951978	1732287952290	OK	 
GROUP	Civil_UnSpecClaim_50_HearingAdmin	1732287951116	1732287952292	1165	KO
REQUEST		XUI_020_Signout	1732287952293	1732287952589	OK	 
REQUEST		XUI_020_Signout Redirect 1	1732287952590	1732287952637	OK	 
REQUEST		XUI_020_Signout Redirect 2	1732287952638	1732287952705	OK	 
REQUEST		XUI_020_Signout Redirect 3	1732287952706	1732287952878	OK	 
REQUEST	XUI_010_Home	005_Home	1732287956883	1732287956932	OK	 
REQUEST	XUI_010_Home	Common_000_ConfigurationUI	1732287956935	1732287956989	OK	 
REQUEST	XUI_010_Home	Common_000_ConfigJson	1732287956990	1732287957027	OK	 
REQUEST	XUI_010_Home	Common_000_TsAndCs	1732287957030	1732287957059	OK	 
REQUEST	XUI_010_Home	Common_000_ConfigUI	1732287957060	1732287957098	OK	 
REQUEST	XUI_010_Home	Common_000_UserDetails	1732287957099	1732287957132	OK	 
REQUEST	XUI_010_Home	Common_000_IsAuthenticated	1732287957133	1732287957165	OK	 
REQUEST	XUI_010_Home	010_auth	1732287957167	1732287957217	OK	 
REQUEST	XUI_010_Home	010_auth Redirect 1	1732287957218	1732287957258	OK	 
REQUEST	XUI_010_Home	010_auth Redirect 2	1732287957259	1732287957308	OK	 
GROUP	XUI_010_Home	1732287956882	1732287957311	411	OK
REQUEST	XUI_020_Login	005_clientId	1732287959514	1732287959844	OK	 
REQUEST	XUI_020_Login	005_clientId Redirect 1	1732287959846	1732287960637	OK	 
REQUEST	XUI_020_Login	005_clientId Redirect 2	1732287960638	1732287960677	OK	 
REQUEST	XUI_020_Login	Common_000_ConfigurationUI	1732287960680	1732287960719	OK	 
REQUEST	XUI_020_Login	Common_000_ConfigUI	1732287960720	1732287960749	OK	 
REQUEST	XUI_020_Login	Common_000_TsAndCs	1732287960750	1732287960791	OK	 
REQUEST	XUI_020_Login	Common_000_IsAuthenticated	1732287960792	1732287960830	OK	 
REQUEST	XUI_020_Login	Common_000_UserDetails	1732287960831	1732287961331	OK	 
REQUEST	XUI_020_Login	Common_000_MonitoringTools	1732287961332	1732287961401	OK	 
REQUEST	XUI_020_Login	Common_000_IsAuthenticated	1732287961401	1732287961463	OK	 
GROUP	XUI_020_Login	1732287959513	1732287961464	1938	OK
REQUEST	Civil_UnSpecClaim_60_DefendantDocUpload	Land_005_Jurisdictions	1732287964974	1732287967825	OK	 
REQUEST	Civil_UnSpecClaim_60_DefendantDocUpload	Land_010_Organisation	1732287967830	1732287969171	OK	 
GROUP	Civil_UnSpecClaim_60_DefendantDocUpload	1732287964973	1732287969172	4192	OK
REQUEST	Civil_UnSpecClaim_60_DefendantDocUpload	Search_005_WorkBasket	1732287971465	1732287972456	OK	 
REQUEST	Civil_UnSpecClaim_60_DefendantDocUpload	Search_010_CaseReference	1732287972459	1732287973566	OK	 
GROUP	Civil_UnSpecClaim_60_DefendantDocUpload	1732287971464	1732287973568	2098	OK
REQUEST	Civil_UnSpecClaim_60_DefendantDocUpload	OpenCase_005_InternalCases	1732287977243	1732287978778	OK	 
REQUEST	Civil_UnSpecClaim_60_DefendantDocUpload	OpenCase_010_RoleAssignment	1732287978780	1732287979109	OK	 
REQUEST	Civil_UnSpecClaim_60_DefendantDocUpload	OpenCase_015_Jurisdiction	1732287979110	1732287979262	OK	 
GROUP	Civil_UnSpecClaim_60_DefendantDocUpload	1732287977239	1732287979262	2016	OK
REQUEST	Civil_UnSpecClaim_60_DefendantDocUpload	DF_005_UploadDoc	1732287983255	1732287984408	OK	 
REQUEST	Civil_UnSpecClaim_60_DefendantDocUpload	DF_010_Profile	1732287984410	1732287987781	OK	 
REQUEST	Civil_UnSpecClaim_60_DefendantDocUpload	DF_015_IgnoreWarning	1732287987793	1732287988680	KO	status.find.in([200, 209], 304), found 422
REQUEST	Civil_UnSpecClaim_60_DefendantDocUpload	DF_020_UploadDoc	1732287988684	1732287989863	OK	 
GROUP	Civil_UnSpecClaim_60_DefendantDocUpload	1732287983253	1732287989863	6590	KO
REQUEST	Civil_UnSpecClaim_60_DefendantDocUpload	DF_005_UploadChoice	1732287992414	1732287993360	OK	 
GROUP	Civil_UnSpecClaim_60_DefendantDocUpload	1732287992413	1732287993361	946	OK
REQUEST	Civil_UnSpecClaim_60_DefendantDocUpload	DF_005_WitnessStatement	1732287996914	1732287999090	OK	 
GROUP	Civil_UnSpecClaim_60_DefendantDocUpload	1732287996913	1732287999091	2176	OK
REQUEST	Civil_UnSpecClaim_60_DefendantDocUpload	DF_005_UploadWitnessStatement	1732288001302	1732288002817	OK	 
GROUP	Civil_UnSpecClaim_60_DefendantDocUpload	1732288001297	1732288002820	1515	OK
REQUEST	Civil_UnSpecClaim_60_DefendantDocUpload	DF_010_UploadWitnessStatement	1732288006013	1732288007107	OK	 
GROUP	Civil_UnSpecClaim_60_DefendantDocUpload	1732288006013	1732288007108	1094	OK
REQUEST	Civil_UnSpecClaim_60_DefendantDocUpload	DF_005_Submit	1732288009515	1732288010240	KO	status.find.in([200, 209], 304), found 404
REQUEST	Civil_UnSpecClaim_60_DefendantDocUpload	DF_010_InternalCases	1732288010240	1732288011522	OK	 
GROUP	Civil_UnSpecClaim_60_DefendantDocUpload	1732288009515	1732288011527	2007	KO
REQUEST		XUI_020_Signout	1732288013774	1732288014509	OK	 
REQUEST		XUI_020_Signout Redirect 1	1732288014510	1732288014612	OK	 
REQUEST		XUI_020_Signout Redirect 2	1732288014613	1732288015063	OK	 
REQUEST		XUI_020_Signout Redirect 3	1732288015065	1732288015479	OK	 
REQUEST	XUI_010_Home	005_Home	1732288019483	1732288019583	OK	 
REQUEST	XUI_010_Home	Common_000_ConfigurationUI	1732288019586	1732288019634	OK	 
REQUEST	XUI_010_Home	Common_000_ConfigJson	1732288019634	1732288019683	OK	 
REQUEST	XUI_010_Home	Common_000_TsAndCs	1732288019685	1732288019716	OK	 
REQUEST	XUI_010_Home	Common_000_ConfigUI	1732288019717	1732288019762	OK	 
REQUEST	XUI_010_Home	Common_000_UserDetails	1732288019763	1732288019803	OK	 
REQUEST	XUI_010_Home	Common_000_IsAuthenticated	1732288019804	1732288019833	OK	 
REQUEST	XUI_010_Home	010_auth	1732288019835	1732288019880	OK	 
REQUEST	XUI_010_Home	010_auth Redirect 1	1732288019882	1732288019914	OK	 
REQUEST	XUI_010_Home	010_auth Redirect 2	1732288019917	1732288019977	OK	 
GROUP	XUI_010_Home	1732288019483	1732288019978	479	OK
REQUEST	XUI_020_Login	005_clientId	1732288022151	1732288022305	OK	 
REQUEST	XUI_020_Login	005_clientId Redirect 1	1732288022305	1732288023252	OK	 
REQUEST	XUI_020_Login	005_clientId Redirect 2	1732288023253	1732288023409	OK	 
REQUEST	XUI_020_Login	Common_000_ConfigurationUI	1732288023411	1732288023468	OK	 
REQUEST	XUI_020_Login	Common_000_ConfigUI	1732288023470	1732288023515	OK	 
REQUEST	XUI_020_Login	Common_000_TsAndCs	1732288023516	1732288023555	OK	 
REQUEST	XUI_020_Login	Common_000_IsAuthenticated	1732288023556	1732288023590	OK	 
REQUEST	XUI_020_Login	Common_000_UserDetails	1732288023591	1732288024147	OK	 
REQUEST	XUI_020_Login	Common_000_MonitoringTools	1732288024149	1732288024231	OK	 
REQUEST	XUI_020_Login	Common_000_IsAuthenticated	1732288024234	1732288024337	OK	 
GROUP	XUI_020_Login	1732288022149	1732288024340	2173	OK
REQUEST	Civil_UnSpecClaim_70_ClaimantDocUpload	005_SearchCase	1732288027291	1732288028787	OK	 
REQUEST	Civil_UnSpecClaim_70_ClaimantDocUpload	010_SearchCase	1732288028789	1732288030231	OK	 
GROUP	Civil_UnSpecClaim_70_ClaimantDocUpload	1732288027290	1732288030237	2938	OK
REQUEST	Civil_UnSpecClaim_70_ClaimantDocUpload	Search_005_WorkBasket	1732288034043	1732288034919	OK	 
REQUEST	Civil_UnSpecClaim_70_ClaimantDocUpload	Search_010_CaseReference	1732288034922	1732288036467	OK	 
GROUP	Civil_UnSpecClaim_70_ClaimantDocUpload	1732288034041	1732288036468	2421	OK
REQUEST	Civil_UnSpecClaim_70_ClaimantDocUpload	OpenCase_005_InternalCases	1732288040163	1732288041227	OK	 
REQUEST	Civil_UnSpecClaim_70_ClaimantDocUpload	OpenCase_010_RoleAssignment	1732288041232	1732288041574	OK	 
REQUEST	Civil_UnSpecClaim_70_ClaimantDocUpload	OpenCase_015_Jurisdiction	1732288041576	1732288041700	OK	 
GROUP	Civil_UnSpecClaim_70_ClaimantDocUpload	1732288040161	1732288041701	1530	OK
REQUEST	Civil_UnSpecClaim_70_ClaimantDocUpload	DF_005_UploadDoc	1732288045407	1732288046695	OK	 
REQUEST	Civil_UnSpecClaim_70_ClaimantDocUpload	DF_010_Profile	1732288046696	1732288047959	OK	 
REQUEST	Civil_UnSpecClaim_70_ClaimantDocUpload	DF_015_IgnoreWarning	1732288047961	1732288048846	KO	status.find.in([200, 209], 304), found 422
REQUEST	Civil_UnSpecClaim_70_ClaimantDocUpload	DF_020_UploadDoc	1732288048848	1732288049766	OK	 
GROUP	Civil_UnSpecClaim_70_ClaimantDocUpload	1732288045404	1732288049767	4354	KO
REQUEST	Civil_UnSpecClaim_70_ClaimantDocUpload	DF_005_UploadChoice	1732288052478	1732288053458	OK	 
GROUP	Civil_UnSpecClaim_70_ClaimantDocUpload	1732288052476	1732288053459	980	OK
REQUEST	Civil_UnSpecClaim_70_ClaimantDocUpload	DF_005_WitnessStatement	1732288055893	1732288057362	OK	 
GROUP	Civil_UnSpecClaim_70_ClaimantDocUpload	1732288055891	1732288057362	1469	OK
REQUEST	Civil_UnSpecClaim_70_ClaimantDocUpload	DF_005_UploadWitnessStatement	1732288059567	1732288061182	OK	 
GROUP	Civil_UnSpecClaim_70_ClaimantDocUpload	1732288059567	1732288061183	1615	OK
REQUEST	Civil_UnSpecClaim_70_ClaimantDocUpload	DF_010_UploadWitnessStatement	1732288063820	1732288064948	OK	 
GROUP	Civil_UnSpecClaim_70_ClaimantDocUpload	1732288063818	1732288064949	1128	OK
REQUEST	Civil_UnSpecClaim_70_ClaimantDocUpload	DF_005_Submit	1732288067654	1732288068612	KO	status.find.in([200, 209], 304), found 422
REQUEST	Civil_UnSpecClaim_70_ClaimantDocUpload	DF_010_InternalCases	1732288068613	1732288069772	OK	 
GROUP	Civil_UnSpecClaim_70_ClaimantDocUpload	1732288067654	1732288069776	2117	KO
REQUEST		XUI_020_Signout	1732288072352	1732288072713	OK	 
REQUEST		XUI_020_Signout Redirect 1	1732288072715	1732288072755	OK	 
REQUEST		XUI_020_Signout Redirect 2	1732288072756	1732288072789	OK	 
REQUEST		XUI_020_Signout Redirect 3	1732288072790	1732288072855	OK	 
REQUEST	XUI_010_Home	005_Home	1732288076860	1732288076906	OK	 
REQUEST	XUI_010_Home	Common_000_ConfigurationUI	1732288076909	1732288076961	OK	 
REQUEST	XUI_010_Home	Common_000_ConfigJson	1732288076963	1732288076994	OK	 
REQUEST	XUI_010_Home	Common_000_TsAndCs	1732288076996	1732288077076	OK	 
REQUEST	XUI_010_Home	Common_000_ConfigUI	1732288077077	1732288077122	OK	 
REQUEST	XUI_010_Home	Common_000_UserDetails	1732288077123	1732288077184	OK	 
REQUEST	XUI_010_Home	Common_000_IsAuthenticated	1732288077186	1732288077226	OK	 
REQUEST	XUI_010_Home	010_auth	1732288077228	1732288077278	OK	 
REQUEST	XUI_010_Home	010_auth Redirect 1	1732288077279	1732288077311	OK	 
REQUEST	XUI_010_Home	010_auth Redirect 2	1732288077312	1732288077546	OK	 
GROUP	XUI_010_Home	1732288076859	1732288077547	671	OK
REQUEST	XUI_020_Login	005_clientId	1732288079872	1732288080492	OK	 
REQUEST	XUI_020_Login	005_clientId Redirect 1	1732288080495	1732288081933	OK	 
REQUEST	XUI_020_Login	005_clientId Redirect 2	1732288081935	1732288081990	OK	 
REQUEST	XUI_020_Login	Common_000_ConfigurationUI	1732288081993	1732288082045	OK	 
REQUEST	XUI_020_Login	Common_000_ConfigUI	1732288082047	1732288082096	OK	 
REQUEST	XUI_020_Login	Common_000_TsAndCs	1732288082098	1732288082133	OK	 
REQUEST	XUI_020_Login	Common_000_IsAuthenticated	1732288082135	1732288082164	OK	 
REQUEST	XUI_020_Login	Common_000_UserDetails	1732288082165	1732288082377	OK	 
REQUEST	XUI_020_Login	Common_000_MonitoringTools	1732288082380	1732288082413	OK	 
REQUEST	XUI_020_Login	Common_000_IsAuthenticated	1732288082415	1732288082449	OK	 
GROUP	XUI_020_Login	1732288079870	1732288082451	2557	OK
REQUEST	Civil_UnSpecClaim_80_FinalOrder	005_HealthCheck	1732288084876	1732288084904	OK	 
REQUEST	Civil_UnSpecClaim_80_FinalOrder	005_RegionLocation	1732288084906	1732288086552	OK	 
REQUEST	Civil_UnSpecClaim_80_FinalOrder	005_GetMyAccess	1732288086555	1732288086752	OK	 
REQUEST	Civil_UnSpecClaim_80_FinalOrder	010_GetMyAccess	1732288086755	1732288086944	OK	 
REQUEST	Civil_UnSpecClaim_80_FinalOrder	005_TypesOfWork	1732288086945	1732288087963	OK	 
REQUEST	Civil_UnSpecClaim_80_FinalOrder	005_Jurisdiction	1732288087963	1732288087994	OK	 
REQUEST	Civil_UnSpecClaim_80_FinalOrder	005_WorkAllocationTask	1732288087995	1732288088872	OK	 
REQUEST	Civil_UnSpecClaim_80_FinalOrder	010_Jurisdiction	1732288088873	1732288088904	OK	 
REQUEST	Civil_UnSpecClaim_80_FinalOrder	005_GetUsersByServiceName	1732288088904	1732288089002	OK	 
REQUEST	Civil_UnSpecClaim_80_FinalOrder	010_WorkAllocationTask	1732288089003	1732288090414	OK	 
REQUEST	Civil_UnSpecClaim_80_FinalOrder	005_GetJudicialUsers	1732288090423	1732288091100	OK	 
GROUP	Civil_UnSpecClaim_80_FinalOrder	1732288084874	1732288091102	6203	OK
REQUEST	Civil_UnSpecClaim_80_FinalOrder	005_SearchCase	1732288093933	1732288095404	OK	 
REQUEST	Civil_UnSpecClaim_80_FinalOrder	010_SearchCase	1732288095405	1732288096360	OK	 
REQUEST	Civil_UnSpecClaim_80_FinalOrder	015_SearchCase	1732288096363	1732288098116	OK	 
GROUP	Civil_UnSpecClaim_80_FinalOrder	1732288093932	1732288098117	4179	OK
REQUEST	Civil_UnSpecClaim_80_FinalOrder	005_OpenCase	1732288101389	1732288102864	OK	 
GROUP	Civil_UnSpecClaim_80_FinalOrder	1732288101388	1732288102866	1475	OK
REQUEST	Civil_UnSpecClaim_80_FinalOrder	010_OpenCase	1732288102868	1732288103276	OK	 
GROUP	Civil_UnSpecClaim_80_FinalOrder	1732288102866	1732288103277	408	OK
REQUEST	Civil_UnSpecClaim_80_FinalOrder	015_OpenCase	1732288103278	1732288103367	OK	 
GROUP	Civil_UnSpecClaim_80_FinalOrder	1732288103277	1732288103368	89	OK
REQUEST	Civil_UnSpecClaim_80_FinalOrder	005_MakeAnOrder	1732288106568	1732288107844	OK	 
REQUEST	Civil_UnSpecClaim_80_FinalOrder	010_MakeAnOrder	1732288107847	1732288109574	OK	 
REQUEST	Civil_UnSpecClaim_80_FinalOrder	015_MakeAnOrder	1732288109576	1732288110296	KO	status.find.in([200, 209], 304), found 422
REQUEST	Civil_UnSpecClaim_80_FinalOrder	020_MakeAnOrder	1732288110297	1732288111350	OK	 
GROUP	Civil_UnSpecClaim_80_FinalOrder	1732288106566	1732288111352	4776	KO
REQUEST	Civil_UnSpecClaim_80_FinalOrder	005_AllocateToTrack	1732288113529	1732288114910	OK	 
GROUP	Civil_UnSpecClaim_80_FinalOrder	1732288113527	1732288114911	1381	OK
REQUEST	Civil_UnSpecClaim_80_FinalOrder	005_ComplexityBand	1732288117993	1732288118995	OK	 
GROUP	Civil_UnSpecClaim_80_FinalOrder	1732288117991	1732288118996	1002	OK
REQUEST	Civil_UnSpecClaim_80_FinalOrder	005_OrderSelect	1732288122696	1732288124334	OK	 
GROUP	Civil_UnSpecClaim_80_FinalOrder	1732288122695	1732288124335	1638	OK
REQUEST	Civil_UnSpecClaim_80_FinalOrder	005_FreeFormOrder	1732288127065	1732288132219	OK	 
GROUP	Civil_UnSpecClaim_80_FinalOrder	1732288127063	1732288132222	5154	OK
REQUEST	Civil_UnSpecClaim_80_FinalOrder	005_FinalOrderPreview	1732288135046	1732288135564	OK	 
GROUP	Civil_UnSpecClaim_80_FinalOrder	1732288135045	1732288135564	518	OK
REQUEST	Civil_UnSpecClaim_70_ClaimantDocUpload	005_SubmitOrder	1732288137742	1732288138861	KO	status.find.in([200, 209], 304), found 404
REQUEST	Civil_UnSpecClaim_70_ClaimantDocUpload	005_InternalCases	1732288138863	1732288139668	OK	 
GROUP	Civil_UnSpecClaim_70_ClaimantDocUpload	1732288137742	1732288139668	1924	KO
REQUEST		XUI_020_Signout	1732288142691	1732288143627	OK	 
REQUEST		XUI_020_Signout Redirect 1	1732288143628	1732288143680	OK	 
REQUEST		XUI_020_Signout Redirect 2	1732288143681	1732288143837	OK	 
REQUEST		XUI_020_Signout Redirect 3	1732288143838	1732288143894	OK	 
USER	UnSpec_CreateClaim	END	1732288143895
