RUN	uk.gov.hmcts.reform.civildamage.performance.simulations.SimulateScenario	simulatescenario	1732707593738	 	3.12.0
USER	Spec_Create_Claim	START	1732707594433
REQUEST	XUI_010_Home	005_Home	1732707594430	1732707594542	OK	 
REQUEST	XUI_010_Home	Common_000_ConfigurationUI	1732707594556	1732707594614	OK	 
REQUEST	XUI_010_Home	Common_000_ConfigJson	1732707594615	1732707594651	OK	 
REQUEST	XUI_010_Home	Common_000_TsAndCs	1732707594652	1732707594714	OK	 
REQUEST	XUI_010_Home	Common_000_ConfigUI	1732707594715	1732707594760	OK	 
REQUEST	XUI_010_Home	Common_000_UserDetails	1732707594762	1732707594825	OK	 
REQUEST	XUI_010_Home	Common_000_IsAuthenticated	1732707594830	1732707594866	OK	 
REQUEST	XUI_010_Home	010_auth	1732707594869	1732707594912	OK	 
REQUEST	XUI_010_Home	010_auth Redirect 1	1732707594919	1732707595196	OK	 
REQUEST	XUI_010_Home	010_auth Redirect 2	1732707595200	1732707595262	OK	 
GROUP	XUI_010_Home	1732707594425	1732707595272	794	OK
REQUEST	XUI_020_Login	005_clientId	1732707598347	1732707598650	OK	 
REQUEST	XUI_020_Login	005_clientId Redirect 1	1732707598658	1732707599350	OK	 
REQUEST	XUI_020_Login	005_clientId Redirect 2	1732707599352	1732707599402	OK	 
REQUEST	XUI_020_Login	Common_000_ConfigurationUI	1732707599404	1732707599441	OK	 
REQUEST	XUI_020_Login	Common_000_ConfigUI	1732707599442	1732707599488	OK	 
REQUEST	XUI_020_Login	Common_000_TsAndCs	1732707599490	1732707599551	OK	 
REQUEST	XUI_020_Login	Common_000_IsAuthenticated	1732707599552	1732707599595	OK	 
REQUEST	XUI_020_Login	Common_000_UserDetails	1732707599598	1732707600735	OK	 
REQUEST	XUI_020_Login	Common_000_MonitoringTools	1732707600737	1732707600828	OK	 
REQUEST	XUI_020_Login	Common_000_IsAuthenticated	1732707600869	1732707600948	OK	 
GROUP	XUI_020_Login	1732707598336	1732707600954	2539	OK
REQUEST	Civil_Claim_20_RespondToClaim	Land_005_Jurisdictions	1732707603512	1732707609218	OK	 
REQUEST	Civil_Claim_20_RespondToClaim	Land_010_Organisation	1732707609249	1732707611229	OK	 
GROUP	Civil_Claim_20_RespondToClaim	1732707603510	1732707611232	7686	OK
REQUEST	Civil_Claim_20_RespondToClaim	CIVIL_AssignCase_000_AssignCase	1732707614480	1732707617495	OK	 
GROUP	Civil_Claim_20_RespondToClaim	1732707614479	1732707617496	3015	OK
REQUEST	Civil_Claim_20_RespondToClaim	Search_005_WorkBasket	1732707617498	1732707619136	OK	 
REQUEST	Civil_Claim_20_RespondToClaim	Search_010_CaseReference	1732707619143	1732707621775	OK	 
GROUP	Civil_Claim_20_RespondToClaim	1732707617496	1732707621777	4270	OK
REQUEST	Civil_Claim_20_RespondToClaim	OpenCase_005_InternalCases	1732707624994	1732707628297	OK	 
GROUP	Civil_Claim_20_RespondToClaim	1732707624992	1732707628304	3303	OK
REQUEST	Civil_Claim_20_RespondToClaim	OpenCase_010_RoleAssignment	1732707628304	1732707628681	OK	 
GROUP	Civil_Claim_20_RespondToClaim	1732707628304	1732707628682	377	OK
REQUEST	Civil_Claim_20_RespondToClaim	OpenCase_015_Jurisdiction	1732707628682	1732707628852	OK	 
GROUP	Civil_Claim_20_RespondToClaim	1732707628682	1732707628855	170	OK
REQUEST	Civil_Claim_20_RespondToClaim	RespondToClaim_005_WA	1732707631164	1732707632398	OK	 
REQUEST	Civil_Claim_20_RespondToClaim	RespondToClaim_010_Profile	1732707632400	1732707636880	OK	 
REQUEST	Civil_Claim_20_RespondToClaim	RespondToClaim_015_IgnoreWarning	1732707681890	1732707688230	OK	 
REQUEST	Civil_Claim_20_RespondToClaim	RespondToClaim_020_WA	1732707688284	1732707690058	OK	 
GROUP	Civil_Claim_20_RespondToClaim	1732707631163	1732707690059	13828	OK
REQUEST	Civil_Claim_20_RespondToClaim	RespondToClaim_005_ViewTimeline	1732707692928	1732707696373	OK	 
GROUP	Civil_Claim_20_RespondToClaim	1732707692920	1732707696375	3445	OK
REQUEST	Civil_Claim_20_RespondToClaim	RespondToClaim_005_DefAddress	1732707699468	1732707700673	OK	 
REQUEST	Civil_Claim_20_RespondToClaim	RespondToClaim_010_DefAddress	1732707700675	1732707708480	OK	 
GROUP	Civil_Claim_20_RespondToClaim	1732707699467	1732707708499	9010	OK
REQUEST	Civil_Claim_20_RespondToClaim	RespondToClaim_005_LegalRepAddress	1732707712346	1732707713272	OK	 
GROUP	Civil_Claim_20_RespondToClaim	1732707712342	1732707713274	926	OK
REQUEST	Civil_Claim_20_RespondToClaim	RespondToClaim_005_Response	1732707715645	1732707717640	OK	 
GROUP	Civil_Claim_20_RespondToClaim	1732707715642	1732707717642	1995	OK
REQUEST	Civil_Claim_20_RespondToClaim	RespondToClaim_005_Dispute	1732707719740	1732707721226	OK	 
GROUP	Civil_Claim_20_RespondToClaim	1732707719737	1732707721227	1486	OK
REQUEST	Civil_Claim_20_RespondToClaim	RespondToClaim_005_DisputeDescription	1732707723377	1732707724138	OK	 
GROUP	Civil_Claim_20_RespondToClaim	1732707723376	1732707724140	761	OK
REQUEST	Civil_Claim_20_RespondToClaim	RespondToClaim_005_ManualTimeline	1732707727233	1732707729617	OK	 
GROUP	Civil_Claim_20_RespondToClaim	1732707727232	1732707729619	2384	OK
REQUEST	Civil_Claim_20_RespondToClaim	RespondToClaim_005_AddTimeline	1732707733258	1732707734320	OK	 
GROUP	Civil_Claim_20_RespondToClaim	1732707733255	1732707734321	1062	OK
REQUEST	Civil_Claim_20_RespondToClaim	RespondToClaim_005_Mediation	1732707737375	1732707738232	OK	 
GROUP	Civil_Claim_20_RespondToClaim	1732707737372	1732707738233	857	OK
REQUEST	Civil_Claim_20_RespondToClaim	RespondToClaim_005_Experts	1732707742192	1732707742799	OK	 
GROUP	Civil_Claim_20_RespondToClaim	1732707742187	1732707742800	607	OK
REQUEST	Civil_Claim_20_RespondToClaim	RespondToClaim_005_Witnesses	1732707744861	1732707745733	OK	 
GROUP	Civil_Claim_20_RespondToClaim	1732707744860	1732707745735	872	OK
REQUEST	Civil_Claim_20_RespondToClaim	RespondToClaim_005_Language	1732707747747	1732707749045	OK	 
GROUP	Civil_Claim_20_RespondToClaim	1732707747744	1732707749045	1298	OK
REQUEST	Civil_Claim_20_RespondToClaim	RespondToClaim_005_Hearing	1732707751406	1732707753023	OK	 
GROUP	Civil_Claim_20_RespondToClaim	1732707751404	1732707753024	1617	OK
REQUEST	Civil_Claim_20_RespondToClaim	RespondToClaim_005_CourtLocation	1732707756039	1732707757313	OK	 
GROUP	Civil_Claim_20_RespondToClaim	1732707756038	1732707757316	1274	OK
REQUEST	Civil_Claim_20_RespondToClaim	RespondToClaim_005_AccessNeeds	1732707759493	1732707760631	OK	 
GROUP	Civil_Claim_20_RespondToClaim	1732707759492	1732707760631	1138	OK
REQUEST	Civil_Claim_20_RespondToClaim	RespondToClaim_005_Vulnerability	1732707763901	1732707765179	OK	 
GROUP	Civil_Claim_20_RespondToClaim	1732707763897	1732707765180	1278	OK
REQUEST	Civil_Claim_20_RespondToClaim	RespondToClaim_005_StatementOfTruth	1732707768416	1732707769293	OK	 
GROUP	Civil_Claim_20_RespondToClaim	1732707768415	1732707769296	877	OK
REQUEST	Civil_Claim_20_RespondToClaim	RespondToClaim_010_StatementOfTruth	1732707771312	1732707772423	OK	 
GROUP	Civil_Claim_20_RespondToClaim	1732707771311	1732707772424	1111	OK
REQUEST	Civil_Claim_20_RespondToClaim	RespondToClaim_005_SubmitSOT	1732707774564	1732707779785	OK	 
REQUEST	Civil_Claim_20_RespondToClaim	RespondToClaim_010_SubmitSOT	1732707779788	1732707781107	OK	 
GROUP	Civil_Claim_20_RespondToClaim	1732707774562	1732707781111	6540	OK
REQUEST		XUI_020_Signout	1732707785020	1732707785311	OK	 
REQUEST		XUI_020_Signout Redirect 1	1732707785312	1732707785370	OK	 
REQUEST		XUI_020_Signout Redirect 2	1732707785373	1732707785504	OK	 
REQUEST		XUI_020_Signout Redirect 3	1732707785505	1732707785573	OK	 
REQUEST	XUI_010_Home	005_Home	1732707789578	1732707789645	OK	 
REQUEST	XUI_010_Home	Common_000_ConfigurationUI	1732707789648	1732707789739	OK	 
REQUEST	XUI_010_Home	Common_000_ConfigJson	1732707789739	1732707789789	OK	 
REQUEST	XUI_010_Home	Common_000_TsAndCs	1732707789790	1732707789845	OK	 
REQUEST	XUI_010_Home	Common_000_ConfigUI	1732707789846	1732707789908	OK	 
REQUEST	XUI_010_Home	Common_000_UserDetails	1732707789911	1732707789953	OK	 
REQUEST	XUI_010_Home	Common_000_IsAuthenticated	1732707789955	1732707789993	OK	 
REQUEST	XUI_010_Home	010_auth	1732707789994	1732707790103	OK	 
REQUEST	XUI_010_Home	010_auth Redirect 1	1732707790104	1732707790141	OK	 
REQUEST	XUI_010_Home	010_auth Redirect 2	1732707790144	1732707790208	OK	 
GROUP	XUI_010_Home	1732707789576	1732707790211	615	OK
REQUEST	XUI_020_Login	005_clientId	1732707793535	1732707793670	OK	 
REQUEST	XUI_020_Login	