RUN	uk.gov.hmcts.reform.civildamage.performance.simulations.SimulateScenario	simulatescenario	1734100587284	 	3.12.0
USER	Spec_Create_Claim	START	1734100587905
REQUEST	XUI_010_Home	005_Home	1734100587902	1734100587987	OK	 
REQUEST	XUI_010_Home	Common_000_ConfigurationUI	1734100590204	1734100590261	OK	 
REQUEST	XUI_010_Home	Common_000_ConfigJson	1734100590264	1734100590357	OK	 
REQUEST	XUI_010_Home	Common_000_TsAndCs	1734100590361	1734100590382	OK	 
REQUEST	XUI_010_Home	Common_000_ConfigUI	1734100590386	1734100590411	OK	 
REQUEST	XUI_010_Home	Common_000_UserDetails	1734100590412	1734100590442	OK	 
REQUEST	XUI_010_Home	Common_000_IsAuthenticated	1734100590445	1734100590480	OK	 
REQUEST	XUI_010_Home	010_auth	1734100590485	1734100590525	OK	 
REQUEST	XUI_010_Home	010_auth Redirect 1	1734100590535	1734100590607	OK	 
REQUEST	XUI_010_Home	010_auth Redirect 2	1734100590611	1734100590651	OK	 
GROUP	XUI_010_Home	1734100587895	1734100590978	2965	OK
REQUEST	XUI_020_Login	005_clientId	1734100594982	1734100595098	OK	 
REQUEST	XUI_020_Login	005_clientId Redirect 1	1734100595110	1734100595754	OK	 
REQUEST	XUI_020_Login	005_clientId Redirect 2	1734100595756	1734100595792	OK	 
REQUEST	XUI_020_Login	Common_000_ConfigurationUI	1734100598601	1734100598639	OK	 
REQUEST	XUI_020_Login	Common_000_ConfigUI	1734100598640	1734100598672	OK	 
REQUEST	XUI_020_Login	Common_000_TsAndCs	1734100598674	1734100598708	OK	 
REQUEST	XUI_020_Login	Common_000_IsAuthenticated	1734100598709	1734100598740	OK	 
REQUEST	XUI_020_Login	Common_000_UserDetails	1734100598744	1734100599488	OK	 
REQUEST	XUI_020_Login	Common_000_MonitoringTools	1734100599492	1734100599556	OK	 
REQUEST	XUI_020_Login	Common_000_IsAuthenticated	1734100599593	1734100599658	OK	 
GROUP	XUI_020_Login	1734100594969	1734100599662	4609	OK
REQUEST	Civil_CreateSpecClaim_10_00_LandingPage	Jurisdiction	1734100602875	1734100604760	OK	 
REQUEST	Civil_CreateSpecClaim_10_00_LandingPage	Organisation	1734100604763	1734100605139	OK	 
GROUP	Civil_CreateSpecClaim_10_00_LandingPage	1734100602874	1734100605141	2261	OK
REQUEST	Civil_CreateSpecClaim_10_01_CreateCase	Create	1734100608220	1734100608353	OK	 
GROUP	Civil_CreateSpecClaim_10_01_CreateCase	1734100608217	1734100608354	133	OK
REQUEST	Civil_CreateSpecClaim_10_02_CreateCase	IgnoreWarning	1734100610947	1734100612626	OK	 
GROUP	Civil_CreateSpecClaim_10_02_CreateCase	1734100610944	1734100612656	1679	OK
REQUEST	Civil_CreateSpecClaim_10_03_CreateCase	CaseChecklist	1734100616114	1734100617232	OK	 
GROUP	Civil_CreateSpecClaim_10_03_CreateCase	1734100616111	1734100617233	1118	OK
REQUEST	Civil_CreateSpecClaim_10_04_CreateCase	Eligibility	1734100620857	1734100621643	OK	 
GROUP	Civil_CreateSpecClaim_10_04_CreateCase	1734100620853	1734100621644	786	OK
REQUEST	Civil_CreateSpecClaim_10_05_CreateCase	References	1734100624667	1734100625842	OK	 
GROUP	Civil_CreateSpecClaim_10_05_CreateCase	1734100624665	1734100625844	1175	OK
REQUEST	Civil_CreateSpecClaim_10_06_CreateCase	PostCodeSearch	1734100628203	1734100629398	OK	 
GROUP	Civil_CreateSpecClaim_10_06_CreateCase	1734100628201	1734100629408	1195	OK
REQUEST	Civil_CreateSpecClaim_10_07_CreateCase	Claimant	1734100632435	1734100633733	OK	 
GROUP	Civil_CreateSpecClaim_10_07_CreateCase	1734100632432	1734100633736	1298	OK
REQUEST	Civil_CreateSpecClaim_10_08_CreateCase	AddAnotherClaimant	1734100636256	1734100636892	OK	 
GROUP	Civil_CreateSpecClaim_10_08_CreateCase	1734100636253	1734100636894	636	OK
REQUEST	Civil_CreateSpecClaim_10_09_CreateCase	Notifications	1734100639981	1734100640993	OK	 
GROUP	Civil_CreateSpecClaim_10_09_CreateCase	1734100639978	1734100640997	1012	OK
REQUEST	Civil_CreateSpecClaim_10_10_CreateCase	ClaimantSolOrg	1734100640999	1734100641809	OK	 
GROUP	Civil_CreateSpecClaim_10_10_CreateCase	1734100640997	1734100641811	810	OK
REQUEST	Civil_CreateSpecClaim_10_11_CreateCase	CorrespondenceAddress	1734100645245	1734100646232	OK	 
GROUP	Civil_CreateSpecClaim_10_11_CreateCase	1734100645242	1734100646235	987	OK
REQUEST	Civil_CreateSpecClaim_10_12_CreateCase	DefPostCode	1734100649577	1734100650891	OK	 
GROUP	Civil_CreateSpecClaim_10_12_CreateCase	1734100649574	1734100650898	1314	OK
REQUEST	Civil_CreateSpecClaim_10_13_CreateCase	DefendantDetails	1734100654116	1734100655220	OK	 
GROUP	Civil_CreateSpecClaim_10_13_CreateCase	1734100654113	1734100655223	1104	OK
REQUEST	Civil_CreateSpecClaim_10_14_CreateCase	DefLegalRep	1734100659217	1734100659810	OK	 
GROUP	Civil_CreateSpecClaim_10_14_CreateCase	1734100659214	1734100659812	593	OK
REQUEST	Civil_CreateSpecClaim_10_15_CreateCase	DefSolOrg	1734100663784	1734100664951	OK	 
GROUP	Civil_CreateSpecClaim_10_15_CreateCase	1734100663781	1734100664953	1167	OK
REQUEST	Civil_CreateSpecClaim_10_16_CreateCase	CDefSolEmail	1734100668039	1734100668638	OK	 
GROUP	Civil_CreateSpecClaim_10_16_CreateCase	1734100668037	1734100668639	599	OK
REQUEST	Civil_CreateSpecClaim_10_17_CreateCase	DefAddr	1734100671982	1734100672531	OK	 
GROUP	Civil_CreateSpecClaim_10_17_CreateCase	1734100671979	1734100672534	549	OK
REQUEST	Civil_CreateSpecClaim_10_18_CreateCase	AddAnotherDefendant	1734100674897	1734100675708	OK	 
GROUP	Civil_CreateSpecClaim_10_18_CreateCase	1734100674894	1734100675709	811	OK
REQUEST	Civil_CreateSpecClaim_10_19_CreateCase	FlightDelayClaim	1734100678595	1734100679601	OK	 
GROUP	Civil_CreateSpecClaim_10_19_CreateCase	1734100678592	1734100679603	1006	OK
REQUEST	Civil_CreateSpecClaim_10_20_CreateCase	CaseDetails	1734100682927	1734100683383	OK	 
GROUP	Civil_CreateSpecClaim_10_20_CreateCase	1734100682926	1734100683385	456	OK
REQUEST	Civil_CreateSpecClaim_10_21_CreateCase	UploadClaimDoc	1734100686244	1734100687274	OK	 
GROUP	Civil_CreateSpecClaim_10_21_CreateCase	1734100686241	1734100687276	1030	OK
REQUEST	Civil_CreateSpecClaim_10_22_CreateCase	ClaimTimeline	1734100691143	1734100691777	OK	 
GROUP	Civil_CreateSpecClaim_10_22_CreateCase	1734100691140	1734100691779	634	OK
REQUEST	Civil_CreateSpecClaim_10_23_CreateCase	SPECEvidenceList	1734100694337	1734100694868	OK	 
GROUP	Civil_CreateSpecClaim_10_23_CreateCase	1734100694334	1734100694870	531	OK
REQUEST	Civil_CreateSpecClaim_10_24_CreateCase	CREATE_CLAIM_SPECClaimAmount	1734100697019	1734100697928	OK	 
GROUP	Civil_CreateSpecClaim_10_24_CreateCase	1734100697017	1734100697930	909	OK
REQUEST	Civil_CreateSpecClaim_10_25_CreateCase	CREATE_CLAIM_SPECClaimAmountDetails	1734100700073	1734100700469	OK	 
GROUP	Civil_CreateSpecClaim_10_25_CreateCase	1734100700070	1734100700471	396	OK
REQUEST	Civil_CreateSpecClaim_10_26_CreateCase	CREATE_CLAIM_SPECClaimInterest	1734100702727	1734100703555	OK	 
GROUP	Civil_CreateSpecClaim_10_26_CreateCase	1734100702724	1734100703557	828	OK
REQUEST	Civil_CreateSpecClaim_10_27_CreateCase	CREATE_CLAIM_SPECInterestSummary	1734100705824	1734100707652	OK	 
GROUP	Civil_CreateSpecClaim_10_27_CreateCase	1734100705822	1734100707652	1828	OK
REQUEST	Civil_CreateSpecClaim_10_28_CreateCase	CREATE_CLAIM_SPECPbaNumber	1734100709970	1734100710472	OK	 
GROUP	Civil_CreateSpecClaim_10_28_CreateCase	1734100709969	1734100710472	502	OK
REQUEST	Civil_CreateSpecClaim_10_29_CreateCase	CREATE_CLAIM_SPECFixedCommencementCosts	1734100713437	1734100713807	OK	 
GROUP	Civil_CreateSpecClaim_10_29_CreateCase	1734100713436	1734100713809	370	OK
REQUEST	Civil_CreateSpecClaim_10_30_CreateCase	CREATE_CLAIM_SPECStatementOfTruth	1734100716946	1734100717686	OK	 
GROUP	Civil_CreateSpecClaim_10_30_CreateCase	1734100716943	1734100717688	740	OK
REQUEST	Civil_CreateSpecClaim_10_32_CreateCase	CREATE_CLAIM_SPECSOT_Submit	1734100719786	1734100720391	KO	status.find.in([200, 209], 304), found 500
GROUP	Civil_CreateSpecClaim_10_32_CreateCase	1734100719785	1734100720397	605	KO
ERROR	CREATE_CLAIM_SPECGetCase: No attribute named 'caseId' is defined 	1734100723702
GROUP	Civil_CreateSpecClaim_10_33_APIRoleAssignment	1734100723697	1734100723702	0	KO
ERROR	CREATE_CLAIM_SPECAPIRoleAssignment: No attribute named 'caseId' is defined 	1734100723702
GROUP	Civil_CreateSpecClaim_10_34_APIRoleAssignment	1734100723702	1734100723702	0	KO
REQUEST	