RUN	uk.gov.hmcts.reform.civildamage.performance.simulations.SimulateScenario	simulatescenario	1732528131985	 	3.12.0
USER	Spec_Create_Claim	START	1732528132457
REQUEST	XUI_010_Home	005_Home	1732528132454	1732528132536	OK	 
REQUEST	XUI_010_Home	Common_000_ConfigurationUI	1732528132551	1732528132578	OK	 
REQUEST	XUI_010_Home	Common_000_ConfigJson	1732528132579	1732528132608	OK	 
REQUEST	XUI_010_Home	Common_000_TsAndCs	1732528132608	1732528132646	OK	 
REQUEST	XUI_010_Home	Common_000_ConfigUI	1732528132646	1732528132689	OK	 
REQUEST	XUI_010_Home	Common_000_UserDetails	1732528132691	1732528132726	OK	 
REQUEST	XUI_010_Home	Common_000_IsAuthenticated	1732528132728	1732528132761	OK	 
REQUEST	XUI_010_Home	010_auth	1732528132763	1732528132793	OK	 
REQUEST	XUI_010_Home	010_auth Redirect 1	1732528132799	1732528132932	OK	 
REQUEST	XUI_010_Home	010_auth Redirect 2	1732528132938	1732528132991	OK	 
GROUP	XUI_010_Home	1732528132448	1732528133001	503	OK
REQUEST	XUI_020_Login	005_clientId	1732528135259	1732528135357	OK	 
REQUEST	XUI_020_Login	005_clientId Redirect 1	1732528135370	1732528135962	OK	 
REQUEST	XUI_020_Login	005_clientId Redirect 2	1732528135964	1732528136004	OK	 
REQUEST	XUI_020_Login	Common_000_ConfigurationUI	1732528136007	1732528136042	OK	 
REQUEST	XUI_020_Login	Common_000_ConfigUI	1732528136046	1732528136077	OK	 
REQUEST	XUI_020_Login	Common_000_TsAndCs	1732528136081	1732528136117	OK	 
REQUEST	XUI_020_Login	Common_000_IsAuthenticated	1732528136120	1732528136157	OK	 
REQUEST	XUI_020_Login	Common_000_UserDetails	1732528136162	1732528136537	OK	 
REQUEST	XUI_020_Login	Common_000_MonitoringTools	1732528136539	1732528136608	OK	 
REQUEST	XUI_020_Login	Common_000_IsAuthenticated	1732528136635	1732528136711	OK	 
GROUP	XUI_020_Login	1732528135248	1732528136716	1389	OK
REQUEST	Civil_CreateSpecClaim_10_00_LandingPage	Jurisdiction	1732528140559	1732528141289	OK	 
REQUEST	Civil_CreateSpecClaim_10_00_LandingPage	Organisation	1732528141293	1732528141855	OK	 
GROUP	Civil_CreateSpecClaim_10_00_LandingPage	1732528140555	1732528141858	1292	OK
REQUEST	Civil_CreateSpecClaim_10_01_CreateCase	Create	1732528145462	1732528145604	OK	 
GROUP	Civil_CreateSpecClaim_10_01_CreateCase	1732528145458	1732528145607	142	OK
REQUEST	Civil_CreateSpecClaim_10_02_CreateCase	IgnoreWarning	1732528148749	1732528149565	OK	 
GROUP	Civil_CreateSpecClaim_10_02_CreateCase	1732528148746	1732528149611	816	OK
REQUEST	Civil_CreateSpecClaim_10_03_CreateCase	CaseChecklist	1732528151935	1732528152856	OK	 
GROUP	Civil_CreateSpecClaim_10_03_CreateCase	1732528151926	1732528152858	921	OK
REQUEST	Civil_CreateSpecClaim_10_04_CreateCase	Eligibility	1732528156097	1732528156994	OK	 
GROUP	Civil_CreateSpecClaim_10_04_CreateCase	1732528156094	1732528156996	897	OK
REQUEST	Civil_CreateSpecClaim_10_05_CreateCase	References	1732528159365	1732528160127	OK	 
GROUP	Civil_CreateSpecClaim_10_05_CreateCase	1732528159362	1732528160130	762	OK
REQUEST	Civil_CreateSpecClaim_10_06_CreateCase	PostCodeSearch	1732528162343	1732528163643	OK	 
GROUP	Civil_CreateSpecClaim_10_06_CreateCase	1732528162340	1732528163646	1300	OK
REQUEST	Civil_CreateSpecClaim_10_07_CreateCase	Claimant	1732528166247	1732528167463	OK	 
GROUP	Civil_CreateSpecClaim_10_07_CreateCase	1732528166244	1732528167466	1216	OK
REQUEST	Civil_CreateSpecClaim_10_08_CreateCase	AddAnotherClaimant	1732528170465	1732528170878	OK	 
GROUP	Civil_CreateSpecClaim_10_08_CreateCase	1732528170462	1732528170880	413	OK
REQUEST	Civil_CreateSpecClaim_10_09_CreateCase	Notifications	1732528174783	1732528175590	OK	 
GROUP	Civil_CreateSpecClaim_10_09_CreateCase	1732528174781	1732528175592	807	OK
REQUEST	Civil_CreateSpecClaim_10_10_CreateCase	ClaimantSolOrg	1732528175593	1732528176000	OK	 
GROUP	Civil_CreateSpecClaim_10_10_CreateCase	1732528175592	1732528176002	407	OK
REQUEST	Civil_CreateSpecClaim_10_11_CreateCase	CorrespondenceAddress	1732528179541	1732528180300	OK	 
GROUP	Civil_CreateSpecClaim_10_11_CreateCase	1732528179539	1732528180303	759	OK
REQUEST	Civil_CreateSpecClaim_10_12_CreateCase	DefPostCode	1732528184162	1732528185168	OK	 
GROUP	Civil_CreateSpecClaim_10_12_CreateCase	1732528184159	1732528185171	1006	OK
REQUEST	Civil_CreateSpecClaim_10_13_CreateCase	DefendantDetails	1732528188943	1732528190029	OK	 
GROUP	Civil_CreateSpecClaim_10_13_CreateCase	1732528188941	1732528190031	1086	OK
REQUEST	Civil_CreateSpecClaim_10_14_CreateCase	DefLegalRep	1732528193337	1732528193818	OK	 
GROUP	Civil_CreateSpecClaim_10_14_CreateCase	1732528193334	1732528193820	481	OK
REQUEST	Civil_CreateSpecClaim_10_15_CreateCase	DefSolOrg	1732528196462	1732528196890	OK	 
GROUP	Civil_CreateSpecClaim_10_15_CreateCase	1732528196458	1732528196893	428	OK
REQUEST	Civil_CreateSpecClaim_10_16_CreateCase	CDefSolEmail	1732528200542	1732528201703	OK	 
GROUP	Civil_CreateSpecClaim_10_16_CreateCase	1732528200539	1732528201705	1161	OK
REQUEST	Civil_CreateSpecClaim_10_17_CreateCase	DefAddr	1732528205310	1732528206106	OK	 
GROUP	Civil_CreateSpecClaim_10_17_CreateCase	1732528205307	1732528206109	796	OK
REQUEST	Civil_CreateSpecClaim_10_18_CreateCase	AddAnotherDefendant	1732528208140	1732528208870	OK	 
GROUP	Civil_CreateSpecClaim_10_18_CreateCase	1732528208136	1732528208873	730	OK
REQUEST	Civil_CreateSpecClaim_10_19_CreateCase	FlightDelayClaim	1732528211787	1732528212253	OK	 
GROUP	Civil_CreateSpecClaim_10_19_CreateCase	1732528211784	1732528212256	466	OK
REQUEST	Civil_CreateSpecClaim_10_20_CreateCase	CaseDetails	1732528215149	1732528216038	OK	 
GROUP	Civil_CreateSpecClaim_10_20_CreateCase	1732528215146	1732528216040	889	OK
REQUEST	Civil_CreateSpecClaim_10_21_CreateCase	UploadClaimDoc	1732528219920	1732528220341	OK	 
GROUP	Civil_CreateSpecClaim_10_21_CreateCase	1732528219919	1732528220342	421	OK
REQUEST	Civil_CreateSpecClaim_10_22_CreateCase	ClaimTimeline	1732528223612	1732528224231	OK	 
GROUP	Civil_CreateSpecClaim_10_22_CreateCase	1732528223609	1732528224234	619	OK
REQUEST	Civil_CreateSpecClaim_10_23_CreateCase	SPECEvidenceList	1732528227195	1732528227815	OK	 
GROUP	Civil_CreateSpecClaim_10_23_CreateCase	1732528227192	1732528227817	620	OK
REQUEST	Civil_CreateSpecClaim_10_24_CreateCase	CREATE_CLAIM_SPECClaimAmount	1732528231539	1732528232011	OK	 
GROUP	Civil_CreateSpecClaim_10_24_CreateCase	1732528231536	1732528232014	472	OK
REQUEST	Civil_CreateSpecClaim_10_25_CreateCase	CREATE_CLAIM_SPECClaimAmountDetails	1732528234972	1732528235608	OK	 
GROUP	Civil_CreateSpecClaim_10_25_CreateCase	1732528234972	1732528235610	636	OK
REQUEST	Civil_CreateSpecClaim_10_26_CreateCase	CREATE_CLAIM_SPECClaimInterest	1732528239383	1732528239899	OK	 
GROUP	Civil_CreateSpecClaim_10_26_CreateCase	1732528239381	1732528239901	516	OK
REQUEST	Civil_CreateSpecClaim_10_27_CreateCase	CREATE_CLAIM_SPECInterestSummary	1732528242951	1732528244915	OK	 
GROUP	Civil_CreateSpecClaim_10_27_CreateCase	1732528242948	1732528244917	1964	OK
REQUEST	Civil_CreateSpecClaim_10_28_CreateCase	CREATE_CLAIM_SPECPbaNumber	1732528248261	1732528249114	OK	 
GROUP	Civil_CreateSpecClaim_10_28_CreateCase	1732528248258	1732528249116	853	OK
REQUEST	Civil_CreateSpecClaim_10_29_CreateCase	CREATE_CLAIM_SPECFixedCommencementCosts	1732528252571	1732528253315	OK	 
GROUP	Civil_CreateSpecClaim_10_29_CreateCase	1732528252570	1732528253317	744	OK
REQUEST	Civil_CreateSpecClaim_10_30_CreateCase	CREATE_CLAIM_SPECStatementOfTruth	1732528255651	1732528256590	OK	 
GROUP	Civil_CreateSpecClaim_10_30_CreateCase	1732528255648	1732528256592	939	OK
REQUEST	Civil_CreateSpecClaim_10_31_CreateCase	CREATE_CLAIM_SPECCaseshare	1732528256594	1732528257562	OK	 
GROUP	Civil_CreateSpecClaim_10_31_CreateCase	1732528256592	1732528257573	968	OK
REQUEST	Civil_CreateSpecClaim_10_32_CreateCase	CREATE_CLAIM_SPECSOT_Submit	1732528261161	1732528261875	KO	status.find.in([200, 209], 304), found 400
GROUP	Civil_CreateSpecClaim_10_32_CreateCase	1732528261158	1732528261885	714	KO
ERROR	CREATE_CLAIM_SPECGetCase: No attribute named 'caseId' is defined 	1732528264768
GROUP	Civil_CreateSpecClaim_10_33_APIRoleAssignment	1732528264764	1732528264768	0	KO
ERROR	