RUN	uk.gov.hmcts.reform.civildamage.performance.simulations.SimulateScenario	simulatescenario	1730409915566	 	3.12.0
USER	UnSpec_CreateClaim	START	1730409916777
REQUEST	XUI_010_Home	005_Home	1730409916814	1730409916917	OK	 
REQUEST	XUI_010_Home	Common_000_ConfigurationUI	1730409918048	1730409918078	OK	 
REQUEST	XUI_010_Home	Common_000_ConfigJson	1730409918085	1730409918116	OK	 
REQUEST	XUI_010_Home	Common_000_TsAndCs	1730409918117	1730409918143	OK	 
REQUEST	XUI_010_Home	Common_000_ConfigUI	1730409918144	1730409918177	OK	 
REQUEST	XUI_010_Home	Common_000_UserDetails	1730409918179	1730409918202	OK	 
REQUEST	XUI_010_Home	Common_000_IsAuthenticated	1730409918203	1730409918231	OK	 
REQUEST	XUI_010_Home	010_auth	1730409918237	1730409918267	OK	 
REQUEST	XUI_010_Home	015_authorize	1730409918572	1730409918796	OK	 
REQUEST	XUI_010_Home	020_client	1730409918805	1730409918848	OK	 
GROUP	XUI_010_Home	1730409916780	1730409918858	571	OK
REQUEST	XUI_020_Login	005_clientId	1730409918865	1730409919027	OK	 
REQUEST	XUI_020_Login	010_LoginCallback	1730409919043	1730409919471	OK	 
REQUEST	XUI_020_Login	015_idamurl	1730409919475	1730409919532	OK	 
REQUEST	XUI_020_Login	Common_000_ConfigurationUI	1730409920549	1730409920601	OK	 
REQUEST	XUI_020_Login	Common_000_ConfigUI	1730409920606	1730409920657	OK	 
REQUEST	XUI_020_Login	Common_000_TsAndCs	1730409920662	1730409920702	OK	 
REQUEST	XUI_020_Login	Common_000_IsAuthenticated	1730409920704	1730409920732	OK	 
REQUEST	XUI_020_Login	Common_000_UserDetails	1730409920737	1730409921379	OK	 
REQUEST	XUI_020_Login	Common_000_MonitoringTools	1730409921384	1730409921413	OK	 
REQUEST	XUI_020_Login	Common_000_IsAuthenticated	1730409921554	1730409921601	OK	 
GROUP	XUI_020_Login	1730409918858	1730409921632	1536	OK
REQUEST	Civil_50_UnSpecClaim_HearingAdmin	005_OpenCase	1730409930411	1730409934206	OK	 
GROUP	Civil_50_UnSpecClaim_HearingAdmin	1730409930409	1730409934386	3795	OK
REQUEST	Civil_50_UnSpecClaim_HearingAdmin	005_jurisdiction	1730409939393	1730409940607	OK	 
REQUEST	Civil_50_UnSpecClaim_HearingAdmin	010_RESPONSEExperts	1730409940610	1730409943910	OK	 
REQUEST	Civil_50_UnSpecClaim_HearingAdmin	015_IgnoreWarning	1730409945916	1730409949579	OK	 
GROUP	Civil_50_UnSpecClaim_HearingAdmin	1730409939391	1730409949617	8177	OK
REQUEST	Civil_50_UnSpecClaim_HearingAdmin	005_HearingNoticeSelect	1730409954639	1730409957735	OK	 
GROUP	Civil_50_UnSpecClaim_HearingAdmin	1730409954625	1730409957736	3096	OK
REQUEST	Civil_50_UnSpecClaim_HearingAdmin	005_ListingOrRelisting	1730409962742	1730409963410	OK	 
GROUP	Civil_50_UnSpecClaim_HearingAdmin	1730409962740	1730409963411	668	OK
REQUEST	Civil_50_UnSpecClaim_HearingAdmin	005_HearingInformation	1730409966416	1730409967760	OK	 
GROUP	Civil_50_UnSpecClaim_HearingAdmin	1730409966415	1730409967761	1344	OK
REQUEST	Civil_50_UnSpecClaim_HearingAdmin	005_Submit	1730409968541	1730409971791	OK	 
GROUP	Civil_50_UnSpecClaim_HearingAdmin	1730409968539	1730409971792	3250	OK
REQUEST		XUI_020_Signout	1730409971795	1730409971902	OK	 
REQUEST	XUI_010_Home	005_Home	1730409981919	1730409981941	OK	 
REQUEST	XUI_010_Home	Common_000_ConfigurationUI	1730409982945	1730409982972	OK	 
REQUEST	XUI_010_Home	Common_000_ConfigJson	1730409982973	1730409982995	OK	 
REQUEST	XUI_010_Home	Common_000_TsAndCs	1730409982996	1730409983017	OK	 
REQUEST	XUI_010_Home	Common_000_ConfigUI	1730409983018	1730409983044	OK	 
REQUEST	XUI_010_Home	Common_000_UserDetails	1730409983046	1730409983067	OK	 
REQUEST	XUI_010_Home	Common_000_IsAuthenticated	1730409983069	1730409983090	OK	 
REQUEST	XUI_010_Home	010_auth	1730409983092	1730409983124	OK	 
REQUEST	XUI_010_Home	015_authorize	1730409983383	1730409983454	OK	 
REQUEST	XUI_010_Home	020_client	1730409983455	1730409983495	OK	 
GROUP	XUI_010_Home	1730409981918	1730409983496	303	OK
REQUEST	XUI_020_Login	005_clientId	1730409983497	1730409983647	OK	 
REQUEST	XUI_020_Login	010_LoginCallback	1730409983651	1730409984177	OK	 
REQUEST	XUI_020_Login	015_idamurl	1730409984178	1730409984202	OK	 
REQUEST	XUI_020_Login	Common_000_ConfigurationUI	1730409985218	1730409985277	OK	 
REQUEST	XUI_020_Login	Common_000_ConfigUI	1730409985282	1730409985310	OK	 
REQUEST	XUI_020_Login	Common_000_TsAndCs	1730409985317	1730409985359	OK	 
REQUEST	XUI_020_Login	Common_000_IsAuthenticated	1730409985362	1730409985388	OK	 
REQUEST	XUI_020_Login	Common_000_UserDetails	1730409985392	1730409985805	OK	 
REQUEST	XUI_020_Login	Common_000_MonitoringTools	1730409985809	1730409985872	OK	 
REQUEST	XUI_020_Login	Common_000_IsAuthenticated	1730409985875	1730409985934	OK	 
GROUP	XUI_020_Login	1730409983496	1730409985936	1390	OK
REQUEST	Civil_UnSpecClaim_60_DocUpload	request_28	1730409995021	1730409998290	OK	 
GROUP	Civil_UnSpecClaim_60_DocUpload	1730409995020	1730409998291	3269	OK
REQUEST		request_31	1730410003306	1730410005036	OK	 
REQUEST		request_32	1730410005038	1730410008339	OK	 
REQUEST		request_33	1730410008341	1730410010837	OK	 
REQUEST		request_34	1730410010999	1730410012265	OK	 
REQUEST		request_35	1730410017281	1730410018141	OK	 
REQUEST		request_36	1730410023149	1730410024095	OK	 
REQUEST		request_37	1730410029141	1730410030299	OK	 
REQUEST		request_38	1730410035334	1730410036220	OK	 
REQUEST		request_39	1730410041230	1730410044745	OK	 
REQUEST		request_40	1730410044746	1730410046184	OK	 
REQUEST		XUI_020_Signout	1730410051199	1730410051524	OK	 
REQUEST	XUI_010_Home	005_Home	1730410061528	1730410061556	OK	 
REQUEST	XUI_010_Home	Common_000_ConfigurationUI	1730410062571	1730410062610	OK	 
REQUEST	XUI_010_Home	Common_000_ConfigJson	1730410062614	1730410062638	OK	 
REQUEST	XUI_010_Home	Common_000_TsAndCs	1730410062640	1730410062683	OK	 
REQUEST	XUI_010_Home	Common_000_ConfigUI	1730410062685	1730410062721	OK	 
REQUEST	XUI_010_Home	Common_000_UserDetails	1730410062725	1730410062763	OK	 
REQUEST	XUI_010_Home	Common_000_IsAuthenticated	1730410062765	1730410062800	OK	 
REQUEST	XUI_010_Home	010_auth	1730410062803	1730410062837	OK	 
REQUEST	XUI_010_Home	015_authorize	1730410063102	1730410063189	OK	 
REQUEST	XUI_010_Home	020_client	1730410063190	1730410063232	OK	 
GROUP	XUI_010_Home	1730410061527	1730410063233	406	OK
REQUEST	XUI_020_Login	005_clientId	1730410063233	1730410063385	OK	 
REQUEST	XUI_020_Login	010_LoginCallback	1730410063386	1730410063910	OK	 
REQUEST	XUI_020_Login	015_idamurl	1730410063913	1730410063957	OK	 
REQUEST	XUI_020_Login	Common_000_ConfigurationUI	1730410064974	1730410065032	OK	 
REQUEST	XUI_020_Login	Common_000_ConfigUI	1730410065033	1730410065059	OK	 
REQUEST	XUI_020_Login	Common_000_TsAndCs	1730410065060	1730410065087	OK	 
REQUEST	XUI_020_Login	Common_000_IsAuthenticated	1730410065088	1730410065112	OK	 
REQUEST	XUI_020_Login	Common_000_UserDetails	1730410065114	1730410065712	OK	 
REQUEST	XUI_020_Login	Common_000_MonitoringTools	1730410065714	1730410065774	OK	 
REQUEST	XUI_020_Login	Common_000_IsAuthenticated	1730410065776	1730410065850	OK	 
GROUP	XUI_020_Login	1730410063233	1730410065850	1587	OK
REQUEST		request_62	1730410074882	1730410077414	OK	 
REQUEST		request_63	1730410077596	1730410077660	OK	 
REQUEST		request_64	1730410077661	1730410078348	OK	 
REQUEST		request_65	1730410083363	1730410084560	OK	 
REQUEST		request_66	1730410084563	1730410095881	OK	 
REQUEST		request_67	1730410095882	1730410098045	OK	 
REQUEST		request_68	1730410098057	1730410099431	OK	 
REQUEST		request_69	1730410104449	1730410105596	OK	 
REQUEST		request_70	1730410110605	1730410111908	OK	 
REQUEST		request_71	1730410116922	1730410118282	OK	 
REQUEST		request_72	1730410128306	1730410129141	OK	 
REQUEST		request_73	1730410134157	1730410136611	OK	 
REQUEST		request_74	1730410136613	1730410138072	OK	 
REQUEST		XUI_020_Signout	1730410143081	1730410143320	OK	 
REQUEST	XUI_010_Home	005_Home	1730410153330	1730410153354	OK	 
REQUEST	XUI_010_Home	Common_000_ConfigurationUI	1730410154358	1730410154392	OK	 
REQUEST	XUI_010_Home	Common_000_ConfigJson	1730410154396	1730410154417	OK	 
REQUEST	XUI_010_Home	Common_000_TsAndCs	1730410154418	1730410154444	OK	 
REQUEST	XUI_010_Home	Common_000_ConfigUI	1730410154445	1730410154471	OK	 
REQUEST	XUI_010_Home	Common_000_UserDetails	1730410154474	1730410154497	OK	 
REQUEST	XUI_010_Home	Common_000_IsAuthenticated	1730410154499	1730410154523	OK	 
REQUEST	XUI_010_Home	010_auth	1730410154524	1730410154552	OK	 
REQUEST	XUI_010_Home	015_authorize	1730410154812	1730410154912	OK	 
REQUEST	XUI_010_Home	020_client	1730410154912	1730410154951	OK	 
GROUP	XUI_010_Home	1730410153329	1730410154952	345	OK
REQUEST	XUI_020_Login	005_clientId	1730410154953	1730410155127	OK	 
REQUEST	XUI_020_Login	010_LoginCallback	1730410155128	1730410155578	OK	 
REQUEST	XUI_020_Login	015_idamurl	1730410155579	1730410155633	OK	 
REQUEST	XUI_020_Login	Common_000_ConfigurationUI	1730410156682	1730410156789	OK	 
REQUEST	XUI_020_Login	Common_000_ConfigUI	1730410156794	1730410156887	OK	 
REQUEST	XUI_020_Login	Common_000_TsAndCs	1730410156889	1730410156940	OK	 
REQUEST	XUI_020_Login	Common_000_IsAuthenticated	1730410156941	1730410157043	OK	 
REQUEST	XUI_020_Login	Common_000_UserDetails	1730410157044	1730410157425	OK	 
REQUEST	XUI_020_Login	Common_000_MonitoringTools	1730410157426	1730410157472	OK	 
REQUEST	XUI_020_Login	Common_000_IsAuthenticated	1730410157474	1730410157502	OK	 
GROUP	XUI_020_Login	1730410154952	1730410157503	1486	OK
REQUEST		request_100	1730410166122	1730410166165	OK	 
REQUEST		request_103	1730410166167	1730410166941	OK	 
REQUEST		request_104	1730410166943	1730410169461	OK	 
REQUEST		request_105	1730410169462	1730410171425	OK	 
REQUEST		request_109	1730410176438	1730410179082	OK	 
REQUEST		request_112	1730410184086	1730410185682	OK	 
REQUEST		request_113	1730410185875	1730410185931	OK	 
REQUEST		request_115	1730410185932	1730410186212	OK	 
REQUEST		request_120	1730410186214	1730410187253	OK	 
REQUEST		request_135	1730410192266	1730410193494	OK	 
REQUEST		request_136	1730410193496	1730410194562	OK	 
REQUEST		request_139	1730410195048	1730410197385	OK	 
REQUEST		request_140	1730410197570	1730410198459	OK	 
REQUEST		request_147	1730410198459	1730410199474	OK	 
REQUEST		request_152	1730410204484	1730410206091	OK	 
REQUEST		request_166	1730410206494	1730410209826	OK	 
REQUEST		request_172	1730410216865	1730410218173	OK	 
REQUEST		request_177	1730410223188	1730410225091	OK	 
REQUEST		XUI_020_Signout	1730410230938	1730410231285	OK	 
USER	UnSpec_CreateClaim	END	1730410241295
