RUN	uk.gov.hmcts.reform.civildamage.performance.simulations.SimulateScenario	simulatescenario	1730406606964	 	3.12.0
USER	UnSpec_CreateClaim	START	1730406607977
REQUEST	XUI_010_Home	005_Home	1730406607969	1730406608071	OK	 
REQUEST	XUI_010_Home	Common_000_ConfigurationUI	1730406609150	1730406609181	OK	 
REQUEST	XUI_010_Home	Common_000_ConfigJson	1730406609199	1730406609229	OK	 
REQUEST	XUI_010_Home	Common_000_TsAndCs	1730406609230	1730406609253	OK	 
REQUEST	XUI_010_Home	Common_000_ConfigUI	1730406609254	1730406609285	OK	 
REQUEST	XUI_010_Home	Common_000_UserDetails	1730406609289	1730406609319	OK	 
REQUEST	XUI_010_Home	Common_000_IsAuthenticated	1730406609321	1730406609369	OK	 
REQUEST	XUI_010_Home	010_auth	1730406609374	1730406609429	OK	 
REQUEST	XUI_010_Home	015_authorize	1730406609706	1730406609793	OK	 
REQUEST	XUI_010_Home	020_client	1730406609798	1730406609844	OK	 
GROUP	XUI_010_Home	1730406607946	1730406609851	483	OK
REQUEST	XUI_020_Login	005_clientId	1730406609860	1730406610043	OK	 
REQUEST	XUI_020_Login	010_LoginCallback	1730406610051	1730406610486	OK	 
REQUEST	XUI_020_Login	015_idamurl	1730406610489	1730406610530	OK	 
REQUEST	XUI_020_Login	Common_000_ConfigurationUI	1730406611542	1730406611584	OK	 
REQUEST	XUI_020_Login	Common_000_ConfigUI	1730406611588	1730406611619	OK	 
REQUEST	XUI_020_Login	Common_000_TsAndCs	1730406611622	1730406611672	OK	 
REQUEST	XUI_020_Login	Common_000_IsAuthenticated	1730406611675	1730406611714	OK	 
REQUEST	XUI_020_Login	Common_000_UserDetails	1730406611719	1730406612564	OK	 
REQUEST	XUI_020_Login	Common_000_MonitoringTools	1730406612568	1730406612653	OK	 
REQUEST	XUI_020_Login	Common_000_IsAuthenticated	1730406612703	1730406612782	OK	 
GROUP	XUI_020_Login	1730406609851	1730406612794	1830	OK
REQUEST	CivilDamage_UnSpecClaim_10_01_CreateCase	create	1730406620981	1730406624800	OK	 
GROUP	CivilDamage_UnSpecClaim_10_01_CreateCase	1730406620980	1730406624801	3819	OK
REQUEST	CivilDamage_UnSpecClaim_10_02_CreateCase	IgnoreWarning	1730406631807	1730406634918	OK	 
GROUP	CivilDamage_UnSpecClaim_10_02_CreateCase	1730406631805	1730406634979	3111	OK
REQUEST	CivilDamage_UnSpecClaim_10_03_CreateCase	CLAIMEligibility	1730406641992	1730406644430	OK	 
GROUP	CivilDamage_UnSpecClaim_10_03_CreateCase	1730406641984	1730406644431	2438	OK
REQUEST	CivilDamage_UnSpecClaim_10_04_CreateCase	CLAIMReferences	1730406651459	1730406652123	OK	 
GROUP	CivilDamage_UnSpecClaim_10_04_CreateCase	1730406651457	1730406652124	664	OK
REQUEST	CivilDamage_UnSpecClaim_10_05_CreateCase	CLAIMCourt	1730406659130	1730406661079	OK	 
GROUP	CivilDamage_UnSpecClaim_10_05_CreateCase	1730406659129	1730406661080	1949	OK
REQUEST	CivilDamage_UnSpecClaim_10_06_CreateCase	postcode	1730406668093	1730406669191	OK	 
GROUP	CivilDamage_UnSpecClaim_10_06_CreateCase	1730406668092	1730406669192	1098	OK
REQUEST	CivilDamage_UnSpecClaim_10_07_CreateCase	CLAIMClaimant	1730406676205	1730406677647	OK	 
GROUP	CivilDamage_UnSpecClaim_10_07_CreateCase	1730406676204	1730406677648	1442	OK
REQUEST	CivilDamage_UnSpecClaim_10_08_CreateCase	CREATE_CLAIMClaimantLitigationFriend	1730406684664	1730406685876	OK	 
GROUP	CivilDamage_UnSpecClaim_10_08_CreateCase	1730406684663	1730406685877	1212	OK
REQUEST	CivilDamage_UnSpecClaim_10_09_CreateCase	CREATE_CLAIMNotifications	1730406692886	1730406694257	OK	 
GROUP	CivilDamage_UnSpecClaim_10_09_CreateCase	1730406692884	1730406694257	1371	OK
REQUEST	CivilDamage_UnSpecClaim_10_10_CreateCase	ClaimantSolicitorOrganisation	1730406701270	1730406702789	OK	 
GROUP	CivilDamage_UnSpecClaim_10_10_CreateCase	1730406701268	1730406702790	1519	OK
REQUEST	CivilDamage_UnSpecClaim_10_11_CreateCase	ClaimantSolicitorAddres	1730406709802	1730406710536	OK	 
GROUP	CivilDamage_UnSpecClaim_10_11_CreateCase	1730406709800	1730406710537	734	OK
REQUEST	CivilDamage_UnSpecClaim_10_12_CreateCase	AddAnotherClaimant	1730406717543	1730406718328	OK	 
GROUP	CivilDamage_UnSpecClaim_10_12_CreateCase	1730406717541	1730406718328	785	OK
REQUEST	CivilDamage_UnSpecClaim_10_13_CreateCase	postcode	1730406725336	1730406726471	OK	 
GROUP	CivilDamage_UnSpecClaim_10_13_CreateCase	1730406725333	1730406726471	1135	OK
REQUEST	CivilDamage_UnSpecClaim_10_14_CreateCase	CLAIMDefendant	1730406733485	1730406734092	OK	 
GROUP	CivilDamage_UnSpecClaim_10_14_CreateCase	1730406733484	1730406734093	607	OK
REQUEST	CivilDamage_UnSpecClaim_10_15_CreateCase	LegalRepresentation	1730406741095	1730406741690	OK	 
GROUP	CivilDamage_UnSpecClaim_10_15_CreateCase	1730406741094	1730406741690	595	OK
REQUEST	CivilDamage_UnSpecClaim_10_16_CreateCase	DefendantSolicitorOrganisation	1730406748707	1730406749924	OK	 
GROUP	CivilDamage_UnSpecClaim_10_16_CreateCase	1730406748705	1730406749926	1217	OK
REQUEST	CivilDamage_UnSpecClaim_10_17_CreateCase	DefendantSolicitorServiceAddress	1730406756928	1730406758071	OK	 
GROUP	CivilDamage_UnSpecClaim_10_17_CreateCase	1730406756927	1730406758072	1143	OK
REQUEST	CivilDamage_UnSpecClaim_10_18_CreateCase	CLAIMAddAnotherDefendant	1730406765089	1730406766240	OK	 
GROUP	CivilDamage_UnSpecClaim_10_18_CreateCase	1730406765087	1730406766241	1151	OK
REQUEST	CivilDamage_UnSpecClaim_10_19_CreateCase	AddAnotherDefendant	1730406773249	1730406773986	OK	 
GROUP	CivilDamage_UnSpecClaim_10_19_CreateCase	1730406773248	1730406773987	737	OK
REQUEST	CivilDamage_UnSpecClaim_10_20_CreateCase	CLAIMClaimType	1730406780989	1730406781436	OK	 
GROUP	CivilDamage_UnSpecClaim_10_20_CreateCase	1730406780988	1730406781436	447	OK
REQUEST	CivilDamage_UnSpecClaim_10_21_CreateCase	CLAIMDetails	1730406788445	1730406788799	OK	 
GROUP	CivilDamage_UnSpecClaim_10_21_CreateCase	1730406788444	1730406788800	354	OK
REQUEST	CivilDamage_UnSpecClaim_10_22_CreateCase	CLAIMuploadParticularsOfClaim	1730406795806	1730406796924	OK	 
GROUP	CivilDamage_UnSpecClaim_10_22_CreateCase	1730406795805	1730406796925	1118	OK
REQUEST	CivilDamage_UnSpecClaim_10_23_CreateCase	CLAIMClaimValue	1730406803939	1730406806802	OK	 
GROUP	CivilDamage_UnSpecClaim_10_23_CreateCase	1730406803934	1730406806803	2863	OK
REQUEST	CivilDamage_UnSpecClaim_10_24_CreateCase	CLAIMPbaNumber	1730406813815	1730406814582	OK	 
GROUP	CivilDamage_UnSpecClaim_10_24_CreateCase	1730406813814	1730406814582	767	OK
REQUEST	CivilDamage_UnSpecClaim_10_25_CreateCase	StatementOfTruth	1730406821587	1730406822708	OK	 
GROUP	CivilDamage_UnSpecClaim_10_25_CreateCase	1730406821586	1730406822710	1121	OK
REQUEST	CivilDamage_UnSpecClaim_10_26_CreateCase	Submit_Claim	1730406829720	1730406830206	KO	status.find.in([200, 209], 304), found 406
GROUP	CivilDamage_UnSpecClaim_10_26_CreateCase	1730406829719	1730406830311	486	KO
REQUEST		XUI_020_Signout	1730406857325	1730406857611	OK	 
REQUEST	XUI_010_Home	005_Home	1730406907626	1730406907919	OK	 
REQUEST	XUI_010_Home	Common_000_ConfigurationUI	1730406908934	1730406908979	OK	 
REQUEST	XUI_010_Home	Common_000_ConfigJson	1730406908981	1730406909012	OK	 
REQUEST	XUI_010_Home	Common_000_TsAndCs	1730406909014	1730406909076	OK	 
REQUEST	XUI_010_Home	Common_000_ConfigUI	1730406909081	1730406909121	OK	 
REQUEST	XUI_010_Home	Common_000_UserDetails	1730406909125	1730406909152	OK	 
REQUEST	XUI_010_Home	Common_000_IsAuthenticated	1730406909154	1730406909176	OK	 
REQUEST	XUI_010_Home	010_auth	1730406909179	1730406909217	OK	 
REQUEST	XUI_010_Home	015_authorize	1730406909492	1730406909636	OK	 
REQUEST	XUI_010_Home	020_client	1730406909638	1730406909688	OK	 
GROUP	XUI_010_Home	1730406907625	1730406909691	752	OK
REQUEST	XUI_020_Login	005_clientId	1730406909693	1730406909779	OK	 
REQUEST	XUI_020_Login	010_LoginCallback	1730406909782	1730406910243	OK	 
REQUEST	XUI_020_Login	015_idamurl	1730406910245	1730406910283	OK	 
REQUEST	XUI_020_Login	Common_000_ConfigurationUI	1730406911306	1730406911342	OK	 
REQUEST	XUI_020_Login	Common_000_ConfigUI	1730406911348	1730406911390	OK	 
REQUEST	XUI_020_Login	Common_000_TsAndCs	1730406911394	1730406911425	OK	 
REQUEST	XUI_020_Login	Common_000_IsAuthenticated	1730406911428	1730406911459	OK	 
REQUEST	XUI_020_Login	Common_000_UserDetails	1730406911463	1730406912606	OK	 
REQUEST	XUI_020_Login	