RUN	uk.gov.hmcts.reform.civildamage.performance.simulations.SimulateScenario	simulatescenario	1732285523372	 	3.12.0
USER	UnSpec_CreateClaim	START	1732285524138
REQUEST	XUI_010_Home	005_Home	1732285524135	1732285524254	OK	 
REQUEST	XUI_010_Home	Common_000_ConfigurationUI	1732285524280	1732285524516	OK	 
REQUEST	XUI_010_Home	Common_000_ConfigJson	1732285524517	1732285524817	OK	 
REQUEST	XUI_010_Home	Common_000_TsAndCs	1732285524819	1732285525059	OK	 
REQUEST	XUI_010_Home	Common_000_ConfigUI	1732285525061	1732285525122	OK	 
REQUEST	XUI_010_Home	Common_000_UserDetails	1732285525124	1732285525385	OK	 
REQUEST	XUI_010_Home	Common_000_IsAuthenticated	1732285525387	1732285525439	OK	 
REQUEST	XUI_010_Home	010_auth	1732285525441	1732285525491	OK	 
REQUEST	XUI_010_Home	010_auth Redirect 1	1732285525494	1732285525634	OK	 
REQUEST	XUI_010_Home	010_auth Redirect 2	1732285525635	1732285525708	OK	 
GROUP	XUI_010_Home	1732285524128	1732285525711	1532	OK
REQUEST	XUI_020_Login	005_clientId	1732285529636	1732285530037	OK	 
REQUEST	XUI_020_Login	005_clientId Redirect 1	1732285530046	1732285530861	OK	 
REQUEST	XUI_020_Login	005_clientId Redirect 2	1732285530863	1732285531069	OK	 
REQUEST	XUI_020_Login	Common_000_ConfigurationUI	1732285531072	1732285531295	OK	 
REQUEST	XUI_020_Login	Common_000_ConfigUI	1732285531297	1732285531475	OK	 
REQUEST	XUI_020_Login	Common_000_TsAndCs	1732285531478	1732285531541	OK	 
REQUEST	XUI_020_Login	Common_000_IsAuthenticated	1732285531543	1732285531581	OK	 
REQUEST	XUI_020_Login	Common_000_UserDetails	1732285531584	1732285532857	OK	 
REQUEST	XUI_020_Login	Common_000_MonitoringTools	1732285532858	1732285532988	OK	 
REQUEST	XUI_020_Login	Common_000_IsAuthenticated	1732285533012	1732285533173	OK	 
GROUP	XUI_020_Login	1732285529627	1732285533178	3488	OK
REQUEST	CivilDamage_UnSpecClaim_10_00_LandingPage	Jurisdictions	1732285535290	1732285538961	OK	 
REQUEST	CivilDamage_UnSpecClaim_10_00_LandingPage	Organisation	1732285538964	1732285540901	OK	 
GROUP	CivilDamage_UnSpecClaim_10_00_LandingPage	1732285535288	1732285540904	5608	OK
REQUEST	CivilDamage_UnSpecClaim_10_01_CreateCase	create	1732285544761	1732285545349	OK	 
GROUP	CivilDamage_UnSpecClaim_10_01_CreateCase	1732285544758	1732285545351	588	OK
REQUEST	CivilDamage_UnSpecClaim_10_02_CreateCase	IgnoreWarning	1732285549085	1732285553292	OK	 
GROUP	CivilDamage_UnSpecClaim_10_02_CreateCase	1732285549085	1732285553333	4207	OK
REQUEST	CivilDamage_UnSpecClaim_10_03_CreateCase	CLAIMEligibility	1732285555544	1732285557216	OK	 
GROUP	CivilDamage_UnSpecClaim_10_03_CreateCase	1732285555540	1732285557217	1672	OK
REQUEST	CivilDamage_UnSpecClaim_10_04_CreateCase	CLAIMReferences	1732285560794	1732285561577	OK	 
GROUP	CivilDamage_UnSpecClaim_10_04_CreateCase	1732285560790	1732285561578	783	OK
REQUEST	CivilDamage_UnSpecClaim_10_05_CreateCase	CLAIMCourt	1732285563738	1732285568493	OK	 
GROUP	CivilDamage_UnSpecClaim_10_05_CreateCase	1732285563735	1732285568495	4755	OK
REQUEST	CivilDamage_UnSpecClaim_10_06_CreateCase	postcode	1732285571177	1732285572176	OK	 
GROUP	CivilDamage_UnSpecClaim_10_06_CreateCase	1732285571176	1732285572177	999	OK
REQUEST	CivilDamage_UnSpecClaim_10_07_CreateCase	CLAIMClaimant	1732285574520	1732285576761	OK	 
GROUP	CivilDamage_UnSpecClaim_10_07_CreateCase	1732285574517	1732285576763	2241	OK
REQUEST	CivilDamage_UnSpecClaim_10_08_CreateCase	CREATE_CLAIMClaimantLitigationFriend	1732285579834	1732285583417	OK	 
GROUP	CivilDamage_UnSpecClaim_10_08_CreateCase	1732285579831	1732285583419	3583	OK
REQUEST	CivilDamage_UnSpecClaim_10_09_CreateCase	CREATE_CLAIMNotifications	1732285587080	1732285588243	OK	 
GROUP	CivilDamage_UnSpecClaim_10_09_CreateCase	1732285587078	1732285588246	1163	OK
REQUEST	CivilDamage_UnSpecClaim_10_10_CreateCase	ClaimantSolicitorOrganisation	1732285590830	1732285592958	OK	 
GROUP	CivilDamage_UnSpecClaim_10_10_CreateCase	1732285590827	1732285592959	2128	OK
REQUEST	CivilDamage_UnSpecClaim_10_11_CreateCase	ClaimantSolicitorAddres	1732285596883	1732285598143	OK	 
GROUP	CivilDamage_UnSpecClaim_10_11_CreateCase	1732285596882	1732285598143	1260	OK
REQUEST	CivilDamage_UnSpecClaim_10_12_CreateCase	AddAnotherClaimant	1732285600583	1732285601726	OK	 
GROUP	CivilDamage_UnSpecClaim_10_12_CreateCase	1732285600582	1732285601727	1143	OK
REQUEST	CivilDamage_UnSpecClaim_10_13_CreateCase	postcode	1732285603978	1732285605356	OK	 
GROUP	CivilDamage_UnSpecClaim_10_13_CreateCase	1732285603975	1732285605357	1378	OK
REQUEST	CivilDamage_UnSpecClaim_10_14_CreateCase	CLAIMDefendant	1732285607629	1732285608518	OK	 
GROUP	CivilDamage_UnSpecClaim_10_14_CreateCase	1732285607628	1732285608521	889	OK
REQUEST	CivilDamage_UnSpecClaim_10_15_CreateCase	LegalRepresentation	1732285612235	1732285613127	OK	 
GROUP	CivilDamage_UnSpecClaim_10_15_CreateCase	1732285612234	1732285613127	892	OK
REQUEST	CivilDamage_UnSpecClaim_10_16_CreateCase	DefendantSolicitorOrganisation	1732285616135	1732285617059	OK	 
GROUP	CivilDamage_UnSpecClaim_10_16_CreateCase	1732285616135	1732285617059	924	OK
REQUEST	CivilDamage_UnSpecClaim_10_17_CreateCase	DefendantSolicitorServiceAddress	1732285619848	1732285620765	OK	 
GROUP	CivilDamage_UnSpecClaim_10_17_CreateCase	1732285619846	1732285620766	917	OK
REQUEST	CivilDamage_UnSpecClaim_10_18_CreateCase	CLAIMAddAnotherDefendant	1732285623626	1732285624580	OK	 
GROUP	CivilDamage_UnSpecClaim_10_18_CreateCase	1732285623623	1732285624582	954	OK
REQUEST	CivilDamage_UnSpecClaim_10_19_CreateCase	AddAnotherDefendant	1732285627707	1732285628635	OK	 
GROUP	CivilDamage_UnSpecClaim_10_19_CreateCase	1732285627704	1732285628637	928	OK
REQUEST	CivilDamage_UnSpecClaim_10_20_CreateCase	CLAIMClaimType	1732285630876	1732285632385	OK	 
GROUP	CivilDamage_UnSpecClaim_10_20_CreateCase	1732285630874	1732285632387	1509	OK
REQUEST	CivilDamage_UnSpecClaim_10_21_CreateCase	CLAIMDetails	1732285635631	1732285636677	OK	 
GROUP	CivilDamage_UnSpecClaim_10_21_CreateCase	1732285635628	1732285636678	1046	OK
REQUEST	CivilDamage_UnSpecClaim_10_22_CreateCase	CLAIMUploadParticularsOfClaim	1732285640583	1732285641652	OK	 
GROUP	CivilDamage_UnSpecClaim_10_22_CreateCase	1732285640581	1732285641652	1069	OK
REQUEST	CivilDamage_UnSpecClaim_10_23_CreateCase	CLAIMClaimValue	1732285645035	1732285647269	OK	 
GROUP	CivilDamage_UnSpecClaim_10_23_CreateCase	1732285645032	1732285647270	2234	OK
REQUEST	CivilDamage_UnSpecClaim_10_24_CreateCase	CLAIMPbaNumber	1732285649507	1732285650666	OK	 
GROUP	CivilDamage_UnSpecClaim_10_24_CreateCase	1732285649505	1732285650667	1159	OK
REQUEST	CivilDamage_UnSpecClaim_10_25_CreateCase	StatementOfTruth	1732285652692	1732285653754	OK	 
GROUP	CivilDamage_UnSpecClaim_10_25_CreateCase	1732285652690	1732285653755	1062	OK
REQUEST	CivilDamage_UnSpecClaim_10_26_CreateCase	Submit_Claim	1732285657679	1732285662160	OK	 
GROUP	CivilDamage_UnSpecClaim_10_26_CreateCase	1732285657676	1732285662163	4481	OK
REQUEST	CivilDamage_UnSpecClaim_10_27_CaseCreated	CaseCreated	1732285664882	1732285666703	OK	 
GROUP	CivilDamage_UnSpecClaim_10_27_CaseCreated	1732285664880	1732285666706	1821	OK
REQUEST	CivilDamage_UnSpecClaim_10_28_APIRoleAssignment	APIRoleAssignment	1732285666708	1732285667301	OK	 
GROUP	CivilDamage_UnSpecClaim_10_28_APIRoleAssignment	1732285666706	1732285667303	593	OK
REQUEST	CivilDamage_UnspecClaim_10_29_SupportedJurisdiction	SupportedJurisdiction	1732285667304	1732285667410	OK	 
GROUP	CivilDamage_UnspecClaim_10_29_SupportedJurisdiction	1732285667303	1732285667412	106	OK
REQUEST	Civil_CreateClaim_005_MakePayment	005_PaymentGroups	1732285671398	1732285672275	KO	status.find.in([200, 209], 304), found 404
REQUEST	Civil_CreateClaim_005_MakePayment	010_ServiceTab	1732285672283	1732285672382	OK	 
REQUEST	Civil_CreateClaim_005_MakePayment	015_case_ids	1732285672383	1732285673814	OK	 
GROUP	Civil_CreateClaim_005_MakePayment	1732285671393	1732285673824	2407	KO
REQUEST	Civil_CreateClaim_010_MakePay	005_PayNow	1732285675829	1732285677297	OK	 
GROUP	Civil_CreateClaim_010_MakePay	1732285675826	1732285677299	1468	OK
ERROR	005_ConfirmPay: No attribute named 'calculated_amount' is defined 	1732285679312
GROUP	Civil_CreateClaim_010_MakePay	1732285679302	1732285679312	0	KO
REQUEST	Civil_UnSpecClaim_10_NotifyDEF	005_jurisdiction	1732285682017	1732285683274	OK	 
REQUEST	Civil_UnSpecClaim_10_NotifyDEF	010_Profile	1732285683277	1732285684647	OK	 
REQUEST	Civil_UnSpecClaim_10_NotifyDEF	015_warning	1732285729656	1732285730750	KO	status.find.in([200, 209], 304), found 422
REQUEST	Civil_UnSpecClaim_10_NotifyDEF	020_jurisdiction	1732285730753	1732285732279	OK	 
GROUP	Civil_UnSpecClaim_10_NotifyDEF	1732285682014	1732285732281	5247	KO
REQUEST	Civil_UnSpecClaim_10_NotifyDEF	005_CLAIMAccessGrantedWarning	1732285734544	1732285735091	OK	 
GROUP	Civil_UnSpecClaim_10_NotifyDEF	1732285734541	1732285735092	547	OK
REQUEST	Civil_UnSpecClaim_10_NotifyDEF	330_SubmitNotification	1732285737911	1732285738914	KO	status.find.in([200, 209], 304), found 500
REQUEST	Civil_UnSpecClaim_10_NotifyDEF	335_getCases	1732285738917	1732285744711	OK	 
GROUP	Civil_UnSpecClaim_10_NotifyDEF	1732285737908	1732285744716	6797	KO
REQUEST	Civil_UnSpecClaim_10_NotifyDEF	005_APIRoleAssignment	1732285747842	1732285748359	OK	 
GROUP	Civil_UnSpecClaim_10_NotifyDEF	1732285747839	1732285748361	517	OK
REQUEST	Civil_UnSpecClaim_10_NotifyDEF	010_SupportedJurisdiction	1732285748362	1732285748517	OK	 
GROUP	Civil_UnSpecClaim_10_NotifyDEF	1732285748361	1732285748518	155	OK
REQUEST	Civil_UnSpecClaim_10_NotifyDetails	005_jurisdiction	1732285752076	1732285753629	OK	 
REQUEST	Civil_UnSpecClaim_10_NotifyDetails	010_IgnoreWarning	1732285753634	1732285754226	KO	status.find.in([200, 209], 304), found 422
REQUEST	Civil_UnSpecClaim_10_NotifyDetails	020_jurisdiction	1732285754231	1732285755778	OK	 
GROUP	Civil_UnSpecClaim_10_NotifyDetails	1732285752073	1732285755780	3692	KO
REQUEST	Civil_UnSpecClaim_10_NotifyDetails	005_DetailsUpload	1732285758130	1732285759056	OK	 
GROUP	Civil_UnSpecClaim_10_NotifyDetails	1732285758127	1732285759058	926	OK
REQUEST	Civil_UnSpecClaim_10_NotifyDetails	005_SubmitNotifyDetails	1732285762178	1732285762905	KO	status.find.in([200, 209], 304), found 500
REQUEST	Civil_UnSpecClaim_10_NotifyDetails	010_getCases	1732285762908	1732285764598	KO	substring(NOTIFY_DEFENDANT_OF_CLAIM_DETAILS).find.exists, found nothing
GROUP	Civil_UnSpecClaim_10_NotifyDetails	1732285762175	1732285764602	2417	KO
REQUEST	Civil_UnSpecClaim_10_NotifyDetails	005_APIRoleAssignment	1732285766845	1732285767249	OK	 
GROUP	Civil_UnSpecClaim_10_NotifyDetails	1732285766842	1732285767250	404	OK
REQUEST	Civil_UnSpecClaim_10_NotifyDetails	010_SupportedJurisdiction	1732285767250	1732285767468	OK	 
GROUP	Civil_UnSpecClaim_10_NotifyDetails	1732285767250	1732285767470	218	OK
REQUEST		XUI_020_Signout	1732285770881	1732285771239	OK	 
REQUEST		XUI_020_Signout Redirect 1	1732285771242	1732285771276	OK	 
REQUEST		XUI_020_Signout Redirect 2	1732285771277	1732285771397	OK	 
REQUEST		XUI_020_Signout Redirect 3	1732285771398	1732285771453	OK	 
REQUEST	XUI_010_Home	005_Home	1732285775460	1732285775511	OK	 
REQUEST	XUI_010_Home	Common_000_ConfigurationUI	1732285775515	1732285775564	OK	 
REQUEST	XUI_010_Home	Common_000_ConfigJson	1732285775567	1732285775612	OK	 
REQUEST	XUI_010_Home	Common_000_TsAndCs	1732285775614	1732285775657	OK	 
REQUEST	XUI_010_Home	Common_000_ConfigUI	1732285775659	1732285775714	OK	 
REQUEST	XUI_010_Home	Common_000_UserDetails	1732285775716	1732285775762	OK	 
REQUEST	XUI_010_Home	Common_000_IsAuthenticated	1732285775764	1732285775817	OK	 
REQUEST	XUI_010_Home	010_auth	1732285775818	1732285775859	OK	 
REQUEST	XUI_010_Home	010_auth Redirect 1	1732285775861	1732285775900	OK	 
REQUEST	XUI_010_Home	010_auth Redirect 2	1732285775901	1732285775951	OK	 
GROUP	XUI_010_Home	1732285775459	1732285775953	472	OK
REQUEST	XUI_020_Login	005_clientId	1732285779707	1732285779971	OK	 
REQUEST	XUI_020_Login	005_clientId Redirect 1	1732285779973	1732285780720	OK	 
REQUEST	XUI_020_Login	005_clientId Redirect 2	1732285780722	1732285810822	KO	status.find.in([200, 209], 304), found 504
REQUEST	XUI_020_Login	Common_000_ConfigurationUI	1732285810825	1732285810891	OK	 
REQUEST	XUI_020_Login	Common_000_ConfigUI	1732285810896	1732285810952	OK	 
REQUEST	XUI_020_Login	Common_000_TsAndCs	1732285810955	1732285810992	OK	 
REQUEST	XUI_020_Login	Common_000_IsAuthenticated	1732285810993	1732285811040	OK	 
REQUEST	XUI_020_Login	Common_000_UserDetails	1732285811041	1732285811900	OK	 
REQUEST	XUI_020_Login	Common_000_MonitoringTools	1732285811901	1732285811967	OK	 
REQUEST	XUI_020_Login	Common_000_IsAuthenticated	1732285811970	1732285812066	OK	 
GROUP	XUI_020_Login	1732285779705	1732285812069	32338	KO
REQUEST	Civil_UnSpecClaim_20_DefResp	Land_005_Jurisdictions	1732285815446	1732285820586	OK	 
REQUEST	Civil_UnSpecClaim_20_DefResp	Land_010_Organisation	1732285820591	1732285821677	OK	 
GROUP	Civil_UnSpecClaim_20_DefResp	1732285815443	1732285821679	6226	OK
REQUEST	Civil_UnSpecClaim_20_DefResp	CIVIL_AssignCase_000_AssignCase	1732285824586	1732285826900	OK	 
GROUP	Civil_UnSpecClaim_20_DefResp	1732285824584	1732285826900	2314	OK
REQUEST	Civil_UnSpecClaim_20_DefResp	Search_005_WorkBasket	1732285826902	1732285828458	OK	 
REQUEST	Civil_UnSpecClaim_20_DefResp	Search_010_CaseReference	1732285828462	1732285829883	OK	 
GROUP	Civil_UnSpecClaim_20_DefResp	1732285826901	1732285829885	2977	OK
REQUEST	Civil_UnSpecClaim_20_DefResp	OpenCase_005_InternalCases	1732285833019	1732285833967	KO	status.find.in([200, 209], 304), found 404
GROUP	Civil_UnSpecClaim_20_DefResp	1732285833016	1732285833969	948	KO
REQUEST	Civil_UnSpecClaim_20_DefResp	OpenCase_010_RoleAssignment	1732285833971	1732285834279	OK	 
GROUP	Civil_UnSpecClaim_20_DefResp	1732285833969	1732285834281	308	OK
REQUEST	Civil_UnSpecClaim_20_DefResp	OpenCase_015_Jurisdiction	1732285834282	1732285834483	OK	 
GROUP	Civil_UnSpecClaim_20_DefResp	1732285834281	1732285834485	201	OK
REQUEST	Civil_UnSpecClaim_20_DefResp	RespToClaim_005_jurisdiction	1732285838433	1732285839808	OK	 
REQUEST	Civil_UnSpecClaim_20_DefResp	RespToClaim_010_Profile	1732285839812	1732285842891	OK	 
REQUEST	Civil_UnSpecClaim_20_DefResp	RespToClaim_015_IgnoreWarning	1732285887903	1732285888753	KO	status.find.in([200, 209], 304), found 422
REQUEST	Civil_UnSpecClaim_20_DefResp	RespToClaim_020_jurisdiction	1732285888757	1732285890396	OK	 
GROUP	Civil_UnSpecClaim_20_DefResp	1732285838431	1732285890398	6943	KO
ERROR	ClaimInfo_005_ConfirmDetails: No attribute named 'PartyID' is defined 	1732285892956
GROUP	Civil_UnSpecClaim_20_DefResp	1732285892954	1732285892956	0	KO
ERROR	RejectClaim_005_RespondentResponseType: No attribute named 'PartyID' is defined 	1732285895933
GROUP	Civil_UnSpecClaim_20_DefResp	1732285895931	1732285895933	0	KO
ERROR	FileRef_005_SolicitorReferences: No attribute named 'PartyID' is defined 	1732285898907
GROUP	Civil_UnSpecClaim_20_DefResp	1732285898905	1732285898908	0	KO
REQUEST	Civil_UnSpecClaim_20_DefResp	005_UploadDefence	1732285902566	1732285905760	OK	 
GROUP	Civil_UnSpecClaim_20_DefResp	1732285902550	1732285905765	3194	OK
ERROR	010_UploadDefence: No attribute named 'PartyID' is defined 	1732285908660
GROUP	Civil_UnSpecClaim_20_DefResp	1732285908658	1732285908660	0	KO
ERROR	005_FileDirectionsQuestionnaire: No attribute named 'PartyID' is defined 	1732285911440
GROUP	Civil_UnSpecClaim_20_DefResp	1732285911438	1732285911441	0	KO
ERROR	005_FixedRecoverableCosts: No attribute named 'PartyID' is defined 	1732285914230
GROUP	Civil_UnSpecClaim_20_DefResp	1732285914227	1732285914230	0	KO
ERROR	005_DisclosureOfNonElectronicDocuments: No attribute named 'PartyID' is defined 	1732285916497
GROUP	Civil_UnSpecClaim_20_DefResp	1732285916495	1732285916497	0	KO
ERROR	005_RESPONSEExperts: No attribute named 'PartyID' is defined 	1732285918667
GROUP	Civil_UnSpecClaim_20_DefResp	1732285918664	1732285918667	0	KO
ERROR	005_RESPONSEWitnesses: No attribute named 'PartyID' is defined 	1732285920942
GROUP	Civil_UnSpecClaim_20_DefResp	1732285920940	1732285920942	0	KO
ERROR	005_RESPONSELanguage: No attribute named 'PartyID' is defined 	1732285923763
GROUP	Civil_UnSpecClaim_20_DefResp	1732285923761	1732285923763	0	KO
ERROR	005_RESPONSEHearing: No attribute named 'PartyID' is defined 	1732285925822
GROUP	Civil_UnSpecClaim_20_DefResp	1732285925820	1732285925822	0	KO
REQUEST	Civil_UnSpecClaim_20_DefResp	005_UploadDraftDirection	1732285928309	1732285930875	OK	 
GROUP	Civil_UnSpecClaim_20_DefResp	1732285928306	1732285930879	2566	OK
ERROR	005_RESPONSEDraftDirections: No attribute named 'PartyID' is defined 	1732285934714
GROUP	Civil_UnSpecClaim_20_DefResp	1732285934712	1732285934714	0	KO
ERROR	005_RESPONSERequestedCourt: No attribute named 'PartyID' is defined 	1732285938417
GROUP	Civil_UnSpecClaim_20_DefResp	1732285938414	1732285938417	0	KO
ERROR	005_RESPONSEHearingSupport: No attribute named 'PartyID' is defined 	1732285941219
GROUP	Civil_UnSpecClaim_20_DefResp	1732285941217	1732285941219	0	KO
ERROR	005_RESPONSEVulnerabilityQuestions: No attribute named 'PartyID' is defined 	1732285943257
GROUP	Civil_UnSpecClaim_20_DefResp	1732285943255	1732285943257	0	KO
ERROR	005_RESPONSEFurtherInformation: No attribute named 'PartyID' is defined 	1732285946625
GROUP	Civil_UnSpecClaim_20_DefResp	1732285946623	1732285946626	0	KO
ERROR	005_RESPONSEStatementOfTruth: No attribute named 'PartyID' is defined 	1732285948780
GROUP	Civil_UnSpecClaim_20_DefResp	1732285948778	1732285948780	0	KO
ERROR	005_Submit: No attribute named 'PartyID' is defined 	1732285951980
REQUEST	Civil_UnSpecClaim_20_DefResp	010_DefenceSubmitted	1732285951981	1732285953275	KO	status.find.in([200, 209], 304), found 404
GROUP	Civil_UnSpecClaim_20_DefResp	1732285951977	1732285953278	1294	KO
REQUEST		XUI_020_Signout	1732285956507	1732285956906	OK	 
REQUEST		XUI_020_Signout Redirect 1	1732285956908	1732285956950	OK	 
REQUEST		XUI_020_Signout Redirect 2	1732285956952	1732285957102	OK	 
REQUEST		XUI_020_Signout Redirect 3	1732285957103	1732285957164	OK	 
REQUEST	XUI_010_Home	005_Home	1732285961170	1732285961213	OK	 
REQUEST	XUI_010_Home	Common_000_ConfigurationUI	1732285961216	1732285961465	OK	 
REQUEST	XUI_010_Home	Common_000_ConfigJson	1732285961466	1732285961504	OK	 
REQUEST	XUI_010_Home	Common_000_TsAndCs	1732285961506	1732285961546	OK	 
REQUEST	XUI_010_Home	Common_000_ConfigUI	1732285961548	1732285961599	OK	 
REQUEST	XUI_010_Home	Common_000_UserDetails	1732285961601	1732285961634	OK	 
REQUEST	XUI_010_Home	Common_000_IsAuthenticated	1732285961637	1732285961679	OK	 
REQUEST	XUI_010_Home	010_auth	1732285961682	1732285961738	OK	 
REQUEST	XUI_010_Home	010_auth Redirect 1	1732285961740	1732285961776	OK	 
REQUEST	XUI_010_Home	010_auth Redirect 2	1732285961777	1732285961829	OK	 
GROUP	XUI_010_Home	1732285961169	1732285961832	640	OK
REQUEST	XUI_020_Login	005_clientId	1732285964167	1732285964581	OK	 
REQUEST	XUI_020_Login	005_clientId Redirect 1	1732285964583	1732285965148	OK	 
REQUEST	XUI_020_Login	005_clientId Redirect 2	1732285965150	1732285965189	OK	 
REQUEST	XUI_020_Login	Common_000_ConfigurationUI	1732285965191	1732285965233	OK	 
REQUEST	XUI_020_Login	Common_000_ConfigUI	1732285965237	1732285965277	OK	 
REQUEST	XUI_020_Login	Common_000_TsAndCs	1732285965280	1732285965320	OK	 
REQUEST	XUI_020_Login	Common_000_IsAuthenticated	1732285965321	1732285965378	OK	 
REQUEST	XUI_020_Login	Common_000_UserDetails	1732285965381	1732285966402	OK	 
REQUEST	XUI_020_Login	Common_000_MonitoringTools	1732285966406	1732285966487	OK	 
REQUEST	XUI_020_Login	Common_000_IsAuthenticated	1732285966491	1732285966561	OK	 
GROUP	XUI_020_Login	1732285964167	1732285966563	2369	OK
REQUEST	Civil_UnSpecClaim_30_ClaimantResp	SearchCase_005_CaseReference	1732285970031	1732285972634	OK	 
REQUEST	Civil_UnSpecClaim_30_ClaimantResp	OpenCase_005_InternalCases	1732285972637	1732285974234	OK	 
GROUP	Civil_UnSpecClaim_30_ClaimantResp	1732285970028	1732285974237	4200	OK
REQUEST	Civil_UnSpecClaim_30_ClaimantResp	OpenCase_015_RoleAssignment	1732285974238	1732285974514	OK	 
GROUP	Civil_UnSpecClaim_30_ClaimantResp	1732285974237	1732285974515	276	OK
REQUEST	Civil_UnSpecClaim_30_ClaimantResp	OpenCase_020_Jurisdiction	1732285974516	1732285974594	OK	 
GROUP	Civil_UnSpecClaim_30_ClaimantResp	1732285974515	1732285974596	78	OK
REQUEST	Civil_UnSpecClaim_30_ClaimantResp	RespToDef_005_Jurisdiction	1732285977191	1732285978609	OK	 
REQUEST	Civil_UnSpecClaim_30_ClaimantResp	RespToDef_010_profile	1732285978612	1732285981348	OK	 
REQUEST	Civil_UnSpecClaim_30_ClaimantResp	RespToDef_015_IgnoreWarning	1732285981349	1732285982189	KO	status.find.in([200, 209], 304), found 422
REQUEST	Civil_UnSpecClaim_30_ClaimantResp	RespToDef_020_jurisdiction	1732285982194	1732285983373	OK	 
GROUP	Civil_UnSpecClaim_30_ClaimantResp	1732285977189	1732285983375	6173	KO
ERROR	005_RespondentResponse: No attribute named 'upload_timestamp' is defined 	1732285987097
GROUP	Civil_UnSpecClaim_30_ClaimantResp	1732285987095	1732285987097	0	KO
ERROR	005_DefenceResponseDocument: No attribute named 'upload_timestamp' is defined 	1732285989886
GROUP	Civil_UnSpecClaim_30_ClaimantResp	1732285989884	1732285989886	0	KO
ERROR	005_FileDirectionsQuestionnaire: No attribute named 'upload_timestamp' is defined 	1732285993286
GROUP	Civil_UnSpecClaim_30_ClaimantResp	1732285993284	1732285993286	0	KO
ERROR	005_FixedRecoverableCosts: No attribute named 'upload_timestamp' is defined 	1732285995998
GROUP	Civil_UnSpecClaim_30_ClaimantResp	1732285995996	1732285995998	0	KO
ERROR	005_DisclosureOfNonElectronicDocuments: No attribute named 'upload_timestamp' is defined 	1732285999080
GROUP	Civil_UnSpecClaim_30_ClaimantResp	1732285999078	1732285999080	0	KO
ERROR	005_Experts: No attribute named 'upload_timestamp' is defined 	1732286002332
GROUP	Civil_UnSpecClaim_30_ClaimantResp	1732286002330	1732286002332	0	KO
ERROR	005_Witnesses: No attribute named 'upload_timestamp' is defined 	1732286004351
GROUP	Civil_UnSpecClaim_30_ClaimantResp	1732286004349	1732286004351	0	KO
ERROR	005_Language: No attribute named 'upload_timestamp' is defined 	1732286007762
GROUP	Civil_UnSpecClaim_30_ClaimantResp	1732286007760	1732286007763	0	KO
ERROR	005_Hearing: No attribute named 'upload_timestamp' is defined 	1732286011223
GROUP	Civil_UnSpecClaim_30_ClaimantResp	1732286011221	1732286011224	0	KO
REQUEST	Civil_UnSpecClaim_30_ClaimantResp	005_UploadDraftDirection	1732286014725	1732286016632	OK	 
GROUP	Civil_UnSpecClaim_30_ClaimantResp	1732286014722	1732286016635	1907	OK
ERROR	010_DraftDirections: No attribute named 'upload_timestamp' is defined 	1732286020105
GROUP	Civil_UnSpecClaim_30_ClaimantResp	1732286020103	1732286020105	0	KO
ERROR	005_HearingSupport: No attribute named 'upload_timestamp' is defined 	1732286022341
GROUP	Civil_UnSpecClaim_30_ClaimantResp	1732286022339	1732286022341	0	KO
ERROR	005_VulnerabilityQuestions: No attribute named 'upload_timestamp' is defined 	1732286025957
GROUP	Civil_UnSpecClaim_30_ClaimantResp	1732286025955	1732286025957	0	KO
ERROR	005_FurtherInformation: No attribute named 'upload_timestamp' is defined 	1732286028894
GROUP	Civil_UnSpecClaim_30_ClaimantResp	1732286028892	1732286028894	0	KO
ERROR	005_StatementOfTruth: No attribute named 'upload_timestamp' is defined 	1732286031016
GROUP	Civil_UnSpecClaim_30_ClaimantResp	1732286031014	1732286031016	0	KO
ERROR	005_Submit: No attribute named 'upload_timestamp' is defined 	1732286033290
REQUEST	Civil_UnSpecClaim_30_ClaimantResp	010_ProceedWithClaim	1732286033291	1732286034914	OK	 
GROUP	Civil_UnSpecClaim_30_ClaimantResp	1732286033287	1732286034917	1623	KO
REQUEST		XUI_020_Signout	1732286037475	1732286037749	OK	 
REQUEST		XUI_020_Signout Redirect 1	1732286037752	1732286037803	OK	 
REQUEST		XUI_020_Signout Redirect 2	1732286037804	1732286037951	OK	 
REQUEST		XUI_020_Signout Redirect 3	1732286037953	1732286038063	OK	 
REQUEST	XUI_010_Home	005_Home	1732286042069	1732286042116	OK	 
REQUEST	XUI_010_Home	Common_000_ConfigurationUI	1732286042118	1732286042154	OK	 
REQUEST	XUI_010_Home	Common_000_ConfigJson	1732286042155	1732286072306	KO	status.find.in([200, 209], 304), found 504
REQUEST	XUI_010_Home	Common_000_TsAndCs	1732286072308	1732286072343	OK	 
REQUEST	XUI_010_Home	Common_000_ConfigUI	1732286072346	1732286072386	OK	 
REQUEST	XUI_010_Home	Common_000_UserDetails	1732286072387	1732286072436	OK	 
REQUEST	XUI_010_Home	Common_000_IsAuthenticated	1732286072437	1732286072532	OK	 
REQUEST	XUI_010_Home	010_auth	1732286072535	1732286072614	OK	 
REQUEST	XUI_010_Home	010_auth Redirect 1	1732286072616	1732286072647	OK	 
REQUEST	XUI_010_Home	010_auth Redirect 2	1732286072648	1732286072696	OK	 
GROUP	XUI_010_Home	1732286042068	1732286072698	30611	KO
REQUEST	XUI_020_Login	005_clientId	1732286076616	1732286076849	OK	 
REQUEST	XUI_020_Login	005_clientId Redirect 1	1732286076851	1732286077482	OK	 
REQUEST	XUI_020_Login	005_clientId Redirect 2	1732286077485	1732286077525	OK	 
REQUEST	XUI_020_Login	Common_000_ConfigurationUI	1732286077528	1732286077577	OK	 
REQUEST	XUI_020_Login	Common_000_ConfigUI	1732286077578	1732286077612	OK	 
REQUEST	XUI_020_Login	Common_000_TsAndCs	1732286077614	1732286077642	OK	 
REQUEST	XUI_020_Login	Common_000_IsAuthenticated	1732286077643	1732286077670	OK	 
REQUEST	XUI_020_Login	Common_000_UserDetails	1732286077672	1732286077991	OK	 
REQUEST	XUI_020_Login	Common_000_MonitoringTools	1732286077994	1732286078052	OK	 
REQUEST	XUI_020_Login	Common_000_IsAuthenticated	1732286078054	1732286078083	OK	 
GROUP	XUI_020_Login	1732286076614	1732286078085	1448	OK
REQUEST	Civil_UnSpecClaim_40_SDO	005_HealthCheck	1732286081687	1732286081732	OK	 
REQUEST	Civil_UnSpecClaim_40_SDO	005_RegionLocation	1732286081734	1732286083532	OK	 
REQUEST	Civil_UnSpecClaim_40_SDO	005_GetMyAccess	1732286083536	1732286083733	OK	 
REQUEST	Civil_UnSpecClaim_40_SDO	010_GetMyAccess	1732286083736	1732286084086	OK	 
REQUEST	Civil_UnSpecClaim_40_SDO	005_TypesOfWork	1732286084089	1732286085264	OK	 
REQUEST	Civil_UnSpecClaim_40_SDO	005_Jurisdiction	1732286085267	1732286085310	OK	 
REQUEST	Civil_UnSpecClaim_40_SDO	005_WorkAllocationTask	1732286085312	1732286086636	OK	 
REQUEST	Civil_UnSpecClaim_40_SDO	010_Jurisdiction	1732286086640	1732286086670	OK	 
REQUEST	Civil_UnSpecClaim_40_SDO	005_GetUsersByServiceName	1732286086672	1732286086973	OK	 
REQUEST	Civil_UnSpecClaim_40_SDO	010_WorkAllocationTask	1732286086977	1732286087968	OK	 
REQUEST	Civil_UnSpecClaim_40_SDO	005_GetJudicialUsers	1732286087972	1732286088953	OK	 
GROUP	Civil_UnSpecClaim_40_SDO	1732286081686	1732286088954	7235	OK
REQUEST	Civil_UnSpecClaim_40_SDO	005_SearchCase	1732286092806	1732286094226	OK	 
REQUEST	Civil_UnSpecClaim_40_SDO	010_SearchCase	1732286094229	1732286095199	OK	 
REQUEST	Civil_UnSpecClaim_40_SDO	015_SearchCase	1732286095202	1732286096163	OK	 
GROUP	Civil_UnSpecClaim_40_SDO	1732286092805	1732286096165	3351	OK
REQUEST	Civil_UnSpecClaim_40_SDO	005_OpenCase	1732286098212	1732286099324	OK	 
GROUP	Civil_UnSpecClaim_40_SDO	1732286098210	1732286099327	1112	OK
REQUEST	Civil_UnSpecClaim_40_SDO	010_OpenCase	1732286099328	1732286099703	OK	 
GROUP	Civil_UnSpecClaim_40_SDO	1732286099327	1732286099704	375	OK
REQUEST	Civil_UnSpecClaim_40_SDO	015_OpenCase	1732286099705	1732286099775	OK	 
GROUP	Civil_UnSpecClaim_40_SDO	1732286099704	1732286099776	70	OK
REQUEST	Civil_UnSpecClaim_40_SDO	005_TaskTab	1732286109780	1732286110864	KO	substring(Assign to me).find.exists, found nothing
REQUEST	Civil_UnSpecClaim_40_SDO	010_TaskTab	1732286110868	1732286110979	OK	 
GROUP	Civil_UnSpecClaim_40_SDO	1732286109778	1732286110981	1195	KO
ERROR	005_AssignToMe: No attribute named 'JudgeId' is defined 	1732286113156
REQUEST	Civil_UnSpecClaim_40_SDO	010_AssignToMe	1732286123162	1732286124126	KO	substring(Unassign task).find.exists, found nothing
REQUEST	Civil_UnSpecClaim_40_SDO	015_AssignToMe	1732286124129	1732286124995	OK	 
GROUP	Civil_UnSpecClaim_40_SDO	1732286113155	1732286124997	1830	KO
ERROR	005_FastTrack: No attribute named 'JudgeId' is defined 	1732286128065
REQUEST	Civil_UnSpecClaim_40_SDO	Common_000_ConfigurationUI	1732286128068	1732286128180	OK	 
REQUEST	Civil_UnSpecClaim_40_SDO	Common_000_ConfigUI	1732286128183	1732286128250	OK	 
REQUEST	Civil_UnSpecClaim_40_SDO	Common_000_TsAndCs	1732286128250	1732286128310	OK	 
REQUEST	Civil_UnSpecClaim_40_SDO	Common_000_UserDetails	1732286128310	1732286128390	OK	 
REQUEST	Civil_UnSpecClaim_40_SDO	Common_000_IsAuthenticated	1732286128391	1732286128515	OK	 
REQUEST	Civil_UnSpecClaim_40_SDO	Common_000_MonitoringTools	1732286128517	1732286128579	OK	 
REQUEST	Civil_UnSpecClaim_40_SDO	Common_000_MonitoringTools	1732286128581	1732286128680	OK	 
REQUEST	Civil_UnSpecClaim_40_SDO	Common_000_MonitoringTools	1732286128681	1732286128742	OK	 
REQUEST	Civil_UnSpecClaim_40_SDO	010_FastTrack	1732286128742	1732286130061	KO	substring(case_management_category).find.exists, found nothing
REQUEST	Civil_UnSpecClaim_40_SDO	015_FastTrack	1732286130065	1732286160169	KO	status.find.in([200, 209], 304), found 504
REQUEST	Civil_UnSpecClaim_40_SDO	020_FastTrack	1732286160172	1732286161873	OK	 
REQUEST	Civil_UnSpecClaim_40_SDO	025_FastTrack	1732286161880	1732286162433	KO	status.find.in([200, 209], 304), found 422
GROUP	Civil_UnSpecClaim_40_SDO	1732286128064	1732286162435	34342	KO
REQUEST	Civil_UnSpecClaim_40_SDO	005_SDO_Amount	1732286164946	1732286165762	OK	 
GROUP	Civil_UnSpecClaim_40_SDO	1732286164944	1732286165764	816	OK
REQUEST	Civil_UnSpecClaim_40_SDO	005_ClaimsTrack	1732286169526	1732286174298	OK	 
GROUP	Civil_UnSpecClaim_40_SDO	1732286169524	1732286174300	4772	OK
REQUEST	Civil_UnSpecClaim_40_SDO	005_FastTrack	1732286177087	1732286185153	OK	 
GROUP	Civil_UnSpecClaim_40_SDO	1732286177085	1732286185161	8066	OK
REQUEST	Civil_UnSpecClaim_40_SDO	005_OrderPreview	1732286187520	1732286188227	OK	 
GROUP	Civil_UnSpecClaim_40_SDO	1732286187518	1732286188229	707	OK
ERROR	005_SubmitSDO: No attribute named 'JudgeId' is defined 	1732286191918
GROUP	Civil_UnSpecClaim_40_SDO	1732286191917	1732286191918	0	KO
REQUEST	Civil_UnSpecClaim_40_SDO	005_SubmitSDO	1732286191920	1732286192584	KO	status.find.in([200, 209], 304), found 404
ERROR	010_SubmitSDO: No attribute named 'JudgeId' is defined 	1732286192587
REQUEST	Civil_UnSpecClaim_40_SDO	015_SubmitSDO	1732286192588	1732286193954	OK	 
GROUP	Civil_UnSpecClaim_40_SDO	1732286191918	1732286193956	2030	KO
REQUEST		XUI_020_Signout	1732286196644	1732286197604	OK	 
REQUEST		XUI_020_Signout Redirect 1	1732286197606	1732286197913	OK	 
REQUEST		XUI_020_Signout Redirect 2	1732286197915	1732286198051	OK	 
REQUEST		XUI_020_Signout Redirect 3	1732286198053	1732286198114	OK	 
REQUEST	XUI_010_Home	005_Home	1732286202120	1732286202235	OK	 
REQUEST	XUI_010_Home	Common_000_ConfigurationUI	1732286202240	1732286202280	OK	 
REQUEST	XUI_010_Home	Common_000_ConfigJson	1732286202282	1732286202323	OK	 
REQUEST	XUI_010_Home	Common_000_TsAndCs	1732286202324	1732286232396	KO	status.find.in([200, 209], 304), found 504
REQUEST	XUI_010_Home	Common_000_ConfigUI	1732286232398	1732286232451	OK	 
REQUEST	XUI_010_Home	Common_000_UserDetails	1732286232454	1732286232481	OK	 
REQUEST	XUI_010_Home	Common_000_IsAuthenticated	1732286232483	1732286232514	OK	 
REQUEST	XUI_010_Home	010_auth	1732286232515	1732286232548	OK	 
REQUEST	XUI_010_Home	010_auth Redirect 1	1732286232549	1732286232575	OK	 
REQUEST	XUI_010_Home	010_auth Redirect 2	1732286232576	1732286232657	OK	 
GROUP	XUI_010_Home	1732286202119	1732286232658	30519	KO
REQUEST	XUI_020_Login	005_clientId	1732286236588	1732286236820	OK	 
REQUEST	XUI_020_Login	005_clientId Redirect 1	1732286236823	1732286267033	KO	status.find.in([200, 209], 304), found 504
REQUEST	XUI_020_Login	Common_000_ConfigurationUI	1732286267040	1732286267086	OK	 
REQUEST	XUI_020_Login	Common_000_ConfigUI	1732286267088	1732286267149	OK	 
REQUEST	XUI_020_Login	Common_000_TsAndCs	1732286267152	1732286267195	OK	 
REQUEST	XUI_020_Login	Common_000_IsAuthenticated	1732286267197	1732286267232	OK	 
REQUEST	XUI_020_Login	Common_000_UserDetails	1732286267234	1732286267264	OK	 
REQUEST	XUI_020_Login	Common_000_MonitoringTools	1732286267265	1732286267296	OK	 
REQUEST	XUI_020_Login	Common_000_IsAuthenticated	1732286267301	1732286267328	OK	 
GROUP	XUI_020_Login	1732286236586	1732286267331	30715	KO
REQUEST	Civil_UnSpecClaim_50_HearingAdmin	005_HealthCheck	1732286270744	1732286270782	OK	 
REQUEST	Civil_UnSpecClaim_50_HearingAdmin	005_RegionLocation	1732286270785	1732286270832	KO	status.find.in([200, 209], 304), found 401
REQUEST	Civil_UnSpecClaim_50_HearingAdmin	005_GetMyAccess	1732286270834	1732286270866	KO	status.find.in([200, 209], 304), found 401
REQUEST	Civil_UnSpecClaim_50_HearingAdmin	010_GetMyAccess	1732286270868	1732286270910	KO	status.find.in([200, 209], 304), found 401
REQUEST	Civil_UnSpecClaim_50_HearingAdmin	005_TypesOfWork	1732286270912	1732286270947	KO	status.find.in([200, 209], 304), found 401
REQUEST	Civil_UnSpecClaim_50_HearingAdmin	005_Jurisdiction	1732286270948	1732286270976	KO	status.find.in([200, 209], 304), found 401
REQUEST	Civil_UnSpecClaim_50_HearingAdmin	005_WorkAllocationTask	1732286270978	1732286271025	KO	status.find.in([200, 209], 304), found 401
REQUEST	Civil_UnSpecClaim_50_HearingAdmin	010_Jurisdiction	1732286271026	1732286271057	KO	status.find.in([200, 209], 304), found 401
REQUEST	Civil_UnSpecClaim_50_HearingAdmin	005_GetUsersByServiceName	1732286271058	1732286271092	KO	status.find.in([200, 209], 304), found 401
REQUEST	Civil_UnSpecClaim_50_HearingAdmin	010_WorkAllocationTask	1732286271093	1732286271144	KO	status.find.in([200, 209], 304), found 401
GROUP	Civil_UnSpecClaim_50_HearingAdmin	1732286270743	1732286271147	385	KO
REQUEST	Civil_UnSpecClaim_50_HearingAdmin	005_OpenCase	1732286275140	1732286275215	KO	status.find.in([200, 209], 304), found 401
GROUP	Civil_UnSpecClaim_50_HearingAdmin	1732286275138	1732286275217	75	KO
REQUEST	Civil_UnSpecClaim_50_HearingAdmin	010_OpenCase	1732286275218	1732286275618	KO	status.find.is(204), but actually found 401
GROUP	Civil_UnSpecClaim_50_HearingAdmin	1732286275218	1732286275621	400	KO
REQUEST	Civil_UnSpecClaim_50_HearingAdmin	015_OpenCase	1732286275621	1732286275720	KO	status.find.in([200, 209], 304), found 401
GROUP	Civil_UnSpecClaim_50_HearingAdmin	1732286275621	1732286275722	99	KO
REQUEST	Civil_UnSpecClaim_40_SDO	005_TaskTab	1732286279474	1732286279613	KO	status.find.in([200, 209], 304), found 401
REQUEST	Civil_UnSpecClaim_40_SDO	010_TaskTab	1732286279616	1732286280190	KO	status.find.in([200, 209], 304), found 401
GROUP	Civil_UnSpecClaim_40_SDO	1732286279472	1732286280192	713	KO
ERROR	005_AssignToMe: No attribute named 'HearingCaseId' is defined 	1732286283831
GROUP	Civil_UnSpecClaim_50_HearingAdmin	1732286283830	1732286283831	0	KO
REQUEST	Civil_UnSpecClaim_50_HearingAdmin	010_AssignToMe	1732286283833	1732286283885	KO	status.find.in([200, 209], 304), found 401
GROUP	Civil_UnSpecClaim_50_HearingAdmin	1732286283831	1732286283887	52	KO
REQUEST	Civil_UnSpecClaim_50_HearingAdmin	005_jurisdiction	1732286287165	1732286287209	KO	status.find.in([200, 209], 304), found 401
REQUEST	Civil_UnSpecClaim_50_HearingAdmin	010_Profile	1732286287212	1732286287266	KO	status.find.in([200, 209], 304), found 401
REQUEST	Civil_UnSpecClaim_50_HearingAdmin	015_IgnoreWarning	1732286287268	1732286287308	KO	status.find.in([200, 209], 304), found 401
REQUEST	Civil_UnSpecClaim_50_HearingAdmin	020_HearingScheduled	1732286287311	1732286287341	KO	status.find.in([200, 209], 304), found 401
GROUP	Civil_UnSpecClaim_50_HearingAdmin	1732286287162	1732286287343	168	KO
REQUEST	Civil_UnSpecClaim_50_HearingAdmin	005_HearingNoticeSelect	1732286291340	1732286291380	KO	status.find.in([200, 209], 304), found 401
GROUP	Civil_UnSpecClaim_50_HearingAdmin	1732286291338	1732286291382	40	KO
REQUEST	Civil_UnSpecClaim_50_HearingAdmin	005_ListingOrRelisting	1732286294195	1732286294277	KO	status.find.in([200, 209], 304), found 401
GROUP	Civil_UnSpecClaim_50_HearingAdmin	1732286294194	1732286294278	82	KO
REQUEST	Civil_UnSpecClaim_50_HearingAdmin	005_HearingDetails	1732286297930	1732286298071	KO	status.find.in([200, 209], 304), found 401
GROUP	Civil_UnSpecClaim_50_HearingAdmin	1732286297928	1732286298073	141	KO
REQUEST	Civil_UnSpecClaim_50_HearingAdmin	005_HearingInformation	1732286301213	1732286301284	KO	status.find.in([200, 209], 304), found 401
GROUP	Civil_UnSpecClaim_50_HearingAdmin	1732286301210	1732286301285	71	KO
ERROR	005_Submit: No attribute named 'HearingCaseId' is defined 	1732286304947
REQUEST	Civil_UnSpecClaim_50_HearingAdmin	010_Submit	1732286304950	1732286305021	KO	status.find.is(201), but actually found 401
ERROR	015_Submit: No attribute named 'HearingCaseId' is defined 	1732286305021
REQUEST	Civil_UnSpecClaim_50_HearingAdmin	020_Submit	1732286305022	1732286305051	KO	status.find.in([200, 209], 304), found 401
GROUP	Civil_UnSpecClaim_50_HearingAdmin	1732286304947	1732286305051	100	KO
REQUEST		XUI_020_Signout	1732286305052	1732286305099	OK	 
REQUEST		XUI_020_Signout Redirect 1	1732286305099	1732286305128	KO	substring(Sign in).find.exists, found nothing
REQUEST	XUI_010_Home	005_Home	1732286309130	1732286309176	OK	 
REQUEST	XUI_010_Home	Common_000_ConfigurationUI	1732286309176	1732286309213	OK	 
REQUEST	XUI_010_Home	Common_000_ConfigJson	1732286309213	1732286309261	OK	 
REQUEST	XUI_010_Home	Common_000_TsAndCs	1732286309262	1732286309327	OK	 
REQUEST	XUI_010_Home	Common_000_ConfigUI	1732286309329	1732286309391	OK	 
REQUEST	XUI_010_Home	Common_000_UserDetails	1732286309393	1732286309430	OK	 
REQUEST	XUI_010_Home	Common_000_IsAuthenticated	1732286309432	1732286309500	OK	 
REQUEST	XUI_010_Home	010_auth	1732286309502	1732286309730	OK	 
REQUEST	XUI_010_Home	010_auth Redirect 1	1732286309733	1732286309868	OK	 
REQUEST	XUI_010_Home	010_auth Redirect 2	1732286309870	1732286309938	OK	 
GROUP	XUI_010_Home	1732286309130	1732286309940	794	OK
REQUEST	XUI_020_Login	005_clientId	1732286312134	1732286312857	OK	 
REQUEST	XUI_020_Login	005_clientId Redirect 1	1732286312859	1732286313602	OK	 
REQUEST	XUI_020_Login	005_clientId Redirect 2	1732286313604	1732286313646	OK	 
REQUEST	XUI_020_Login	Common_000_ConfigurationUI	1732286313648	1732286313683	OK	 
REQUEST	XUI_020_Login	Common_000_ConfigUI	1732286313684	1732286313725	OK	 
REQUEST	XUI_020_Login	Common_000_TsAndCs	1732286313727	1732286313788	OK	 
REQUEST	XUI_020_Login	Common_000_IsAuthenticated	1732286313791	1732286313842	OK	 
REQUEST	XUI_020_Login	Common_000_UserDetails	1732286313844	1732286314914	OK	 
REQUEST	XUI_020_Login	Common_000_MonitoringTools	1732286314917	1732286315085	OK	 
REQUEST	XUI_020_Login	Common_000_IsAuthenticated	1732286315087	1732286315474	OK	 
GROUP	XUI_020_Login	1732286312132	1732286315477	3321	OK
REQUEST	Civil_UnSpecClaim_60_DefendantDocUpload	Land_005_Jurisdictions	1732286317517	1732286319716	OK	 
REQUEST	Civil_UnSpecClaim_60_DefendantDocUpload	Land_010_Organisation	1732286319719	1732286321362	OK	 
GROUP	Civil_UnSpecClaim_60_DefendantDocUpload	1732286317516	1732286321363	3842	OK
REQUEST	Civil_UnSpecClaim_60_DefendantDocUpload	Search_005_WorkBasket	1732286325267	1732286325777	OK	 
REQUEST	Civil_UnSpecClaim_60_DefendantDocUpload	Search_010_CaseReference	1732286325780	1732286326884	OK	 
GROUP	Civil_UnSpecClaim_60_DefendantDocUpload	1732286325264	1732286326886	1614	OK
REQUEST	Civil_UnSpecClaim_60_DefendantDocUpload	OpenCase_005_InternalCases	1732286329372	1732286330156	KO	status.find.in([200, 209], 304), found 404
REQUEST	Civil_UnSpecClaim_60_DefendantDocUpload	OpenCase_010_RoleAssignment	1732286330159	1732286330622	OK	 
REQUEST	Civil_UnSpecClaim_60_DefendantDocUpload	OpenCase_015_Jurisdiction	1732286330625	1732286330813	OK	 
GROUP	Civil_UnSpecClaim_60_DefendantDocUpload	1732286329370	1732286330815	1435	KO
REQUEST	Civil_UnSpecClaim_60_DefendantDocUpload	DF_005_UploadDoc	1732286333978	1732286364012	KO	status.find.in([200, 209], 304), found 504
REQUEST	Civil_UnSpecClaim_60_DefendantDocUpload	DF_010_Profile	1732286364013	1732286366448	OK	 
REQUEST	Civil_UnSpecClaim_60_DefendantDocUpload	DF_015_IgnoreWarning	1732286366461	1732286367338	KO	status.find.in([200, 209], 304), found 422
REQUEST	Civil_UnSpecClaim_60_DefendantDocUpload	DF_020_UploadDoc	1732286367341	1732286368387	OK	 
GROUP	Civil_UnSpecClaim_60_DefendantDocUpload	1732286333977	1732286368388	34392	KO
REQUEST	Civil_UnSpecClaim_60_DefendantDocUpload	DF_005_UploadChoice	1732286370976	1732286371891	OK	 
GROUP	Civil_UnSpecClaim_60_DefendantDocUpload	1732286370975	1732286371891	915	OK
REQUEST	