RUN	uk.gov.hmcts.reform.civildamage.performance.simulations.SimulateScenario	simulatescenario	1734103695093	 	3.12.0
USER	Spec_Create_Claim	START	1734103695659
REQUEST	XUI_010_Home	005_Home	1734103695656	1734103695761	OK	 
REQUEST	XUI_010_Home	Common_000_ConfigurationUI	1734103698591	1734103698631	OK	 
REQUEST	XUI_010_Home	Common_000_ConfigJson	1734103698633	1734103698677	OK	 
REQUEST	XUI_010_Home	Common_000_TsAndCs	1734103698680	1734103698709	OK	 
REQUEST	XUI_010_Home	Common_000_ConfigUI	1734103698711	1734103698745	OK	 
REQUEST	XUI_010_Home	Common_000_UserDetails	1734103698749	1734103698776	OK	 
REQUEST	XUI_010_Home	Common_000_IsAuthenticated	1734103698781	1734103698813	OK	 
REQUEST	XUI_010_Home	010_auth	1734103698818	1734103698842	OK	 
REQUEST	XUI_010_Home	010_auth Redirect 1	1734103698852	1734103698951	OK	 
REQUEST	XUI_010_Home	010_auth Redirect 2	1734103698954	1734103698996	OK	 
GROUP	XUI_010_Home	1734103695650	1734103699434	3668	OK
REQUEST	XUI_020_Login	005_clientId	1734103702504	1734103702657	OK	 
REQUEST	XUI_020_Login	005_clientId Redirect 1	1734103702660	1734103703197	OK	 
REQUEST	XUI_020_Login	005_clientId Redirect 2	1734103703200	1734103703236	OK	 
REQUEST	XUI_020_Login	Common_000_ConfigurationUI	1734103706830	1734103706937	OK	 
REQUEST	XUI_020_Login	Common_000_ConfigUI	1734103706943	1734103706976	OK	 
REQUEST	XUI_020_Login	Common_000_TsAndCs	1734103706980	1734103707014	OK	 
REQUEST	XUI_020_Login	Common_000_IsAuthenticated	1734103707019	1734103707043	OK	 
REQUEST	XUI_020_Login	Common_000_UserDetails	1734103707045	1734103707535	OK	 
REQUEST	XUI_020_Login	Common_000_MonitoringTools	1734103707538	1734103707676	OK	 
REQUEST	XUI_020_Login	Common_000_IsAuthenticated	1734103707717	1734103707818	OK	 
GROUP	XUI_020_Login	1734103702495	1734103707826	5243	OK
REQUEST	Civil_CreateSpecClaim_10_00_LandingPage	Jurisdiction	1734103711324	1734103713122	OK	 
REQUEST	Civil_CreateSpecClaim_10_00_LandingPage	Organisation	1734103713126	1734103714048	OK	 
GROUP	Civil_CreateSpecClaim_10_00_LandingPage	1734103711321	1734103714049	2720	OK
REQUEST	Civil_CreateSpecClaim_10_01_CreateCase	Create	1734103717353	1734103717535	OK	 
GROUP	Civil_CreateSpecClaim_10_01_CreateCase	1734103717351	1734103717537	182	OK
REQUEST	Civil_CreateSpecClaim_10_02_CreateCase	IgnoreWarning	1734103720580	1734103722324	OK	 
GROUP	Civil_CreateSpecClaim_10_02_CreateCase	1734103720577	1734103722386	1744	OK
REQUEST	Civil_CreateSpecClaim_10_03_CreateCase	CaseChecklist	1734103726098	1734103727486	OK	 
GROUP	Civil_CreateSpecClaim_10_03_CreateCase	1734103726087	1734103727488	1388	OK
REQUEST	Civil_CreateSpecClaim_10_04_CreateCase	Eligibility	1734103730383	1734103732327	OK	 
GROUP	Civil_CreateSpecClaim_10_04_CreateCase	1734103730380	1734103732329	1944	OK
REQUEST	Civil_CreateSpecClaim_10_05_CreateCase	References	1734103736109	1734103737194	OK	 
GROUP	Civil_CreateSpecClaim_10_05_CreateCase	1734103736105	1734103737196	1085	OK
REQUEST	Civil_CreateSpecClaim_10_06_CreateCase	PostCodeSearch	1734103740329	1734103741886	OK	 
GROUP	Civil_CreateSpecClaim_10_06_CreateCase	1734103740328	1734103741892	1557	OK
REQUEST	Civil_CreateSpecClaim_10_07_CreateCase	Claimant	1734103744661	1734103746367	OK	 
GROUP	Civil_CreateSpecClaim_10_07_CreateCase	1734103744658	1734103746368	1706	OK
REQUEST	Civil_CreateSpecClaim_10_08_CreateCase	AddAnotherClaimant	1734103749011	1734103749599	OK	 
GROUP	Civil_CreateSpecClaim_10_08_CreateCase	1734103749006	1734103749604	588	OK
REQUEST	Civil_CreateSpecClaim_10_09_CreateCase	Notifications	1734103752905	1734103753917	OK	 
GROUP	Civil_CreateSpecClaim_10_09_CreateCase	1734103752903	1734103753921	1012	OK
REQUEST	Civil_CreateSpecClaim_10_10_CreateCase	ClaimantSolOrg	1734103753922	1734103755114	OK	 
GROUP	Civil_CreateSpecClaim_10_10_CreateCase	1734103753921	1734103755116	1192	OK
REQUEST	Civil_CreateSpecClaim_10_11_CreateCase	CorrespondenceAddress	1734103757571	1734103758610	OK	 
GROUP	Civil_CreateSpecClaim_10_11_CreateCase	1734103757570	1734103758614	1039	OK
REQUEST	Civil_CreateSpecClaim_10_12_CreateCase	DefPostCode	1734103762161	1734103763616	OK	 
GROUP	Civil_CreateSpecClaim_10_12_CreateCase	1734103762159	1734103763628	1455	OK
REQUEST	Civil_CreateSpecClaim_10_13_CreateCase	DefendantDetails	1734103765899	1734103766791	OK	 
GROUP	Civil_CreateSpecClaim_10_13_CreateCase	1734103765897	1734103766793	892	OK
REQUEST	Civil_CreateSpecClaim_10_14_CreateCase	DefLegalRep	1734103769945	1734103770785	OK	 
GROUP	Civil_CreateSpecClaim_10_14_CreateCase	1734103769941	1734103770788	840	OK
REQUEST	Civil_CreateSpecClaim_10_15_CreateCase	DefSolOrg	1734103774339	1734103775598	OK	 
GROUP	Civil_CreateSpecClaim_10_15_CreateCase	1734103774336	1734103775601	1259	OK
REQUEST	Civil_CreateSpecClaim_10_16_CreateCase	CDefSolEmail	1734103777626	1734103778361	OK	 
GROUP	Civil_CreateSpecClaim_10_16_CreateCase	1734103777624	1734103778364	735	OK
REQUEST	Civil_CreateSpecClaim_10_17_CreateCase	DefAddr	1734103782362	1734103782897	OK	 
GROUP	Civil_CreateSpecClaim_10_17_CreateCase	1734103782360	1734103782898	535	OK
REQUEST	Civil_CreateSpecClaim_10_18_CreateCase	AddAnotherDefendant	1734103785498	1734103786155	OK	 
GROUP	Civil_CreateSpecClaim_10_18_CreateCase	1734103785495	1734103786157	657	OK
REQUEST	Civil_CreateSpecClaim_10_19_CreateCase	FlightDelayClaim	1734103788368	1734103790313	OK	 
GROUP	Civil_CreateSpecClaim_10_19_CreateCase	1734103788365	1734103790316	1945	OK
REQUEST	Civil_CreateSpecClaim_10_20_CreateCase	CaseDetails	1734103792556	1734103793495	OK	 
GROUP	Civil_CreateSpecClaim_10_20_CreateCase	1734103792549	1734103793496	939	OK
REQUEST	Civil_CreateSpecClaim_10_21_CreateCase	UploadClaimDoc	1734103796884	1734103797861	OK	 
GROUP	Civil_CreateSpecClaim_10_21_CreateCase	1734103796881	1734103797863	977	OK
REQUEST	Civil_CreateSpecClaim_10_22_CreateCase	ClaimTimeline	1734103800104	1734103800876	OK	 
GROUP	Civil_CreateSpecClaim_10_22_CreateCase	1734103800102	1734103800877	772	OK
REQUEST	Civil_CreateSpecClaim_10_23_CreateCase	SPECEvidenceList	1734103804052	1734103804817	OK	 
GROUP	Civil_CreateSpecClaim_10_23_CreateCase	1734103804051	1734103804819	765	OK
REQUEST	Civil_CreateSpecClaim_10_24_CreateCase	CREATE_CLAIM_SPECClaimAmount	1734103808089	1734103808465	OK	 
GROUP	Civil_CreateSpecClaim_10_24_CreateCase	1734103808087	1734103808468	376	OK
REQUEST	Civil_CreateSpecClaim_10_25_CreateCase	CREATE_CLAIM_SPECClaimAmountDetails	1734103810588	1734103811101	OK	 
GROUP	Civil_CreateSpecClaim_10_25_CreateCase	1734103810585	1734103811103	513	OK
REQUEST	Civil_CreateSpecClaim_10_26_CreateCase	CREATE_CLAIM_SPECClaimInterest	1734103814081	1734103814477	OK	 
GROUP	Civil_CreateSpecClaim_10_26_CreateCase	1734103814080	1734103814479	396	OK
REQUEST	Civil_CreateSpecClaim_10_27_CreateCase	CREATE_CLAIM_SPECInterestSummary	1734103816553	1734103819225	OK	 
GROUP	Civil_CreateSpecClaim_10_27_CreateCase	1734103816552	1734103819228	2672	OK
REQUEST	Civil_CreateSpecClaim_10_28_CreateCase	CREATE_CLAIM_SPECPbaNumber	1734103822933	1734103823865	OK	 
GROUP	Civil_CreateSpecClaim_10_28_CreateCase	1734103822931	1734103823867	932	OK
REQUEST	Civil_CreateSpecClaim_10_29_CreateCase	CREATE_CLAIM_SPECFixedCommencementCosts	1734103826258	1734103826836	OK	 
GROUP	Civil_CreateSpecClaim_10_29_CreateCase	1734103826256	1734103826838	578	OK
REQUEST	Civil_CreateSpecClaim_10_30_CreateCase	CREATE_CLAIM_SPECStatementOfTruth	1734103829431	1734103830436	OK	 
GROUP	Civil_CreateSpecClaim_10_30_CreateCase	1734103829429	1734103830438	1005	OK
REQUEST	Civil_CreateSpecClaim_10_31_CreateCase	CREATE_CLAIM_SPECCaseshare	1734103830439	1734103832801	OK	 
GROUP	Civil_CreateSpecClaim_10_31_CreateCase	1734103830438	1734103832810	2362	OK
REQUEST	Civil_CreateSpecClaim_10_32_CreateCase	CREATE_CLAIM_SPECSOT_Submit	1734103836566	1734103838190	KO	status.find.in([200, 209], 304), found 500
GROUP	Civil_CreateSpecClaim_10_32_CreateCase	1734103836563	1734103838200	1624	KO
ERROR	CREATE_CLAIM_SPECGetCase: No attribute named 'caseId' is defined 	1734103840385
GROUP	Civil_CreateSpecClaim_10_33_APIRoleAssignment	1734103840376	1734103840386	0	KO
ERROR	