RUN	uk.gov.hmcts.reform.civildamage.performance.simulations.SimulateScenario	simulatescenario	1732275122675	 	3.12.0
USER	UnSpec_CreateClaim	START	1732275123263
REQUEST	XUI_010_Home	005_Home	1732275123261	1732275123396	OK	 
REQUEST	XUI_010_Home	Common_000_ConfigurationUI	1732275123416	1732275123448	OK	 
REQUEST	XUI_010_Home	Common_000_ConfigJson	1732275123449	1732275123501	OK	 
REQUEST	XUI_010_Home	Common_000_TsAndCs	1732275123501	1732275123528	OK	 
REQUEST	XUI_010_Home	Common_000_ConfigUI	1732275123528	1732275123567	OK	 
REQUEST	XUI_010_Home	Common_000_UserDetails	1732275123569	1732275123613	OK	 
REQUEST	XUI_010_Home	Common_000_IsAuthenticated	1732275123614	1732275123642	OK	 
REQUEST	XUI_010_Home	010_auth	1732275123644	1732275123683	OK	 
REQUEST	XUI_010_Home	010_auth Redirect 1	1732275123692	1732275123793	OK	 
REQUEST	XUI_010_Home	010_auth Redirect 2	1732275123797	1732275123856	OK	 
GROUP	XUI_010_Home	1732275123254	1732275123861	556	OK
REQUEST	XUI_020_Login	005_clientId	1732275127778	1732275128299	OK	 
REQUEST	XUI_020_Login	005_clientId Redirect 1	1732275128306	1732275128721	OK	 
REQUEST	XUI_020_Login	005_clientId Redirect 2	1732275128723	1732275128756	OK	 
REQUEST	XUI_020_Login	Common_000_ConfigurationUI	1732275128758	1732275128809	OK	 
REQUEST	XUI_020_Login	Common_000_ConfigUI	1732275128812	1732275128868	OK	 
REQUEST	XUI_020_Login	Common_000_TsAndCs	1732275128873	1732275128906	OK	 
REQUEST	XUI_020_Login	Common_000_IsAuthenticated	1732275128909	1732275128950	OK	 
REQUEST	XUI_020_Login	Common_000_UserDetails	1732275128954	1732275129529	OK	 
REQUEST	XUI_020_Login	Common_000_MonitoringTools	1732275129530	1732275129659	OK	 
REQUEST	XUI_020_Login	Common_000_IsAuthenticated	1732275129685	1732275129825	OK	 
GROUP	XUI_020_Login	1732275127768	1732275129832	1994	OK
REQUEST	CivilDamage_UnSpecClaim_10_01_CreateCase	create	1732275133651	1732275135210	OK	 
GROUP	CivilDamage_UnSpecClaim_10_01_CreateCase	1732275133649	1732275135212	1559	OK
REQUEST	CivilDamage_UnSpecClaim_10_02_CreateCase	IgnoreWarning	1732275138695	1732275142621	OK	 
GROUP	CivilDamage_UnSpecClaim_10_02_CreateCase	1732275138692	1732275142665	3926	OK
REQUEST	CivilDamage_UnSpecClaim_10_03_CreateCase	CLAIMEligibility	1732275145942	1732275147379	OK	 
GROUP	CivilDamage_UnSpecClaim_10_03_CreateCase	1732275145935	1732275147379	1437	OK
REQUEST	CivilDamage_UnSpecClaim_10_04_CreateCase	CLAIMReferences	1732275149853	1732275150809	OK	 
GROUP	CivilDamage_UnSpecClaim_10_04_CreateCase	1732275149852	1732275150812	956	OK
REQUEST	CivilDamage_UnSpecClaim_10_05_CreateCase	CLAIMCourt	1732275153082	1732275155884	OK	 
GROUP	CivilDamage_UnSpecClaim_10_05_CreateCase	1732275153079	1732275155887	2802	OK
REQUEST	CivilDamage_UnSpecClaim_10_06_CreateCase	postcode	1732275158864	1732275160062	OK	 
GROUP	CivilDamage_UnSpecClaim_10_06_CreateCase	1732275158862	1732275160063	1198	OK
REQUEST	CivilDamage_UnSpecClaim_10_07_CreateCase	CLAIMClaimant	1732275162881	1732275164314	OK	 
GROUP	CivilDamage_UnSpecClaim_10_07_CreateCase	1732275162878	1732275164316	1433	OK
REQUEST	CivilDamage_UnSpecClaim_10_08_CreateCase	CREATE_CLAIMClaimantLitigationFriend	1732275168221	1732275169606	OK	 
GROUP	CivilDamage_UnSpecClaim_10_08_CreateCase	1732275168219	1732275169608	1385	OK
REQUEST	CivilDamage_UnSpecClaim_10_09_CreateCase	CREATE_CLAIMNotifications	1732275172240	1732275173381	OK	 
GROUP	CivilDamage_UnSpecClaim_10_09_CreateCase	1732275172238	1732275173381	1141	OK
REQUEST	CivilDamage_UnSpecClaim_10_10_CreateCase	ClaimantSolicitorOrganisation	1732275175940	1732275177288	OK	 
GROUP	CivilDamage_UnSpecClaim_10_10_CreateCase	1732275175937	1732275177289	1348	OK
REQUEST	CivilDamage_UnSpecClaim_10_11_CreateCase	ClaimantSolicitorAddres	1732275179433	1732275180161	OK	 
GROUP	CivilDamage_UnSpecClaim_10_11_CreateCase	1732275179432	1732275180163	728	OK
REQUEST	CivilDamage_UnSpecClaim_10_12_CreateCase	AddAnotherClaimant	1732275183689	1732275184772	OK	 
GROUP	CivilDamage_UnSpecClaim_10_12_CreateCase	1732275183686	1732275184775	1083	OK
REQUEST	CivilDamage_UnSpecClaim_10_13_CreateCase	postcode	1732275187340	1732275188556	OK	 
GROUP	CivilDamage_UnSpecClaim_10_13_CreateCase	1732275187338	1732275188558	1216	OK
REQUEST	CivilDamage_UnSpecClaim_10_14_CreateCase	CLAIMDefendant	1732275191695	1732275192452	OK	 
GROUP	CivilDamage_UnSpecClaim_10_14_CreateCase	1732275191692	1732275192456	757	OK
REQUEST	CivilDamage_UnSpecClaim_10_15_CreateCase	LegalRepresentation	1732275194930	1732275195991	OK	 
GROUP	CivilDamage_UnSpecClaim_10_15_CreateCase	1732275194927	1732275195993	1061	OK
REQUEST	CivilDamage_UnSpecClaim_10_16_CreateCase	DefendantSolicitorOrganisation	1732275198226	1732275198774	OK	 
GROUP	CivilDamage_UnSpecClaim_10_16_CreateCase	1732275198223	1732275198775	548	OK
REQUEST	CivilDamage_UnSpecClaim_10_17_CreateCase	DefendantSolicitorServiceAddress	1732275202575	1732275203359	OK	 
GROUP	CivilDamage_UnSpecClaim_10_17_CreateCase	1732275202572	1732275203359	784	OK
REQUEST	CivilDamage_UnSpecClaim_10_18_CreateCase	CLAIMAddAnotherDefendant	1732275207085	1732275207705	OK	 
GROUP	CivilDamage_UnSpecClaim_10_18_CreateCase	1732275207083	1732275207709	620	OK
REQUEST	CivilDamage_UnSpecClaim_10_19_CreateCase	AddAnotherDefendant	1732275209802	1732275210851	OK	 
GROUP	CivilDamage_UnSpecClaim_10_19_CreateCase	1732275209801	1732275210853	1049	OK
REQUEST	CivilDamage_UnSpecClaim_10_20_CreateCase	CLAIMClaimType	1732275213883	1732275214784	OK	 
GROUP	CivilDamage_UnSpecClaim_10_20_CreateCase	1732275213882	1732275214785	901	OK
REQUEST	CivilDamage_UnSpecClaim_10_21_CreateCase	CLAIMDetails	1732275217628	1732275218429	OK	 
GROUP	CivilDamage_UnSpecClaim_10_21_CreateCase	1732275217626	1732275218429	801	OK
REQUEST	CivilDamage_UnSpecClaim_10_22_CreateCase	CLAIMUploadParticularsOfClaim	1732275221808	1732275222660	OK	 
GROUP	CivilDamage_UnSpecClaim_10_22_CreateCase	1732275221805	1732275222662	852	OK
REQUEST	CivilDamage_UnSpecClaim_10_23_CreateCase	CLAIMClaimValue	1732275224867	1732275227011	OK	 
GROUP	CivilDamage_UnSpecClaim_10_23_CreateCase	1732275224866	1732275227012	2144	OK
REQUEST	CivilDamage_UnSpecClaim_10_24_CreateCase	CLAIMPbaNumber	1732275229585	1732275230091	OK	 
GROUP	CivilDamage_UnSpecClaim_10_24_CreateCase	1732275229582	1732275230093	506	OK
REQUEST	CivilDamage_UnSpecClaim_10_25_CreateCase	StatementOfTruth	1732275232899	1732275233542	OK	 
GROUP	CivilDamage_UnSpecClaim_10_25_CreateCase	1732275232898	1732275233542	643	OK
REQUEST	CivilDamage_UnSpecClaim_10_26_CreateCase	Submit_Claim	1732275235808	1732275238094	OK	 
GROUP	CivilDamage_UnSpecClaim_10_26_CreateCase	1732275235808	1732275238097	2286	OK
REQUEST	CivilDamage_UnSpecClaim_10_27_CaseCreated	CaseCreated	1732275240419	1732275241462	OK	 
GROUP	CivilDamage_UnSpecClaim_10_27_CaseCreated	1732275240417	1732275241463	1043	OK
REQUEST	CivilDamage_UnSpecClaim_10_28_APIRoleAssignment	APIRoleAssignment	1732275241463	1732275241759	OK	 
GROUP	CivilDamage_UnSpecClaim_10_28_APIRoleAssignment	1732275241463	1732275241759	296	OK
REQUEST	CivilDamage_UnspecClaim_10_29_SupportedJurisdiction	SupportedJurisdiction	1732275241760	1732275241854	OK	 
GROUP	CivilDamage_UnspecClaim_10_29_SupportedJurisdiction	1732275241759	1732275241855	94	OK
REQUEST	Civil_CreateClaim_005_MakePayment	005_PaymentGroups	1732275245741	1732275247820	OK	 
REQUEST	Civil_CreateClaim_005_MakePayment	010_ServiceTab	1732275247824	1732275247903	OK	 
REQUEST	Civil_CreateClaim_005_MakePayment	015_case_ids	1732275247906	1732275248827	OK	 
GROUP	Civil_CreateClaim_005_MakePayment	1732275245740	1732275248836	3079	OK
REQUEST	Civil_CreateClaim_010_MakePay	005_PayNow	1732275250838	1732275252623	OK	 
GROUP	Civil_CreateClaim_010_MakePay	1732275250838	1732275252625	1785	OK
REQUEST	Civil_CreateClaim_010_MakePay	005_ConfirmPay	1732275254630	1732275256774	OK	 
GROUP	Civil_CreateClaim_010_MakePay	1732275254627	1732275256776	2144	OK
REQUEST	Civil_UnSpecClaim_10_NotifyDEF	005_jurisdiction	1732275259487	1732275260193	OK	 
REQUEST	Civil_UnSpecClaim_10_NotifyDEF	010_Profile	1732275260196	1732275261714	OK	 
REQUEST	Civil_UnSpecClaim_10_NotifyDEF	015_warning	1732275306720	1732275308456	OK	 
REQUEST	Civil_UnSpecClaim_10_NotifyDEF	020_jurisdiction	1732275308466	1732275309756	OK	 
GROUP	Civil_UnSpecClaim_10_NotifyDEF	1732275259484	1732275309758	5250	OK
REQUEST	Civil_UnSpecClaim_10_NotifyDEF	005_CLAIMAccessGrantedWarning	1732275312671	1732275313344	OK	 
GROUP	Civil_UnSpecClaim_10_NotifyDEF	1732275312667	1732275313345	673	OK
REQUEST	Civil_UnSpecClaim_10_NotifyDEF	330_SubmitNotification	1732275317204	1732275318890	OK	 
REQUEST	Civil_UnSpecClaim_10_NotifyDEF	335_getCases	1732275318897	1732275319834	OK	 
GROUP	Civil_UnSpecClaim_10_NotifyDEF	1732275317202	1732275319840	2623	OK
REQUEST	Civil_UnSpecClaim_10_NotifyDEF	005_APIRoleAssignment	1732275322911	1732275323273	OK	 
GROUP	Civil_UnSpecClaim_10_NotifyDEF	1732275322908	1732275323276	362	OK
REQUEST	Civil_UnSpecClaim_10_NotifyDEF	010_SupportedJurisdiction	1732275323277	1732275323355	OK	 
GROUP	Civil_UnSpecClaim_10_NotifyDEF	1732275323276	1732275323359	78	OK
REQUEST	Civil_UnSpecClaim_10_NotifyDetails	005_jurisdiction	1732275327336	1732275329110	OK	 
REQUEST	Civil_UnSpecClaim_10_NotifyDetails	010_IgnoreWarning	1732275329115	1732275330625	OK	 
REQUEST	Civil_UnSpecClaim_10_NotifyDetails	020_jurisdiction	1732275330644	1732275331365	OK	 
GROUP	Civil_UnSpecClaim_10_NotifyDetails	1732275327333	1732275331367	4005	OK
REQUEST	Civil_UnSpecClaim_10_NotifyDetails	005_DetailsUpload	1732275333997	1732275335163	OK	 
GROUP	Civil_UnSpecClaim_10_NotifyDetails	1732275333995	1732275335166	1166	OK
REQUEST	Civil_UnSpecClaim_10_NotifyDetails	005_SubmitNotifyDetails	1732275337295	1732275338972	OK	 
REQUEST	Civil_UnSpecClaim_10_NotifyDetails	010_getCases	1732275338979	1732275339957	OK	 
GROUP	Civil_UnSpecClaim_10_NotifyDetails	1732275337292	1732275339963	2655	OK
REQUEST	Civil_UnSpecClaim_10_NotifyDetails	005_APIRoleAssignment	1732275342044	1732275342731	OK	 
GROUP	Civil_UnSpecClaim_10_NotifyDetails	1732275342040	1732275342733	687	OK
REQUEST	Civil_UnSpecClaim_10_NotifyDetails	010_SupportedJurisdiction	1732275342736	1732275342832	OK	 
GROUP	Civil_UnSpecClaim_10_NotifyDetails	1732275342733	1732275342835	96	OK
REQUEST		XUI_020_Signout	1732275345469	1732275345709	OK	 
REQUEST		XUI_020_Signout Redirect 1	1732275345711	1732275345747	OK	 
REQUEST		XUI_020_Signout Redirect 2	1732275345749	1732275345889	OK	 
REQUEST		XUI_020_Signout Redirect 3	1732275345890	1732275345966	OK	 
REQUEST	XUI_010_Home	005_Home	1732275349971	1732275350056	OK	 
REQUEST	XUI_010_Home	Common_000_ConfigurationUI	1732275350059	1732275350100	OK	 
REQUEST	XUI_010_Home	Common_000_ConfigJson	1732275350101	1732275350134	OK	 
REQUEST	XUI_010_Home	Common_000_TsAndCs	1732275350135	1732275350165	OK	 
REQUEST	XUI_010_Home	Common_000_ConfigUI	1732275350166	1732275350207	OK	 
REQUEST	XUI_010_Home	Common_000_UserDetails	1732275350210	1732275350257	OK	 
REQUEST	XUI_010_Home	Common_000_IsAuthenticated	1732275350260	1732275350312	OK	 
REQUEST	XUI_010_Home	010_auth	1732275350314	1732275350376	OK	 
REQUEST	XUI_010_Home	010_auth Redirect 1	1732275350379	1732275350410	OK	 
REQUEST	XUI_010_Home	010_auth Redirect 2	1732275350411	1732275350463	OK	 
GROUP	XUI_010_Home	1732275349970	1732275350465	474	OK
REQUEST	XUI_020_Login	005_clientId	1732275353486	1732275353900	OK	 
REQUEST	XUI_020_Login	005_clientId Redirect 1	1732275353903	1732275354610	OK	 
REQUEST	XUI_020_Login	005_clientId Redirect 2	1732275354614	1732275354657	OK	 
REQUEST	XUI_020_Login	Common_000_ConfigurationUI	1732275354662	1732275354716	OK	 
REQUEST	XUI_020_Login	Common_000_ConfigUI	1732275354719	1732275354780	OK	 
REQUEST	XUI_020_Login	Common_000_TsAndCs	1732275354782	1732275354840	OK	 
REQUEST	XUI_020_Login	Common_000_IsAuthenticated	1732275354844	1732275354896	OK	 
REQUEST	XUI_020_Login	Common_000_UserDetails	1732275354900	1732275355482	OK	 
REQUEST	XUI_020_Login	Common_000_MonitoringTools	1732275355484	1732275355547	OK	 
REQUEST	XUI_020_Login	Common_000_IsAuthenticated	1732275355549	1732275355615	OK	 
GROUP	XUI_020_Login	1732275353483	1732275355617	2100	OK
REQUEST	Civil_UnSpecClaim_20_DefResp	CIVIL_AssignCase_000_AssignCase	1732275359528	1732275360918	OK	 
GROUP	Civil_UnSpecClaim_20_DefResp	1732275359524	1732275360920	1390	OK
REQUEST	Civil_UnSpecClaim_20_DefResp	Search_005_WorkBasket	1732275360921	1732275361810	OK	 
REQUEST	Civil_UnSpecClaim_20_DefResp	Search_010_CaseReference	1732275361814	1732275363464	OK	 
GROUP	Civil_UnSpecClaim_20_DefResp	1732275360920	1732275363466	2539	OK
REQUEST	Civil_UnSpecClaim_20_DefResp	OpenCase_005_InternalCases	1732275367337	1732275368292	OK	 
GROUP	Civil_UnSpecClaim_20_DefResp	1732275367336	1732275368293	955	OK
REQUEST	Civil_UnSpecClaim_20_DefResp	OpenCase_010_RoleAssignment	1732275368293	1732275368843	OK	 
GROUP	Civil_UnSpecClaim_20_DefResp	1732275368293	1732275368844	550	OK
REQUEST	Civil_UnSpecClaim_20_DefResp	OpenCase_015_Jurisdiction	1732275368844	1732275368944	OK	 
GROUP	Civil_UnSpecClaim_20_DefResp	1732275368844	1732275368947	100	OK
REQUEST	Civil_UnSpecClaim_20_DefResp	RespToClaim_005_jurisdiction	1732275372239	1732275373344	OK	 
REQUEST	Civil_UnSpecClaim_20_DefResp	RespToClaim_010_Profile	1732275373345	1732275376367	OK	 
REQUEST	Civil_UnSpecClaim_20_DefResp	RespToClaim_015_IgnoreWarning	1732275421377	1732275423069	OK	 
REQUEST	Civil_UnSpecClaim_20_DefResp	RespToClaim_020_jurisdiction	1732275423081	1732275424596	OK	 
GROUP	Civil_UnSpecClaim_20_DefResp	1732275372238	1732275424598	7334	OK
REQUEST	Civil_UnSpecClaim_20_DefResp	ClaimInfo_005_ConfirmDetails	1732275427176	1732275428382	OK	 
GROUP	Civil_UnSpecClaim_20_DefResp	1732275427173	1732275428383	1206	OK
REQUEST	Civil_UnSpecClaim_20_DefResp	RejectClaim_005_RespondentResponseType	1732275430847	1732275432079	OK	 
GROUP	Civil_UnSpecClaim_20_DefResp	1732275430845	1732275432081	1232	OK
REQUEST	Civil_UnSpecClaim_20_DefResp	FileRef_005_SolicitorReferences	1732275434970	1732275435634	OK	 
GROUP	Civil_UnSpecClaim_20_DefResp	1732275434968	1732275435636	664	OK
REQUEST	Civil_UnSpecClaim_20_DefResp	005_UploadDefence	1732275439601	1732275442622	OK	 
GROUP	Civil_UnSpecClaim_20_DefResp	1732275439586	1732275442626	3021	OK
REQUEST	Civil_UnSpecClaim_20_DefResp	010_UploadDefence	1732275446085	1732275447269	OK	 
GROUP	Civil_UnSpecClaim_20_DefResp	1732275446083	1732275447271	1184	OK
REQUEST	Civil_UnSpecClaim_20_DefResp	005_FileDirectionsQuestionnaire	1732275450134	1732275450866	OK	 
GROUP	Civil_UnSpecClaim_20_DefResp	1732275450131	1732275450869	732	OK
REQUEST	Civil_UnSpecClaim_20_DefResp	005_FixedRecoverableCosts	1732275454025	1732275455024	OK	 
GROUP	Civil_UnSpecClaim_20_DefResp	1732275454022	1732275455026	999	OK
REQUEST	Civil_UnSpecClaim_20_DefResp	005_DisclosureOfNonElectronicDocuments	1732275457282	1732275458494	OK	 
GROUP	Civil_UnSpecClaim_20_DefResp	1732275457279	1732275458496	1212	OK
REQUEST	Civil_UnSpecClaim_20_DefResp	005_RESPONSEExperts	1732275462353	1732275463580	OK	 
GROUP	Civil_UnSpecClaim_20_DefResp	1732275462351	1732275463581	1227	OK
REQUEST	Civil_UnSpecClaim_20_DefResp	005_RESPONSEWitnesses	1732275466758	1732275467661	OK	 
GROUP	Civil_UnSpecClaim_20_DefResp	1732275466756	1732275467663	903	OK
REQUEST	Civil_UnSpecClaim_20_DefResp	005_RESPONSELanguage	1732275470559	1732275471142	OK	 
GROUP	Civil_UnSpecClaim_20_DefResp	1732275470556	1732275471143	583	OK
REQUEST	Civil_UnSpecClaim_20_DefResp	005_RESPONSEHearing	1732275474009	1732275475351	OK	 
GROUP	Civil_UnSpecClaim_20_DefResp	1732275474007	1732275475354	1342	OK
REQUEST	Civil_UnSpecClaim_20_DefResp	005_UploadDraftDirection	1732275479005	1732275481703	OK	 
GROUP	Civil_UnSpecClaim_20_DefResp	1732275479001	1732275481707	2698	OK
REQUEST	Civil_UnSpecClaim_20_DefResp	005_RESPONSEDraftDirections	1732275485618	1732275486142	OK	 
GROUP	Civil_UnSpecClaim_20_DefResp	1732275485615	1732275486143	524	OK
REQUEST	Civil_UnSpecClaim_20_DefResp	005_RESPONSERequestedCourt	1732275489939	1732275490756	OK	 
GROUP	Civil_UnSpecClaim_20_DefResp	1732275489936	1732275490759	817	OK
REQUEST	Civil_UnSpecClaim_20_DefResp	005_RESPONSEHearingSupport	1732275493030	1732275494334	OK	 
GROUP	Civil_UnSpecClaim_20_DefResp	1732275493027	1732275494336	1304	OK
REQUEST	Civil_UnSpecClaim_20_DefResp	005_RESPONSEVulnerabilityQuestions	1732275497992	1732275498892	OK	 
GROUP	Civil_UnSpecClaim_20_DefResp	1732275497989	1732275498894	900	OK
REQUEST	Civil_UnSpecClaim_20_DefResp	005_RESPONSEFurtherInformation	1732275502803	1732275503400	OK	 
GROUP	Civil_UnSpecClaim_20_DefResp	1732275502801	1732275503401	597	OK
REQUEST	Civil_UnSpecClaim_20_DefResp	005_RESPONSEStatementOfTruth	1732275507393	1732275509884	OK	 
GROUP	Civil_UnSpecClaim_20_DefResp	1732275507390	1732275509886	2491	OK
REQUEST	Civil_UnSpecClaim_20_DefResp	005_Submit	1732275512318	1732275515924	OK	 
REQUEST	Civil_UnSpecClaim_20_DefResp	010_DefenceSubmitted	1732275515933	1732275517659	OK	 
GROUP	Civil_UnSpecClaim_20_DefResp	1732275512315	1732275517663	5332	OK
REQUEST		XUI_020_Signout	1732275520925	1732275521292	OK	 
REQUEST		XUI_020_Signout Redirect 1	1732275521292	1732275521327	OK	 
REQUEST		XUI_020_Signout Redirect 2	1732275521327	1732275521439	OK	 
REQUEST		XUI_020_Signout Redirect 3	1732275521440	1732275521497	OK	 
REQUEST	XUI_010_Home	005_Home	1732275525499	1732275525528	OK	 
REQUEST	XUI_010_Home	Common_000_ConfigurationUI	1732275525528	1732275525567	OK	 
REQUEST	XUI_010_Home	Common_000_ConfigJson	1732275525568	1732275525594	OK	 
REQUEST	XUI_010_Home	Common_000_TsAndCs	1732275525595	1732275525627	OK	 
REQUEST	XUI_010_Home	Common_000_ConfigUI	1732275525627	1732275525657	OK	 
REQUEST	XUI_010_Home	Common_000_UserDetails	1732275525657	1732275525692	OK	 
REQUEST	XUI_010_Home	Common_000_IsAuthenticated	1732275525693	1732275525725	OK	 
REQUEST	XUI_010_Home	010_auth	1732275525725	1732275525759	OK	 
REQUEST	XUI_010_Home	010_auth Redirect 1	1732275525760	1732275525792	OK	 
REQUEST	XUI_010_Home	010_auth Redirect 2	1732275525793	1732275525842	OK	 
GROUP	XUI_010_Home	1732275525499	1732275525842	338	OK
REQUEST	XUI_020_Login	005_clientId	1732275528462	1732275528724	OK	 
REQUEST	XUI_020_Login	005_clientId Redirect 1	1732275528726	1732275529455	OK	 
REQUEST	XUI_020_Login	005_clientId Redirect 2	1732275529457	1732275529530	OK	 
REQUEST	XUI_020_Login	Common_000_ConfigurationUI	1732275529531	1732275529570	OK	 
REQUEST	XUI_020_Login	Common_000_ConfigUI	1732275529571	1732275529607	OK	 
REQUEST	XUI_020_Login	Common_000_TsAndCs	1732275529608	1732275529722	OK	 
REQUEST	XUI_020_Login	Common_000_IsAuthenticated	1732275529723	1732275529776	OK	 
REQUEST	XUI_020_Login	Common_000_UserDetails	1732275529777	1732275530251	OK	 
REQUEST	XUI_020_Login	Common_000_MonitoringTools	1732275530253	1732275530328	OK	 
REQUEST	XUI_020_Login	Common_000_IsAuthenticated	1732275530329	1732275530395	OK	 
GROUP	XUI_020_Login	1732275528461	1732275530397	1921	OK
REQUEST	Civil_UnSpecClaim_30_ClaimantResp	SearchCase_005_CaseReference	1732275533284	1732275534578	OK	 
REQUEST	Civil_UnSpecClaim_30_ClaimantResp	OpenCase_005_InternalCases	1732275534579	1732275535882	OK	 
GROUP	Civil_UnSpecClaim_30_ClaimantResp	1732275533282	1732275535883	2597	OK
REQUEST	Civil_UnSpecClaim_30_ClaimantResp	OpenCase_015_RoleAssignment	1732275535883	1732275536324	OK	 
GROUP	Civil_UnSpecClaim_30_ClaimantResp	1732275535883	1732275536326	441	OK
REQUEST	Civil_UnSpecClaim_30_ClaimantResp	OpenCase_020_Jurisdiction	1732275536328	1732275536666	OK	 
GROUP	Civil_UnSpecClaim_30_ClaimantResp	1732275536326	1732275536668	338	OK
REQUEST	Civil_UnSpecClaim_30_ClaimantResp	RespToDef_005_Jurisdiction	1732275539614	1732275540582	OK	 
REQUEST	Civil_UnSpecClaim_30_ClaimantResp	RespToDef_010_profile	1732275540583	1732275542040	OK	 
REQUEST	Civil_UnSpecClaim_30_ClaimantResp	RespToDef_015_IgnoreWarning	1732275542041	1732275544401	OK	 
REQUEST	Civil_UnSpecClaim_30_ClaimantResp	RespToDef_020_jurisdiction	1732275544411	1732275545719	OK	 
GROUP	Civil_UnSpecClaim_30_ClaimantResp	1732275539613	1732275545720	6093	OK
REQUEST	Civil_UnSpecClaim_30_ClaimantResp	005_RespondentResponse	1732275548857	1732275550743	OK	 
GROUP	Civil_UnSpecClaim_30_ClaimantResp	1732275548857	1732275550743	1886	OK
REQUEST	Civil_UnSpecClaim_30_ClaimantResp	005_DefenceResponseDocument	1732275554262	1732275555313	OK	 
GROUP	Civil_UnSpecClaim_30_ClaimantResp	1732275554261	1732275555314	1051	OK
REQUEST	Civil_UnSpecClaim_30_ClaimantResp	005_FileDirectionsQuestionnaire	1732275559303	1732275560446	OK	 
GROUP	Civil_UnSpecClaim_30_ClaimantResp	1732275559301	1732275560447	1143	OK
REQUEST	Civil_UnSpecClaim_30_ClaimantResp	005_FixedRecoverableCosts	1732275563858	1732275564632	OK	 
GROUP	Civil_UnSpecClaim_30_ClaimantResp	1732275563858	1732275564632	774	OK
REQUEST	Civil_UnSpecClaim_30_ClaimantResp	005_DisclosureOfNonElectronicDocuments	1732275567760	1732275568427	OK	 
GROUP	Civil_UnSpecClaim_30_ClaimantResp	1732275567757	1732275568429	667	OK
REQUEST	Civil_UnSpecClaim_30_ClaimantResp	005_Experts	1732275570768	1732275572063	OK	 
GROUP	Civil_UnSpecClaim_30_ClaimantResp	1732275570765	1732275572065	1295	OK
REQUEST	Civil_UnSpecClaim_30_ClaimantResp	005_Witnesses	1732275576062	1732275577036	OK	 
GROUP	Civil_UnSpecClaim_30_ClaimantResp	1732275576060	1732275577039	974	OK
REQUEST	Civil_UnSpecClaim_30_ClaimantResp	005_Language	1732275579090	1732275579893	OK	 
GROUP	Civil_UnSpecClaim_30_ClaimantResp	1732275579089	1732275579894	803	OK
REQUEST	Civil_UnSpecClaim_30_ClaimantResp	005_Hearing	1732275582594	1732275584056	OK	 
GROUP	Civil_UnSpecClaim_30_ClaimantResp	1732275582592	1732275584058	1462	OK
REQUEST	Civil_UnSpecClaim_30_ClaimantResp	005_UploadDraftDirection	1732275587858	1732275588834	OK	 
GROUP	Civil_UnSpecClaim_30_ClaimantResp	1732275587856	1732275588835	976	OK
REQUEST	Civil_UnSpecClaim_30_ClaimantResp	010_DraftDirections	1732275591285	1732275591873	OK	 
GROUP	Civil_UnSpecClaim_30_ClaimantResp	1732275591285	1732275591873	588	OK
REQUEST	Civil_UnSpecClaim_30_ClaimantResp	005_HearingSupport	1732275594515	1732275595198	OK	 
GROUP	Civil_UnSpecClaim_30_ClaimantResp	1732275594514	1732275595199	683	OK
REQUEST	Civil_UnSpecClaim_30_ClaimantResp	005_VulnerabilityQuestions	1732275598889	1732275599352	OK	 
GROUP	Civil_UnSpecClaim_30_ClaimantResp	1732275598887	1732275599352	463	OK
REQUEST	Civil_UnSpecClaim_30_ClaimantResp	005_FurtherInformation	1732275601981	1732275602523	OK	 
GROUP	Civil_UnSpecClaim_30_ClaimantResp	1732275601979	1732275602525	542	OK
REQUEST	Civil_UnSpecClaim_30_ClaimantResp	005_StatementOfTruth	1732275606046	1732275607435	OK	 
GROUP	Civil_UnSpecClaim_30_ClaimantResp	1732275606046	1732275607435	1389	OK
REQUEST	Civil_UnSpecClaim_30_ClaimantResp	005_Submit	1732275610834	1732275613686	OK	 
REQUEST	Civil_UnSpecClaim_30_ClaimantResp	010_ProceedWithClaim	1732275613689	1732275615253	OK	 
GROUP	Civil_UnSpecClaim_30_ClaimantResp	1732275610832	1732275615255	4416	OK
REQUEST		XUI_020_Signout	1732275617585	1732275617990	OK	 
REQUEST		XUI_020_Signout Redirect 1	1732275617991	1732275618055	OK	 
REQUEST		XUI_020_Signout Redirect 2	1732275618056	1732275618346	OK	 
REQUEST		XUI_020_Signout Redirect 3	1732275618347	1732275618410	OK	 
REQUEST	XUI_010_Home	005_Home	1732275622413	1732275622460	OK	 
REQUEST	XUI_010_Home	Common_000_ConfigurationUI	1732275622460	1732275622497	OK	 
REQUEST	XUI_010_Home	Common_000_ConfigJson	1732275622498	1732275622522	OK	 
REQUEST	XUI_010_Home	Common_000_TsAndCs	1732275622522	1732275622552	OK	 
REQUEST	XUI_010_Home	Common_000_ConfigUI	1732275622552	1732275622575	OK	 
REQUEST	XUI_010_Home	Common_000_UserDetails	1732275622575	1732275622606	OK	 
REQUEST	XUI_010_Home	Common_000_IsAuthenticated	1732275622606	1732275622638	OK	 
REQUEST	XUI_010_Home	010_auth	1732275622638	1732275622669	OK	 
REQUEST	XUI_010_Home	010_auth Redirect 1	1732275622669	1732275622699	OK	 
REQUEST	XUI_010_Home	010_auth Redirect 2	1732275622699	1732275622745	OK	 
GROUP	XUI_010_Home	1732275622413	1732275622745	331	OK
REQUEST	XUI_020_Login	005_clientId	1732275625113	1732275625207	OK	 
REQUEST	XUI_020_Login	005_clientId Redirect 1	1732275625209	1732275626498	OK	 
REQUEST	XUI_020_Login	005_clientId Redirect 2	1732275626499	1732275626539	OK	 
REQUEST	XUI_020_Login	Common_000_ConfigurationUI	1732275626540	1732275626578	OK	 
REQUEST	XUI_020_Login	Common_000_ConfigUI	1732275626579	1732275626612	OK	 
REQUEST	XUI_020_Login	Common_000_TsAndCs	1732275626612	1732275626637	OK	 
REQUEST	XUI_020_Login	Common_000_IsAuthenticated	1732275626638	1732275626672	OK	 
REQUEST	XUI_020_Login	Common_000_UserDetails	1732275626673	1732275627097	OK	 
REQUEST	XUI_020_Login	