RUN	uk.gov.hmcts.reform.civildamage.performance.simulations.SimulateScenario	simulatescenario	1732295758761	 	3.12.0
USER	UnSpec_CreateClaim	START	1732295759282
REQUEST	XUI_010_Home	005_Home	1732295759280	1732295759593	OK	 
REQUEST	XUI_010_Home	Common_000_ConfigurationUI	1732295759613	1732295759650	OK	 
REQUEST	XUI_010_Home	Common_000_ConfigJson	1732295759651	1732295759684	OK	 
REQUEST	XUI_010_Home	Common_000_TsAndCs	1732295759685	1732295759723	OK	 
REQUEST	XUI_010_Home	Common_000_ConfigUI	1732295759723	1732295759757	OK	 
REQUEST	XUI_010_Home	Common_000_UserDetails	1732295759758	1732295759797	OK	 
REQUEST	XUI_010_Home	Common_000_IsAuthenticated	1732295759803	1732295759846	OK	 
REQUEST	XUI_010_Home	010_auth	1732295759849	1732295759880	OK	 
REQUEST	XUI_010_Home	010_auth Redirect 1	1732295759886	1732295759968	OK	 
REQUEST	XUI_010_Home	010_auth Redirect 2	1732295759972	1732295760086	OK	 
GROUP	XUI_010_Home	1732295759273	1732295760095	764	OK
REQUEST	XUI_020_Login	005_clientId	1732295763794	1732295764159	OK	 
REQUEST	XUI_020_Login	005_clientId Redirect 1	1732295764168	1732295764829	OK	 
REQUEST	XUI_020_Login	005_clientId Redirect 2	1732295764833	1732295764868	OK	 
REQUEST	XUI_020_Login	Common_000_ConfigurationUI	1732295764869	1732295764904	OK	 
REQUEST	XUI_020_Login	Common_000_ConfigUI	1732295764907	1732295764938	OK	 
REQUEST	XUI_020_Login	Common_000_TsAndCs	1732295764940	1732295764974	OK	 
REQUEST	XUI_020_Login	Common_000_IsAuthenticated	1732295764976	1732295765006	OK	 
REQUEST	XUI_020_Login	Common_000_UserDetails	1732295765011	1732295765835	OK	 
REQUEST	XUI_020_Login	Common_000_MonitoringTools	1732295765838	1732295765917	OK	 
REQUEST	XUI_020_Login	Common_000_IsAuthenticated	1732295765945	1732295766073	OK	 
GROUP	XUI_020_Login	1732295763787	1732295766079	2222	OK
REQUEST	CivilDamage_UnSpecClaim_10_00_LandingPage	Jurisdictions	1732295768112	1732295769969	OK	 
REQUEST	CivilDamage_UnSpecClaim_10_00_LandingPage	Organisation	1732295769973	1732295771494	OK	 
GROUP	CivilDamage_UnSpecClaim_10_00_LandingPage	1732295768109	1732295771496	3378	OK
REQUEST	CivilDamage_UnSpecClaim_10_01_CreateCase	create	1732295773612	1732295773827	OK	 
GROUP	CivilDamage_UnSpecClaim_10_01_CreateCase	1732295773610	1732295773831	215	OK
REQUEST	CivilDamage_UnSpecClaim_10_02_CreateCase	IgnoreWarning	1732295776277	1732295777969	OK	 
GROUP	CivilDamage_UnSpecClaim_10_02_CreateCase	1732295776275	1732295778010	1692	OK
REQUEST	CivilDamage_UnSpecClaim_10_03_CreateCase	CLAIMEligibility	1732295781771	1732295783181	OK	 
GROUP	CivilDamage_UnSpecClaim_10_03_CreateCase	1732295781769	1732295783183	1410	OK
REQUEST	CivilDamage_UnSpecClaim_10_04_CreateCase	CLAIMReferences	1732295787001	1732295787841	OK	 
GROUP	CivilDamage_UnSpecClaim_10_04_CreateCase	1732295786997	1732295787842	840	OK
REQUEST	CivilDamage_UnSpecClaim_10_05_CreateCase	CLAIMCourt	1732295791686	1732295793539	OK	 
GROUP	CivilDamage_UnSpecClaim_10_05_CreateCase	1732295791684	1732295793541	1853	OK
REQUEST	CivilDamage_UnSpecClaim_10_06_CreateCase	postcode	1732295796824	1732295798114	OK	 
GROUP	CivilDamage_UnSpecClaim_10_06_CreateCase	1732295796821	1732295798116	1290	OK
REQUEST	CivilDamage_UnSpecClaim_10_07_CreateCase	CLAIMClaimant	1732295801164	1732295803056	OK	 
GROUP	CivilDamage_UnSpecClaim_10_07_CreateCase	1732295801161	1732295803059	1892	OK
REQUEST	CivilDamage_UnSpecClaim_10_08_CreateCase	CREATE_CLAIMClaimantLitigationFriend	1732295805497	1732295806659	OK	 
GROUP	CivilDamage_UnSpecClaim_10_08_CreateCase	1732295805495	1732295806662	1162	OK
REQUEST	CivilDamage_UnSpecClaim_10_09_CreateCase	CREATE_CLAIMNotifications	1732295810613	1732295811522	OK	 
GROUP	CivilDamage_UnSpecClaim_10_09_CreateCase	1732295810610	1732295811524	909	OK
REQUEST	CivilDamage_UnSpecClaim_10_10_CreateCase	ClaimantSolicitorOrganisation	1732295814880	1732295815630	OK	 
GROUP	CivilDamage_UnSpecClaim_10_10_CreateCase	1732295814877	1732295815632	750	OK
REQUEST	CivilDamage_UnSpecClaim_10_11_CreateCase	ClaimantSolicitorAddres	1732295818874	1732295819613	OK	 
GROUP	CivilDamage_UnSpecClaim_10_11_CreateCase	1732295818872	1732295819615	739	OK
REQUEST	CivilDamage_UnSpecClaim_10_12_CreateCase	AddAnotherClaimant	1732295822053	1732295823018	OK	 
GROUP	CivilDamage_UnSpecClaim_10_12_CreateCase	1732295822050	1732295823018	965	OK
REQUEST	CivilDamage_UnSpecClaim_10_13_CreateCase	postcode	1732295825261	1732295826373	OK	 
GROUP	CivilDamage_UnSpecClaim_10_13_CreateCase	1732295825258	1732295826378	1112	OK
REQUEST	CivilDamage_UnSpecClaim_10_14_CreateCase	CLAIMDefendant	1732295828540	1732295829415	OK	 
GROUP	CivilDamage_UnSpecClaim_10_14_CreateCase	1732295828538	1732295829417	875	OK
REQUEST	CivilDamage_UnSpecClaim_10_15_CreateCase	LegalRepresentation	1732295832352	1732295833152	OK	 
GROUP	CivilDamage_UnSpecClaim_10_15_CreateCase	1732295832351	1732295833154	800	OK
REQUEST	CivilDamage_UnSpecClaim_10_16_CreateCase	DefendantSolicitorOrganisation	1732295835898	1732295837554	OK	 
GROUP	CivilDamage_UnSpecClaim_10_16_CreateCase	1732295835893	1732295837557	1656	OK
REQUEST	CivilDamage_UnSpecClaim_10_17_CreateCase	DefendantSolicitorServiceAddress	1732295840613	1732295841129	OK	 
GROUP	CivilDamage_UnSpecClaim_10_17_CreateCase	1732295840611	1732295841131	516	OK
REQUEST	CivilDamage_UnSpecClaim_10_18_CreateCase	CLAIMAddAnotherDefendant	1732295843234	1732295844276	OK	 
GROUP	CivilDamage_UnSpecClaim_10_18_CreateCase	1732295843230	1732295844280	1042	OK
REQUEST	CivilDamage_UnSpecClaim_10_19_CreateCase	AddAnotherDefendant	1732295847228	1732295847783	OK	 
GROUP	CivilDamage_UnSpecClaim_10_19_CreateCase	1732295847226	1732295847785	555	OK
REQUEST	CivilDamage_UnSpecClaim_10_20_CreateCase	CLAIMClaimType	1732295849860	1732295850975	OK	 
GROUP	CivilDamage_UnSpecClaim_10_20_CreateCase	1732295849855	1732295850981	1115	OK
REQUEST	CivilDamage_UnSpecClaim_10_21_CreateCase	CLAIMDetails	1732295853757	1732295854462	OK	 
GROUP	CivilDamage_UnSpecClaim_10_21_CreateCase	1732295853754	1732295854465	705	OK
REQUEST	CivilDamage_UnSpecClaim_10_22_CreateCase	CLAIMUploadParticularsOfClaim	1732295857187	1732295857755	OK	 
GROUP	CivilDamage_UnSpecClaim_10_22_CreateCase	1732295857186	1732295857756	568	OK
REQUEST	CivilDamage_UnSpecClaim_10_23_CreateCase	CLAIMClaimValue	1732295860941	1732295863875	OK	 
GROUP	CivilDamage_UnSpecClaim_10_23_CreateCase	1732295860938	1732295863882	2934	OK
REQUEST	CivilDamage_UnSpecClaim_10_24_CreateCase	CLAIMPbaNumber	1732295867210	1732295867764	OK	 
GROUP	CivilDamage_UnSpecClaim_10_24_CreateCase	1732295867205	1732295867766	554	OK
REQUEST	CivilDamage_UnSpecClaim_10_25_CreateCase	StatementOfTruth	1732295871659	1732295872681	OK	 
GROUP	CivilDamage_UnSpecClaim_10_25_CreateCase	1732295871657	1732295872682	1022	OK
REQUEST	CivilDamage_UnSpecClaim_10_26_CreateCase	Submit_Claim	1732295875008	1732295879430	OK	 
GROUP	CivilDamage_UnSpecClaim_10_26_CreateCase	1732295875005	1732295879449	4422	OK
REQUEST	CivilDamage_UnSpecClaim_10_27_CaseCreated	CaseCreated	1732295882401	1732295883227	OK	 
GROUP	CivilDamage_UnSpecClaim_10_27_CaseCreated	1732295882398	1732295883231	826	OK
REQUEST	Civil_CreateClaim_005_MakePayment	005_PaymentGroups	1732295893238	1732295895149	OK	 
REQUEST	Civil_CreateClaim_005_MakePayment	010_ServiceTab	1732295895160	1732295895278	OK	 
REQUEST	Civil_CreateClaim_005_MakePayment	015_case_ids	1732295895281	1732295895622	OK	 
GROUP	Civil_CreateClaim_005_MakePayment	1732295893232	1732295895644	2370	OK
REQUEST	Civil_CreateClaim_010_MakePay	005_PayNow	1732295897648	1732295898878	OK	 
GROUP	Civil_CreateClaim_010_MakePay	1732295897646	1732295898880	1230	OK
REQUEST	Civil_CreateClaim_010_MakePay	005_ConfirmPay	1732295900885	1732295903232	OK	 
GROUP	Civil_CreateClaim_010_MakePay	1732295900882	1732295903234	2347	OK
REQUEST	Civil_UnSpecClaim_10_NotifyDEF	005_jurisdiction	1732295905483	1732295907232	OK	 
REQUEST	Civil_UnSpecClaim_10_NotifyDEF	010_Profile	1732295907236	1732295908338	OK	 
REQUEST	Civil_UnSpecClaim_10_NotifyDEF	015_warning	1732295953346	1732295954748	OK	 
REQUEST	Civil_UnSpecClaim_10_NotifyDEF	020_jurisdiction	1732295954764	1732295956319	OK	 
GROUP	Civil_UnSpecClaim_10_NotifyDEF	1732295905480	1732295956322	5808	OK
REQUEST	Civil_UnSpecClaim_10_NotifyDEF	005_CLAIMAccessGrantedWarning	1732295960231	1732295961197	OK	 
GROUP	Civil_UnSpecClaim_10_NotifyDEF	1732295960229	1732295961199	966	OK
REQUEST	Civil_UnSpecClaim_10_NotifyDEF	330_SubmitNotification	1732295964714	1732295966182	OK	 
REQUEST	Civil_UnSpecClaim_10_NotifyDEF	335_getCases	1732295966186	1732295966925	OK	 
GROUP	Civil_UnSpecClaim_10_NotifyDEF	1732295964711	1732295966933	2207	OK
REQUEST	Civil_UnSpecClaim_10_NotifyDEF	005_APIRoleAssignment	1732295970575	1732295970965	OK	 
GROUP	Civil_UnSpecClaim_10_NotifyDEF	1732295970571	1732295970967	390	OK
REQUEST	Civil_UnSpecClaim_10_NotifyDEF	010_SupportedJurisdiction	1732295970968	1732295971142	OK	 
GROUP	Civil_UnSpecClaim_10_NotifyDEF	1732295970967	1732295971143	174	OK
REQUEST	Civil_UnSpecClaim_10_NotifyDetails	005_jurisdiction	1732295974734	1732295975184	OK	 
REQUEST	Civil_UnSpecClaim_10_NotifyDetails	010_IgnoreWarning	1732295975188	1732295976334	OK	 
REQUEST	Civil_UnSpecClaim_10_NotifyDetails	020_jurisdiction	1732295976341	1732295977534	OK	 
GROUP	Civil_UnSpecClaim_10_NotifyDetails	1732295974731	1732295977536	2789	OK
REQUEST	Civil_UnSpecClaim_10_NotifyDetails	005_DetailsUpload	1732295980370	1732295980897	OK	 
GROUP	Civil_UnSpecClaim_10_NotifyDetails	1732295980369	1732295980898	527	OK
REQUEST	Civil_UnSpecClaim_10_NotifyDetails	005_SubmitNotifyDetails	1732295983514	1732295985525	OK	 
REQUEST	Civil_UnSpecClaim_10_NotifyDetails	010_getCases	1732295985528	1732295986348	OK	 
GROUP	Civil_UnSpecClaim_10_NotifyDetails	1732295983511	1732295986352	2831	OK
REQUEST	Civil_UnSpecClaim_10_NotifyDetails	005_APIRoleAssignment	1732295989370	1732295989717	OK	 
GROUP	Civil_UnSpecClaim_10_NotifyDetails	1732295989369	1732295989718	347	OK
REQUEST	Civil_UnSpecClaim_10_NotifyDetails	010_SupportedJurisdiction	1732295989720	1732295989800	OK	 
GROUP	Civil_UnSpecClaim_10_NotifyDetails	1732295989719	1732295989802	80	OK
REQUEST		XUI_020_Signout	1732295991949	1732295992367	OK	 
REQUEST		XUI_020_Signout Redirect 1	1732295992368	1732295992397	OK	 
REQUEST		XUI_020_Signout Redirect 2	1732295992399	1732295992538	OK	 
REQUEST		XUI_020_Signout Redirect 3	1732295992540	1732295992615	OK	 
REQUEST	XUI_010_Home	005_Home	1732295996622	1732295996666	OK	 
REQUEST	XUI_010_Home	Common_000_ConfigurationUI	1732295996669	1732295996710	OK	 
REQUEST	XUI_010_Home	Common_000_ConfigJson	1732295996713	1732295996747	OK	 
REQUEST	XUI_010_Home	Common_000_TsAndCs	1732295996749	1732295996778	OK	 
REQUEST	XUI_010_Home	Common_000_ConfigUI	1732295996780	1732295996810	OK	 
REQUEST	XUI_010_Home	Common_000_UserDetails	1732295996813	1732295996850	OK	 
REQUEST	XUI_010_Home	Common_000_IsAuthenticated	1732295996851	1732295996900	OK	 
REQUEST	XUI_010_Home	010_auth	1732295996903	1732295996934	OK	 
REQUEST	XUI_010_Home	010_auth Redirect 1	1732295996936	1732295996973	OK	 
REQUEST	XUI_010_Home	010_auth Redirect 2	1732295996974	1732295997082	OK	 
GROUP	XUI_010_Home	1732295996621	1732295997085	440	OK
REQUEST	XUI_020_Login	005_clientId	1732296000464	1732296000590	OK	 
REQUEST	XUI_020_Login	005_clientId Redirect 1	1732296000592	1732296001237	OK	 
REQUEST	XUI_020_Login	005_clientId Redirect 2	1732296001239	1732296001345	OK	 
REQUEST	XUI_020_Login	Common_000_ConfigurationUI	1732296001348	1732296001394	OK	 
REQUEST	XUI_020_Login	Common_000_ConfigUI	1732296001397	1732296001433	OK	 
REQUEST	XUI_020_Login	Common_000_TsAndCs	1732296001435	1732296001480	OK	 
REQUEST	XUI_020_Login	Common_000_IsAuthenticated	1732296001482	1732296001513	OK	 
REQUEST	XUI_020_Login	Common_000_UserDetails	1732296001515	1732296002007	OK	 
REQUEST	XUI_020_Login	Common_000_MonitoringTools	1732296002008	1732296002070	OK	 
REQUEST	XUI_020_Login	Common_000_IsAuthenticated	1732296002071	1732296002133	OK	 
GROUP	XUI_020_Login	1732296000461	1732296002135	1651	OK
REQUEST	Civil_UnSpecClaim_20_DefResp	Land_005_Jurisdictions	1732296004572	1732296006970	OK	 
REQUEST	Civil_UnSpecClaim_20_DefResp	Land_010_Organisation	1732296006975	1732296007933	OK	 
GROUP	Civil_UnSpecClaim_20_DefResp	1732296004570	1732296007935	3356	OK
REQUEST	Civil_UnSpecClaim_20_DefResp	CIVIL_AssignCase_000_AssignCase	1732296010771	1732296011618	OK	 
GROUP	Civil_UnSpecClaim_20_DefResp	1732296010768	1732296011620	847	OK
REQUEST	Civil_UnSpecClaim_20_DefResp	Search_005_WorkBasket	1732296011621	1732296012540	OK	 
REQUEST	Civil_UnSpecClaim_20_DefResp	Search_010_CaseReference	1732296012543	1732296014192	OK	 
GROUP	Civil_UnSpecClaim_20_DefResp	1732296011620	1732296014194	2568	OK
REQUEST	Civil_UnSpecClaim_20_DefResp	OpenCase_005_InternalCases	1732296017303	1732296019236	OK	 
GROUP	Civil_UnSpecClaim_20_DefResp	1732296017300	1732296019239	1933	OK
REQUEST	Civil_UnSpecClaim_20_DefResp	OpenCase_010_RoleAssignment	1732296019240	1732296019622	OK	 
GROUP	Civil_UnSpecClaim_20_DefResp	1732296019239	1732296019624	382	OK
REQUEST	Civil_UnSpecClaim_20_DefResp	OpenCase_015_Jurisdiction	1732296019626	1732296019773	OK	 
GROUP	Civil_UnSpecClaim_20_DefResp	1732296019624	1732296019775	147	OK
REQUEST	Civil_UnSpecClaim_20_DefResp	RespToClaim_005_jurisdiction	1732296022548	1732296024009	OK	 
REQUEST	Civil_UnSpecClaim_20_DefResp	RespToClaim_010_Profile	1732296024013	1732296026894	OK	 
REQUEST	Civil_UnSpecClaim_20_DefResp	RespToClaim_015_IgnoreWarning	1732296071904	1732296074229	OK	 
REQUEST	Civil_UnSpecClaim_20_DefResp	RespToClaim_020_jurisdiction	1732296074247	1732296075447	OK	 
GROUP	Civil_UnSpecClaim_20_DefResp	1732296022545	1732296075449	7867	OK
REQUEST	Civil_UnSpecClaim_20_DefResp	ClaimInfo_005_ConfirmDetails	1732296077975	1732296078802	OK	 
GROUP	Civil_UnSpecClaim_20_DefResp	1732296077973	1732296078804	827	OK
REQUEST	Civil_UnSpecClaim_20_DefResp	RejectClaim_005_RespondentResponseType	1732296081995	1732296082790	OK	 
GROUP	Civil_UnSpecClaim_20_DefResp	1732296081994	1732296082790	795	OK
REQUEST	Civil_UnSpecClaim_20_DefResp	FileRef_005_SolicitorReferences	1732296086708	1732296087657	OK	 
GROUP	Civil_UnSpecClaim_20_DefResp	1732296086708	1732296087658	949	OK
REQUEST	Civil_UnSpecClaim_20_DefResp	005_UploadDefence	1732296090011	1732296091974	OK	 
GROUP	Civil_UnSpecClaim_20_DefResp	1732296089991	1732296091976	1963	OK
REQUEST	Civil_UnSpecClaim_20_DefResp	010_UploadDefence	1732296101978	1732296102554	OK	 
GROUP	Civil_UnSpecClaim_20_DefResp	1732296101977	1732296102556	576	OK
REQUEST	Civil_UnSpecClaim_20_DefResp	005_FileDirectionsQuestionnaire	1732296105479	1732296106135	OK	 
GROUP	Civil_UnSpecClaim_20_DefResp	1732296105478	1732296106135	656	OK
REQUEST	Civil_UnSpecClaim_20_DefResp	005_FixedRecoverableCosts	1732296108142	1732296109191	OK	 
GROUP	Civil_UnSpecClaim_20_DefResp	1732296108141	1732296109192	1049	OK
REQUEST	Civil_UnSpecClaim_20_DefResp	005_DisclosureOfNonElectronicDocuments	1732296111870	1732296112794	OK	 
GROUP	Civil_UnSpecClaim_20_DefResp	1732296111867	1732296112796	924	OK
REQUEST	Civil_UnSpecClaim_20_DefResp	005_RESPONSEExperts	1732296115584	1732296116375	OK	 
GROUP	Civil_UnSpecClaim_20_DefResp	1732296115581	1732296116376	791	OK
REQUEST	Civil_UnSpecClaim_20_DefResp	005_RESPONSEWitnesses	1732296120091	1732296121556	OK	 
GROUP	Civil_UnSpecClaim_20_DefResp	1732296120089	1732296121557	1465	OK
REQUEST	Civil_UnSpecClaim_20_DefResp	005_RESPONSELanguage	1732296124967	1732296125621	OK	 
GROUP	Civil_UnSpecClaim_20_DefResp	1732296124965	1732296125622	654	OK
REQUEST	Civil_UnSpecClaim_20_DefResp	005_RESPONSEHearing	1732296128805	1732296130119	OK	 
GROUP	Civil_UnSpecClaim_20_DefResp	1732296128803	1732296130120	1314	OK
REQUEST	Civil_UnSpecClaim_20_DefResp	005_UploadDraftDirection	1732296132707	1732296134358	OK	 
GROUP	Civil_UnSpecClaim_20_DefResp	1732296132703	1732296134362	1651	OK
REQUEST	Civil_UnSpecClaim_20_DefResp	005_RESPONSEDraftDirections	1732296137362	1732296139317	OK	 
GROUP	Civil_UnSpecClaim_20_DefResp	1732296137360	1732296139317	1955	OK
REQUEST	Civil_UnSpecClaim_20_DefResp	005_RESPONSERequestedCourt	1732296142565	1732296143237	OK	 
GROUP	Civil_UnSpecClaim_20_DefResp	1732296142563	1732296143239	672	OK
REQUEST	Civil_UnSpecClaim_20_DefResp	005_RESPONSEHearingSupport	1732296145330	1732296146697	OK	 
GROUP	Civil_UnSpecClaim_20_DefResp	1732296145327	1732296146699	1367	OK
REQUEST	Civil_UnSpecClaim_20_DefResp	005_RESPONSEVulnerabilityQuestions	1732296150622	1732296151161	OK	 
GROUP	Civil_UnSpecClaim_20_DefResp	1732296150621	1732296151161	539	OK
REQUEST	Civil_UnSpecClaim_20_DefResp	005_RESPONSEFurtherInformation	1732296153904	1732296155126	OK	 
GROUP	Civil_UnSpecClaim_20_DefResp	1732296153903	1732296155128	1222	OK
REQUEST	Civil_UnSpecClaim_20_DefResp	005_RESPONSEStatementOfTruth	1732296158007	1732296159580	OK	 
GROUP	Civil_UnSpecClaim_20_DefResp	1732296158004	1732296159581	1573	OK
REQUEST	Civil_UnSpecClaim_20_DefResp	005_Submit	1732296163472	1732296168317	OK	 
REQUEST	Civil_UnSpecClaim_20_DefResp	010_DefenceSubmitted	1732296168321	1732296169699	OK	 
GROUP	Civil_UnSpecClaim_20_DefResp	1732296163469	1732296169702	6223	OK
REQUEST		XUI_020_Signout	1732296172909	1732296173211	OK	 
REQUEST		XUI_020_Signout Redirect 1	1732296173213	1732296173246	OK	 
REQUEST		XUI_020_Signout Redirect 2	1732296173248	1732296173347	OK	 
REQUEST		XUI_020_Signout Redirect 3	1732296173348	1732296173400	OK	 
REQUEST	XUI_010_Home	005_Home	1732296177405	1732296177447	OK	 
REQUEST	XUI_010_Home	Common_000_ConfigurationUI	1732296177450	1732296177511	OK	 
REQUEST	XUI_010_Home	Common_000_ConfigJson	1732296177513	1732296177544	OK	 
REQUEST	XUI_010_Home	Common_000_TsAndCs	1732296177546	1732296177581	OK	 
REQUEST	XUI_010_Home	Common_000_ConfigUI	1732296177582	1732296177617	OK	 
REQUEST	XUI_010_Home	Common_000_UserDetails	1732296177619	1732296177648	OK	 
REQUEST	XUI_010_Home	Common_000_IsAuthenticated	1732296177650	1732296177684	OK	 
REQUEST	XUI_010_Home	010_auth	1732296177686	1732296177746	OK	 
REQUEST	XUI_010_Home	010_auth Redirect 1	1732296177748	1732296177776	OK	 
REQUEST	XUI_010_Home	010_auth Redirect 2	1732296177779	1732296177830	OK	 
GROUP	XUI_010_Home	1732296177404	1732296177834	406	OK
REQUEST	XUI_020_Login	005_clientId	1732296180925	1732296181208	OK	 
REQUEST	XUI_020_Login	005_clientId Redirect 1	1732296181210	1732296181720	OK	 
REQUEST	XUI_020_Login	005_clientId Redirect 2	1732296181722	1732296181754	OK	 
REQUEST	XUI_020_Login	Common_000_ConfigurationUI	1732296181757	1732296181808	OK	 
REQUEST	XUI_020_Login	Common_000_ConfigUI	1732296181810	1732296181841	OK	 
REQUEST	XUI_020_Login	Common_000_TsAndCs	1732296181842	1732296181892	OK	 
REQUEST	XUI_020_Login	Common_000_IsAuthenticated	1732296181893	1732296181927	OK	 
REQUEST	XUI_020_Login	Common_000_UserDetails	1732296181929	1732296182502	OK	 
REQUEST	XUI_020_Login	Common_000_MonitoringTools	1732296182504	1732296182639	OK	 
REQUEST	XUI_020_Login	Common_000_IsAuthenticated	1732296182642	1732296182752	OK	 
GROUP	XUI_020_Login	1732296180924	1732296182754	1809	OK
REQUEST	Civil_UnSpecClaim_30_ClaimantResp	SearchCase_005_CaseReference	1732296186320	1732296188277	OK	 
REQUEST	Civil_UnSpecClaim_30_ClaimantResp	OpenCase_005_InternalCases	1732296188280	1732296189850	OK	 
GROUP	Civil_UnSpecClaim_30_ClaimantResp	1732296186318	1732296189854	3527	OK
REQUEST	Civil_UnSpecClaim_30_ClaimantResp	OpenCase_015_RoleAssignment	1732296189854	1732296190314	OK	 
GROUP	Civil_UnSpecClaim_30_ClaimantResp	1732296189854	1732296190316	460	OK
REQUEST	Civil_UnSpecClaim_30_ClaimantResp	OpenCase_020_Jurisdiction	1732296190317	1732296190393	OK	 
GROUP	Civil_UnSpecClaim_30_ClaimantResp	1732296190316	1732296190394	76	OK
REQUEST	Civil_UnSpecClaim_30_ClaimantResp	RespToDef_005_Jurisdiction	1732296193934	1732296195153	OK	 
REQUEST	Civil_UnSpecClaim_30_ClaimantResp	RespToDef_010_profile	1732296195156	1732296196528	OK	 
REQUEST	Civil_UnSpecClaim_30_ClaimantResp	RespToDef_015_IgnoreWarning	1732296196529	1732296199060	OK	 
REQUEST	Civil_UnSpecClaim_30_ClaimantResp	RespToDef_020_jurisdiction	1732296199071	1732296200449	OK	 
GROUP	Civil_UnSpecClaim_30_ClaimantResp	1732296193931	1732296200451	6500	OK
REQUEST	Civil_UnSpecClaim_30_ClaimantResp	005_RespondentResponse	1732296203061	1732296204035	OK	 
GROUP	Civil_UnSpecClaim_30_ClaimantResp	1732296203059	1732296204037	974	OK
REQUEST	Civil_UnSpecClaim_30_ClaimantResp	005_DefenceResponseDocument	1732296207709	1732296208131	OK	 
GROUP	Civil_UnSpecClaim_30_ClaimantResp	1732296207707	1732296208134	422	OK
REQUEST	Civil_UnSpecClaim_30_ClaimantResp	005_FileDirectionsQuestionnaire	1732296211401	1732296212125	OK	 
GROUP	Civil_UnSpecClaim_30_ClaimantResp	1732296211398	1732296212127	724	OK
REQUEST	Civil_UnSpecClaim_30_ClaimantResp	005_FixedRecoverableCosts	1732296214600	1732296215237	OK	 
GROUP	Civil_UnSpecClaim_30_ClaimantResp	1732296214598	1732296215238	637	OK
REQUEST	Civil_UnSpecClaim_30_ClaimantResp	005_DisclosureOfNonElectronicDocuments	1732296218442	1732296219255	OK	 
GROUP	Civil_UnSpecClaim_30_ClaimantResp	1732296218440	1732296219257	813	OK
REQUEST	Civil_UnSpecClaim_30_ClaimantResp	005_Experts	1732296222739	1732296223498	OK	 
GROUP	Civil_UnSpecClaim_30_ClaimantResp	1732296222737	1732296223499	759	OK
REQUEST	Civil_UnSpecClaim_30_ClaimantResp	005_Witnesses	1732296225744	1732296227136	OK	 
GROUP	Civil_UnSpecClaim_30_ClaimantResp	1732296225742	1732296227138	1392	OK
REQUEST	Civil_UnSpecClaim_30_ClaimantResp	005_Language	1732296229324	1732296230044	OK	 
GROUP	Civil_UnSpecClaim_30_ClaimantResp	1732296229322	1732296230044	720	OK
REQUEST	Civil_UnSpecClaim_30_ClaimantResp	005_Hearing	1732296233435	1732296234587	OK	 
GROUP	Civil_UnSpecClaim_30_ClaimantResp	1732296233433	1732296234589	1152	OK
REQUEST	Civil_UnSpecClaim_30_ClaimantResp	005_UploadDraftDirection	1732296237234	1732296238753	OK	 
GROUP	Civil_UnSpecClaim_30_ClaimantResp	1732296237230	1732296238756	1519	OK
REQUEST	Civil_UnSpecClaim_30_ClaimantResp	010_DraftDirections	1732296242231	1732296242952	OK	 
GROUP	Civil_UnSpecClaim_30_ClaimantResp	1732296242229	1732296242953	721	OK
REQUEST	Civil_UnSpecClaim_30_ClaimantResp	005_HearingSupport	1732296245066	1732296245992	OK	 
GROUP	Civil_UnSpecClaim_30_ClaimantResp	1732296245064	1732296245994	926	OK
REQUEST	Civil_UnSpecClaim_30_ClaimantResp	005_VulnerabilityQuestions	1732296248249	1732296248991	OK	 
GROUP	Civil_UnSpecClaim_30_ClaimantResp	1732296248246	1732296248993	742	OK
REQUEST	Civil_UnSpecClaim_30_ClaimantResp	005_FurtherInformation	1732296252638	1732296253586	OK	 
GROUP	Civil_UnSpecClaim_30_ClaimantResp	1732296252635	1732296253588	948	OK
REQUEST	Civil_UnSpecClaim_30_ClaimantResp	005_StatementOfTruth	1732296255856	1732296256511	OK	 
GROUP	Civil_UnSpecClaim_30_ClaimantResp	1732296255853	1732296256514	655	OK
REQUEST	Civil_UnSpecClaim_30_ClaimantResp	005_Submit	1732296258862	1732296261913	OK	 
REQUEST	Civil_UnSpecClaim_30_ClaimantResp	010_ProceedWithClaim	1732296261916	1732296263177	OK	 
GROUP	Civil_UnSpecClaim_30_ClaimantResp	1732296258861	1732296263182	4312	OK
REQUEST		XUI_020_Signout	1732296265727	1732296266010	OK	 
REQUEST		XUI_020_Signout Redirect 1	1732296266013	1732296266047	OK	 
REQUEST		XUI_020_Signout Redirect 2	1732296266049	1732296266156	OK	 
REQUEST		XUI_020_Signout Redirect 3	1732296266158	1732296266208	OK	 
REQUEST	XUI_010_Home	005_Home	1732296270213	1732296270262	OK	 
REQUEST	XUI_010_Home	Common_000_ConfigurationUI	1732296270265	1732296270294	OK	 
REQUEST	XUI_010_Home	Common_000_ConfigJson	1732296270297	1732296270333	OK	 
REQUEST	XUI_010_Home	Common_000_TsAndCs	1732296270335	1732296270359	OK	 
REQUEST	XUI_010_Home	Common_000_ConfigUI	1732296270360	1732296270387	OK	 
REQUEST	XUI_010_Home	Common_000_UserDetails	1732296270390	1732296270415	OK	 
REQUEST	XUI_010_Home	Common_000_IsAuthenticated	1732296270417	1732296270476	OK	 
REQUEST	XUI_010_Home	010_auth	1732296270478	1732296270521	OK	 
REQUEST	XUI_010_Home	010_auth Redirect 1	1732296270522	1732296270557	OK	 
REQUEST	XUI_010_Home	010_auth Redirect 2	1732296270559	1732296270608	OK	 
GROUP	XUI_010_Home	1732296270211	1732296270611	376	OK
REQUEST	XUI_020_Login	005_clientId	1732296274457	1732296274579	OK	 
REQUEST	XUI_020_Login	005_clientId Redirect 1	1732296274581	1732296275909	OK	 
REQUEST	XUI_020_Login	005_clientId Redirect 2	1732296275912	1732296275947	OK	 
REQUEST	XUI_020_Login	Common_000_ConfigurationUI	1732296275949	1732296275985	OK	 
REQUEST	XUI_020_Login	Common_000_ConfigUI	1732296275987	1732296276015	OK	 
REQUEST	XUI_020_Login	Common_000_TsAndCs	1732296276016	1732296276044	OK	 
REQUEST	XUI_020_Login	