RUN	uk.gov.hmcts.reform.civildamage.performance.simulations.SimulateScenario	simulatescenario	1732276671845	 	3.12.0
USER	UnSpec_CreateClaim	START	1732276672335
REQUEST	XUI_010_Home	005_Home	1732276672333	1732276672428	OK	 
REQUEST	XUI_010_Home	Common_000_ConfigurationUI	1732276672442	1732276672472	OK	 
REQUEST	XUI_010_Home	Common_000_ConfigJson	1732276672473	1732276672517	OK	 
REQUEST	XUI_010_Home	Common_000_TsAndCs	1732276672518	1732276672549	OK	 
REQUEST	XUI_010_Home	Common_000_ConfigUI	1732276672549	1732276672577	OK	 
REQUEST	XUI_010_Home	Common_000_UserDetails	1732276672578	1732276672621	OK	 
REQUEST	XUI_010_Home	Common_000_IsAuthenticated	1732276672625	1732276672652	OK	 
REQUEST	XUI_010_Home	010_auth	1732276672655	1732276672685	OK	 
REQUEST	XUI_010_Home	010_auth Redirect 1	1732276672690	1732276672799	OK	 
REQUEST	XUI_010_Home	010_auth Redirect 2	1732276672805	1732276672865	OK	 
GROUP	XUI_010_Home	1732276672326	1732276672873	497	OK
REQUEST	XUI_020_Login	005_clientId	1732276676610	1732276677099	OK	 
REQUEST	XUI_020_Login	005_clientId Redirect 1	1732276677109	1732276677837	OK	 
REQUEST	XUI_020_Login	005_clientId Redirect 2	1732276677840	1732276677882	OK	 
REQUEST	XUI_020_Login	Common_000_ConfigurationUI	1732276677885	1732276677929	OK	 
REQUEST	XUI_020_Login	Common_000_ConfigUI	1732276677931	1732276677965	OK	 
REQUEST	XUI_020_Login	Common_000_TsAndCs	1732276677966	1732276677992	OK	 
REQUEST	XUI_020_Login	Common_000_IsAuthenticated	1732276677994	1732276678022	OK	 
REQUEST	XUI_020_Login	Common_000_UserDetails	1732276678025	1732276678539	OK	 
REQUEST	XUI_020_Login	Common_000_MonitoringTools	1732276678540	1732276678611	OK	 
REQUEST	XUI_020_Login	Common_000_IsAuthenticated	1732276678637	1732276678721	OK	 
GROUP	XUI_020_Login	1732276676601	1732276678725	2060	OK
REQUEST	CivilDamage_UnSpecClaim_10_01_CreateCase	create	1732276681052	1732276683144	OK	 
GROUP	CivilDamage_UnSpecClaim_10_01_CreateCase	1732276681051	1732276683146	2092	OK
REQUEST	CivilDamage_UnSpecClaim_10_02_CreateCase	IgnoreWarning	1732276685296	1732276688833	OK	 
GROUP	CivilDamage_UnSpecClaim_10_02_CreateCase	1732276685293	1732276688877	3537	OK
REQUEST	CivilDamage_UnSpecClaim_10_03_CreateCase	CLAIMEligibility	1732276691332	1732276696838	OK	 
GROUP	CivilDamage_UnSpecClaim_10_03_CreateCase	1732276691330	1732276696839	5506	OK
REQUEST	CivilDamage_UnSpecClaim_10_04_CreateCase	CLAIMReferences	1732276699087	1732276699847	OK	 
GROUP	CivilDamage_UnSpecClaim_10_04_CreateCase	1732276699087	1732276699847	760	OK
REQUEST	CivilDamage_UnSpecClaim_10_05_CreateCase	CLAIMCourt	1732276703420	1732276706879	OK	 
GROUP	CivilDamage_UnSpecClaim_10_05_CreateCase	1732276703419	1732276706880	3459	OK
REQUEST	CivilDamage_UnSpecClaim_10_06_CreateCase	postcode	1732276710646	1732276711953	OK	 
GROUP	CivilDamage_UnSpecClaim_10_06_CreateCase	1732276710645	1732276711956	1307	OK
REQUEST	CivilDamage_UnSpecClaim_10_07_CreateCase	CLAIMClaimant	1732276715536	1732276716484	OK	 
GROUP	CivilDamage_UnSpecClaim_10_07_CreateCase	1732276715534	1732276716485	948	OK
REQUEST	CivilDamage_UnSpecClaim_10_08_CreateCase	CREATE_CLAIMClaimantLitigationFriend	1732276719689	1732276720692	OK	 
GROUP	CivilDamage_UnSpecClaim_10_08_CreateCase	1732276719686	1732276720693	1003	OK
REQUEST	CivilDamage_UnSpecClaim_10_09_CreateCase	CREATE_CLAIMNotifications	1732276723480	1732276724630	OK	 
GROUP	CivilDamage_UnSpecClaim_10_09_CreateCase	1732276723477	1732276724631	1150	OK
REQUEST	CivilDamage_UnSpecClaim_10_10_CreateCase	ClaimantSolicitorOrganisation	1732276727889	1732276728681	OK	 
GROUP	CivilDamage_UnSpecClaim_10_10_CreateCase	1732276727888	1732276728681	792	OK
REQUEST	CivilDamage_UnSpecClaim_10_11_CreateCase	ClaimantSolicitorAddres	1732276730724	1732276731744	OK	 
GROUP	CivilDamage_UnSpecClaim_10_11_CreateCase	1732276730723	1732276731746	1020	OK
REQUEST	CivilDamage_UnSpecClaim_10_12_CreateCase	AddAnotherClaimant	1732276734600	1732276735417	OK	 
GROUP	CivilDamage_UnSpecClaim_10_12_CreateCase	1732276734597	1732276735418	817	OK
REQUEST	CivilDamage_UnSpecClaim_10_13_CreateCase	postcode	1732276738728	1732276740024	OK	 
GROUP	CivilDamage_UnSpecClaim_10_13_CreateCase	1732276738726	1732276740025	1296	OK
REQUEST	CivilDamage_UnSpecClaim_10_14_CreateCase	CLAIMDefendant	1732276743642	1732276745648	OK	 
GROUP	CivilDamage_UnSpecClaim_10_14_CreateCase	1732276743639	1732276745649	2006	OK
REQUEST	CivilDamage_UnSpecClaim_10_15_CreateCase	LegalRepresentation	1732276747832	1732276748526	OK	 
GROUP	CivilDamage_UnSpecClaim_10_15_CreateCase	1732276747829	1732276748528	694	OK
REQUEST	CivilDamage_UnSpecClaim_10_16_CreateCase	DefendantSolicitorOrganisation	1732276751950	1732276754607	OK	 
GROUP	CivilDamage_UnSpecClaim_10_16_CreateCase	1732276751948	1732276754608	2657	OK
REQUEST	CivilDamage_UnSpecClaim_10_17_CreateCase	DefendantSolicitorServiceAddress	1732276757439	1732276758260	OK	 
GROUP	CivilDamage_UnSpecClaim_10_17_CreateCase	1732276757436	1732276758261	821	OK
REQUEST	CivilDamage_UnSpecClaim_10_18_CreateCase	CLAIMAddAnotherDefendant	1732276760665	1732276762585	OK	 
GROUP	CivilDamage_UnSpecClaim_10_18_CreateCase	1732276760665	1732276762585	1920	OK
REQUEST	CivilDamage_UnSpecClaim_10_19_CreateCase	AddAnotherDefendant	1732276764761	1732276765277	OK	 
GROUP	CivilDamage_UnSpecClaim_10_19_CreateCase	1732276764759	1732276765277	516	OK
REQUEST	CivilDamage_UnSpecClaim_10_20_CreateCase	CLAIMClaimType	1732276768510	1732276768901	OK	 
GROUP	CivilDamage_UnSpecClaim_10_20_CreateCase	1732276768509	1732276768903	391	OK
REQUEST	CivilDamage_UnSpecClaim_10_21_CreateCase	CLAIMDetails	1732276771296	1732276772181	OK	 
GROUP	CivilDamage_UnSpecClaim_10_21_CreateCase	1732276771293	1732276772183	885	OK
REQUEST	CivilDamage_UnSpecClaim_10_22_CreateCase	CLAIMUploadParticularsOfClaim	1732276775785	1732276776787	OK	 
GROUP	CivilDamage_UnSpecClaim_10_22_CreateCase	1732276775782	1732276776789	1002	OK
REQUEST	CivilDamage_UnSpecClaim_10_23_CreateCase	CLAIMClaimValue	1732276779857	1732276784811	OK	 
GROUP	CivilDamage_UnSpecClaim_10_23_CreateCase	1732276779856	1732276784814	4954	OK
REQUEST	CivilDamage_UnSpecClaim_10_24_CreateCase	CLAIMPbaNumber	1732276788420	1732276789603	OK	 
GROUP	CivilDamage_UnSpecClaim_10_24_CreateCase	1732276788419	1732276789604	1183	OK
REQUEST	CivilDamage_UnSpecClaim_10_25_CreateCase	StatementOfTruth	1732276793175	1732276796037	OK	 
GROUP	CivilDamage_UnSpecClaim_10_25_CreateCase	1732276793173	1732276796039	2862	OK
REQUEST	CivilDamage_UnSpecClaim_10_26_CreateCase	Submit_Claim	1732276798348	1732276806185	OK	 
GROUP	CivilDamage_UnSpecClaim_10_26_CreateCase	1732276798348	1732276806188	7837	OK
REQUEST	CivilDamage_UnSpecClaim_10_27_CaseCreated	CaseCreated	1732276810073	1732276810932	OK	 
GROUP	CivilDamage_UnSpecClaim_10_27_CaseCreated	1732276810072	1732276810933	859	OK
REQUEST	CivilDamage_UnSpecClaim_10_28_APIRoleAssignment	APIRoleAssignment	1732276810933	1732276811343	OK	 
GROUP	CivilDamage_UnSpecClaim_10_28_APIRoleAssignment	1732276810933	1732276811344	410	OK
REQUEST	CivilDamage_UnspecClaim_10_29_SupportedJurisdiction	SupportedJurisdiction	1732276811346	1732276811809	OK	 
GROUP	CivilDamage_UnspecClaim_10_29_SupportedJurisdiction	1732276811345	1732276811811	463	OK
REQUEST	Civil_CreateClaim_005_MakePayment	005_PaymentGroups	1732276815348	1732276816056	KO	status.find.in([200, 209], 304), found 404
REQUEST	Civil_CreateClaim_005_MakePayment	010_ServiceTab	1732276816063	1732276816153	OK	 
REQUEST	Civil_CreateClaim_005_MakePayment	015_case_ids	1732276816155	1732276817389	KO	status.find.in([200, 209], 304), found 404
GROUP	Civil_CreateClaim_005_MakePayment	1732276815347	1732276817393	2032	KO
REQUEST	Civil_CreateClaim_010_MakePay	005_PayNow	1732276819398	1732276820771	OK	 
GROUP	Civil_CreateClaim_010_MakePay	1732276819395	1732276820773	1373	OK
ERROR	005_ConfirmPay: No attribute named 'OrdRefNo' is defined 	1732276822782
GROUP	Civil_CreateClaim_010_MakePay	1732276822775	1732276822782	0	KO
REQUEST	Civil_UnSpecClaim_10_NotifyDEF	005_jurisdiction	1732276826492	1732276827877	OK	 
REQUEST	Civil_UnSpecClaim_10_NotifyDEF	010_Profile	1732276827879	1732276829156	OK	 
REQUEST	Civil_UnSpecClaim_10_NotifyDEF	015_warning	1732276874161	1732276875354	KO	