RUN	uk.gov.hmcts.reform.civildamage.performance.simulations.SimulateScenario	simulatescenario	1730402418743	 	3.12.0
USER	UnSpec_CreateClaim	START	1730402420509
REQUEST	XUI_010_Home	005_Home	1730402420566	1730402420698	OK	 
REQUEST	XUI_010_Home	Common_000_ConfigurationUI	1730402421805	1730402421851	OK	 
REQUEST	XUI_010_Home	Common_000_ConfigJson	1730402421858	1730402421880	OK	 
REQUEST	XUI_010_Home	Common_000_TsAndCs	1730402421882	1730402421962	OK	 
REQUEST	XUI_010_Home	Common_000_ConfigUI	1730402421963	1730402421993	OK	 
REQUEST	XUI_010_Home	Common_000_UserDetails	1730402421994	1730402422168	OK	 
REQUEST	XUI_010_Home	Common_000_IsAuthenticated	1730402422169	1730402422213	OK	 
REQUEST	XUI_010_Home	010_auth	1730402422217	1730402422243	OK	 
REQUEST	XUI_010_Home	015_authorize	1730402422528	1730402422810	OK	 
REQUEST	XUI_010_Home	020_client	1730402422814	1730402422854	OK	 
GROUP	XUI_010_Home	1730402420515	1730402422860	876	OK
REQUEST	XUI_020_Login	005_clientId	1730402422865	1730402423150	OK	 
REQUEST	XUI_020_Login	010_LoginCallback	1730402423161	1730402423711	OK	 
REQUEST	XUI_020_Login	015_idamurl	1730402423713	1730402423742	OK	 
REQUEST	XUI_020_Login	Common_000_ConfigurationUI	1730402424751	1730402424801	OK	 
REQUEST	XUI_020_Login	Common_000_ConfigUI	1730402424806	1730402424845	OK	 
REQUEST	XUI_020_Login	Common_000_TsAndCs	1730402424849	1730402424885	OK	 
REQUEST	XUI_020_Login	Common_000_IsAuthenticated	1730402424888	1730402424917	OK	 
REQUEST	XUI_020_Login	Common_000_UserDetails	1730402424925	1730402425474	OK	 
REQUEST	XUI_020_Login	Common_000_MonitoringTools	1730402425477	1730402425549	OK	 
REQUEST	XUI_020_Login	Common_000_IsAuthenticated	1730402425605	1730402425675	OK	 
GROUP	XUI_020_Login	1730402422860	1730402425687	1709	OK
REQUEST	CivilDamage_UnSpecClaim_10_01_CreateCase	create	1730402434274	1730402439327	OK	 
GROUP	CivilDamage_UnSpecClaim_10_01_CreateCase	1730402434273	1730402439329	5053	OK
REQUEST	CivilDamage_UnSpecClaim_10_02_CreateCase	IgnoreWarning	1730402446347	1730402452134	OK	 
GROUP	CivilDamage_UnSpecClaim_10_02_CreateCase	1730402446345	1730402452230	5787	OK
REQUEST	CivilDamage_UnSpecClaim_10_03_CreateCase	CLAIMEligibility	1730402459243	1730402461489	OK	 
GROUP	CivilDamage_UnSpecClaim_10_03_CreateCase	1730402459238	1730402461490	2246	OK
REQUEST	CivilDamage_UnSpecClaim_10_04_CreateCase	CLAIMReferences	1730402468495	1730402469130	OK	 
GROUP	CivilDamage_UnSpecClaim_10_04_CreateCase	1730402468494	1730402469130	635	OK
REQUEST	CivilDamage_UnSpecClaim_10_05_CreateCase	CLAIMCourt	1730402476137	1730402479862	OK	 
GROUP	CivilDamage_UnSpecClaim_10_05_CreateCase	1730402476135	1730402479863	3725	OK
REQUEST	CivilDamage_UnSpecClaim_10_06_CreateCase	postcode	1730402486865	1730402488115	OK	 
GROUP	CivilDamage_UnSpecClaim_10_06_CreateCase	1730402486864	1730402488115	1250	OK
REQUEST	CivilDamage_UnSpecClaim_10_07_CreateCase	CLAIMClaimant	1730402495124	1730402496403	OK	 
GROUP	CivilDamage_UnSpecClaim_10_07_CreateCase	1730402495123	1730402496404	1279	OK
REQUEST	CivilDamage_UnSpecClaim_10_08_CreateCase	CREATE_CLAIMClaimantLitigationFriend	1730402503411	1730402504440	OK	 
GROUP	CivilDamage_UnSpecClaim_10_08_CreateCase	1730402503409	1730402504441	1029	OK
REQUEST	CivilDamage_UnSpecClaim_10_09_CreateCase	CREATE_CLAIMNotifications	1730402511458	1730402513431	OK	 
GROUP	CivilDamage_UnSpecClaim_10_09_CreateCase	1730402511456	1730402513432	1973	OK
REQUEST	CivilDamage_UnSpecClaim_10_10_CreateCase	ClaimantSolicitorOrganisation	1730402520438	1730402521104	OK	 
GROUP	CivilDamage_UnSpecClaim_10_10_CreateCase	1730402520437	1730402521105	666	OK
REQUEST	CivilDamage_UnSpecClaim_10_11_CreateCase	ClaimantSolicitorAddres	1730402528109	1730402529206	OK	 
GROUP	CivilDamage_UnSpecClaim_10_11_CreateCase	1730402528107	1730402529207	1097	OK
REQUEST	CivilDamage_UnSpecClaim_10_12_CreateCase	AddAnotherClaimant	1730402536211	1730402537294	OK	 
GROUP	CivilDamage_UnSpecClaim_10_12_CreateCase	1730402536210	1730402537295	1083	OK
REQUEST	CivilDamage_UnSpecClaim_10_13_CreateCase	postcode	1730402544312	1730402545899	OK	 
GROUP	CivilDamage_UnSpecClaim_10_13_CreateCase	1730402544310	1730402545899	1587	OK
REQUEST	CivilDamage_UnSpecClaim_10_14_CreateCase	CLAIMDefendant	1730402552913	1730402553688	OK	 
GROUP	CivilDamage_UnSpecClaim_10_14_CreateCase	1730402552912	1730402553688	775	OK
REQUEST	CivilDamage_UnSpecClaim_10_15_CreateCase	LegalRepresentation	1730402560693	1730402561776	OK	 
GROUP	CivilDamage_UnSpecClaim_10_15_CreateCase	1730402560693	1730402561777	1083	OK
REQUEST	CivilDamage_UnSpecClaim_10_16_CreateCase	DefendantSolicitorOrganisation	1730402568783	1730402570227	OK	 
GROUP	CivilDamage_UnSpecClaim_10_16_CreateCase	1730402568781	1730402570228	1444	OK
REQUEST	CivilDamage_UnSpecClaim_10_17_CreateCase	DefendantSolicitorServiceAddress	1730402577232	1730402578365	OK	 
GROUP	CivilDamage_UnSpecClaim_10_17_CreateCase	1730402577231	1730402578365	1133	OK
REQUEST	CivilDamage_UnSpecClaim_10_18_CreateCase	CLAIMAddAnotherDefendant	1730402585369	1730402586762	OK	 
GROUP	CivilDamage_UnSpecClaim_10_18_CreateCase	1730402585367	1730402586763	1393	OK
REQUEST	CivilDamage_UnSpecClaim_10_19_CreateCase	AddAnotherDefendant	1730402593774	1730402594759	OK	 
GROUP	CivilDamage_UnSpecClaim_10_19_CreateCase	1730402593773	1730402594760	985	OK
REQUEST	CivilDamage_UnSpecClaim_10_20_CreateCase	CLAIMClaimType	1730402601772	1730402602545	OK	 
GROUP	CivilDamage_UnSpecClaim_10_20_CreateCase	1730402601771	1730402602545	773	OK
REQUEST	CivilDamage_UnSpecClaim_10_21_CreateCase	CLAIMDetails	1730402609558	1730402610159	OK	 
GROUP	CivilDamage_UnSpecClaim_10_21_CreateCase	1730402609557	1730402610160	601	OK
REQUEST	CivilDamage_UnSpecClaim_10_22_CreateCase	CLAIMuploadParticularsOfClaim	1730402617172	1730402618425	OK	 
GROUP	CivilDamage_UnSpecClaim_10_22_CreateCase	1730402617171	1730402618426	1253	OK
REQUEST	CivilDamage_UnSpecClaim_10_23_CreateCase	CLAIMClaimValue	1730402625444	1730402627629	OK	 
GROUP	CivilDamage_UnSpecClaim_10_23_CreateCase	1730402625442	1730402627632	2185	OK
REQUEST	CivilDamage_UnSpecClaim_10_24_CreateCase	CLAIMPbaNumber	1730402634641	1730402635350	OK	 
GROUP	CivilDamage_UnSpecClaim_10_24_CreateCase	1730402634639	1730402635351	709	OK
REQUEST	CivilDamage_UnSpecClaim_10_25_CreateCase	StatementOfTruth	1730402642356	1730402643904	OK	 
GROUP	CivilDamage_UnSpecClaim_10_25_CreateCase	1730402642354	1730402643905	1548	OK
REQUEST	CivilDamage_UnSpecClaim_10_26_CreateCase	Submit_Claim	1730402650907	1730402651407	KO	status.find.in([200, 209], 304), found 406
GROUP	CivilDamage_UnSpecClaim_10_26_CreateCase	1730402650905	1730402651466	500	KO
REQUEST		XUI_020_Signout	1730402678475	1730402678802	OK	 
REQUEST	XUI_010_Home	005_Home	1730402728811	1730402728906	OK	 
REQUEST	XUI_010_Home	Common_000_ConfigurationUI	1730402729915	1730402729943	OK	 
REQUEST	XUI_010_Home	Common_000_ConfigJson	1730402729944	1730402729968	OK	 
REQUEST	XUI_010_Home	Common_000_TsAndCs	1730402729969	1730402730010	OK	 
REQUEST	XUI_010_Home	Common_000_ConfigUI	1730402730011	1730402730050	OK	 
REQUEST	XUI_010_Home	Common_000_UserDetails	1730402730052	1730402730085	OK	 
REQUEST	XUI_010_Home	Common_000_IsAuthenticated	1730402730086	1730402730108	OK	 
REQUEST	XUI_010_Home	010_auth	1730402730109	1730402730134	OK	 
REQUEST	XUI_010_Home	015_authorize	1730402730397	1730402730515	OK	 
REQUEST	XUI_010_Home	020_client	1730402730517	1730402730556	OK	 
GROUP	XUI_010_Home	1730402728810	1730402730557	464	OK
REQUEST	XUI_020_Login	005_clientId	1730402730558	1730402730836	OK	 
REQUEST	XUI_020_Login	010_LoginCallback	1730402730837	1730402731414	OK	 
REQUEST	XUI_020_Login	015_idamurl	1730402731416	1730402731448	OK	 
REQUEST	XUI_020_Login	Common_000_ConfigurationUI	1730402732463	1730402732513	OK	 
REQUEST	XUI_020_Login	Common_000_ConfigUI	1730402732515	1730402732545	OK	 
REQUEST	XUI_020_Login	Common_000_TsAndCs	1730402732546	1730402732569	OK	 
REQUEST	XUI_020_Login	Common_000_IsAuthenticated	1730402732571	1730402732604	OK	 
REQUEST	XUI_020_Login	Common_000_UserDetails	1730402732606	1730402733445	OK	 
REQUEST	XUI_020_Login	Common_000_MonitoringTools	1730402733447	1730402733497	OK	 
REQUEST	XUI_020_Login	Common_000_IsAuthenticated	1730402733500	1730402733565	OK	 
GROUP	XUI_020_Login	1730402730557	1730402733567	1977	OK
REQUEST	Civil_CreateClaim_010_MakePayment	005_ServiceTab	1730402772294	1730402772365	OK	 
REQUEST	Civil_CreateClaim_010_MakePayment	010_PaymentGroups	1730402772366	1730402775455	OK	 
REQUEST	Civil_CreateClaim_010_MakePayment	015_case_ids	1730402775457	1730402776799	OK	 
GROUP	Civil_CreateClaim_010_MakePayment	1730402772293	1730402776824	4502	OK
REQUEST	Civil_CreateClaim_010_MakePay	005_PayNow	1730402796833	1730402798567	OK	 
GROUP	Civil_CreateClaim_010_MakePay	1730402796832	1730402798568	1734	OK
REQUEST	Civil_CreateClaim_010_MakePay	005_ConfrmPay	1730402818577	1730402819202	KO	status.find.in([200, 209], 304), found 409
GROUP	Civil_CreateClaim_010_MakePay	1730402818576	1730402819210	625	KO
REQUEST		XUI_020_Signout	1730402859222	1730402859509	OK	 
REQUEST	XUI_010_Home	005_Home	1730402869526	1730402869556	OK	 
REQUEST	XUI_010_Home	Common_000_ConfigurationUI	1730402870575	1730402870605	OK	 
REQUEST	XUI_010_Home	Common_000_ConfigJson	1730402870609	1730402870646	OK	 
REQUEST	XUI_010_Home	Common_000_TsAndCs	1730402870647	1730402870692	OK	 
REQUEST	XUI_010_Home	Common_000_ConfigUI	1730402870694	1730402870730	OK	 
REQUEST	XUI_010_Home	Common_000_UserDetails	1730402870733	1730402870767	OK	 
REQUEST	XUI_010_Home	Common_000_IsAuthenticated	1730402870768	1730402870790	OK	 
REQUEST	XUI_010_Home	010_auth	1730402870792	1730402870823	OK	 
REQUEST	XUI_010_Home	015_authorize	1730402871089	1730402871205	OK	 
REQUEST	XUI_010_Home	020_client	1730402871206	1730402871246	OK	 
GROUP	XUI_010_Home	1730402869526	1730402871246	421	OK
REQUEST	XUI_020_Login	005_clientId	1730402871247	1730402871440	OK	 
REQUEST	XUI_020_Login	010_LoginCallback	1730402871441	1730402872105	OK	 
REQUEST	XUI_020_Login	015_idamurl	1730402872106	1730402872149	OK	 
REQUEST	XUI_020_Login	Common_000_ConfigurationUI	1730402873162	1730402873214	OK	 
REQUEST	XUI_020_Login	Common_000_ConfigUI	1730402873222	1730402873255	OK	 
REQUEST	XUI_020_Login	Common_000_TsAndCs	1730402873256	1730402873280	OK	 
REQUEST	XUI_020_Login	Common_000_IsAuthenticated	1730402873281	1730402873314	OK	 
REQUEST	XUI_020_Login	Common_000_UserDetails	1730402873315	1730402874431	OK	 
REQUEST	XUI_020_Login	Common_000_MonitoringTools	1730402874434	1730402874505	OK	 
REQUEST	XUI_020_Login	Common_000_IsAuthenticated	1730402874506	1730402874625	OK	 
GROUP	XUI_020_Login	1730402871246	1730402874627	2348	OK
REQUEST	Civil_UnSpecClaim_10_NotifyDEF	005_jurisdiction	1730402883334	1730402884818	OK	 
REQUEST	Civil_UnSpecClaim_10_NotifyDEF	010_warning	1730402889828	1730402891661	KO	status.find.in(200,304), but actually found 422
REQUEST	Civil_UnSpecClaim_10_NotifyDEF	015_Profile	1730402891668	1730402895922	OK	 
REQUEST	Civil_UnSpecClaim_10_NotifyDEF	020_jurisdiction	1730402895923	1730402897449	OK	 
GROUP	Civil_UnSpecClaim_10_NotifyDEF	1730402883332	1730402897449	9097	KO
REQUEST	Civil_UnSpecClaim_10_NotifyDEF	005_CLAIMAccessGrantedWarning	1730402907466	1730402908904	OK	 
GROUP	Civil_UnSpecClaim_10_NotifyDEF	1730402907465	1730402908904	1438	OK
REQUEST	Civil_UnSpecClaim_10_NotifyDEF	330_SubmitNotification	1730402918915	1730402919588	KO	status.find.in([200, 209], 304), found 404
GROUP	Civil_UnSpecClaim_10_NotifyDEF	1730402918913	1730402919594	673	KO
REQUEST	Civil_UnSpecClaim_10_NotifyDEF	005_jurisdiction	1730402929599	1730402929677	OK	 
REQUEST	Civil_UnSpecClaim_10_NotifyDEF	010_LabellingRoleAssignment	1730402929678	1730402930163	OK	 
GROUP	Civil_UnSpecClaim_10_NotifyDEF	1730402929598	1730402930163	563	OK
REQUEST		XUI_020_Signout	1730402940168	1730402940394	OK	 
REQUEST	XUI_010_Home	005_Home	1730402950406	1730402950444	OK	 
REQUEST	XUI_010_Home	Common_000_ConfigurationUI	1730402951460	1730402951497	OK	 
REQUEST	XUI_010_Home	Common_000_ConfigJson	1730402951501	1730402951558	OK	 
REQUEST	XUI_010_Home	Common_000_TsAndCs	1730402951560	1730402951588	OK	 
REQUEST	XUI_010_Home	Common_000_ConfigUI	1730402951590	1730402951624	OK	 
REQUEST	XUI_010_Home	Common_000_UserDetails	1730402951627	1730402951673	OK	 
REQUEST	XUI_010_Home	Common_000_IsAuthenticated	1730402951675	1730402951710	OK	 
REQUEST	XUI_010_Home	010_auth	1730402951712	1730402951757	OK	 
REQUEST	XUI_010_Home	015_authorize	1730402952017	1730402952133	OK	 
REQUEST	XUI_010_Home	020_client	1730402952135	1730402952189	OK	 
GROUP	XUI_010_Home	1730402950405	1730402952191	490	OK
REQUEST	XUI_020_Login	005_clientId	1730402952192	1730402952542	OK	 
REQUEST	XUI_020_Login	010_LoginCallback	1730402952543	1730402953364	OK	 
REQUEST	XUI_020_Login	015_idamurl	1730402953367	1730402953394	OK	 
REQUEST	XUI_020_Login	Common_000_ConfigurationUI	1730402954408	1730402954447	OK	 
REQUEST	XUI_020_Login	Common_000_ConfigUI	1730402954450	1730402954479	OK	 
REQUEST	XUI_020_Login	Common_000_TsAndCs	1730402954481	1730402954525	OK	 
REQUEST	XUI_020_Login	Common_000_IsAuthenticated	1730402954526	1730402954553	OK	 
REQUEST	XUI_020_Login	Common_000_UserDetails	1730402954554	1730402955489	OK	 
REQUEST	XUI_020_Login	Common_000_MonitoringTools	1730402955490	1730402955548	OK	 
REQUEST	XUI_020_Login	Common_000_IsAuthenticated	1730402955549	1730402955623	OK	 
GROUP	XUI_020_Login	1730402952191	1730402955624	2404	OK
REQUEST	Civil_UnSpecClaim_10_NotifyDetails	005_jurisdiction	1730402963806	1730402965395	OK	 
REQUEST	Civil_UnSpecClaim_10_NotifyDetails	010_IgnoreWarning	1730402965397	1730402966861	KO	status.find.in(200,304), but actually found 422
REQUEST	Civil_UnSpecClaim_10_NotifyDetails	015_profile	1730402966870	1730402969483	OK	 
REQUEST	Civil_UnSpecClaim_10_NotifyDetails	020_jurisdiction	1730402969484	1730402971264	OK	 
GROUP	Civil_UnSpecClaim_10_NotifyDetails	1730402963804	1730402971264	7446	KO
REQUEST	Civil_UnSpecClaim_10_NotifyDetails	005_DetailsUpload	1730402990266	1730402992547	KO	status.find.in([200, 209], 304), found 422
GROUP	Civil_UnSpecClaim_10_NotifyDetails	1730402990265	1730402992557	2281	KO
REQUEST	Civil_UnSpecClaim_10_NotifyDetails	005_SubmitNotifyDetails	1730403002570	1730403004650	KO	status.find.in([200, 209], 304), found 404
GROUP	Civil_UnSpecClaim_10_NotifyDetails	1730403002568	1730403004658	2080	KO
REQUEST		XUI_020_Signout	1730403004659	1730403004791	OK	 
REQUEST	XUI_010_Home	005_Home	1730403014880	1730403015095	OK	 
REQUEST	XUI_010_Home	Common_000_ConfigurationUI	1730403016162	1730403016252	OK	 
REQUEST	XUI_010_Home	Common_000_ConfigJson	1730403016254	1730403016351	OK	 
REQUEST	XUI_010_Home	Common_000_TsAndCs	1730403016354	1730403016398	OK	 
REQUEST	XUI_010_Home	Common_000_ConfigUI	1730403016400	1730403016452	OK	 
REQUEST	XUI_010_Home	Common_000_UserDetails	1730403016454	1730403016486	OK	 
REQUEST	XUI_010_Home	Common_000_IsAuthenticated	1730403016488	1730403016534	OK	 
REQUEST	XUI_010_Home	010_auth	1730403016536	1730403016581	OK	 
REQUEST	XUI_010_Home	015_authorize	1730403016860	1730403017008	OK	 
REQUEST	XUI_010_Home	020_client	1730403017010	1730403017167	OK	 
GROUP	XUI_010_Home	1730403014879	1730403017169	926	OK
REQUEST	XUI_020_Login	005_clientId	1730403017170	1730403017325	OK	 
REQUEST	XUI_020_Login	010_LoginCallback	1730403017327	1730403017951	OK	 
REQUEST	XUI_020_Login	015_idamurl	1730403017953	1730403017983	OK	 
REQUEST	XUI_020_Login	Common_000_ConfigurationUI	1730403019032	1730403019087	OK	 
REQUEST	XUI_020_Login	Common_000_ConfigUI	1730403019091	1730403019152	OK	 
REQUEST	XUI_020_Login	Common_000_TsAndCs	1730403019155	1730403019201	OK	 
REQUEST	XUI_020_Login	Common_000_IsAuthenticated	1730403019203	1730403019249	OK	 
REQUEST	XUI_020_Login	Common_000_UserDetails	1730403019252	1730403020935	OK	 
REQUEST	XUI_020_Login	Common_000_MonitoringTools	1730403020936	1730403021026	OK	 
REQUEST	XUI_020_Login	Common_000_IsAuthenticated	1730403021027	1730403021110	OK	 
GROUP	XUI_020_Login	1730403017169	1730403021111	2873	OK
REQUEST		CIVIL_AssignCase_000_AssignCase	1730403029712	1730403032361	OK	 
REQUEST	Civil_20_UnSpecClaim_DefResp	Search_005_CaseReference	1730403082365	1730403085028	OK	 
GROUP	