RUN	uk.gov.hmcts.reform.civildamage.performance.simulations.SimulateScenario	simulatescenario	1734101171848	 	3.12.0
USER	Spec_Create_Claim	START	1734101172323
REQUEST	XUI_010_Home	005_Home	1734101172321	1734101172432	OK	 
REQUEST	XUI_010_Home	Common_000_ConfigurationUI	1734101174958	1734101174997	OK	 
REQUEST	XUI_010_Home	Common_000_ConfigJson	1734101175001	1734101175104	OK	 
REQUEST	XUI_010_Home	Common_000_TsAndCs	1734101175106	1734101175155	OK	 
REQUEST	XUI_010_Home	Common_000_ConfigUI	1734101175157	1734101175187	OK	 
REQUEST	XUI_010_Home	Common_000_UserDetails	1734101175189	1734101175292	OK	 
REQUEST	XUI_010_Home	Common_000_IsAuthenticated	1734101175297	1734101175331	OK	 
REQUEST	XUI_010_Home	010_auth	1734101175335	1734101175382	OK	 
REQUEST	XUI_010_Home	010_auth Redirect 1	1734101175393	1734101175472	OK	 
REQUEST	XUI_010_Home	010_auth Redirect 2	1734101175475	1734101175510	OK	 
GROUP	XUI_010_Home	1734101172314	1734101175905	3472	OK
REQUEST	XUI_020_Login	005_clientId	1734101179017	1734101179423	OK	 
REQUEST	XUI_020_Login	005_clientId Redirect 1	1734101179426	1734101180031	OK	 
REQUEST	XUI_020_Login	005_clientId Redirect 2	1734101180034	1734101180084	OK	 
REQUEST	XUI_020_Login	Common_000_ConfigurationUI	1734101182724	1734101182777	OK	 
REQUEST	XUI_020_Login	Common_000_ConfigUI	1734101182781	1734101182896	OK	 
REQUEST	XUI_020_Login	Common_000_TsAndCs	1734101182900	1734101182986	OK	 
REQUEST	XUI_020_Login	Common_000_IsAuthenticated	1734101182988	1734101183102	OK	 
REQUEST	XUI_020_Login	Common_000_UserDetails	1734101183106	1734101183524	OK	 
REQUEST	XUI_020_Login	Common_000_MonitoringTools	1734101183526	1734101183639	OK	 
REQUEST	XUI_020_Login	Common_000_IsAuthenticated	1734101183677	1734101183786	OK	 
GROUP	XUI_020_Login	1734101179007	1734101183791	4705	OK
REQUEST	Civil_CreateSpecClaim_10_00_LandingPage	Jurisdiction	1734101186364	1734101188228	OK	 
REQUEST	Civil_CreateSpecClaim_10_00_LandingPage	Organisation	1734101188230	1734101188736	OK	 
GROUP	Civil_CreateSpecClaim_10_00_LandingPage	1734101186363	1734101188737	2370	OK
REQUEST	Civil_CreateSpecClaim_10_01_CreateCase	Create	1734101191044	1734101191204	OK	 
GROUP	Civil_CreateSpecClaim_10_01_CreateCase	1734101191042	1734101191205	160	OK
REQUEST	Civil_CreateSpecClaim_10_02_CreateCase	IgnoreWarning	1734101193795	1734101195313	OK	 
GROUP	Civil_CreateSpecClaim_10_02_CreateCase	1734101193794	1734101195363	1518	OK
REQUEST	Civil_CreateSpecClaim_10_03_CreateCase	CaseChecklist	1734101197588	1734101198057	OK	 
GROUP	Civil_CreateSpecClaim_10_03_CreateCase	1734101197581	1734101198059	469	OK
REQUEST	Civil_CreateSpecClaim_10_04_CreateCase	Eligibility	1734101201319	1734101202159	OK	 
GROUP	Civil_CreateSpecClaim_10_04_CreateCase	1734101201317	1734101202162	840	OK
REQUEST	Civil_CreateSpecClaim_10_05_CreateCase	References	1734101204195	1734101205029	OK	 
GROUP	Civil_CreateSpecClaim_10_05_CreateCase	1734101204192	1734101205030	834	OK
REQUEST	Civil_CreateSpecClaim_10_06_CreateCase	PostCodeSearch	1734101208924	1734101210294	OK	 
GROUP	Civil_CreateSpecClaim_10_06_CreateCase	1734101208922	1734101210304	1370	OK
REQUEST	Civil_CreateSpecClaim_10_07_CreateCase	Claimant	1734101212717	1734101213854	OK	 
GROUP	Civil_CreateSpecClaim_10_07_CreateCase	1734101212714	1734101213855	1137	OK
REQUEST	Civil_CreateSpecClaim_10_08_CreateCase	AddAnotherClaimant	1734101215896	1734101216575	OK	 
GROUP	Civil_CreateSpecClaim_10_08_CreateCase	1734101215895	1734101216577	679	OK
REQUEST	Civil_CreateSpecClaim_10_09_CreateCase	Notifications	1734101220503	1734101221321	OK	 
GROUP	Civil_CreateSpecClaim_10_09_CreateCase	1734101220500	1734101221322	818	OK
REQUEST	Civil_CreateSpecClaim_10_10_CreateCase	ClaimantSolOrg	1734101221323	1734101221706	OK	 
GROUP	Civil_CreateSpecClaim_10_10_CreateCase	1734101221322	1734101221707	383	OK
REQUEST	Civil_CreateSpecClaim_10_11_CreateCase	CorrespondenceAddress	1734101225013	1734101226011	OK	 
GROUP	Civil_CreateSpecClaim_10_11_CreateCase	1734101225010	1734101226013	998	OK
REQUEST	Civil_CreateSpecClaim_10_12_CreateCase	DefPostCode	1734101228715	1734101230557	OK	 
GROUP	Civil_CreateSpecClaim_10_12_CreateCase	1734101228713	1734101230564	1842	OK
REQUEST	Civil_CreateSpecClaim_10_13_CreateCase	DefendantDetails	1734101234283	1734101235504	OK	 
GROUP	Civil_CreateSpecClaim_10_13_CreateCase	1734101234280	1734101235506	1221	OK
REQUEST	Civil_CreateSpecClaim_10_14_CreateCase	DefLegalRep	1734101237861	1734101238725	OK	 
GROUP	Civil_CreateSpecClaim_10_14_CreateCase	1734101237858	1734101238727	864	OK
REQUEST	Civil_CreateSpecClaim_10_15_CreateCase	DefSolOrg	1734101241358	1734101242238	OK	 
GROUP	Civil_CreateSpecClaim_10_15_CreateCase	1734101241356	1734101242240	880	OK
REQUEST	Civil_CreateSpecClaim_10_16_CreateCase	CDefSolEmail	1734101244250	1734101245264	OK	 
GROUP	Civil_CreateSpecClaim_10_16_CreateCase	1734101244248	1734101245266	1014	OK
REQUEST	Civil_CreateSpecClaim_10_17_CreateCase	DefAddr	1734101247438	1734101247797	OK	 
GROUP	Civil_CreateSpecClaim_10_17_CreateCase	1734101247436	1734101247800	359	OK
REQUEST	Civil_CreateSpecClaim_10_18_CreateCase	AddAnotherDefendant	1734101251056	1734101251878	OK	 
GROUP	Civil_CreateSpecClaim_10_18_CreateCase	1734101251055	1734101251881	822	OK
REQUEST	Civil_CreateSpecClaim_10_19_CreateCase	FlightDelayClaim	1734101254442	1734101254997	OK	 
GROUP	Civil_CreateSpecClaim_10_19_CreateCase	1734101254439	1734101255000	555	OK
REQUEST	Civil_CreateSpecClaim_10_20_CreateCase	CaseDetails	1734101257814	1734101259183	OK	 
GROUP	Civil_CreateSpecClaim_10_20_CreateCase	1734101257812	1734101259185	1369	OK
REQUEST	Civil_CreateSpecClaim_10_21_CreateCase	UploadClaimDoc	1734101261535	1734101261949	OK	 
GROUP	Civil_CreateSpecClaim_10_21_CreateCase	1734101261535	1734101261951	414	OK
REQUEST	Civil_CreateSpecClaim_10_22_CreateCase	ClaimTimeline	1734101265472	1734101266458	OK	 
GROUP	Civil_CreateSpecClaim_10_22_CreateCase	1734101265469	1734101266460	986	OK
REQUEST	Civil_CreateSpecClaim_10_23_CreateCase	SPECEvidenceList	1734101269773	1734101270243	OK	 
GROUP	Civil_CreateSpecClaim_10_23_CreateCase	1734101269771	1734101270245	470	OK
REQUEST	Civil_CreateSpecClaim_10_24_CreateCase	CREATE_CLAIM_SPECClaimAmount	1734101273521	1734101274132	OK	 
GROUP	Civil_CreateSpecClaim_10_24_CreateCase	1734101273518	1734101274135	611	OK
REQUEST	Civil_CreateSpecClaim_10_25_CreateCase	CREATE_CLAIM_SPECClaimAmountDetails	1734101277492	1734101278230	OK	 
GROUP	Civil_CreateSpecClaim_10_25_CreateCase	1734101277489	1734101278233	738	OK
REQUEST	Civil_CreateSpecClaim_10_26_CreateCase	CREATE_CLAIM_SPECClaimInterest	1734101281171	1734101281619	OK	 
GROUP	Civil_CreateSpecClaim_10_26_CreateCase	1734101281168	1734101281621	448	OK
REQUEST	Civil_CreateSpecClaim_10_27_CreateCase	CREATE_CLAIM_SPECInterestSummary	1734101284486	1734101285912	OK	 
GROUP	Civil_CreateSpecClaim_10_27_CreateCase	1734101284484	1734101285913	1426	OK
REQUEST	Civil_CreateSpecClaim_10_28_CreateCase	CREATE_CLAIM_SPECPbaNumber	1734101288624	1734101289086	OK	 
GROUP	Civil_CreateSpecClaim_10_28_CreateCase	1734101288620	1734101289088	462	OK
REQUEST	Civil_CreateSpecClaim_10_29_CreateCase	CREATE_CLAIM_SPECFixedCommencementCosts	1734101291829	1734101292363	OK	 
GROUP	Civil_CreateSpecClaim_10_29_CreateCase	1734101291826	1734101292364	534	OK
REQUEST	Civil_CreateSpecClaim_10_30_CreateCase	CREATE_CLAIM_SPECStatementOfTruth	1734101294933	1734101295460	OK	 
GROUP	Civil_CreateSpecClaim_10_30_CreateCase	1734101294931	1734101295463	527	OK
REQUEST	Civil_CreateSpecClaim_10_32_CreateCase	CREATE_CLAIM_SPECSOT_Submit	1734101345467	1734101346241	KO	status.find.in([200, 209], 304), found 500
GROUP	Civil_CreateSpecClaim_10_32_CreateCase	1734101345465	1734101346249	774	KO
ERROR	CREATE_CLAIM_SPECGetCase: No attribute named 'caseId' is defined 	1734101349627
GROUP	Civil_CreateSpecClaim_10_33_APIRoleAssignment	1734101349619	1734101349627	0	KO
ERROR	CREATE_CLAIM_SPECAPIRoleAssignment: No attribute named 'caseId' is defined 	1734101349627
GROUP	Civil_CreateSpecClaim_10_34_APIRoleAssignment	1734101349627	1734101349627	0	KO
REQUEST	