RUN	uk.gov.hmcts.reform.civildamage.performance.simulations.SimulateScenario	simulatescenario	1734022858759	 	3.12.0
USER	Spec_Create_Claim	START	1734022859236
REQUEST	XUI_010_Home	005_Home	1734022859234	1734022859353	OK	 
REQUEST	XUI_010_Home	runtime.c32f9b4a94802f79.js	1734022859387	1734022859511	OK	 
REQUEST	XUI_010_Home	favicon.ico	1734022859386	1734022859530	OK	 
REQUEST	XUI_010_Home	ruxitagentjs_ICA7NQVfgqrux_10303241106123517.js	1734022859385	1734022859547	OK	 
REQUEST	XUI_010_Home	polyfills.f167bb2153da897b.js	1734022859387	1734022859641	OK	 
REQUEST	XUI_010_Home	styles.343c90b7969fcbd0.css	1734022859386	1734022860662	OK	 
REQUEST	XUI_010_Home	main.646c05ed22fa05bb.js	1734022859387	1734022869638	OK	 
REQUEST	XUI_010_Home	Common_000_ConfigurationUI	1734022869641	1734022869684	OK	 
REQUEST	XUI_010_Home	Common_000_ConfigJson	1734022869686	1734022869745	OK	 
REQUEST	XUI_010_Home	Common_000_TsAndCs	1734022869748	1734022869782	OK	 
REQUEST	XUI_010_Home	Common_000_ConfigUI	1734022869784	1734022869821	OK	 
REQUEST	XUI_010_Home	Common_000_UserDetails	1734022869824	1734022869864	OK	 
REQUEST	XUI_010_Home	Common_000_IsAuthenticated	1734022869867	1734022869913	OK	 
REQUEST	XUI_010_Home	010_auth	1734022869920	1734022869961	OK	 
REQUEST	XUI_010_Home	010_auth Redirect 1	1734022869967	1734022870143	OK	 
REQUEST	XUI_010_Home	010_auth Redirect 2	1734022870144	1734022870214	OK	 
REQUEST	XUI_010_Home	application.css	1734022870249	1734022870354	OK	 
REQUEST	XUI_010_Home	govuk-template-print.css	1734022870250	1734022870371	OK	 
REQUEST	XUI_010_Home	govuk-template.css	1734022870249	1734022870404	OK	 
REQUEST	XUI_010_Home	favicon.ico	1734022870250	1734022870422	OK	 
REQUEST	XUI_010_Home	cookie-manager.js	1734022870405	1734022870597	OK	 
REQUEST	XUI_010_Home	skiplink-target.js	1734022870422	1734022870626	OK	 
REQUEST	XUI_010_Home	jquery-3.5.1.min.js	1734022870355	1734022870649	OK	 
REQUEST	XUI_010_Home	govuk-frontend-3.12.0.min.js	1734022870372	1734022870695	OK	 
REQUEST	XUI_010_Home	gov.uk_logotype_crown_invert_trans.png	1734022870597	1734022870743	OK	 
REQUEST	XUI_010_Home	details.polyfill.js	1734022870626	1734022870744	OK	 
REQUEST	XUI_010_Home	govuk-template.js	1734022870650	1734022870744	OK	 
REQUEST	XUI_010_Home	govuk-frontend-3.12.0.min.css	1734022870250	1734022870757	OK	 
REQUEST	XUI_010_Home	fonts.css	1734022870250	1734022870771	OK	 
GROUP	XUI_010_Home	1734022859226	1734022870775	11446	OK
REQUEST	XUI_020_Login	005_clientId	1734022873987	1734022874328	OK	 
REQUEST	XUI_020_Login	005_clientId Redirect 1	1734022874334	1734022875169	OK	 
REQUEST	XUI_020_Login	005_clientId Redirect 2	1734022875170	1734022875213	OK	 
REQUEST	XUI_020_Login	runtime.c32f9b4a94802f79.js	1734022875216	1734022875259	OK	 
REQUEST	XUI_020_Login	favicon.ico	1734022875216	1734022875287	OK	 
REQUEST	XUI_020_Login	polyfills.f167bb2153da897b.js	1734022875216	1734022875305	OK	 
REQUEST	XUI_020_Login	styles.343c90b7969fcbd0.css	1734022875216	1734022876067	OK	 
REQUEST	XUI_020_Login	ruxitagentjs_ICA7NQVfgqrux_10303241106123517.js	1734022875215	1734022876074	OK	 
REQUEST	XUI_020_Login	main.646c05ed22fa05bb.js	1734022875216	1734022880089	OK	 
REQUEST	XUI_020_Login	Common_000_ConfigurationUI	1734022880090	1734022880129	OK	 
REQUEST	XUI_020_Login	Common_000_ConfigUI	1734022880131	1734022880182	OK	 
REQUEST	XUI_020_Login	Common_000_TsAndCs	1734022880188	1734022880251	OK	 
REQUEST	XUI_020_Login	Common_000_IsAuthenticated	1734022880255	1734022880295	OK	 
REQUEST	XUI_020_Login	Common_000_UserDetails	1734022880298	1734022881088	OK	 
REQUEST	XUI_020_Login	Common_000_MonitoringTools	1734022881091	1734022881190	OK	 
REQUEST	XUI_020_Login	Common_000_IsAuthenticated	1734022881224	1734022881329	OK	 
GROUP	XUI_020_Login	1734022873981	1734022881332	7281	OK
REQUEST	Civil_CreateSpecClaim_10_00_LandingPage	Jurisdiction	1734022883712	1734022885920	OK	 
REQUEST	Civil_CreateSpecClaim_10_00_LandingPage	Organisation	1734022885926	1734022887296	OK	 
GROUP	Civil_CreateSpecClaim_10_00_LandingPage	1734022883709	1734022887298	3578	OK
REQUEST	Civil_CreateSpecClaim_10_01_CreateCase	Create	1734022890348	1734022890881	OK	 
GROUP	Civil_CreateSpecClaim_10_01_CreateCase	1734022890344	1734022890884	533	OK
REQUEST	Civil_CreateSpecClaim_10_02_CreateCase	IgnoreWarning	1734022893548	1734022895788	OK	 
GROUP	Civil_CreateSpecClaim_10_02_CreateCase	1734022893546	1734022895839	2240	OK
REQUEST	Civil_CreateSpecClaim_10_03_CreateCase	CaseChecklist	1734022898479	1734022899942	OK	 
GROUP	Civil_CreateSpecClaim_10_03_CreateCase	1734022898469	1734022899946	1463	OK
REQUEST	Civil_CreateSpecClaim_10_04_CreateCase	Eligibility	1734022903044	1734022904268	OK	 
GROUP	Civil_CreateSpecClaim_10_04_CreateCase	1734022903041	1734022904268	1224	OK
REQUEST	Civil_CreateSpecClaim_10_05_CreateCase	References	1734022908048	1734022908878	OK	 
GROUP	Civil_CreateSpecClaim_10_05_CreateCase	1734022908045	1734022908879	830	OK
REQUEST	Civil_CreateSpecClaim_10_06_CreateCase	PostCodeSearch	1734022912879	1734022914185	OK	 
GROUP	Civil_CreateSpecClaim_10_06_CreateCase	1734022912877	1734022914197	1306	OK
REQUEST	Civil_CreateSpecClaim_10_07_CreateCase	Claimant	1734022917040	1734022919035	OK	 
GROUP	Civil_CreateSpecClaim_10_07_CreateCase	1734022917038	1734022919037	1995	OK
REQUEST	Civil_CreateSpecClaim_10_08_CreateCase	AddAnotherClaimant	1734022921496	1734022922270	OK	 
GROUP	Civil_CreateSpecClaim_10_08_CreateCase	1734022921492	1734022922271	774	OK
REQUEST	Civil_CreateSpecClaim_10_09_CreateCase	Notifications	1734022924388	1734022925657	OK	 
GROUP	Civil_CreateSpecClaim_10_09_CreateCase	1734022924386	1734022925659	1269	OK
REQUEST	Civil_CreateSpecClaim_10_10_CreateCase	ClaimantSolOrg	1734022925661	1734022926133	OK	 
GROUP	Civil_CreateSpecClaim_10_10_CreateCase	1734022925659	1734022926134	472	OK
REQUEST	Civil_CreateSpecClaim_10_11_CreateCase	CorrespondenceAddress	1734022929093	1734022930654	OK	 
GROUP	Civil_CreateSpecClaim_10_11_CreateCase	1734022929090	1734022930658	1561	OK
REQUEST	Civil_CreateSpecClaim_10_12_CreateCase	DefPostCode	1734022932749	1734022934058	OK	 
GROUP	Civil_CreateSpecClaim_10_12_CreateCase	1734022932748	1734022934063	1309	OK
REQUEST	Civil_CreateSpecClaim_10_13_CreateCase	DefendantDetails	1734022937590	1734022939700	OK	 
GROUP	Civil_CreateSpecClaim_10_13_CreateCase	1734022937586	1734022939701	2110	OK
REQUEST	Civil_CreateSpecClaim_10_14_CreateCase	DefLegalRep	1734022943595	1734022944423	OK	 
GROUP	Civil_CreateSpecClaim_10_14_CreateCase	1734022943594	1734022944423	828	OK
REQUEST	Civil_CreateSpecClaim_10_15_CreateCase	DefSolOrg	1734022946848	1734022947491	OK	 
GROUP	Civil_CreateSpecClaim_10_15_CreateCase	1734022946846	1734022947492	643	OK
REQUEST	Civil_CreateSpecClaim_10_16_CreateCase	CDefSolEmail	1734022951256	1734022952061	OK	 
GROUP	Civil_CreateSpecClaim_10_16_CreateCase	1734022951255	1734022952062	805	OK
REQUEST	Civil_CreateSpecClaim_10_17_CreateCase	DefAddr	1734022955455	1734022955944	OK	 
GROUP	Civil_CreateSpecClaim_10_17_CreateCase	1734022955453	1734022955945	489	OK
REQUEST	Civil_CreateSpecClaim_10_18_CreateCase	AddAnotherDefendant	1734022958282	1734022959437	OK	 
GROUP	Civil_CreateSpecClaim_10_18_CreateCase	1734022958278	1734022959438	1155	OK
REQUEST	Civil_CreateSpecClaim_10_19_CreateCase	FlightDelayClaim	1734022963135	1734022964353	OK	 
GROUP	Civil_CreateSpecClaim_10_19_CreateCase	1734022963134	1734022964354	1218	OK
REQUEST	Civil_CreateSpecClaim_10_20_CreateCase	CaseDetails	1734022966544	1734022966974	OK	 
GROUP	Civil_CreateSpecClaim_10_20_CreateCase	1734022966543	1734022966975	430	OK
REQUEST	Civil_CreateSpecClaim_10_21_CreateCase	UploadClaimDoc	1734022969355	1734022970166	OK	 
GROUP	Civil_CreateSpecClaim_10_21_CreateCase	1734022969354	1734022970167	811	OK
REQUEST	Civil_CreateSpecClaim_10_22_CreateCase	ClaimTimeline	1734022972818	1734022973332	OK	 
GROUP	Civil_CreateSpecClaim_10_22_CreateCase	1734022972816	1734022973333	514	OK
REQUEST	Civil_CreateSpecClaim_10_23_CreateCase	SPECEvidenceList	1734022976653	1734022978316	OK	 
GROUP	Civil_CreateSpecClaim_10_23_CreateCase	1734022976652	1734022978318	1663	OK
REQUEST	