RUN	uk.gov.hmcts.reform.civildamage.performance.simulations.SimulateScenario	simulatescenario	1730410649551	 	3.12.0
USER	Spec_Create_Claim	START	1730410651295
REQUEST	XUI_010_Home	005_Home	1730410651276	1730410651396	OK	 
REQUEST	XUI_010_Home	Common_000_ConfigurationUI	1730410652524	1730410652552	OK	 
REQUEST	XUI_010_Home	Common_000_ConfigJson	1730410652559	1730410652586	OK	 
REQUEST	XUI_010_Home	Common_000_TsAndCs	1730410652588	1730410652614	OK	 
REQUEST	XUI_010_Home	Common_000_ConfigUI	1730410652615	1730410652639	OK	 
REQUEST	XUI_010_Home	Common_000_UserDetails	1730410652641	1730410652685	OK	 
REQUEST	XUI_010_Home	Common_000_IsAuthenticated	1730410652688	1730410652714	OK	 
REQUEST	XUI_010_Home	010_auth	1730410652722	1730410652753	OK	 
REQUEST	XUI_010_Home	015_authorize	1730410653040	1730410653273	OK	 
REQUEST	XUI_010_Home	020_client	1730410653280	1730410653320	OK	 
GROUP	XUI_010_Home	1730410651221	1730410653326	599	OK
REQUEST	XUI_020_Login	005_clientId	1730410653333	1730410653572	OK	 
REQUEST	XUI_020_Login	010_LoginCallback	1730410653586	1730410654499	OK	 
REQUEST	XUI_020_Login	015_idamurl	1730410654500	1730410654531	OK	 
REQUEST	XUI_020_Login	Common_000_ConfigurationUI	1730410655545	1730410655572	OK	 
REQUEST	XUI_020_Login	Common_000_ConfigUI	1730410655573	1730410655606	OK	 
REQUEST	XUI_020_Login	Common_000_TsAndCs	1730410655607	1730410655633	OK	 
REQUEST	XUI_020_Login	Common_000_IsAuthenticated	1730410655635	1730410655665	OK	 
REQUEST	XUI_020_Login	Common_000_UserDetails	1730410655671	1730410656882	OK	 
REQUEST	XUI_020_Login	Common_000_MonitoringTools	1730410656883	1730410656965	OK	 
REQUEST	XUI_020_Login	Common_000_IsAuthenticated	1730410657040	1730410657119	OK	 
GROUP	XUI_020_Login	1730410653326	1730410657140	2671	OK
REQUEST	Civil_CreateSpecClaim_10_01_CreateCase	StartCase	1730410666090	1730410672782	OK	 
GROUP	Civil_CreateSpecClaim_10_01_CreateCase	1730410666087	1730410672853	6692	OK
REQUEST	Civil_CreateSpecClaim_10_02_CreateCase	CaseChecklist	1730410687870	1730410689774	OK	 
GROUP	Civil_CreateSpecClaim_10_02_CreateCase	1730410687864	1730410689775	1904	OK
REQUEST	Civil_CreateSpecClaim_10_03_CreateCase	Eligibility	1730410704782	1730410706560	OK	 
GROUP	Civil_CreateSpecClaim_10_03_CreateCase	1730410704781	1730410706561	1778	OK
REQUEST	Civil_CreateSpecClaim_10_04_CreateCase	References	1730410721566	1730410722999	OK	 
GROUP	Civil_CreateSpecClaim_10_04_CreateCase	1730410721564	1730410722999	1433	OK
REQUEST	Civil_CreateSpecClaim_10_05_CreateCase	PostCodeSearch	1730410738006	1730410739276	OK	 
GROUP	Civil_CreateSpecClaim_10_05_CreateCase	1730410738005	1730410754292	1270	OK
REQUEST	Civil_CreateSpecClaim_10_06_CreateCase	Claimant	1730410754294	1730410756545	OK	 
GROUP	Civil_CreateSpecClaim_10_06_CreateCase	1730410754293	1730410756546	2251	OK
REQUEST	Civil_CreateSpecClaim_10_07_CreateCase	AddAnotherClaimant	1730410771551	1730410772938	OK	 
GROUP	Civil_CreateSpecClaim_10_07_CreateCase	1730410771549	1730410772939	1387	OK
REQUEST	Civil_CreateSpecClaim_10_08_CreateCase	Notifications	1730410787957	1730410789578	OK	 
GROUP	Civil_CreateSpecClaim_10_08_CreateCase	1730410787955	1730410789579	1621	OK
REQUEST	Civil_CreateSpecClaim_10_09_CreateCase	ClaimantSolOrg	1730410789580	1730410791254	OK	 
GROUP	Civil_CreateSpecClaim_10_09_CreateCase	1730410789579	1730410791254	1674	OK
REQUEST	Civil_CreateSpecClaim_10_10_CreateCase	CorrespondenceAddress	1730410806265	1730410807090	OK	 
GROUP	Civil_CreateSpecClaim_10_10_CreateCase	1730410806263	1730410807090	825	OK
REQUEST	Civil_CreateSpecClaim_10_11_CreateCase	DefPostCode	1730410822114	1730410823336	OK	 
GROUP	Civil_CreateSpecClaim_10_11_CreateCase	1730410822102	1730410823338	1222	OK
REQUEST	Civil_CreateSpecClaim_10_11_CreateCase	DefendantDetails	1730410838356	1730410840622	OK	 
GROUP	Civil_CreateSpecClaim_10_11_CreateCase	1730410838354	1730410840623	2266	OK
REQUEST	Civil_CreateSpecClaim_10_12_CreateCase	DefLegalRep	1730410855635	1730410857222	OK	 
GROUP	Civil_CreateSpecClaim_10_12_CreateCase	1730410855634	1730410857223	1587	OK
REQUEST	Civil_CreateSpecClaim_10_13_CreateCase	DefSolOrg	1730410861229	1730410862318	OK	 
GROUP	Civil_CreateSpecClaim_10_13_CreateCase	1730410861227	1730410862319	1089	OK
REQUEST	Civil_CreateSpecClaim_10_14_CreateCase	CDefSolEmail	1730410866325	1730410867242	OK	 
GROUP	Civil_CreateSpecClaim_10_14_CreateCase	1730410866323	1730410867243	917	OK
REQUEST	Civil_CreateSpecClaim_10_15_CreateCase	DefAddr	1730410882247	1730410883799	OK	 
GROUP	Civil_CreateSpecClaim_10_15_CreateCase	1730410882245	1730410883800	1552	OK
REQUEST	Civil_CreateSpecClaim_10_16_CreateCase	AddAnotherDefendant	1730410898814	1730410899589	OK	 
GROUP	Civil_CreateSpecClaim_10_16_CreateCase	1730410898812	1730410899590	775	OK
REQUEST	Civil_CreateSpecClaim_10_17_CreateCase	FlightDelayClaim	1730410914599	1730410916018	OK	 
GROUP	Civil_CreateSpecClaim_10_17_CreateCase	1730410914598	1730410916019	1419	OK
REQUEST	Civil_CreateSpecClaim_10_18CreateCase	CaseDetails	1730410931035	1730410931815	OK	 
GROUP	Civil_CreateSpecClaim_10_18CreateCase	1730410931033	1730410931815	780	OK
REQUEST	Civil_CreateSpecClaim_10_19_CreateCase	UploadClaimDoc	1730410946830	1730410947565	OK	 
GROUP	Civil_CreateSpecClaim_10_19_CreateCase	1730410946829	1730410947566	735	OK
REQUEST	Civil_CreateSpecClaim_10_20_CreateCase	ClaimTimeline	1730410962570	1730410963529	OK	 
GROUP	Civil_CreateSpecClaim_10_20_CreateCase	1730410962568	1730410963529	959	OK
REQUEST	Civil_CreateSpecClaim_10_21_CreateCase	SPECEvidenceList	1730410978537	1730410980332	OK	 
GROUP	Civil_CreateSpecClaim_10_21_CreateCase	1730410978535	1730410980333	1795	OK
REQUEST	Civil_CreateSpecClaim_10_22_CreateCase	CREATE_CLAIM_SPECClaimAmount	1730410995357	1730410996906	OK	 
GROUP	Civil_CreateSpecClaim_10_22_CreateCase	1730410995353	1730410996907	1549	OK
REQUEST	Civil_CreateSpecClaim_10_23_CreateCase	CREATE_CLAIM_SPECClaimAmountDetails	1730411001918	1730411003735	OK	 
GROUP	Civil_CreateSpecClaim_10_23_CreateCase	1730411001916	1730411003735	1817	OK
REQUEST	Civil_CreateSpecClaim_10_24_CreateCase	CREATE_CLAIM_SPECClaimInterest	1730411018741	1730411019810	OK	 
GROUP	Civil_CreateSpecClaim_10_24_CreateCase	1730411018739	1730411019812	1069	OK
REQUEST	Civil_CreateSpecClaim_10_25_CreateCase	CREATE_CLAIM_SPECInterestSummary	1730411034819	1730411037057	OK	 
GROUP	Civil_CreateSpecClaim_10_25_CreateCase	1730411034816	1730411037060	2238	OK
REQUEST	Civil_CreateSpecClaim_10_26_CreateCase	CREATE_CLAIM_SPECPbaNumber	1730411052062	1730411052545	OK	 
GROUP	Civil_CreateSpecClaim_10_26_CreateCase	1730411052061	1730411052546	483	OK
REQUEST	Civil_CreateSpecClaim_10_27_CreateCase	StatementOfTruth	1730411068567	1730411069581	KO	status.find.in([200, 209], 304), found 406
GROUP	Civil_CreateSpecClaim_10_27_CreateCase	1730411068565	1730411069618	1014	KO
REQUEST	Civil_CreateSpecClaim_10_28_CreateCase	SOT_Submit	1730411077625	1730411082307	OK	 
GROUP	Civil_CreateSpecClaim_10_28_CreateCase	1730411077624	1730411082311	4682	OK
REQUEST		XUI_020_Signout	1730411122325	1730411122591	OK	 
REQUEST	XUI_010_Home	005_Home	1730411147603	1730411147632	OK	 
REQUEST	XUI_010_Home	Common_000_ConfigurationUI	1730411148650	1730411148709	OK	 
REQUEST	XUI_010_Home	Common_000_ConfigJson	1730411148711	1730411148731	OK	 
REQUEST	XUI_010_Home	Common_000_TsAndCs	1730411148733	1730411148755	OK	 
REQUEST	XUI_010_Home	Common_000_ConfigUI	1730411148756	1730411148778	OK	 
REQUEST	XUI_010_Home	Common_000_UserDetails	1730411148779	1730411148799	OK	 
REQUEST	XUI_010_Home	Common_000_IsAuthenticated	1730411148800	1730411148858	OK	 
REQUEST	XUI_010_Home	010_auth	1730411148859	1730411148981	OK	 
REQUEST	XUI_010_Home	015_authorize	1730411149239	1730411149353	OK	 
REQUEST	XUI_010_Home	020_client	1730411149354	1730411149396	OK	 
GROUP	XUI_010_Home	1730411147603	1730411149400	508	OK
REQUEST	XUI_020_Login	005_clientId	1730411149402	1730411149740	OK	 
REQUEST	XUI_020_Login	010_LoginCallback	1730411149741	1730411150335	OK	 
REQUEST	XUI_020_Login	015_idamurl	1730411150336	1730411150363	OK	 
REQUEST	XUI_020_Login	Common_000_ConfigurationUI	1730411151369	1730411151399	OK	 
REQUEST	XUI_020_Login	Common_000_ConfigUI	1730411151402	1730411151427	OK	 
REQUEST	XUI_020_Login	Common_000_TsAndCs	1730411151432	1730411151456	OK	 
REQUEST	XUI_020_Login	Common_000_IsAuthenticated	1730411151458	1730411151509	OK	 
REQUEST	XUI_020_Login	Common_000_UserDetails	1730411151513	1730411151996	OK	 
REQUEST	XUI_020_Login	Common_000_MonitoringTools	1730411151997	1730411152073	OK	 
REQUEST	XUI_020_Login	Common_000_IsAuthenticated	1730411152074	1730411152161	OK	 
GROUP	XUI_020_Login	1730411149400	1730411152162	1735	OK
REQUEST	Civil_CreateSpecClaim_10_29_CreateCase	CaseNo	1730411160641	1730411160711	OK	 
REQUEST	Civil_CreateSpecClaim_10_29_CreateCase	paymentgroups	1730411160712	1730411162670	OK	 
REQUEST	Civil_CreateSpecClaim_10_29_CreateCase	PayOrder	1730411162671	1730411163239	OK	 
GROUP	Civil_CreateSpecClaim_10_29_CreateCase	1730411160640	1730411163279	2596	OK
REQUEST	Civil_CreateSpecClaim_10_29_CreateCase	PayNow	1730411173296	1730411175399	OK	 
GROUP	Civil_CreateSpecClaim_10_29_CreateCase	1730411173295	1730411175400	2103	OK
REQUEST	Civil_CreateSpecClaim_10_30_CreateCase	ConfirmPayment	1730411185416	1730411189062	OK	 
GROUP	Civil_CreateSpecClaim_10_30_CreateCase	1730411185414	1730411189063	3646	OK
REQUEST		XUI_020_Signout	1730411229157	1730411229476	OK	 
REQUEST	XUI_010_Home	005_Home	1730411254487	1730411254542	OK	 
REQUEST	XUI_010_Home	Common_000_ConfigurationUI	1730411255547	1730411255585	OK	 
REQUEST	XUI_010_Home	Common_000_ConfigJson	1730411255587	1730411255611	OK	 
REQUEST	XUI_010_Home	Common_000_TsAndCs	1730411255613	1730411255787	OK	 
REQUEST	XUI_010_Home	Common_000_ConfigUI	1730411255789	1730411255824	OK	 
REQUEST	XUI_010_Home	Common_000_UserDetails	1730411255826	1730411255873	OK	 
REQUEST	XUI_010_Home	Common_000_IsAuthenticated	1730411255876	1730411255919	OK	 
REQUEST	XUI_010_Home	010_auth	1730411255922	1730411255982	OK	 
REQUEST	XUI_010_Home	015_authorize	1730411256249	1730411256340	OK	 
REQUEST	XUI_010_Home	020_client	1730411256342	1730411256381	OK	 
GROUP	XUI_010_Home	1730411254486	1730411256383	606	OK
REQUEST	XUI_020_Login	005_clientId	1730411256384	1730411256470	OK	 
REQUEST	XUI_020_Login	010_LoginCallback	1730411256473	1730411256967	OK	 
REQUEST	XUI_020_Login	015_idamurl	1730411256970	1730411257021	OK	 
REQUEST	XUI_020_Login	Common_000_ConfigurationUI	1730411258025	1730411258062	OK	 
REQUEST	XUI_020_Login	Common_000_ConfigUI	1730411258065	1730411258100	OK	 
REQUEST	XUI_020_Login	Common_000_TsAndCs	1730411258102	1730411258126	OK	 
REQUEST	XUI_020_Login	Common_000_IsAuthenticated	1730411258127	1730411258208	OK	 
REQUEST	XUI_020_Login	Common_000_UserDetails	1730411258210	1730411259089	OK	 
REQUEST	XUI_020_Login	Common_000_MonitoringTools	1730411259091	1730411259156	OK	 
REQUEST	XUI_020_Login	Common_000_IsAuthenticated	1730411259157	1730411259213	OK	 
GROUP	XUI_020_Login	1730411256383	1730411259214	1808	OK
REQUEST		CIVIL_AssignCase_000_AssignCase	1730411297574	1730411300071	OK	 
REQUEST		XUI_CreateClaim_420_005_RespondToClaim	1730411350089	1730411351953	OK	 
REQUEST		XUI_CreateClaim_420_010_RespondToClaim	1730411351955	1730411358147	OK	 
REQUEST		request_34	1730411358218	1730411362619	OK	 
REQUEST		request_35	1730411372629	1730411374613	OK	 
REQUEST		request_36	1730411375002	1730411381071	OK	 
REQUEST		request_37	1730411391079	1730411392401	OK	 
REQUEST		request_38	1730411402407	1730411404305	OK	 
REQUEST		request_39	1730411414314	1730411416648	OK	 
REQUEST		request_40	1730411426662	1730411428307	OK	 
REQUEST		request_41	1730411438319	1730411439414	OK	 
REQUEST		request_42	1730411449424	1730411451391	OK	 
REQUEST		request_43	1730411461395	1730411462057	OK	 
REQUEST		request_44	1730411472061	1730411472825	OK	 
REQUEST		request_45	1730411482834	1730411484351	OK	 
REQUEST		request_46	1730411494358	1730411495884	OK	 
REQUEST		request_47	1730411505897	1730411506224	OK	 
REQUEST		request_48	1730411516242	1730411517049	OK	 
REQUEST		request_49	1730411527061	1730411527747	OK	 
REQUEST		request_50	1730411530753	1730411531091	OK	 
REQUEST		request_51	1730411541100	1730411542292	OK	 
REQUEST		request_53	1730411542702	1730411549193	OK	 
REQUEST		XUI_020_Signout	1730411554210	1730411554515	OK	 
REQUEST	XUI_010_Home	005_Home	1730411579518	1730411579540	OK	 
REQUEST	XUI_010_Home	Common_000_ConfigurationUI	1730411580548	1730411580579	OK	 
REQUEST	XUI_010_Home	Common_000_ConfigJson	1730411580583	1730411580622	OK	 
REQUEST	XUI_010_Home	Common_000_TsAndCs	1730411580624	1730411580649	OK	 
REQUEST	XUI_010_Home	Common_000_ConfigUI	1730411580650	1730411580675	OK	 
REQUEST	XUI_010_Home	Common_000_UserDetails	1730411580678	1730411580722	OK	 
REQUEST	XUI_010_Home	Common_000_IsAuthenticated	1730411580723	1730411580747	OK	 
REQUEST	XUI_010_Home	010_auth	1730411580749	1730411580782	OK	 
REQUEST	XUI_010_Home	015_authorize	1730411581046	1730411581129	OK	 
REQUEST	XUI_010_Home	020_client	1730411581130	1730411581170	OK	 
GROUP	XUI_010_Home	1730411579517	1730411581171	366	OK
REQUEST	XUI_020_Login	005_clientId	1730411581172	1730411581432	OK	 
REQUEST	XUI_020_Login	010_LoginCallback	1730411581433	1730411582054	OK	 
REQUEST	XUI_020_Login	015_idamurl	1730411582056	1730411582107	OK	 
REQUEST	XUI_020_Login	Common_000_ConfigurationUI	1730411583120	1730411583154	OK	 
REQUEST	XUI_020_Login	Common_000_ConfigUI	1730411583158	1730411583186	OK	 
REQUEST	XUI_020_Login	Common_000_TsAndCs	1730411583188	1730411583209	OK	 
REQUEST	XUI_020_Login	Common_000_IsAuthenticated	1730411583210	1730411583245	OK	 
REQUEST	XUI_020_Login	Common_000_UserDetails	1730411583248	1730411583753	OK	 
REQUEST	XUI_020_Login	Common_000_MonitoringTools	1730411583754	1730411583816	OK	 
REQUEST	XUI_020_Login	Common_000_IsAuthenticated	1730411583818	1730411583893	OK	 
GROUP	XUI_020_Login	1730411581171	1730411583894	1692	OK
REQUEST		XUI_CreateClaim_420_005_RespondToClaim	1730411591997	1730411593634	OK	 
REQUEST		XUI_CreateClaim_420_010_RespondToClaim	1730411593636	1730411594532	KO	status.find.in([200, 209], 304), found 422
REQUEST		request_34	1730411594559	1730411596909	OK	 
REQUEST		request_35	1730411606916	1730411608390	OK	 
REQUEST		request_36	1730411608786	1730411615152	OK	 
REQUEST		request_37	1730411625156	1730411626198	OK	 
REQUEST		request_38	1730411636211	1730411637860	OK	 
REQUEST		request_39	1730411647873	1730411649537	OK	 
REQUEST		request_40	1730411659545	1730411660205	OK	 
REQUEST		request_41	1730411670221	1730411671386	OK	 
REQUEST		request_42	1730411681398	1730411683052	OK	 
REQUEST		request_43	1730411693064	1730411693981	OK	 
REQUEST		request_44	1730411703984	1730411704760	OK	 
REQUEST		request_45	1730411714762	1730411715881	OK	 
REQUEST		request_46	1730411725891	1730411727601	OK	 
REQUEST		request_47	1730411737608	1730411738324	OK	 
REQUEST		request_48	1730411748328	1730411749325	OK	 
REQUEST		request_49	1730411759336	1730411760776	OK	 
REQUEST		request_50	1730411763784	1730411764292	OK	 
REQUEST		request_51	1730411774308	1730411775348	OK	 
REQUEST		request_53	1730411775758	1730411777388	KO	status.find.in([200, 209], 304), found 422
REQUEST		XUI_020_Signout	1730411782424	1730411782711	OK	 
REQUEST	XUI_010_Home	005_Home	1730411807722	1730411807744	OK	 
REQUEST	XUI_010_Home	Common_000_ConfigurationUI	1730411808752	1730411808782	OK	 
REQUEST	XUI_010_Home	Common_000_ConfigJson	1730411808783	1730411808819	OK	 
REQUEST	XUI_010_Home	Common_000_TsAndCs	1730411808820	1730411808845	OK	 
REQUEST	XUI_010_Home	Common_000_ConfigUI	1730411808846	1730411808869	OK	 
REQUEST	XUI_010_Home	Common_000_UserDetails	1730411808871	1730411808893	OK	 
REQUEST	XUI_010_Home	Common_000_IsAuthenticated	1730411808895	1730411808924	OK	 
REQUEST	XUI_010_Home	010_auth	1730411808926	1730411808953	OK	 
REQUEST	XUI_010_Home	015_authorize	1730411809217	1730411809312	OK	 
REQUEST	XUI_010_Home	020_client	1730411809312	1730411809358	OK	 
GROUP	XUI_010_Home	1730411807721	1730411809359	355	OK
REQUEST	XUI_020_Login	005_clientId	1730411809359	1730411809444	OK	 
REQUEST	XUI_020_Login	010_LoginCallback	1730411809445	1730411809957	OK	 
REQUEST	XUI_020_Login	015_idamurl	1730411809958	1730411809983	OK	 
REQUEST	XUI_020_Login	Common_000_ConfigurationUI	1730411810991	1730411811022	OK	 
REQUEST	XUI_020_Login	Common_000_ConfigUI	1730411811024	1730411811053	OK	 
REQUEST	XUI_020_Login	Common_000_TsAndCs	1730411811055	1730411811090	OK	 
REQUEST	XUI_020_Login	Common_000_IsAuthenticated	1730411811091	1730411811132	OK	 
REQUEST	XUI_020_Login	Common_000_UserDetails	1730411811132	1730411811861	OK	 
REQUEST	XUI_020_Login	Common_000_MonitoringTools	1730411811862	1730411811921	OK	 
REQUEST	XUI_020_Login	Common_000_IsAuthenticated	1730411811923	1730411811985	OK	 
GROUP	XUI_020_Login	1730411809359	1730411811985	1608	OK
REQUEST		Civil_RespToClaim_040_OpenCase	1730411821703	1730411824239	OK	 
REQUEST	Civil_CreateClaim_040_CreateCase	C_C_request_34	1730411829244	1730411834225	KO	jsonPath($.case_fields[0].value.partyID).find.exists, found nothing
GROUP	Civil_CreateClaim_040_CreateCase	1730411829243	1730411834366	4981	KO
REQUEST	Civil_CreateClaim_050_CLAIMEligibility	Civil_CreateClaim_050_CLAIMEligibility	1730411844383	1730411846771	OK	 
GROUP	Civil_CreateClaim_050_CLAIMEligibility	1730411844382	1730411846771	2388	OK
REQUEST	Civil_CreateClaim_050_CLAIMEligibility	C_request_37	1730411856776	1730411858322	OK	 
GROUP	Civil_CreateClaim_050_CLAIMEligibility	1730411856775	1730411858323	1546	OK
REQUEST		C_request_38	1730411868333	1730411869818	OK	 
REQUEST		C_request_39	1730411879832	1730411881371	OK	 
REQUEST		C_request_40	1730411891381	1730411892838	OK	 
REQUEST		C_request_41	1730411902843	1730411903917	OK	 
REQUEST		C_request_42	1730411913931	1730411914500	OK	 
REQUEST		C_request_43	1730411924514	1730411925290	OK	 
REQUEST		C_request_44	1730411935298	1730411935784	OK	 
REQUEST		C_request_45	1730411945792	1730411947864	OK	 
REQUEST		C_request_46	1730411957875	1730411961849	OK	 
REQUEST		XUI_020_Signout	1730411961850	1730411962163	OK	 
REQUEST	XUI_010_Home	005_Home	1730411987166	1730411987188	OK	 
REQUEST	XUI_010_Home	Common_000_ConfigurationUI	1730411988197	1730411988225	OK	 
REQUEST	XUI_010_Home	Common_000_ConfigJson	1730411988226	1730411988251	OK	 
REQUEST	XUI_010_Home	Common_000_TsAndCs	1730411988253	1730411988275	OK	 
REQUEST	XUI_010_Home	Common_000_ConfigUI	1730411988277	1730411988303	OK	 
REQUEST	XUI_010_Home	Common_000_UserDetails	1730411988305	1730411988333	OK	 
REQUEST	XUI_010_Home	Common_000_IsAuthenticated	1730411988334	1730411988360	OK	 
REQUEST	XUI_010_Home	010_auth	1730411988361	1730411988408	OK	 
REQUEST	XUI_010_Home	015_authorize	1730411988676	1730411988761	OK	 
REQUEST	XUI_010_Home	020_client	1730411988763	1730411988816	OK	 
GROUP	XUI_010_Home	1730411987166	1730411988817	362	OK
REQUEST	XUI_020_Login	005_clientId	1730411988818	1730411989136	OK	 
REQUEST	XUI_020_Login	010_LoginCallback	1730411989137	1730411989542	OK	 
REQUEST	XUI_020_Login	015_idamurl	1730411989543	1730411989578	OK	 
REQUEST	XUI_020_Login	Common_000_ConfigurationUI	1730411990593	1730411990619	OK	 
REQUEST	XUI_020_Login	Common_000_ConfigUI	1730411990621	1730411990649	OK	 
REQUEST	XUI_020_Login	Common_000_TsAndCs	1730411990651	1730411990672	OK	 
REQUEST	XUI_020_Login	Common_000_IsAuthenticated	1730411990672	1730411990694	OK	 
REQUEST	XUI_020_Login	Common_000_UserDetails	1730411990695	1730411990944	OK	 
REQUEST	XUI_020_Login	Common_000_MonitoringTools	1730411990944	1730411990970	OK	 
REQUEST	XUI_020_Login	Common_000_IsAuthenticated	1730411990971	1730411991008	OK	 
GROUP	XUI_020_Login	1730411988817	1730411991009	1167	OK
REQUEST		D_request_46	1730411999503	1730412001650	OK	 
REQUEST		D_request_58	1730412001820	1730412003104	KO	jsonPath($[0].id).find.exists, found nothing
ERROR	D_request_65: No attribute named 'JudgeId' is defined 	1730412003115
ERROR	D_request_76: No attribute named 'JudgeId' is defined 	1730412008127
REQUEST		Common_000_ConfigurationUI	1730412008997	1730412009039	OK	 
REQUEST		Common_000_ConfigUI	1730412009040	1730412009072	OK	 
REQUEST		Common_000_TsAndCs	1730412009073	1730412009104	OK	 
REQUEST		Common_000_IsAuthenticated	1730412009105	1730412009132	OK	 
REQUEST		Common_000_UserDetails	1730412009133	1730412009162	OK	 
REQUEST		Common_000_MonitoringTools	1730412009163	1730412009188	OK	 
REQUEST		Common_000_IsAuthenticated	1730412009189	1730412009224	OK	 
REQUEST		D_request_86	1730412009224	1730412010851	OK	 
REQUEST		D_request_88	1730412010963	1730412014333	OK	 
REQUEST		D_request_104	1730412014550	1730412015538	OK	 
REQUEST		D_request_117	1730412015540	1730412016231	OK	 
REQUEST		D_request_135	1730412018235	1730412021752	OK	 
REQUEST		CREATE_SDOOrderPreview	1730412022771	1730412023544	OK	 
REQUEST		SUBMIT	1730412025551	1730412028075	OK	 
REQUEST		XUI_020_Signout	1730412028076	1730412028331	OK	 
REQUEST	XUI_010_Home	005_Home	1730412053343	1730412053373	OK	 
REQUEST	XUI_010_Home	Common_000_ConfigurationUI	1730412054387	1730412054417	OK	 
REQUEST	XUI_010_Home	Common_000_ConfigJson	1730412054419	1730412054460	OK	 
REQUEST	XUI_010_Home	Common_000_TsAndCs	1730412054461	1730412054486	OK	 
REQUEST	XUI_010_Home	Common_000_ConfigUI	1730412054488	1730412054519	OK	 
REQUEST	XUI_010_Home	Common_000_UserDetails	1730412054520	1730412054542	OK	 
REQUEST	XUI_010_Home	Common_000_IsAuthenticated	1730412054542	1730412054579	OK	 
REQUEST	XUI_010_Home	010_auth	1730412054580	1730412054604	OK	 
REQUEST	XUI_010_Home	015_authorize	1730412054871	1730412054977	OK	 
REQUEST	XUI_010_Home	020_client	1730412054978	1730412055015	OK	 
GROUP	XUI_010_Home	1730412053342	1730412055016	383	OK
REQUEST	XUI_020_Login	005_clientId	1730412055017	1730412055273	OK	 
REQUEST	XUI_020_Login	010_LoginCallback	1730412055274	1730412055702	OK	 
REQUEST	XUI_020_Login	015_idamurl	1730412055703	1730412055747	OK	 
REQUEST	XUI_020_Login	Common_000_ConfigurationUI	1730412056760	1730412056783	OK	 
REQUEST	XUI_020_Login	Common_000_ConfigUI	1730412056784	1730412056812	OK	 
REQUEST	XUI_020_Login	Common_000_TsAndCs	1730412056814	1730412056844	OK	 
REQUEST	XUI_020_Login	Common_000_IsAuthenticated	1730412056846	1730412056883	OK	 
REQUEST	XUI_020_Login	Common_000_UserDetails	1730412056885	1730412057455	OK	 
REQUEST	XUI_020_Login	Common_000_MonitoringTools	1730412057457	1730412057501	OK	 
REQUEST	XUI_020_Login	Common_000_IsAuthenticated	1730412057502	1730412057542	OK	 
GROUP	XUI_020_Login	1730412055017	1730412057543	1500	OK
REQUEST		E_request_33	1730412067445	1730412067663	OK	 
REQUEST		E_request_34	1730412067665	1730412069306	OK	 
REQUEST		E_request_44	1730412070300	1730412071856	OK	 
ERROR	E_request_76: No attribute named 'AdminId' is defined 	1730412072001
REQUEST		Common_000_ConfigurationUI	1730412072831	1730412072885	OK	 
REQUEST		Common_000_ConfigUI	1730412072886	1730412072939	OK	 
REQUEST		Common_000_TsAndCs	1730412072941	1730412072984	OK	 
REQUEST		Common_000_IsAuthenticated	1730412072986	1730412073047	OK	 
REQUEST		Common_000_UserDetails	1730412073047	1730412073120	OK	 
REQUEST		Common_000_MonitoringTools	1730412073121	1730412073185	OK	 
REQUEST		Common_000_IsAuthenticated	1730412073185	1730412073242	OK	 
REQUEST		E_request_85	1730412073243	1730412074601	OK	 
REQUEST		E_request_90	1730412074603	1730412076085	OK	 
REQUEST		E_request_100	1730412076089	1730412077537	OK	 
REQUEST		E_request_106	1730412079548	1730412080327	OK	 
REQUEST		HEARING_SCHEDULEDHearingDetails	1730412081339	1730412082090	OK	 
REQUEST		HEARING_SCHEDULEDHearingInformation	1730412082092	1730412082853	OK	 
REQUEST		SUBMIT	1730412084864	1730412086278	OK	 
REQUEST		XUI_020_Signout	1730412086279	1730412086585	OK	 
USER	Spec_Create_Claim	END	1730412086589
