RUN	uk.gov.hmcts.reform.civildamage.performance.simulations.SimulateScenario	simulatescenario	1730409374439	 	3.12.0
USER	UnSpec_CreateClaim	START	1730409375360
REQUEST	XUI_010_Home	005_Home	1730409375350	1730409375454	OK	 
REQUEST	XUI_010_Home	Common_000_ConfigurationUI	1730409376548	1730409376585	OK	 
REQUEST	XUI_010_Home	Common_000_ConfigJson	1730409376592	1730409376615	OK	 
REQUEST	XUI_010_Home	Common_000_TsAndCs	1730409376617	1730409376646	OK	 
REQUEST	XUI_010_Home	Common_000_ConfigUI	1730409376647	1730409376686	OK	 
REQUEST	XUI_010_Home	Common_000_UserDetails	1730409376689	1730409376717	OK	 
REQUEST	XUI_010_Home	Common_000_IsAuthenticated	1730409376720	1730409376757	OK	 
REQUEST	XUI_010_Home	010_auth	1730409376765	1730409376802	OK	 
REQUEST	XUI_010_Home	015_authorize	1730409377109	1730409377216	OK	 
REQUEST	XUI_010_Home	020_client	1730409377222	1730409377262	OK	 
GROUP	XUI_010_Home	1730409375323	1730409377281	481	OK
REQUEST	XUI_020_Login	005_clientId	1730409377296	1730409377434	OK	 
REQUEST	XUI_020_Login	010_LoginCallback	1730409377470	1730409377896	OK	 
REQUEST	XUI_020_Login	015_idamurl	1730409377899	1730409377933	OK	 
REQUEST	XUI_020_Login	Common_000_ConfigurationUI	1730409378951	1730409378990	OK	 
REQUEST	XUI_020_Login	Common_000_ConfigUI	1730409378996	1730409379040	OK	 
REQUEST	XUI_020_Login	Common_000_TsAndCs	1730409379044	1730409379079	OK	 
REQUEST	XUI_020_Login	Common_000_IsAuthenticated	1730409379083	1730409379115	OK	 
REQUEST	XUI_020_Login	Common_000_UserDetails	1730409379123	1730409379666	OK	 
REQUEST	XUI_020_Login	Common_000_MonitoringTools	1730409379668	1730409379697	OK	 
REQUEST	XUI_020_Login	Common_000_IsAuthenticated	1730409379850	1730409379879	OK	 
GROUP	XUI_020_Login	1730409377281	1730409379900	1349	OK
ERROR	005_OpenCase: No attribute named 'caseId' is defined 	1730409389837
GROUP	Civil_50_UnSpecClaim_HearingAdmin	1730409389834	1730409390017	0	KO
ERROR	005_jurisdiction: No attribute named 'caseId' is defined 	1730409395030
REQUEST	Civil_50_UnSpecClaim_HearingAdmin	005_RESPONSEExperts	1730409395032	1730409399459	OK	 
ERROR	010_IgnoreWarning: No attribute named 'caseId' is defined 	1730409401462
GROUP	Civil_50_UnSpecClaim_HearingAdmin	1730409395029	1730409401462	4427	KO
ERROR	005_HearingNoticeSelect: No attribute named 'event_token' is defined 	1730409406492
GROUP	Civil_50_UnSpecClaim_HearingAdmin	1730409406470	1730409406492	0	KO
ERROR	005_ListingOrRelisting: No attribute named 'event_token' is defined 	1730409411505
GROUP	Civil_50_UnSpecClaim_HearingAdmin	1730409411503	1730409411505	0	KO
ERROR	005_HearingInformation: No attribute named 'event_token' is defined 	1730409414517
GROUP	Civil_50_UnSpecClaim_HearingAdmin	1730409414516	1730409414517	0	KO
ERROR	005_Submit: No attribute named 'caseId' is defined 	1730409415296
GROUP	Civil_50_UnSpecClaim_HearingAdmin	1730409415295	1730409415296	0	KO
REQUEST		XUI_020_Signout	1730409415299	1730409415603	OK	 
REQUEST	XUI_010_Home	005_Home	1730409425620	1730409425657	OK	 
REQUEST	XUI_010_Home	Common_000_ConfigurationUI	1730409426663	1730409426710	OK	 
REQUEST	XUI_010_Home	Common_000_ConfigJson	1730409426715	1730409426744	OK	 
REQUEST	XUI_010_Home	Common_000_TsAndCs	1730409426748	1730409426787	OK	 
REQUEST	XUI_010_Home	Common_000_ConfigUI	1730409426790	1730409426835	OK	 
REQUEST	XUI_010_Home	Common_000_UserDetails	1730409426839	1730409426865	OK	 
REQUEST	XUI_010_Home	Common_000_IsAuthenticated	1730409426868	1730409426893	OK	 
REQUEST	XUI_010_Home	010_auth	1730409426896	1730409426939	OK	 
REQUEST	XUI_010_Home	015_authorize	1730409427211	1730409427243	OK	 
REQUEST	XUI_010_Home	020_client	1730409427246	1730409427289	OK	 
GROUP	XUI_010_Home	1730409425619	1730409427293	366	OK
REQUEST	XUI_020_Login	005_clientId	1730409427295	1730409427383	OK	 
REQUEST	XUI_020_Login	010_LoginCallback	1730409427385	1730409427839	OK	 
REQUEST	XUI_020_Login	015_idamurl	1730409427840	1730409427865	OK	 
REQUEST	XUI_020_Login	Common_000_ConfigurationUI	1730409428877	1730409428905	OK	 
REQUEST	XUI_020_Login	Common_000_ConfigUI	1730409428908	1730409428978	OK	 
REQUEST	XUI_020_Login	Common_000_TsAndCs	1730409428979	1730409429013	OK	 
REQUEST	XUI_020_Login	Common_000_IsAuthenticated	1730409429014	1730409429036	OK	 
REQUEST	XUI_020_Login	Common_000_UserDetails	1730409429038	1730409429923	OK	 
REQUEST	XUI_020_Login	Common_000_MonitoringTools	1730409429926	1730409429987	OK	 
REQUEST	XUI_020_Login	Common_000_IsAuthenticated	1730409429990	1730409430077	OK	 
GROUP	XUI_020_Login	1730409427293	1730409430080	1754	OK
ERROR	request_28: No attribute named 'caseId' is defined 	1730409439669
GROUP	Civil_UnSpecClaim_60_DocUpload	1730409439669	1730409439669	0	KO
ERROR	request_31: No attribute named 'caseId' is defined 	1730409444685
REQUEST		request_32	1730409444687	1730409450237	OK	 
ERROR	request_33: No attribute named 'caseId' is defined 	1730409450238
ERROR	request_34: No attribute named 'caseId' is defined 	1730409450239
ERROR	request_35: No attribute named 'event_token' is defined 	1730409455253
ERROR	request_36: No attribute named 'event_token' is defined 	1730409460254
REQUEST		request_37	1730409465328	1730409467215	OK	 
ERROR	request_38: No attribute named 'event_token' is defined 	1730409472252
ERROR	request_39: No attribute named 'caseId' is defined 	1730409477267
ERROR	request_40: No attribute named 'caseId' is defined 	1730409477268
REQUEST		XUI_020_Signout	1730409482285	1730409482366	OK	 
REQUEST	XUI_010_Home	005_Home	1730409492383	1730409492415	OK	 
REQUEST	XUI_010_Home	Common_000_ConfigurationUI	1730409493429	1730409493460	OK	 
REQUEST	XUI_010_Home	Common_000_ConfigJson	1730409493461	1730409493490	OK	 
REQUEST	XUI_010_Home	Common_000_TsAndCs	1730409493494	1730409493522	OK	 
REQUEST	XUI_010_Home	Common_000_ConfigUI	1730409493525	1730409493556	OK	 
REQUEST	XUI_010_Home	Common_000_UserDetails	1730409493558	1730409493595	OK	 
REQUEST	XUI_010_Home	Common_000_IsAuthenticated	1730409493597	1730409493631	OK	 
REQUEST	XUI_010_Home	010_auth	1730409493633	1730409493686	OK	 
REQUEST	XUI_010_Home	015_authorize	1730409493959	1730409494057	OK	 
REQUEST	XUI_010_Home	020_client	1730409494058	1730409494100	OK	 
GROUP	XUI_010_Home	1730409492383	1730409494105	415	OK
REQUEST	XUI_020_Login	005_clientId	1730409494107	1730409494269	OK	 
REQUEST	XUI_020_Login	010_LoginCallback	1730409494272	1730409494716	OK	 
REQUEST	XUI_020_Login	015_idamurl	1730409494719	1730409494747	OK	 
REQUEST	XUI_020_Login	Common_000_ConfigurationUI	1730409495758	1730409495788	OK	 
REQUEST	XUI_020_Login	Common_000_ConfigUI	1730409495790	1730409495814	OK	 
REQUEST	XUI_020_Login	Common_000_TsAndCs	1730409495816	1730409495852	OK	 
REQUEST	XUI_020_Login	Common_000_IsAuthenticated	1730409495855	1730409495882	OK	 
REQUEST	XUI_020_Login	Common_000_UserDetails	1730409495886	1730409497027	OK	 
REQUEST	XUI_020_Login	Common_000_MonitoringTools	1730409497030	1730409497095	OK	 
REQUEST	XUI_020_Login	Common_000_IsAuthenticated	1730409497100	1730409497151	OK	 
GROUP	XUI_020_Login	1730409494105	1730409497152	2008	OK
ERROR	request_62: No attribute named 'caseId' is defined 	1730409505396
REQUEST		request_63	1730409505569	1730409505632	OK	 
ERROR	request_64: No attribute named 'caseId' is defined 	1730409505635
ERROR	request_65: No attribute named 'caseId' is defined 	1730409510649
REQUEST		request_66	1730409510650	1730409512670	OK	 
ERROR	request_67: No attribute named 'caseId' is defined 	1730409512671
ERROR	request_68: No attribute named 'caseId' is defined 	1730409512671
ERROR	request_69: No attribute named 'event_token' is defined 	1730409517677
ERROR	request_70: No attribute named 'event_token' is defined 	1730409522689
REQUEST		request_71	1730409527694	1730409529418	OK	 
ERROR	request_72: No attribute named 'event_token' is defined 	1730409539438
ERROR	request_73: No attribute named 'caseId' is defined 	1730409544444
ERROR	request_74: No attribute named 'caseId' is defined 	1730409544445
REQUEST		XUI_020_Signout	1730409549458	1730409549773	OK	 
REQUEST	XUI_010_Home	005_Home	1730409559779	1730409559820	OK	 
REQUEST	XUI_010_Home	Common_000_ConfigurationUI	1730409560862	1730409560897	OK	 
REQUEST	XUI_010_Home	Common_000_ConfigJson	1730409560899	1730409560928	OK	 
REQUEST	XUI_010_Home	Common_000_TsAndCs	1730409560931	1730409560956	OK	 
REQUEST	XUI_010_Home	Common_000_ConfigUI	1730409560958	1730409561021	OK	 
REQUEST	XUI_010_Home	Common_000_UserDetails	1730409561023	1730409561045	OK	 
REQUEST	XUI_010_Home	Common_000_IsAuthenticated	1730409561048	1730409561077	OK	 
REQUEST	XUI_010_Home	010_auth	1730409561081	1730409561108	OK	 
REQUEST	XUI_010_Home	015_authorize	1730409561372	1730409561557	OK	 
REQUEST	XUI_010_Home	020_client	1730409561559	1730409561595	OK	 
GROUP	XUI_010_Home	1730409559778	1730409561597	492	OK
REQUEST	XUI_020_Login	005_clientId	1730409561598	1730409561670	OK	 
REQUEST	XUI_020_Login	010_LoginCallback	1730409561671	1730409562148	OK	 
REQUEST	XUI_020_Login	015_idamurl	1730409562151	1730409562177	OK	 
REQUEST	XUI_020_Login	Common_000_ConfigurationUI	1730409563194	1730409563228	OK	 
REQUEST	XUI_020_Login	Common_000_ConfigUI	1730409563232	1730409563266	OK	 
REQUEST	XUI_020_Login	Common_000_TsAndCs	1730409563268	1730409563302	OK	 
REQUEST	XUI_020_Login	Common_000_IsAuthenticated	1730409563305	1730409563346	OK	 
REQUEST	XUI_020_Login	Common_000_UserDetails	1730409563349	1730409564004	OK	 
REQUEST	XUI_020_Login	Common_000_MonitoringTools	1730409564005	1730409564030	OK	 
REQUEST	XUI_020_Login	Common_000_IsAuthenticated	1730409564031	1730409564061	OK	 
GROUP	XUI_020_Login	1730409561597	1730409564062	1428	OK
REQUEST		request_100	1730409572790	1730409572822	OK	 
REQUEST		request_103	1730409572824	1730409573505	OK	 
REQUEST		request_104	1730409573506	1730409575826	OK	 
ERROR	request_105: No attribute named 'caseId' is defined 	1730409575827
ERROR	request_109: No attribute named 'caseId' is defined 	1730409580842
ERROR	request_112: No attribute named 'caseId' is defined 	1730409585855
REQUEST		request_113	1730409586043	1730409586101	OK	 
ERROR	request_115: No attribute named 'caseId' is defined 	1730409586102
ERROR	request_120: No attribute named 'caseId' is defined 	1730409586102
ERROR	request_135: No attribute named 'caseId' is defined 	1730409591117
REQUEST		request_136	1730409591118	1730409594001	OK	 
ERROR	request_139: No attribute named 'caseId' is defined 	1730409594490
ERROR	request_140: No attribute named 'caseId' is defined 	1730409594646
ERROR	request_147: No attribute named 'event_token' is defined 	1730409594647
ERROR	request_152: No attribute named 'event_token' is defined 	1730409599658
ERROR	request_166: No attribute named 'event_token' is defined 	1730409600064
ERROR	request_172: No attribute named 'finalOrderDocument_url' is defined 	1730409607085
ERROR	request_177: No attribute named 'caseId' is defined 	1730409612097
REQUEST		XUI_020_Signout	1730409617933	1730409618228	OK	 
USER	UnSpec_CreateClaim	END	1730409628240
