RUN	uk.gov.hmcts.reform.civildamage.performance.simulations.SimulateScenario	simulatescenario	1730425584713	 	3.12.0
USER	Spec_Create_Claim	START	1730425586328
REQUEST	XUI_010_Home	005_Home	1730425586307	1730425586417	OK	 
REQUEST	XUI_010_Home	Common_000_ConfigurationUI	1730425587567	1730425587610	OK	 
REQUEST	XUI_010_Home	Common_000_ConfigJson	1730425587629	1730425587655	OK	 
REQUEST	XUI_010_Home	Common_000_TsAndCs	1730425587658	1730425587686	OK	 
REQUEST	XUI_010_Home	Common_000_ConfigUI	1730425587687	1730425587719	OK	 
REQUEST	XUI_010_Home	Common_000_UserDetails	1730425587721	1730425587773	OK	 
REQUEST	XUI_010_Home	Common_000_IsAuthenticated	1730425587774	1730425587799	OK	 
REQUEST	XUI_010_Home	010_auth	1730425587802	1730425587836	OK	 
REQUEST	XUI_010_Home	015_authorize	1730425588123	1730425588233	OK	 
REQUEST	XUI_010_Home	020_client	1730425588235	1730425588288	OK	 
GROUP	XUI_010_Home	1730425586244	1730425588293	513	OK
REQUEST	XUI_020_Login	005_clientId	1730425588301	1730425588625	OK	 
REQUEST	XUI_020_Login	010_LoginCallback	1730425588637	1730425589075	OK	 
REQUEST	XUI_020_Login	015_idamurl	1730425589077	1730425589109	OK	 
REQUEST	XUI_020_Login	Common_000_ConfigurationUI	1730425590121	1730425590152	OK	 
REQUEST	XUI_020_Login	Common_000_ConfigUI	1730425590156	1730425590189	OK	 
REQUEST	XUI_020_Login	Common_000_TsAndCs	1730425590192	1730425590227	OK	 
REQUEST	XUI_020_Login	Common_000_IsAuthenticated	1730425590231	1730425590271	OK	 
REQUEST	XUI_020_Login	Common_000_UserDetails	1730425590275	1730425591023	OK	 
REQUEST	XUI_020_Login	Common_000_MonitoringTools	1730425591025	1730425591176	OK	 
REQUEST	XUI_020_Login	Common_000_IsAuthenticated	1730425591229	1730425591296	OK	 
GROUP	XUI_020_Login	1730425588293	1730425591306	1899	OK
REQUEST	Civil_CreateSpecClaim_10_01_CreateCase	StartCase	1730425599843	1730425606902	OK	 
GROUP	Civil_CreateSpecClaim_10_01_CreateCase	1730425599841	1730425606982	7059	OK
REQUEST	Civil_CreateSpecClaim_10_02_CreateCase	CaseChecklist	1730425622002	1730425623926	OK	 
GROUP	Civil_CreateSpecClaim_10_02_CreateCase	1730425621990	1730425623927	1924	OK
REQUEST	Civil_CreateSpecClaim_10_03_CreateCase	Eligibility	1730425638944	1730425641215	OK	 
GROUP	Civil_CreateSpecClaim_10_03_CreateCase	1730425638943	1730425641216	2271	OK
REQUEST	Civil_CreateSpecClaim_10_04_CreateCase	References	1730425656230	1730425657622	OK	 
GROUP	Civil_CreateSpecClaim_10_04_CreateCase	1730425656227	1730425657623	1392	OK
REQUEST	Civil_CreateSpecClaim_10_05_CreateCase	PostCodeSearch	1730425672638	1730425673620	OK	 
GROUP	Civil_CreateSpecClaim_10_05_CreateCase	1730425672636	1730425688631	982	OK
REQUEST	Civil_CreateSpecClaim_10_06_CreateCase	Claimant	1730425688633	1730425691077	OK	 
GROUP	Civil_CreateSpecClaim_10_06_CreateCase	1730425688631	1730425691078	2444	OK
REQUEST	Civil_CreateSpecClaim_10_07_CreateCase	AddAnotherClaimant	1730425706084	1730425706995	OK	 
GROUP	Civil_CreateSpecClaim_10_07_CreateCase	1730425706082	1730425706996	911	OK
REQUEST	Civil_CreateSpecClaim_10_08_CreateCase	Notifications	1730425722008	1730425722613	OK	 
GROUP	Civil_CreateSpecClaim_10_08_CreateCase	1730425722006	1730425722615	605	OK
REQUEST	Civil_CreateSpecClaim_10_09_CreateCase	ClaimantSolOrg	1730425722616	1730425724573	OK	 
GROUP	Civil_CreateSpecClaim_10_09_CreateCase	1730425722615	1730425724575	1957	OK
REQUEST	Civil_CreateSpecClaim_10_10_CreateCase	CorrespondenceAddress	1730425739582	1730425741659	OK	 
GROUP	Civil_CreateSpecClaim_10_10_CreateCase	1730425739580	1730425741660	2077	OK
REQUEST	Civil_CreateSpecClaim_10_11_CreateCase	DefPostCode	1730425756676	1730425758091	OK	 
GROUP	Civil_CreateSpecClaim_10_11_CreateCase	1730425756674	1730425758093	1415	OK
REQUEST	Civil_CreateSpecClaim_10_11_CreateCase	DefendantDetails	1730425773110	1730425775481	OK	 
GROUP	Civil_CreateSpecClaim_10_11_CreateCase	1730425773108	1730425775482	2371	OK
REQUEST	Civil_CreateSpecClaim_10_12_CreateCase	DefLegalRep	1730425790495	1730425791761	OK	 
GROUP	Civil_CreateSpecClaim_10_12_CreateCase	1730425790494	1730425791761	1266	OK
REQUEST	Civil_CreateSpecClaim_10_13_CreateCase	DefSolOrg	1730425795775	1730425797337	OK	 
GROUP	Civil_CreateSpecClaim_10_13_CreateCase	1730425795773	1730425797338	1562	OK
REQUEST	Civil_CreateSpecClaim_10_14_CreateCase	CDefSolEmail	1730425801341	1730425803563	OK	 
GROUP	Civil_CreateSpecClaim_10_14_CreateCase	1730425801340	1730425803564	2222	OK
REQUEST	Civil_CreateSpecClaim_10_15_CreateCase	DefAddr	1730425818573	1730425820192	OK	 
GROUP	Civil_CreateSpecClaim_10_15_CreateCase	1730425818571	1730425820192	1619	OK
REQUEST	Civil_CreateSpecClaim_10_16_CreateCase	AddAnotherDefendant	1730425835208	1730425836591	OK	 
GROUP	Civil_CreateSpecClaim_10_16_CreateCase	1730425835206	1730425836591	1383	OK
REQUEST	Civil_CreateSpecClaim_10_17_CreateCase	FlightDelayClaim	1730425851602	1730425853442	OK	 
GROUP	Civil_CreateSpecClaim_10_17_CreateCase	1730425851599	1730425853444	1840	OK
REQUEST	Civil_CreateSpecClaim_10_18CreateCase	CaseDetails	1730425868450	1730425868930	OK	 
GROUP	Civil_CreateSpecClaim_10_18CreateCase	1730425868449	1730425868931	480	OK
REQUEST	Civil_CreateSpecClaim_10_19_CreateCase	UploadClaimDoc	1730425883933	1730425884776	OK	 
GROUP	Civil_CreateSpecClaim_10_19_CreateCase	1730425883932	1730425884777	843	OK
REQUEST	Civil_CreateSpecClaim_10_20_CreateCase	ClaimTimeline	1730425899814	1730425900959	OK	 
GROUP	Civil_CreateSpecClaim_10_20_CreateCase	1730425899813	1730425900959	1145	OK
REQUEST	Civil_CreateSpecClaim_10_21_CreateCase	SPECEvidenceList	1730425915962	1730425917442	OK	 
GROUP	Civil_CreateSpecClaim_10_21_CreateCase	1730425915961	1730425917442	1480	OK
REQUEST	Civil_CreateSpecClaim_10_22_CreateCase	CREATE_CLAIM_SPECClaimAmount	1730425932449	1730425934372	OK	 
GROUP	Civil_CreateSpecClaim_10_22_CreateCase	1730425932446	1730425934374	1923	OK
REQUEST	Civil_CreateSpecClaim_10_23_CreateCase	CREATE_CLAIM_SPECClaimAmountDetails	1730425939381	1730425939653	OK	 
GROUP	Civil_CreateSpecClaim_10_23_CreateCase	1730425939380	1730425939653	272	OK
REQUEST	Civil_CreateSpecClaim_10_24_CreateCase	CREATE_CLAIM_SPECClaimInterest	1730425954666	1730425956573	OK	 
GROUP	Civil_CreateSpecClaim_10_24_CreateCase	1730425954664	1730425956573	1907	OK
REQUEST	Civil_CreateSpecClaim_10_25_CreateCase	CREATE_CLAIM_SPECInterestSummary	1730425971587	1730425975480	OK	 
GROUP	Civil_CreateSpecClaim_10_25_CreateCase	1730425971586	1730425975480	3893	OK
REQUEST	Civil_CreateSpecClaim_10_26_CreateCase	CREATE_CLAIM_SPECPbaNumber	1730425990492	1730425991348	OK	 
GROUP	Civil_CreateSpecClaim_10_26_CreateCase	1730425990490	1730425991349	856	OK
REQUEST	Civil_CreateSpecClaim_10_27_CreateCase	StatementOfTruth	1730426007359	1730426007862	KO	status.find.in([200, 209], 304), found 406
GROUP	Civil_CreateSpecClaim_10_27_CreateCase	1730426007358	1730426007889	503	KO
REQUEST	Civil_CreateSpecClaim_10_28_CreateCase	SOT_Submit	1730426015898	1730426020993	OK	 
GROUP	Civil_CreateSpecClaim_10_28_CreateCase	1730426015897	1730426020998	5095	OK
REQUEST		XUI_020_Signout	1730426061006	1730426061336	OK	 
REQUEST	XUI_010_Home	005_Home	1730426086349	1730426086375	OK	 
REQUEST	XUI_010_Home	Common_000_ConfigurationUI	1730426087378	1730426087405	OK	 
REQUEST	XUI_010_Home	Common_000_ConfigJson	1730426087406	1730426087441	OK	 
REQUEST	XUI_010_Home	Common_000_TsAndCs	1730426087443	1730426087477	OK	 
REQUEST	XUI_010_Home	Common_000_ConfigUI	1730426087479	1730426087509	OK	 
REQUEST	XUI_010_Home	Common_000_UserDetails	1730426087512	1730426087572	OK	 
REQUEST	XUI_010_Home	Common_000_IsAuthenticated	1730426087573	1730426087610	OK	 
REQUEST	XUI_010_Home	010_auth	1730426087611	1730426087663	OK	 
REQUEST	XUI_010_Home	015_authorize	1730426087921	1730426088019	OK	 
REQUEST	XUI_010_Home	020_client	1730426088020	1730426088062	OK	 
GROUP	XUI_010_Home	1730426086349	1730426088063	441	OK
REQUEST	XUI_020_Login	005_clientId	1730426088064	1730426088340	OK	 
REQUEST	XUI_020_Login	010_LoginCallback	1730426088341	1730426088964	OK	 
REQUEST	XUI_020_Login	015_idamurl	1730426088968	1730426089009	OK	 
REQUEST	XUI_020_Login	Common_000_ConfigurationUI	1730426090023	1730426090072	OK	 
REQUEST	XUI_020_Login	Common_000_ConfigUI	1730426090076	1730426090103	OK	 
REQUEST	XUI_020_Login	Common_000_TsAndCs	1730426090107	1730426090135	OK	 
REQUEST	XUI_020_Login	Common_000_IsAuthenticated	1730426090137	1730426090164	OK	 
REQUEST	XUI_020_Login	Common_000_UserDetails	1730426090166	1730426091127	OK	 
REQUEST	XUI_020_Login	Common_000_MonitoringTools	1730426091128	1730426091188	OK	 
REQUEST	XUI_020_Login	Common_000_IsAuthenticated	1730426091189	1730426091258	OK	 
GROUP	XUI_020_Login	1730426088063	1730426091259	2161	OK
REQUEST	Civil_CreateSpecClaim_10_29_CreateCase	CaseNo	1730426099281	1730426099362	OK	 
REQUEST	Civil_CreateSpecClaim_10_29_CreateCase	paymentgroups	1730426099365	1730426101459	OK	 
REQUEST	Civil_CreateSpecClaim_10_29_CreateCase	PayOrder	1730426101460	1730426102579	OK	 
GROUP	Civil_CreateSpecClaim_10_29_CreateCase	1730426099279	1730426102594	3294	OK
REQUEST	Civil_CreateSpecClaim_10_29_CreateCase	PayNow	1730426112610	1730426114515	OK	 
GROUP	Civil_CreateSpecClaim_10_29_CreateCase	1730426112609	1730426114515	1905	OK
REQUEST	Civil_CreateSpecClaim_10_30_CreateCase	ConfirmPayment	1730426124520	1730426139931	KO	status.find.in([200, 209], 304), found 504
GROUP	Civil_CreateSpecClaim_10_30_CreateCase	1730426124519	1730426139939	15411	KO
REQUEST		XUI_020_Signout	1730426179948	1730426180295	OK	 
REQUEST	XUI_010_Home	005_Home	1730426205302	1730426205343	OK	 
REQUEST	XUI_010_Home	Common_000_ConfigurationUI	1730426206348	1730426206375	OK	 
REQUEST	XUI_010_Home	Common_000_ConfigJson	1730426206377	1730426206416	OK	 
REQUEST	XUI_010_Home	Common_000_TsAndCs	1730426206417	1730426206450	OK	 
REQUEST	XUI_010_Home	Common_000_ConfigUI	1730426206451	1730426206475	OK	 
REQUEST	XUI_010_Home	Common_000_UserDetails	1730426206477	1730426206503	OK	 
REQUEST	XUI_010_Home	Common_000_IsAuthenticated	1730426206504	1730426206534	OK	 
REQUEST	XUI_010_Home	010_auth	1730426206536	1730426206562	OK	 
REQUEST	XUI_010_Home	015_authorize	1730426206832	1730426207190	OK	 
REQUEST	XUI_010_Home	020_client	1730426207190	1730426207226	OK	 
GROUP	XUI_010_Home	1730426205301	1730426207227	640	OK
REQUEST	XUI_020_Login	005_clientId	1730426207228	1730426207368	OK	 
REQUEST	XUI_020_Login	010_LoginCallback	1730426207369	1730426207942	OK	 
REQUEST	XUI_020_Login	015_idamurl	1730426207945	1730426207974	OK	 
REQUEST	XUI_020_Login	Common_000_ConfigurationUI	1730426208984	1730426209021	OK	 
REQUEST	XUI_020_Login	Common_000_ConfigUI	1730426209023	1730426209049	OK	 
REQUEST	XUI_020_Login	Common_000_TsAndCs	1730426209051	1730426209082	OK	 
REQUEST	XUI_020_Login	Common_000_IsAuthenticated	1730426209084	1730426209112	OK	 
REQUEST	XUI_020_Login	Common_000_UserDetails	1730426209114	1730426209950	OK	 
REQUEST	XUI_020_Login	Common_000_MonitoringTools	1730426209952	1730426210019	OK	 
REQUEST	XUI_020_Login	Common_000_IsAuthenticated	1730426210020	1730426210072	OK	 
GROUP	XUI_020_Login	1730426207227	1730426210072	1819	OK
REQUEST		CIVIL_AssignCase_000_AssignCase	1730426249451	1730426254454	OK	 
REQUEST		XUI_CreateClaim_420_005_RespondToClaim	1730426304462	1730426306096	OK	 
REQUEST		XUI_CreateClaim_420_010_RespondToClaim	1730426306098	1730426307138	KO	status.find.in([200, 209], 304), found 422
REQUEST		request_34	1730426307142	1730426310537	OK	 
REQUEST		request_35	1730426320543	1730426322764	OK	 
REQUEST		request_36	1730426323165	1730426329264	OK	 
REQUEST		request_37	1730426339277	1730426342139	OK	 
REQUEST		request_38	1730426352141	1730426353748	OK	 
REQUEST		request_39	1730426363757	1730426365293	OK	 
REQUEST		request_40	1730426375307	1730426376955	OK	 
REQUEST		request_41	1730426386969	1730426388053	OK	 
REQUEST		request_42	1730426398070	1730426399635	OK	 
REQUEST		request_43	1730426409639	1730426410614	OK	 
REQUEST		request_44	1730426420625	1730426421334	OK	 
REQUEST		request_45	1730426431350	1730426432721	OK	 
REQUEST		request_46	1730426442729	1730426443151	OK	 
REQUEST		request_47	1730426453160	1730426454310	OK	 
REQUEST		request_48	1730426464318	1730426465060	OK	 
REQUEST		request_49	1730426475070	1730426476007	OK	 
REQUEST		request_50	1730426479017	1730426479974	OK	 
REQUEST		request_51	1730426489984	1730426491719	OK	 
REQUEST		request_53	1730426492134	1730426492959	KO	status.find.in([200, 209], 304), found 404
REQUEST		XUI_020_Signout	1730426497976	1730426498250	OK	 
REQUEST	XUI_010_Home	005_Home	1730426523266	1730426523289	OK	 
REQUEST	XUI_010_Home	Common_000_ConfigurationUI	1730426524297	1730426524325	OK	 
REQUEST	XUI_010_Home	Common_000_ConfigJson	1730426524328	1730426524360	OK	 
REQUEST	XUI_010_Home	Common_000_TsAndCs	1730426524362	1730426524389	OK	 
REQUEST	XUI_010_Home	Common_000_ConfigUI	1730426524390	1730426524417	OK	 
REQUEST	XUI_010_Home	Common_000_UserDetails	1730426524418	1730426524445	OK	 
REQUEST	XUI_010_Home	Common_000_IsAuthenticated	1730426524446	1730426524469	OK	 
REQUEST	XUI_010_Home	010_auth	1730426524470	1730426524499	OK	 
REQUEST	XUI_010_Home	015_authorize	1730426524763	1730426524856	OK	 
REQUEST	XUI_010_Home	020_client	1730426524859	1730426524897	OK	 
GROUP	XUI_010_Home	1730426523265	1730426524898	347	OK
REQUEST	XUI_020_Login	005_clientId	1730426524898	1730426525197	OK	 
REQUEST	XUI_020_Login	010_LoginCallback	1730426525198	1730426525767	OK	 
REQUEST	XUI_020_Login	015_idamurl	1730426525769	1730426525800	OK	 
REQUEST	XUI_020_Login	Common_000_ConfigurationUI	1730426526816	1730426526849	OK	 
REQUEST	XUI_020_Login	Common_000_ConfigUI	1730426526852	1730426526882	OK	 
REQUEST	XUI_020_Login	Common_000_TsAndCs	1730426526886	1730426526923	OK	 
REQUEST	XUI_020_Login	Common_000_IsAuthenticated	1730426526925	1730426526978	OK	 
REQUEST	XUI_020_Login	Common_000_UserDetails	1730426526980	1730426527380	OK	 
REQUEST	XUI_020_Login	Common_000_MonitoringTools	1730426527382	1730426527442	OK	 
REQUEST	XUI_020_Login	Common_000_IsAuthenticated	1730426527444	1730426527523	OK	 
GROUP	XUI_020_Login	1730426524898	1730426527523	1591	OK
REQUEST		XUI_CreateClaim_420_005_RespondToClaim	1730426536000	1730426537221	OK	 
REQUEST		XUI_CreateClaim_420_010_RespondToClaim	1730426537224	1730426538124	KO	status.find.in([200, 209], 304), found 422
REQUEST		request_34	1730426538129	1730426540341	OK	 
REQUEST		request_35	1730426550344	1730426551753	OK	 
REQUEST		request_36	1730426552139	1730426557918	OK	 
REQUEST		request_37	1730426567927	1730426569103	OK	 
REQUEST		request_38	1730426579109	1730426580534	OK	 
REQUEST		request_39	1730426590539	1730426591831	OK	 
REQUEST		request_40	1730426601845	1730426602366	OK	 
REQUEST		request_41	1730426612377	1730426614365	OK	 
REQUEST		request_42	1730426624374	1730426625675	OK	 
REQUEST		request_43	1730426635679	1730426636321	OK	 
REQUEST		request_44	1730426646332	1730426647056	OK	 
REQUEST		request_45	1730426657070	1730426658275	OK	 
REQUEST		request_46	1730426668279	1730426669112	OK	 
REQUEST		request_47	1730426679119	1730426680022	OK	 
REQUEST		request_48	1730426690033	1730426690866	OK	 
REQUEST		request_49	1730426700881	1730426701659	OK	 
REQUEST		request_50	1730426704675	1730426705695	OK	 
REQUEST		request_51	1730426715707	1730426716920	OK	 
REQUEST		request_53	1730426717328	1730426718119	KO	status.find.in([200, 209], 304), found 404
REQUEST		XUI_020_Signout	1730426723160	1730426723440	OK	 
REQUEST		Civil_RespToClaim_040_OpenCase	1730426748452	1730426748726	KO	status.find.in([200, 209], 304), found 401
REQUEST	Civil_CreateClaim_040_CreateCase	C_request_34	1730426753731	1730426753958	KO	status.find.in([200, 209], 304), found 401
GROUP	Civil_CreateClaim_040_CreateCase	1730426753730	1730426753972	227	KO
REQUEST	Civil_CreateClaim_050_CLAIMEligibility	Civil_CreateClaim_050_CLAIMEligibility	1730426763975	1730426764241	KO	status.find.in([200, 209], 304), found 401
GROUP	Civil_CreateClaim_050_CLAIMEligibility	1730426763974	1730426764243	266	KO
REQUEST	Civil_CreateClaim_050_CLAIMEligibility	C_request_37	1730426774259	1730426774454	KO	status.find.in([200, 209], 304), found 401
GROUP	Civil_CreateClaim_050_CLAIMEligibility	1730426774258	1730426774458	195	KO
REQUEST		C_request_38	1730426784467	1730426784715	KO	status.find.in([200, 209], 304), found 401
REQUEST		C_request_39	1730426794722	1730426795012	KO	status.find.in([200, 209], 304), found 401
REQUEST		C_request_40	1730426805021	1730426805340	KO	status.find.in([200, 209], 304), found 401
REQUEST		C_request_41	1730426815349	1730426815614	KO	status.find.in([200, 209], 304), found 401
REQUEST		C_request_42	1730426825629	1730426825932	KO	status.find.in([200, 209], 304), found 401
REQUEST		C_request_43	1730426835957	1730426836236	KO	status.find.in([200, 209], 304), found 401
REQUEST		C_request_44	1730426846247	1730426846549	KO	status.find.in([200, 209], 304), found 401
REQUEST		C_request_45	1730426856567	1730426856811	KO	status.find.in([200, 209], 304), found 401
REQUEST		C_request_46	1730426866830	1730426867096	KO	status.find.in([200, 209], 304), found 401
USER	Spec_Create_Claim	END	1730426867104
