RUN	uk.gov.hmcts.reform.civildamage.performance.simulations.SimulateScenario	simulatescenario	1734367942820	 	3.12.0
USER	Spec_Create_Claim	START	1734367943328
REQUEST	XUI_010_Home	005_Home	1734367943326	1734367943456	OK	 
REQUEST	XUI_010_Home	Common_000_ConfigurationUI	1734367943963	1734367943998	OK	 
REQUEST	XUI_010_Home	Common_000_ConfigJson	1734367943999	1734367944025	OK	 
REQUEST	XUI_010_Home	Common_000_TsAndCs	1734367944026	1734367944059	OK	 
REQUEST	XUI_010_Home	Common_000_ConfigUI	1734367944059	1734367944090	OK	 
REQUEST	XUI_010_Home	Common_000_UserDetails	1734367944091	1734367944121	OK	 
REQUEST	XUI_010_Home	Common_000_IsAuthenticated	1734367944123	1734367944197	OK	 
REQUEST	XUI_010_Home	010_auth	1734367944202	1734367944243	OK	 
REQUEST	XUI_010_Home	010_auth Redirect 1	1734367944249	1734367944368	OK	 
REQUEST	XUI_010_Home	010_auth Redirect 2	1734367944372	1734367944431	OK	 
GROUP	XUI_010_Home	1734367943320	1734367944696	1279	OK
REQUEST	XUI_020_Login	005_clientId	1734367947886	1734367947978	OK	 
REQUEST	XUI_020_Login	005_clientId Redirect 1	1734367947991	1734367948491	OK	 
REQUEST	XUI_020_Login	005_clientId Redirect 2	1734367948493	1734367948539	OK	 
REQUEST	XUI_020_Login	Common_000_ConfigurationUI	1734367948937	1734367948971	OK	 
REQUEST	XUI_020_Login	Common_000_ConfigUI	1734367948972	1734367949013	OK	 
REQUEST	XUI_020_Login	Common_000_TsAndCs	1734367949014	1734367949048	OK	 
REQUEST	XUI_020_Login	Common_000_IsAuthenticated	1734367949048	1734367949084	OK	 
REQUEST	XUI_020_Login	Common_000_UserDetails	1734367949085	1734367949567	OK	 
REQUEST	XUI_020_Login	Common_000_MonitoringTools	1734367949570	1734367949648	OK	 
REQUEST	XUI_020_Login	Common_000_IsAuthenticated	1734367949686	1734367949761	OK	 
GROUP	XUI_020_Login	1734367947878	1734367949765	1815	OK
REQUEST	Civil_CreateSpecClaim_10_00_LandingPage	Jurisdiction	1734367953706	1734367955352	OK	 
REQUEST	Civil_CreateSpecClaim_10_00_LandingPage	Organisation	1734367955355	1734367957093	OK	 
GROUP	Civil_CreateSpecClaim_10_00_LandingPage	1734367953703	1734367957095	3384	OK
REQUEST	Civil_CreateSpecClaim_10_01_CreateCase	Create	1734367959205	1734367959351	OK	 
GROUP	Civil_CreateSpecClaim_10_01_CreateCase	1734367959204	1734367959355	146	OK
REQUEST	Civil_CreateSpecClaim_10_02_CreateCase	IgnoreWarning	1734367962698	1734367964350	OK	 
GROUP	Civil_CreateSpecClaim_10_02_CreateCase	1734367962695	1734367964385	1652	OK
REQUEST	Civil_CreateSpecClaim_10_03_CreateCase	CaseChecklist	1734367967106	1734367967843	OK	 
GROUP	Civil_CreateSpecClaim_10_03_CreateCase	1734367967097	1734367967846	737	OK
REQUEST	Civil_CreateSpecClaim_10_04_CreateCase	Eligibility	1734367970247	1734367971324	OK	 
GROUP	Civil_CreateSpecClaim_10_04_CreateCase	1734367970245	1734367971326	1077	OK
REQUEST	Civil_CreateSpecClaim_10_05_CreateCase	References	1734367974245	1734367975014	OK	 
GROUP	Civil_CreateSpecClaim_10_05_CreateCase	1734367974242	1734367975016	769	OK
REQUEST	Civil_CreateSpecClaim_10_06_CreateCase	PostCodeSearch	1734367977694	1734367979147	OK	 
GROUP	Civil_CreateSpecClaim_10_06_CreateCase	1734367977692	1734367979157	1453	OK
REQUEST	Civil_CreateSpecClaim_10_07_CreateCase	Claimant	1734367982697	1734367984332	OK	 
GROUP	Civil_CreateSpecClaim_10_07_CreateCase	1734367982694	1734367984333	1635	OK
REQUEST	Civil_CreateSpecClaim_10_08_CreateCase	AddAnotherClaimant	1734367988262	1734367989061	OK	 
GROUP	Civil_CreateSpecClaim_10_08_CreateCase	1734367988259	1734367989062	799	OK
REQUEST	Civil_CreateSpecClaim_10_09_CreateCase	Notifications	1734367991534	1734367992013	OK	 
GROUP	Civil_CreateSpecClaim_10_09_CreateCase	1734367991531	1734367992015	479	OK
REQUEST	Civil_CreateSpecClaim_10_10_CreateCase	ClaimantSolOrg	1734367992016	1734367992625	OK	 
GROUP	Civil_CreateSpecClaim_10_10_CreateCase	1734367992015	1734367992627	609	OK
REQUEST	Civil_CreateSpecClaim_10_11_CreateCase	CorrespondenceAddress	1734367995119	1734367996004	OK	 
GROUP	Civil_CreateSpecClaim_10_11_CreateCase	1734367995117	1734367996007	885	OK
REQUEST	Civil_CreateSpecClaim_10_12_CreateCase	DefPostCode	1734367998123	1734367999232	OK	 
GROUP	Civil_CreateSpecClaim_10_12_CreateCase	1734367998121	1734367999239	1109	OK
REQUEST	Civil_CreateSpecClaim_10_13_CreateCase	DefendantDetails	1734368002275	1734368003684	OK	 
GROUP	Civil_CreateSpecClaim_10_13_CreateCase	1734368002272	1734368003686	1409	OK
REQUEST	Civil_CreateSpecClaim_10_14_CreateCase	DefLegalRep	1734368007652	1734368008292	OK	 
GROUP	Civil_CreateSpecClaim_10_14_CreateCase	1734368007649	1734368008294	640	OK
REQUEST	Civil_CreateSpecClaim_10_15_CreateCase	DefSolOrg	1734368011222	1734368011774	OK	 
GROUP	Civil_CreateSpecClaim_10_15_CreateCase	1734368011219	1734368011776	552	OK
REQUEST	Civil_CreateSpecClaim_10_16_CreateCase	CDefSolEmail	1734368015028	1734368015461	OK	 
GROUP	Civil_CreateSpecClaim_10_16_CreateCase	1734368015025	1734368015463	433	OK
REQUEST	Civil_CreateSpecClaim_10_17_CreateCase	DefAddr	1734368018934	1734368019761	OK	 
GROUP	Civil_CreateSpecClaim_10_17_CreateCase	1734368018931	1734368019763	827	OK
REQUEST	Civil_CreateSpecClaim_10_18_CreateCase	AddAnotherDefendant	1734368022871	1734368023694	OK	 
GROUP	Civil_CreateSpecClaim_10_18_CreateCase	1734368022868	1734368023697	823	OK
REQUEST	Civil_CreateSpecClaim_10_19_CreateCase	FlightDelayClaim	1734368027550	1734368028364	OK	 
GROUP	Civil_CreateSpecClaim_10_19_CreateCase	1734368027547	1734368028365	814	OK
REQUEST	Civil_CreateSpecClaim_10_20_CreateCase	CaseDetails	1734368030953	1734368031435	OK	 
GROUP	Civil_CreateSpecClaim_10_20_CreateCase	1734368030950	1734368031438	482	OK
REQUEST	Civil_CreateSpecClaim_10_21_CreateCase	UploadClaimDoc	1734368033801	1734368034403	OK	 
GROUP	Civil_CreateSpecClaim_10_21_CreateCase	1734368033798	1734368034405	602	OK
REQUEST	Civil_CreateSpecClaim_10_22_CreateCase	ClaimTimeline	1734368036937	1734368037681	OK	 
GROUP	Civil_CreateSpecClaim_10_22_CreateCase	1734368036934	1734368037684	744	OK
REQUEST	Civil_CreateSpecClaim_10_23_CreateCase	SPECEvidenceList	1734368039695	1734368040242	OK	 
GROUP	Civil_CreateSpecClaim_10_23_CreateCase	1734368039693	1734368040244	547	OK
REQUEST	Civil_CreateSpecClaim_10_24_CreateCase	CREATE_CLAIM_SPECClaimAmount	1734368042362	1734368042801	OK	 
GROUP	Civil_CreateSpecClaim_10_24_CreateCase	1734368042361	1734368042804	439	OK
REQUEST	Civil_CreateSpecClaim_10_25_CreateCase	CREATE_CLAIM_SPECClaimAmountDetails	1734368046183	1734368047000	OK	 
GROUP	Civil_CreateSpecClaim_10_25_CreateCase	1734368046180	1734368047002	817	OK
REQUEST	Civil_CreateSpecClaim_10_26_CreateCase	CREATE_CLAIM_SPECClaimInterest	1734368050072	1734368050382	OK	 
GROUP	Civil_CreateSpecClaim_10_26_CreateCase	1734368050072	1734368050384	310	OK
REQUEST	Civil_CreateSpecClaim_10_27_CreateCase	CREATE_CLAIM_SPECInterestSummary	1734368053351	1734368055908	OK	 
GROUP	Civil_CreateSpecClaim_10_27_CreateCase	1734368053350	1734368055909	2557	OK
REQUEST	Civil_CreateSpecClaim_10_28_CreateCase	CREATE_CLAIM_SPECPbaNumber	1734368059159	1734368059510	OK	 
GROUP	Civil_CreateSpecClaim_10_28_CreateCase	1734368059157	1734368059512	351	OK
REQUEST	Civil_CreateSpecClaim_10_29_CreateCase	CREATE_CLAIM_SPECFixedCommencementCosts	1734368061712	1734368062452	OK	 
GROUP	Civil_CreateSpecClaim_10_29_CreateCase	1734368061709	1734368062453	740	OK
REQUEST	Civil_CreateSpecClaim_10_30_CreateCase	CREATE_CLAIM_SPECStatementOfTruth	1734368064917	1734368065330	OK	 
GROUP	Civil_CreateSpecClaim_10_30_CreateCase	1734368064916	1734368065332	413	OK
REQUEST	Civil_CreateSpecClaim_10_31_CreateCase	CREATE_CLAIM_SPECCaseshare	1734368065333	1734368066382	OK	 
GROUP	Civil_CreateSpecClaim_10_31_CreateCase	1734368065332	1734368066394	1049	OK
REQUEST	Civil_CreateSpecClaim_10_32_CreateCase	CREATE_CLAIM_SPECSOT_Submit	1734368069448	1734368070143	KO	status.find.in([200, 209], 304), found 500
GROUP	Civil_CreateSpecClaim_10_32_CreateCase	1734368069445	1734368070152	695	KO
ERROR	CREATE_CLAIM_SPECGetCase: No attribute named 'caseId' is defined 	1734368072407
GROUP	Civil_CreateSpecClaim_10_33_APIRoleAssignment	1734368072404	1734368072407	0	KO
ERROR	