RUN	uk.gov.hmcts.reform.civildamage.performance.simulations.SimulateScenario	simulatescenario	1732122117734	 	3.12.0
USER	UnSpec_CreateClaim	START	1732122118629
REQUEST	XUI_010_Home	005_Home	1732122118626	1732122118765	OK	 
REQUEST	XUI_010_Home	Common_000_ConfigurationUI	1732122118777	1732122118818	OK	 
REQUEST	XUI_010_Home	Common_000_ConfigJson	1732122118821	1732122118865	OK	 
REQUEST	XUI_010_Home	Common_000_TsAndCs	1732122118865	1732122118903	OK	 
REQUEST	XUI_010_Home	Common_000_ConfigUI	1732122118904	1732122118939	OK	 
REQUEST	XUI_010_Home	Common_000_UserDetails	1732122118940	1732122118974	OK	 
REQUEST	XUI_010_Home	Common_000_IsAuthenticated	1732122118975	1732122119070	OK	 
REQUEST	XUI_010_Home	010_auth	1732122119074	1732122119115	OK	 
REQUEST	XUI_010_Home	010_auth Redirect 1	1732122119121	1732122119312	OK	 
REQUEST	XUI_010_Home	010_auth Redirect 2	1732122119317	1732122119389	OK	 
GROUP	XUI_010_Home	1732122118620	1732122119398	730	OK
REQUEST	XUI_020_Login	005_clientId	1732122123139	1732122123523	OK	 
REQUEST	XUI_020_Login	005_clientId Redirect 1	1732122123531	1732122125211	OK	 
REQUEST	XUI_020_Login	005_clientId Redirect 2	1732122125212	1732122125264	OK	 
REQUEST	XUI_020_Login	Common_000_ConfigurationUI	1732122125266	1732122125314	OK	 
REQUEST	XUI_020_Login	Common_000_ConfigUI	1732122125315	1732122125356	OK	 
REQUEST	XUI_020_Login	Common_000_TsAndCs	1732122125358	1732122125405	OK	 
REQUEST	XUI_020_Login	Common_000_IsAuthenticated	1732122125407	1732122125448	OK	 
REQUEST	XUI_020_Login	Common_000_UserDetails	1732122125451	1732122126083	OK	 
REQUEST	XUI_020_Login	Common_000_MonitoringTools	1732122126085	1732122126247	OK	 
REQUEST	XUI_020_Login	Common_000_IsAuthenticated	1732122126271	1732122126408	OK	 
GROUP	XUI_020_Login	1732122123130	1732122126415	3224	OK
REQUEST	CivilDamage_UnSpecClaim_10_01_CreateCase	create	1732122130188	1732122131842	OK	 
GROUP	CivilDamage_UnSpecClaim_10_01_CreateCase	1732122130187	1732122131843	1654	OK
REQUEST	CivilDamage_UnSpecClaim_10_02_CreateCase	IgnoreWarning	1732122135609	1732122138852	OK	 
GROUP	CivilDamage_UnSpecClaim_10_02_CreateCase	1732122135606	1732122138887	3243	OK
REQUEST	CivilDamage_UnSpecClaim_10_03_CreateCase	CLAIMEligibility	1732122140950	1732122142118	OK	 
GROUP	CivilDamage_UnSpecClaim_10_03_CreateCase	1732122140941	1732122142121	1168	OK
REQUEST	CivilDamage_UnSpecClaim_10_04_CreateCase	CLAIMReferences	1732122144588	1732122145078	OK	 
GROUP	CivilDamage_UnSpecClaim_10_04_CreateCase	1732122144585	1732122145080	490	OK
REQUEST	CivilDamage_UnSpecClaim_10_05_CreateCase	CLAIMCourt	1732122147199	1732122149554	OK	 
GROUP	CivilDamage_UnSpecClaim_10_05_CreateCase	1732122147198	1732122149558	2355	OK
REQUEST	CivilDamage_UnSpecClaim_10_06_CreateCase	postcode	1732122152442	1732122154042	OK	 
GROUP	CivilDamage_UnSpecClaim_10_06_CreateCase	1732122152439	1732122154045	1600	OK
REQUEST	CivilDamage_UnSpecClaim_10_07_CreateCase	CLAIMClaimant	1732122157034	1732122158394	OK	 
GROUP	CivilDamage_UnSpecClaim_10_07_CreateCase	1732122157030	1732122158396	1360	OK
REQUEST	CivilDamage_UnSpecClaim_10_08_CreateCase	CREATE_CLAIMClaimantLitigationFriend	1732122162039	1732122162872	OK	 
GROUP	CivilDamage_UnSpecClaim_10_08_CreateCase	1732122162036	1732122162875	833	OK
REQUEST	CivilDamage_UnSpecClaim_10_09_CreateCase	CREATE_CLAIMNotifications	1732122165067	1732122166265	OK	 
GROUP	CivilDamage_UnSpecClaim_10_09_CreateCase	1732122165063	1732122166266	1198	OK
REQUEST	CivilDamage_UnSpecClaim_10_10_CreateCase	ClaimantSolicitorOrganisation	1732122169841	1732122171519	OK	 
GROUP	CivilDamage_UnSpecClaim_10_10_CreateCase	1732122169837	1732122171521	1678	OK
REQUEST	CivilDamage_UnSpecClaim_10_11_CreateCase	ClaimantSolicitorAddres	1732122175342	1732122176668	OK	 
GROUP	CivilDamage_UnSpecClaim_10_11_CreateCase	1732122175339	1732122176669	1326	OK
REQUEST	CivilDamage_UnSpecClaim_10_12_CreateCase	AddAnotherClaimant	1732122180609	1732122181378	OK	 
GROUP	CivilDamage_UnSpecClaim_10_12_CreateCase	1732122180606	1732122181380	769	OK
REQUEST	CivilDamage_UnSpecClaim_10_13_CreateCase	postcode	1732122184283	1732122185435	OK	 
GROUP	CivilDamage_UnSpecClaim_10_13_CreateCase	1732122184281	1732122185437	1152	OK
REQUEST	CivilDamage_UnSpecClaim_10_14_CreateCase	CLAIMDefendant	1732122188209	1732122189436	OK	 
GROUP	CivilDamage_UnSpecClaim_10_14_CreateCase	1732122188208	1732122189437	1227	OK
REQUEST	CivilDamage_UnSpecClaim_10_15_CreateCase	LegalRepresentation	1732122193114	1732122194288	OK	 
GROUP	CivilDamage_UnSpecClaim_10_15_CreateCase	1732122193111	1732122194289	1174	OK
REQUEST	CivilDamage_UnSpecClaim_10_16_CreateCase	DefendantSolicitorOrganisation	1732122196983	1732122197895	OK	 
GROUP	CivilDamage_UnSpecClaim_10_16_CreateCase	1732122196980	1732122197898	912	OK
REQUEST	CivilDamage_UnSpecClaim_10_17_CreateCase	DefendantSolicitorServiceAddress	1732122201240	1732122201729	OK	 
GROUP	CivilDamage_UnSpecClaim_10_17_CreateCase	1732122201237	1732122201731	489	OK
REQUEST	CivilDamage_UnSpecClaim_10_18_CreateCase	CLAIMAddAnotherDefendant	1732122204686	1732122205816	OK	 
GROUP	CivilDamage_UnSpecClaim_10_18_CreateCase	1732122204682	1732122205817	1130	OK
REQUEST	CivilDamage_UnSpecClaim_10_19_CreateCase	AddAnotherDefendant	1732122209513	1732122210052	OK	 
GROUP	CivilDamage_UnSpecClaim_10_19_CreateCase	1732122209510	1732122210055	539	OK
REQUEST	CivilDamage_UnSpecClaim_10_20_CreateCase	CLAIMClaimType	1732122213851	1732122214409	OK	 
GROUP	CivilDamage_UnSpecClaim_10_20_CreateCase	1732122213850	1732122214410	558	OK
REQUEST	CivilDamage_UnSpecClaim_10_21_CreateCase	CLAIMDetails	1732122217621	1732122219394	OK	 
GROUP	CivilDamage_UnSpecClaim_10_21_CreateCase	1732122217617	1732122219396	1773	OK
REQUEST	CivilDamage_UnSpecClaim_10_22_CreateCase	CLAIMUploadParticularsOfClaim	1732122221438	1732122222030	OK	 
GROUP	CivilDamage_UnSpecClaim_10_22_CreateCase	1732122221435	1732122222032	592	OK
REQUEST	CivilDamage_UnSpecClaim_10_23_CreateCase	CLAIMClaimValue	1732122224330	1732122227053	OK	 
GROUP	CivilDamage_UnSpecClaim_10_23_CreateCase	1732122224327	1732122227056	2723	OK
REQUEST	CivilDamage_UnSpecClaim_10_24_CreateCase	CLAIMPbaNumber	1732122230516	1732122231811	OK	 
GROUP	CivilDamage_UnSpecClaim_10_24_CreateCase	1732122230515	1732122231814	1295	OK
REQUEST	CivilDamage_UnSpecClaim_10_25_CreateCase	StatementOfTruth	1732122233956	1732122234942	OK	 
GROUP	CivilDamage_UnSpecClaim_10_25_CreateCase	1732122233955	1732122234943	986	OK
REQUEST	CivilDamage_UnSpecClaim_10_26_CreateCase	Submit_Claim	1732122237959	1732122240971	OK	 
GROUP	CivilDamage_UnSpecClaim_10_26_CreateCase	1732122237957	1732122240976	3012	OK
REQUEST	CivilDamage_UnSpecClaim_10_27_CaseCreated	CaseCreated	1732122244908	1732122246225	OK	 
GROUP	CivilDamage_UnSpecClaim_10_27_CaseCreated	1732122244905	1732122246227	1317	OK
REQUEST	CivilDamage_UnSpecClaim_10_28_APIRoleAssignment	APIRoleAssignment	1732122246228	1732122246622	OK	 
GROUP	CivilDamage_UnSpecClaim_10_28_APIRoleAssignment	1732122246227	1732122246624	394	OK
REQUEST	CivilDamage_UnspecClaim_10_29_SupportedJurisdiction	SupportedJurisdiction	1732122246624	1732122246708	OK	 
GROUP	CivilDamage_UnspecClaim_10_29_SupportedJurisdiction	1732122246624	1732122246709	84	OK
REQUEST	Civil_CreateClaim_005_MakePayment	005_PaymentGroups	1732122249963	1732122251449	OK	 
REQUEST	Civil_CreateClaim_005_MakePayment	010_ServiceTab	1732122251452	1732122251527	OK	 
REQUEST	Civil_CreateClaim_005_MakePayment	015_case_ids	1732122251530	1732122252469	OK	 
GROUP	Civil_CreateClaim_005_MakePayment	1732122249957	1732122252479	2500	OK
REQUEST	Civil_CreateClaim_010_MakePay	005_PayNow	1732122254483	1732122255469	OK	 
GROUP	Civil_CreateClaim_010_MakePay	1732122254480	1732122255471	986	OK
REQUEST	Civil_CreateClaim_010_MakePay	005_ConfirmPay	1732122257476	1732122260334	OK	 
GROUP	Civil_CreateClaim_010_MakePay	1732122257472	1732122260336	2858	OK
REQUEST	Civil_UnSpecClaim_10_NotifyDEF	005_jurisdiction	1732122262424	1732122263193	OK	 
REQUEST	Civil_UnSpecClaim_10_NotifyDEF	010_Profile	1732122263195	1732122264521	OK	 
REQUEST	Civil_UnSpecClaim_10_NotifyDEF	015_warning	1732122309528	1732122311098	OK	 
REQUEST	Civil_UnSpecClaim_10_NotifyDEF	020_jurisdiction	1732122311106	1732122312551	OK	 
GROUP	Civil_UnSpecClaim_10_NotifyDEF	1732122262422	1732122312552	5110	OK
REQUEST	Civil_UnSpecClaim_10_NotifyDEF	005_CLAIMAccessGrantedWarning	1732122316533	1732122317281	OK	 
GROUP	Civil_UnSpecClaim_10_NotifyDEF	1732122316529	1732122317283	748	OK
REQUEST	Civil_UnSpecClaim_10_NotifyDEF	330_SubmitNotification	1732122320556	1732122321717	OK	 
REQUEST	Civil_UnSpecClaim_10_NotifyDEF	335_getCases	1732122321719	1732122322710	OK	 
GROUP	Civil_UnSpecClaim_10_NotifyDEF	1732122320553	1732122322713	2152	OK
REQUEST	Civil_UnSpecClaim_10_NotifyDEF	005_APIRoleAssignment	1732122326476	1732122326785	OK	 
GROUP	Civil_UnSpecClaim_10_NotifyDEF	1732122326475	1732122326786	309	OK
REQUEST	Civil_UnSpecClaim_10_NotifyDEF	010_SupportedJurisdiction	1732122326788	1732122326862	OK	 
GROUP	Civil_UnSpecClaim_10_NotifyDEF	1732122326786	1732122326864	74	OK
REQUEST	Civil_UnSpecClaim_10_NotifyDetails	005_jurisdiction	1732122329013	1732122330369	OK	 
REQUEST	Civil_UnSpecClaim_10_NotifyDetails	010_IgnoreWarning	1732122330371	1732122331898	OK	 
REQUEST	Civil_UnSpecClaim_10_NotifyDetails	020_jurisdiction	1732122331909	1732122332286	OK	 
GROUP	Civil_UnSpecClaim_10_NotifyDetails	1732122329008	1732122332290	3260	OK
REQUEST	Civil_UnSpecClaim_10_NotifyDetails	005_DetailsUpload	1732122335716	1732122336530	OK	 
GROUP	Civil_UnSpecClaim_10_NotifyDetails	1732122335715	1732122336533	814	OK
REQUEST	Civil_UnSpecClaim_10_NotifyDetails	005_SubmitNotifyDetails	1732122338658	1732122340338	OK	 
REQUEST	Civil_UnSpecClaim_10_NotifyDetails	010_getCases	1732122340339	1732122341367	OK	 
GROUP	Civil_UnSpecClaim_10_NotifyDetails	1732122338655	1732122341374	2708	OK
REQUEST	Civil_UnSpecClaim_10_NotifyDetails	005_APIRoleAssignment	1732122343973	1732122344274	OK	 
GROUP	Civil_UnSpecClaim_10_NotifyDetails	1732122343970	1732122344275	301	OK
REQUEST	Civil_UnSpecClaim_10_NotifyDetails	010_SupportedJurisdiction	1732122344276	1732122344368	OK	 
GROUP	Civil_UnSpecClaim_10_NotifyDetails	1732122344275	1732122344369	92	OK
REQUEST		XUI_020_Signout	1732122348354	1732122348696	OK	 
REQUEST		XUI_020_Signout Redirect 1	1732122348696	1732122348742	OK	 
REQUEST		XUI_020_Signout Redirect 2	1732122348742	1732122348876	OK	 
REQUEST		XUI_020_Signout Redirect 3	1732122348878	1732122348978	OK	 
REQUEST	XUI_010_Home	005_Home	1732122352984	1732122353024	OK	 
REQUEST	XUI_010_Home	Common_000_ConfigurationUI	1732122353025	1732122353071	OK	 
REQUEST	XUI_010_Home	Common_000_ConfigJson	1732122353072	1732122353125	OK	 
REQUEST	XUI_010_Home	Common_000_TsAndCs	1732122353126	1732122353164	OK	 
REQUEST	XUI_010_Home	Common_000_ConfigUI	1732122353167	1732122353215	OK	 
REQUEST	XUI_010_Home	Common_000_UserDetails	1732122353217	1732122353250	OK	 
REQUEST	XUI_010_Home	Common_000_IsAuthenticated	1732122353251	1732122353307	OK	 
REQUEST	XUI_010_Home	010_auth	1732122353310	1732122353358	OK	 
REQUEST	XUI_010_Home	010_auth Redirect 1	1732122353360	1732122353399	OK	 
REQUEST	XUI_010_Home	010_auth Redirect 2	1732122353402	1732122353466	OK	 
GROUP	XUI_010_Home	1732122352984	1732122353469	465	OK
REQUEST	XUI_020_Login	005_clientId	1732122357102	1732122357362	OK	 
REQUEST	XUI_020_Login	005_clientId Redirect 1	1732122357365	1732122358178	OK	 
REQUEST	XUI_020_Login	005_clientId Redirect 2	1732122358179	1732122358226	OK	 
REQUEST	XUI_020_Login	Common_000_ConfigurationUI	1732122358227	1732122358265	OK	 
REQUEST	XUI_020_Login	Common_000_ConfigUI	1732122358267	1732122358313	OK	 
REQUEST	XUI_020_Login	Common_000_TsAndCs	1732122358316	1732122358357	OK	 
REQUEST	XUI_020_Login	Common_000_IsAuthenticated	1732122358361	1732122358631	OK	 
REQUEST	XUI_020_Login	Common_000_UserDetails	1732122358633	1732122359465	OK	 
REQUEST	XUI_020_Login	Common_000_MonitoringTools	1732122359469	1732122359551	OK	 
REQUEST	XUI_020_Login	Common_000_IsAuthenticated	1732122359553	1732122359733	OK	 
GROUP	XUI_020_Login	1732122357100	1732122359734	2609	OK
REQUEST	Civil_UnSpecClaim_20_DefResp	CIVIL_AssignCase_000_AssignCase	1732122362719	1732122365288	OK	 
GROUP	Civil_UnSpecClaim_20_DefResp	1732122362718	1732122365291	2569	OK
REQUEST	Civil_UnSpecClaim_20_DefResp	Search_005_WorkBasket	1732122365292	1732122366430	OK	 
REQUEST	Civil_UnSpecClaim_20_DefResp	Search_010_CaseReference	1732122366433	1732122368870	OK	 
GROUP	Civil_UnSpecClaim_20_DefResp	1732122365291	1732122368870	3575	OK
REQUEST	Civil_UnSpecClaim_20_DefResp	OpenCase_005_InternalCases	1732122371473	1732122373208	OK	 
GROUP	Civil_UnSpecClaim_20_DefResp	1732122371471	1732122373210	1735	OK
REQUEST	Civil_UnSpecClaim_20_DefResp	OpenCase_010_RoleAssignment	1732122373211	1732122373587	OK	 
GROUP	Civil_UnSpecClaim_20_DefResp	1732122373210	1732122373589	376	OK
REQUEST	Civil_UnSpecClaim_20_DefResp	OpenCase_015_Jurisdiction	1732122373590	1732122373655	OK	 
GROUP	Civil_UnSpecClaim_20_DefResp	1732122373589	1732122373658	65	OK
REQUEST	Civil_UnSpecClaim_20_DefResp	RespToClaim_005_jurisdiction	1732122375994	1732122377458	OK	 
REQUEST	Civil_UnSpecClaim_20_DefResp	RespToClaim_010_Profile	1732122377462	1732122382885	OK	 
REQUEST	Civil_UnSpecClaim_20_DefResp	RespToClaim_015_IgnoreWarning	1732122427896	1732122429876	OK	 
REQUEST	Civil_UnSpecClaim_20_DefResp	RespToClaim_020_jurisdiction	1732122429888	1732122430997	OK	 
GROUP	Civil_UnSpecClaim_20_DefResp	1732122375993	1732122430999	9976	OK
REQUEST	Civil_UnSpecClaim_20_DefResp	ClaimInfo_005_ConfirmDetails	1732122434195	1732122435126	OK	 
GROUP	Civil_UnSpecClaim_20_DefResp	1732122434193	1732122435127	931	OK
REQUEST	Civil_UnSpecClaim_20_DefResp	RejectClaim_005_RespondentResponseType	1732122439129	1732122440501	OK	 
GROUP	Civil_UnSpecClaim_20_DefResp	1732122439127	1732122440503	1372	OK
REQUEST	Civil_UnSpecClaim_20_DefResp	FileRef_005_SolicitorReferences	1732122442797	1732122443726	OK	 
GROUP	Civil_UnSpecClaim_20_DefResp	1732122442794	1732122443726	929	OK
REQUEST	Civil_UnSpecClaim_20_DefResp	005_UploadDefence	1732122447165	1732122449254	OK	 
GROUP	Civil_UnSpecClaim_20_DefResp	1732122447153	1732122449258	2089	OK
REQUEST	Civil_UnSpecClaim_20_DefResp	010_UploadDefence	1732122452161	1732122452778	OK	 
GROUP	Civil_UnSpecClaim_20_DefResp	1732122452158	1732122452781	617	OK
REQUEST	Civil_UnSpecClaim_20_DefResp	005_FileDirectionsQuestionnaire	1732122455005	1732122456477	OK	 
GROUP	Civil_UnSpecClaim_20_DefResp	1732122455003	1732122456479	1472	OK
REQUEST	Civil_UnSpecClaim_20_DefResp	005_FixedRecoverableCosts	1732122458740	1732122459807	OK	 
GROUP	Civil_UnSpecClaim_20_DefResp	1732122458738	1732122459807	1067	OK
REQUEST	Civil_UnSpecClaim_20_DefResp	005_DisclosureOfNonElectronicDocuments	1732122462917	1732122463909	OK	 
GROUP	Civil_UnSpecClaim_20_DefResp	1732122462914	1732122463910	992	OK
REQUEST	Civil_UnSpecClaim_20_DefResp	005_RESPONSEExperts	1732122466092	1732122467701	OK	 
GROUP	Civil_UnSpecClaim_20_DefResp	1732122466087	1732122467703	1609	OK
REQUEST	Civil_UnSpecClaim_20_DefResp	005_RESPONSEWitnesses	1732122470515	1732122471273	OK	 
GROUP	Civil_UnSpecClaim_20_DefResp	1732122470512	1732122471275	758	OK
REQUEST	Civil_UnSpecClaim_20_DefResp	005_RESPONSELanguage	1732122474153	1732122474769	OK	 
GROUP	Civil_UnSpecClaim_20_DefResp	1732122474150	1732122474770	616	OK
REQUEST	Civil_UnSpecClaim_20_DefResp	005_RESPONSEHearing	1732122477477	1732122478996	OK	 
GROUP	Civil_UnSpecClaim_20_DefResp	1732122477473	1732122478998	1519	OK
REQUEST	Civil_UnSpecClaim_20_DefResp	005_UploadDraftDirection	1732122481189	1732122483066	OK	 
GROUP	Civil_UnSpecClaim_20_DefResp	1732122481184	1732122483070	1877	OK
REQUEST	Civil_UnSpecClaim_20_DefResp	005_RESPONSEDraftDirections	1732122485559	1732122486489	OK	 
GROUP	Civil_UnSpecClaim_20_DefResp	1732122485556	1732122486491	930	OK
REQUEST	Civil_UnSpecClaim_20_DefResp	005_RESPONSERequestedCourt	1732122490367	1732122491336	OK	 
GROUP	Civil_UnSpecClaim_20_DefResp	1732122490364	1732122491338	969	OK
REQUEST	Civil_UnSpecClaim_20_DefResp	005_RESPONSEHearingSupport	1732122494912	1732122495541	OK	 
GROUP	Civil_UnSpecClaim_20_DefResp	1732122494909	1732122495544	629	OK
REQUEST	Civil_UnSpecClaim_20_DefResp	005_RESPONSEVulnerabilityQuestions	1732122499162	1732122500129	OK	 
GROUP	Civil_UnSpecClaim_20_DefResp	1732122499160	1732122500130	967	OK
REQUEST	Civil_UnSpecClaim_20_DefResp	005_RESPONSEFurtherInformation	1732122503681	1732122504607	OK	 
GROUP	Civil_UnSpecClaim_20_DefResp	1732122503674	1732122504610	926	OK
REQUEST	Civil_UnSpecClaim_20_DefResp	005_RESPONSEStatementOfTruth	1732122506746	1732122508748	OK	 
GROUP	Civil_UnSpecClaim_20_DefResp	1732122506743	1732122508750	2002	OK
REQUEST	Civil_UnSpecClaim_20_DefResp	005_Submit	1732122512087	1732122515603	OK	 
REQUEST	Civil_UnSpecClaim_20_DefResp	010_DefenceSubmitted	1732122515605	1732122516759	OK	 
GROUP	Civil_UnSpecClaim_20_DefResp	1732122512086	1732122516762	4670	OK
REQUEST		XUI_020_Signout	1732122519278	1732122519592	OK	 
REQUEST		XUI_020_Signout Redirect 1	1732122519594	1732122519659	OK	 
REQUEST		XUI_020_Signout Redirect 2	1732122519661	1732122519886	OK	 
REQUEST		XUI_020_Signout Redirect 3	1732122519888	1732122519958	OK	 
REQUEST	XUI_010_Home	005_Home	1732122523966	1732122524059	OK	 
REQUEST	XUI_010_Home	Common_000_ConfigurationUI	1732122524061	1732122524120	OK	 
REQUEST	XUI_010_Home	Common_000_ConfigJson	1732122524128	1732122524172	OK	 
REQUEST	XUI_010_Home	Common_000_TsAndCs	1732122524173	1732122524228	OK	 
REQUEST	XUI_010_Home	Common_000_ConfigUI	1732122524229	1732122524284	OK	 
REQUEST	XUI_010_Home	Common_000_UserDetails	1732122524287	1732122524325	OK	 
REQUEST	XUI_010_Home	Common_000_IsAuthenticated	1732122524328	1732122524366	OK	 
REQUEST	XUI_010_Home	010_auth	1732122524368	1732122524415	OK	 
REQUEST	XUI_010_Home	010_auth Redirect 1	1732122524417	1732122524458	OK	 
REQUEST	XUI_010_Home	010_auth Redirect 2	1732122524461	1732122524523	OK	 
GROUP	XUI_010_Home	1732122523965	1732122524526	532	OK
REQUEST	XUI_020_Login	005_clientId	1732122526974	1732122527235	OK	 
REQUEST	XUI_020_Login	005_clientId Redirect 1	1732122527236	1732122527776	OK	 
REQUEST	XUI_020_Login	005_clientId Redirect 2	1732122527778	1732122527820	OK	 
REQUEST	XUI_020_Login	Common_000_ConfigurationUI	1732122527823	1732122527869	OK	 
REQUEST	XUI_020_Login	Common_000_ConfigUI	1732122527873	1732122527916	OK	 
REQUEST	XUI_020_Login	Common_000_TsAndCs	1732122527918	1732122527956	OK	 
REQUEST	XUI_020_Login	Common_000_IsAuthenticated	1732122527967	1732122528071	OK	 
REQUEST	XUI_020_Login	Common_000_UserDetails	1732122528072	1732122529148	OK	 
REQUEST	XUI_020_Login	Common_000_MonitoringTools	1732122529149	1732122529225	OK	 
REQUEST	XUI_020_Login	Common_000_IsAuthenticated	1732122529226	1732122529311	OK	 
GROUP	XUI_020_Login	1732122526971	1732122529314	2311	OK
REQUEST	Civil_UnSpecClaim_30_ClaimantResp	SearchCase_005_CaseReference	1732122532650	1732122535292	OK	 
REQUEST	Civil_UnSpecClaim_30_ClaimantResp	OpenCase_005_InternalCases	1732122535294	1732122536608	OK	 
GROUP	Civil_UnSpecClaim_30_ClaimantResp	1732122532650	1732122536614	3956	OK
REQUEST	Civil_UnSpecClaim_30_ClaimantResp	OpenCase_015_RoleAssignment	1732122536614	1732122537011	OK	 
GROUP	Civil_UnSpecClaim_30_ClaimantResp	1732122536614	1732122537013	397	OK
REQUEST	Civil_UnSpecClaim_30_ClaimantResp	OpenCase_020_Jurisdiction	1732122537015	1732122537095	OK	 
GROUP	Civil_UnSpecClaim_30_ClaimantResp	1732122537013	1732122537097	80	OK
REQUEST	Civil_UnSpecClaim_30_ClaimantResp	RespToDef_005_Jurisdiction	1732122540973	1732122542595	OK	 
REQUEST	Civil_UnSpecClaim_30_ClaimantResp	RespToDef_010_profile	1732122542599	1732122544181	OK	 
REQUEST	Civil_UnSpecClaim_30_ClaimantResp	RespToDef_015_IgnoreWarning	1732122544185	1732122546120	OK	 
REQUEST	Civil_UnSpecClaim_30_ClaimantResp	RespToDef_020_jurisdiction	1732122546137	1732122547251	OK	 
GROUP	Civil_UnSpecClaim_30_ClaimantResp	1732122540972	1732122547253	6253	OK
REQUEST	Civil_UnSpecClaim_30_ClaimantResp	005_RespondentResponse	1732122550349	1732122550858	OK	 
GROUP	Civil_UnSpecClaim_30_ClaimantResp	1732122550344	1732122550862	509	OK
REQUEST	Civil_UnSpecClaim_30_ClaimantResp	005_DefenceResponseDocument	1732122554341	1732122554800	OK	 
GROUP	Civil_UnSpecClaim_30_ClaimantResp	1732122554339	1732122554801	459	OK
REQUEST	Civil_UnSpecClaim_30_ClaimantResp	005_FileDirectionsQuestionnaire	1732122558487	1732122559241	OK	 
GROUP	Civil_UnSpecClaim_30_ClaimantResp	1732122558484	1732122559244	754	OK
REQUEST	Civil_UnSpecClaim_30_ClaimantResp	005_FixedRecoverableCosts	1732122562827	1732122563639	OK	 
GROUP	Civil_UnSpecClaim_30_ClaimantResp	1732122562824	1732122563640	812	OK
REQUEST	Civil_UnSpecClaim_30_ClaimantResp	005_DisclosureOfNonElectronicDocuments	1732122566366	1732122567066	OK	 
GROUP	Civil_UnSpecClaim_30_ClaimantResp	1732122566361	1732122567066	700	OK
REQUEST	Civil_UnSpecClaim_30_ClaimantResp	005_Experts	1732122569681	1732122570072	OK	 
GROUP	Civil_UnSpecClaim_30_ClaimantResp	1732122569678	1732122570076	391	OK
REQUEST	Civil_UnSpecClaim_30_ClaimantResp	005_Witnesses	1732122572709	1732122573486	OK	 
GROUP	Civil_UnSpecClaim_30_ClaimantResp	1732122572707	1732122573488	777	OK
REQUEST	Civil_UnSpecClaim_30_ClaimantResp	005_Language	1732122575911	1732122576743	OK	 
GROUP	Civil_UnSpecClaim_30_ClaimantResp	1732122575909	1732122576744	832	OK
REQUEST	Civil_UnSpecClaim_30_ClaimantResp	005_Hearing	1732122579256	1732122579738	OK	 
GROUP	Civil_UnSpecClaim_30_ClaimantResp	1732122579255	1732122579739	482	OK
REQUEST	Civil_UnSpecClaim_30_ClaimantResp	005_UploadDraftDirection	1732122583226	1732122585148	OK	 
GROUP	Civil_UnSpecClaim_30_ClaimantResp	1732122583221	1732122585152	1922	OK
REQUEST	Civil_UnSpecClaim_30_ClaimantResp	010_DraftDirections	1732122588564	1732122589426	OK	 
GROUP	Civil_UnSpecClaim_30_ClaimantResp	1732122588559	1732122589428	862	OK
REQUEST	Civil_UnSpecClaim_30_ClaimantResp	005_HearingSupport	1732122591863	1732122592616	OK	 
GROUP	Civil_UnSpecClaim_30_ClaimantResp	1732122591861	1732122592616	753	OK
REQUEST	Civil_UnSpecClaim_30_ClaimantResp	005_VulnerabilityQuestions	1732122595349	1732122596149	OK	 
GROUP	Civil_UnSpecClaim_30_ClaimantResp	1732122595345	1732122596150	800	OK
REQUEST	Civil_UnSpecClaim_30_ClaimantResp	005_FurtherInformation	1732122599692	1732122600501	OK	 
GROUP	Civil_UnSpecClaim_30_ClaimantResp	1732122599689	1732122600502	809	OK
REQUEST	Civil_UnSpecClaim_30_ClaimantResp	005_StatementOfTruth	1732122603965	1732122604764	OK	 
GROUP	Civil_UnSpecClaim_30_ClaimantResp	1732122603962	1732122604767	799	OK
REQUEST	Civil_UnSpecClaim_30_ClaimantResp	005_Submit	1732122607231	1732122611124	OK	 
REQUEST	Civil_UnSpecClaim_30_ClaimantResp	010_ProceedWithClaim	1732122611129	1732122612462	OK	 
GROUP	Civil_UnSpecClaim_30_ClaimantResp	1732122607229	1732122612464	5226	OK
REQUEST		XUI_020_Signout	1732122616187	1732122616300	OK	 
REQUEST		XUI_020_Signout Redirect 1	1732122616301	1732122616343	OK	 
REQUEST		XUI_020_Signout Redirect 2	1732122616345	1732122616490	OK	 
REQUEST		XUI_020_Signout Redirect 3	1732122616492	1732122616568	OK	 
REQUEST	XUI_010_Home	005_Home	1732122620573	1732122620616	OK	 
REQUEST	XUI_010_Home	Common_000_ConfigurationUI	1732122620618	1732122620668	OK	 
REQUEST	XUI_010_Home	Common_000_ConfigJson	1732122620671	1732122620710	OK	 
REQUEST	XUI_010_Home	Common_000_TsAndCs	1732122620711	1732122620753	OK	 
REQUEST	XUI_010_Home	Common_000_ConfigUI	1732122620754	1732122620829	OK	 
REQUEST	XUI_010_Home	Common_000_UserDetails	1732122620832	1732122620874	OK	 
REQUEST	XUI_010_Home	Common_000_IsAuthenticated	1732122620876	1732122620910	OK	 
REQUEST	XUI_010_Home	010_auth	1732122620912	1732122620960	OK	 
REQUEST	XUI_010_Home	010_auth Redirect 1	1732122620961	1732122620998	OK	 
REQUEST	XUI_010_Home	010_auth Redirect 2	1732122621003	1732122621119	OK	 
GROUP	XUI_010_Home	1732122620571	1732122621122	526	OK
REQUEST	XUI_020_Login	005_clientId	1732122623509	1732122623684	OK	 
REQUEST	XUI_020_Login	005_clientId Redirect 1	1732122623685	1732122624257	OK	 
REQUEST	XUI_020_Login	005_clientId Redirect 2	1732122624258	1732122624297	OK	 
REQUEST	XUI_020_Login	Common_000_ConfigurationUI	1732122624300	1732122624362	OK	 
REQUEST	XUI_020_Login	Common_000_ConfigUI	1732122624363	1732122624405	OK	 
REQUEST	XUI_020_Login	Common_000_TsAndCs	1732122624409	1732122624447	OK	 
REQUEST	XUI_020_Login	Common_000_IsAuthenticated	1732122624450	1732122624491	OK	 
REQUEST	XUI_020_Login	Common_000_UserDetails	1732122624493	1732122624872	OK	 
REQUEST	XUI_020_Login	