RUN	uk.gov.hmcts.reform.civildamage.performance.simulations.SimulateScenario	simulatescenario	1730407636310	 	3.12.0
USER	UnSpec_CreateClaim	START	1730407637724
REQUEST	XUI_010_Home	005_Home	1730407637715	1730407637811	OK	 
REQUEST	XUI_010_Home	Common_000_ConfigurationUI	1730407638932	1730407638993	OK	 
REQUEST	XUI_010_Home	Common_000_ConfigJson	1730407639010	1730407639035	OK	 
REQUEST	XUI_010_Home	Common_000_TsAndCs	1730407639041	1730407639071	OK	 
REQUEST	XUI_010_Home	Common_000_ConfigUI	1730407639074	1730407639104	OK	 
REQUEST	XUI_010_Home	Common_000_UserDetails	1730407639109	1730407639138	OK	 
REQUEST	XUI_010_Home	Common_000_IsAuthenticated	1730407639141	1730407639171	OK	 
REQUEST	XUI_010_Home	010_auth	1730407639178	1730407639217	OK	 
REQUEST	XUI_010_Home	015_authorize	1730407639515	1730407639649	OK	 
REQUEST	XUI_010_Home	020_client	1730407639657	1730407639712	OK	 
GROUP	XUI_010_Home	1730407637688	1730407639726	529	OK
REQUEST	XUI_020_Login	005_clientId	1730407639743	1730407639891	OK	 
REQUEST	XUI_020_Login	010_LoginCallback	1730407639923	1730407640374	OK	 
REQUEST	XUI_020_Login	015_idamurl	1730407640377	1730407640412	OK	 
REQUEST	XUI_020_Login	Common_000_ConfigurationUI	1730407641421	1730407641453	OK	 
REQUEST	XUI_020_Login	Common_000_ConfigUI	1730407641461	1730407641493	OK	 
REQUEST	XUI_020_Login	Common_000_TsAndCs	1730407641497	1730407641552	OK	 
REQUEST	XUI_020_Login	Common_000_IsAuthenticated	1730407641554	1730407641589	OK	 
REQUEST	XUI_020_Login	Common_000_UserDetails	1730407641599	1730407642720	OK	 
REQUEST	XUI_020_Login	Common_000_MonitoringTools	1730407642723	1730407642785	OK	 
REQUEST	XUI_020_Login	Common_000_IsAuthenticated	1730407642940	1730407643014	OK	 
GROUP	XUI_020_Login	1730407639727	1730407643051	2045	OK
REQUEST	CivilDamage_UnSpecClaim_10_01_CreateCase	create	1730407653014	1730407656510	OK	 
GROUP	CivilDamage_UnSpecClaim_10_01_CreateCase	1730407653011	1730407656511	3496	OK
REQUEST	CivilDamage_UnSpecClaim_10_02_CreateCase	IgnoreWarning	1730407663522	1730407668945	OK	 
GROUP	CivilDamage_UnSpecClaim_10_02_CreateCase	1730407663520	1730407669010	5423	OK
REQUEST	CivilDamage_UnSpecClaim_10_03_CreateCase	CLAIMEligibility	1730407676029	1730407678526	OK	 
GROUP	CivilDamage_UnSpecClaim_10_03_CreateCase	1730407676016	1730407678526	2497	OK
REQUEST	CivilDamage_UnSpecClaim_10_04_CreateCase	CLAIMReferences	1730407685535	1730407686755	OK	 
GROUP	CivilDamage_UnSpecClaim_10_04_CreateCase	1730407685534	1730407686755	1220	OK
REQUEST	CivilDamage_UnSpecClaim_10_05_CreateCase	CLAIMCourt	1730407693771	1730407696869	OK	 
GROUP	CivilDamage_UnSpecClaim_10_05_CreateCase	1730407693769	1730407696870	3098	OK
REQUEST	CivilDamage_UnSpecClaim_10_06_CreateCase	postcode	1730407703909	1730407704966	OK	 
GROUP	CivilDamage_UnSpecClaim_10_06_CreateCase	1730407703908	1730407704967	1057	OK
REQUEST	CivilDamage_UnSpecClaim_10_07_CreateCase	CLAIMClaimant	1730407711991	1730407713588	OK	 
GROUP	CivilDamage_UnSpecClaim_10_07_CreateCase	1730407711988	1730407713589	1597	OK
REQUEST	CivilDamage_UnSpecClaim_10_08_CreateCase	CREATE_CLAIMClaimantLitigationFriend	1730407720597	1730407722572	OK	 
GROUP	CivilDamage_UnSpecClaim_10_08_CreateCase	1730407720595	1730407722573	1975	OK
REQUEST	CivilDamage_UnSpecClaim_10_09_CreateCase	CREATE_CLAIMNotifications	1730407729582	1730407731371	OK	 
GROUP	CivilDamage_UnSpecClaim_10_09_CreateCase	1730407729581	1730407731372	1789	OK
REQUEST	CivilDamage_UnSpecClaim_10_10_CreateCase	ClaimantSolicitorOrganisation	1730407738391	1730407739683	OK	 
GROUP	CivilDamage_UnSpecClaim_10_10_CreateCase	1730407738389	1730407739684	1292	OK
REQUEST	CivilDamage_UnSpecClaim_10_11_CreateCase	ClaimantSolicitorAddres	1730407746700	1730407748163	OK	 
GROUP	CivilDamage_UnSpecClaim_10_11_CreateCase	1730407746698	1730407748164	1463	OK
REQUEST	CivilDamage_UnSpecClaim_10_12_CreateCase	AddAnotherClaimant	1730407755171	1730407755684	OK	 
GROUP	CivilDamage_UnSpecClaim_10_12_CreateCase	1730407755169	1730407755685	513	OK
REQUEST	CivilDamage_UnSpecClaim_10_13_CreateCase	postcode	1730407762698	1730407763783	OK	 
GROUP	CivilDamage_UnSpecClaim_10_13_CreateCase	1730407762697	1730407763784	1085	OK
REQUEST	CivilDamage_UnSpecClaim_10_14_CreateCase	CLAIMDefendant	1730407770799	1730407772222	OK	 
GROUP	CivilDamage_UnSpecClaim_10_14_CreateCase	1730407770797	1730407772223	1423	OK
REQUEST	CivilDamage_UnSpecClaim_10_15_CreateCase	LegalRepresentation	1730407779233	1730407779806	OK	 
GROUP	CivilDamage_UnSpecClaim_10_15_CreateCase	1730407779232	1730407779807	573	OK
REQUEST	CivilDamage_UnSpecClaim_10_16_CreateCase	DefendantSolicitorOrganisation	1730407786821	1730407787629	OK	 
GROUP	CivilDamage_UnSpecClaim_10_16_CreateCase	1730407786820	1730407787630	808	OK
REQUEST	CivilDamage_UnSpecClaim_10_17_CreateCase	DefendantSolicitorServiceAddress	1730407794640	1730407795374	OK	 
GROUP	CivilDamage_UnSpecClaim_10_17_CreateCase	1730407794638	1730407795375	734	OK
REQUEST	CivilDamage_UnSpecClaim_10_18_CreateCase	CLAIMAddAnotherDefendant	1730407802381	1730407804254	OK	 
GROUP	CivilDamage_UnSpecClaim_10_18_CreateCase	1730407802380	1730407804256	1873	OK
REQUEST	CivilDamage_UnSpecClaim_10_19_CreateCase	AddAnotherDefendant	1730407811273	1730407811870	OK	 
GROUP	CivilDamage_UnSpecClaim_10_19_CreateCase	1730407811272	1730407811871	597	OK
REQUEST	CivilDamage_UnSpecClaim_10_20_CreateCase	CLAIMClaimType	1730407818878	1730407820277	OK	 
GROUP	CivilDamage_UnSpecClaim_10_20_CreateCase	1730407818876	1730407820278	1399	OK
REQUEST	CivilDamage_UnSpecClaim_10_21_CreateCase	CLAIMDetails	1730407827294	1730407828263	OK	 
GROUP	CivilDamage_UnSpecClaim_10_21_CreateCase	1730407827293	1730407828264	969	OK
REQUEST	CivilDamage_UnSpecClaim_10_22_CreateCase	CLAIMuploadParticularsOfClaim	1730407835280	1730407835987	OK	 
GROUP	CivilDamage_UnSpecClaim_10_22_CreateCase	1730407835278	1730407835988	707	OK
REQUEST	CivilDamage_UnSpecClaim_10_23_CreateCase	CLAIMClaimValue	1730407842998	1730407845935	OK	 
GROUP	CivilDamage_UnSpecClaim_10_23_CreateCase	1730407842996	1730407845937	2937	OK
REQUEST	CivilDamage_UnSpecClaim_10_24_CreateCase	CLAIMPbaNumber	1730407852948	1730407853484	OK	 
GROUP	CivilDamage_UnSpecClaim_10_24_CreateCase	1730407852945	1730407853485	536	OK
REQUEST	CivilDamage_UnSpecClaim_10_25_CreateCase	StatementOfTruth	1730407860491	1730407861748	OK	 
GROUP	CivilDamage_UnSpecClaim_10_25_CreateCase	1730407860490	1730407861748	1257	OK
REQUEST	CivilDamage_UnSpecClaim_10_26_CreateCase	Submit_Claim	1730407868756	1730407873644	OK	 
GROUP	CivilDamage_UnSpecClaim_10_26_CreateCase	1730407868754	1730407873658	4888	OK
REQUEST		XUI_020_Signout	1730407900672	1730407900987	OK	 
REQUEST	XUI_010_Home	005_Home	1730407951006	1730407951162	OK	 
REQUEST	XUI_010_Home	Common_000_ConfigurationUI	1730407952177	1730407952203	OK	 
REQUEST	XUI_010_Home	Common_000_ConfigJson	1730407952206	1730407952548	OK	 
REQUEST	XUI_010_Home	Common_000_TsAndCs	1730407952553	1730407952579	OK	 
REQUEST	XUI_010_Home	Common_000_ConfigUI	1730407952582	1730407952635	OK	 
REQUEST	XUI_010_Home	Common_000_UserDetails	1730407952638	1730407952660	OK	 
REQUEST	XUI_010_Home	Common_000_IsAuthenticated	1730407952661	1730407952692	OK	 
REQUEST	XUI_010_Home	010_auth	1730407952693	1730407952714	OK	 
REQUEST	XUI_010_Home	015_authorize	1730407952972	1730407953057	OK	 
REQUEST	XUI_010_Home	020_client	1730407953058	1730407953095	OK	 
GROUP	XUI_010_Home	1730407951005	1730407953097	799	OK
REQUEST	XUI_020_Login	005_clientId	1730407953098	1730407953168	OK	 
REQUEST	XUI_020_Login	010_LoginCallback	1730407953170	1730407953628	OK	 
REQUEST	XUI_020_Login	015_idamurl	1730407953630	1730407953658	OK	 
REQUEST	XUI_020_Login	Common_000_ConfigurationUI	1730407954673	1730407954710	OK	 
REQUEST	XUI_020_Login	Common_000_ConfigUI	1730407954713	1730407954761	OK	 
REQUEST	XUI_020_Login	Common_000_TsAndCs	1730407954762	1730407954796	OK	 
REQUEST	XUI_020_Login	Common_000_IsAuthenticated	1730407954799	1730407954825	OK	 
REQUEST	XUI_020_Login	Common_000_UserDetails	1730407954829	1730407955341	OK	 
REQUEST	XUI_020_Login	Common_000_MonitoringTools	1730407955344	1730407955416	OK	 
REQUEST	XUI_020_Login	Common_000_IsAuthenticated	1730407955418	1730407955480	OK	 
GROUP	XUI_020_Login	1730407953097	1730407955482	1347	OK
REQUEST	Civil_CreateClaim_010_MakePayment	005_ServiceTab	1730407995058	1730407995140	OK	 
REQUEST	Civil_CreateClaim_010_MakePayment	010_PaymentGroups	1730407995142	1730407997681	OK	 
REQUEST	Civil_CreateClaim_010_MakePayment	015_case_ids	1730407997684	1730407999113	OK	 
GROUP	Civil_CreateClaim_010_MakePayment	1730407995057	1730407999153	4050	OK
REQUEST	Civil_CreateClaim_010_MakePay	005_PayNow	1730408019160	1730408021034	OK	 
GROUP	Civil_CreateClaim_010_MakePay	1730408019158	1730408021035	1874	OK
REQUEST	Civil_CreateClaim_010_MakePay	005_ConfrmPay	1730408041040	1730408044119	OK	 
GROUP	Civil_CreateClaim_010_MakePay	1730408041038	1730408044120	3079	OK
REQUEST		XUI_020_Signout	1730408084139	1730408084377	OK	 
REQUEST	XUI_010_Home	005_Home	1730408094393	1730408094447	OK	 
REQUEST	XUI_010_Home	Common_000_ConfigurationUI	1730408095455	1730408095488	OK	 
REQUEST	XUI_010_Home	Common_000_ConfigJson	1730408095490	1730408095520	OK	 
REQUEST	XUI_010_Home	Common_000_TsAndCs	1730408095522	1730408095554	OK	 
REQUEST	XUI_010_Home	Common_000_ConfigUI	1730408095556	1730408095582	OK	 
REQUEST	XUI_010_Home	Common_000_UserDetails	1730408095584	1730408095611	OK	 
REQUEST	XUI_010_Home	Common_000_IsAuthenticated	1730408095613	1730408095648	OK	 
REQUEST	XUI_010_Home	010_auth	1730408095651	1730408095680	OK	 
REQUEST	XUI_010_Home	015_authorize	1730408095954	1730408096039	OK	 
REQUEST	XUI_010_Home	020_client	1730408096042	1730408096081	OK	 
GROUP	XUI_010_Home	1730408094392	1730408096085	390	OK
REQUEST	XUI_020_Login	005_clientId	1730408096086	1730408096171	OK	 
REQUEST	XUI_020_Login	010_LoginCallback	1730408096174	1730408096656	OK	 
REQUEST	XUI_020_Login	015_idamurl	1730408096659	1730408096760	OK	 
REQUEST	XUI_020_Login	Common_000_ConfigurationUI	1730408097764	1730408097791	OK	 
REQUEST	XUI_020_Login	Common_000_ConfigUI	1730408097795	1730408097820	OK	 
REQUEST	XUI_020_Login	Common_000_TsAndCs	1730408097823	1730408097848	OK	 
REQUEST	XUI_020_Login	Common_000_IsAuthenticated	1730408097851	1730408097881	OK	 
REQUEST	XUI_020_Login	Common_000_UserDetails	1730408097883	1730408098504	OK	 
REQUEST	XUI_020_Login	Common_000_MonitoringTools	1730408098507	1730408098579	OK	 
REQUEST	XUI_020_Login	Common_000_IsAuthenticated	1730408098582	1730408098654	OK	 
GROUP	XUI_020_Login	1730408096085	1730408098657	1540	OK
REQUEST	Civil_UnSpecClaim_10_NotifyDEF	005_jurisdiction	1730408108221	1730408109444	OK	 
REQUEST	Civil_UnSpecClaim_10_NotifyDEF	010_warning	1730408114455	1730408117310	OK	 
REQUEST	Civil_UnSpecClaim_10_NotifyDEF	015_Profile	1730408117329	1730408118788	OK	 
REQUEST	Civil_UnSpecClaim_10_NotifyDEF	020_jurisdiction	1730408118790	1730408120266	OK	 
GROUP	Civil_UnSpecClaim_10_NotifyDEF	1730408108219	1730408120267	7013	OK
REQUEST	Civil_UnSpecClaim_10_NotifyDEF	005_CLAIMAccessGrantedWarning	1730408130281	1730408131354	OK	 
GROUP	Civil_UnSpecClaim_10_NotifyDEF	1730408130279	1730408131355	1073	OK
REQUEST	Civil_UnSpecClaim_10_NotifyDEF	330_SubmitNotification	1730408141370	1730408143513	OK	 
GROUP	Civil_UnSpecClaim_10_NotifyDEF	1730408141368	1730408143514	2143	OK
REQUEST	Civil_UnSpecClaim_10_NotifyDEF	005_jurisdiction	1730408153528	1730408153619	OK	 
REQUEST	Civil_UnSpecClaim_10_NotifyDEF	010_LabellingRoleAssignment	1730408153622	1730408153871	OK	 
GROUP	Civil_UnSpecClaim_10_NotifyDEF	1730408153526	1730408153872	340	OK
REQUEST		XUI_020_Signout	1730408163885	1730408164125	OK	 
REQUEST	XUI_010_Home	005_Home	1730408174141	1730408174169	OK	 
REQUEST	XUI_010_Home	Common_000_ConfigurationUI	1730408175179	1730408175228	OK	 
REQUEST	XUI_010_Home	Common_000_ConfigJson	1730408175229	1730408175251	OK	 
REQUEST	XUI_010_Home	Common_000_TsAndCs	1730408175252	1730408175279	OK	 
REQUEST	XUI_010_Home	Common_000_ConfigUI	1730408175280	1730408175303	OK	 
REQUEST	XUI_010_Home	Common_000_UserDetails	1730408175304	1730408175326	OK	 
REQUEST	XUI_010_Home	Common_000_IsAuthenticated	1730408175327	1730408175350	OK	 
REQUEST	XUI_010_Home	010_auth	1730408175352	1730408175379	OK	 
REQUEST	XUI_010_Home	015_authorize	1730408175647	1730408175728	OK	 
REQUEST	XUI_010_Home	020_client	1730408175730	1730408175775	OK	 
GROUP	XUI_010_Home	1730408174139	1730408175777	347	OK
REQUEST	XUI_020_Login	005_clientId	1730408175779	1730408175859	OK	 
REQUEST	XUI_020_Login	010_LoginCallback	1730408175860	1730408176378	OK	 
REQUEST	XUI_020_Login	015_idamurl	1730408176381	1730408176421	OK	 
REQUEST	XUI_020_Login	Common_000_ConfigurationUI	1730408177427	1730408177454	OK	 
REQUEST	XUI_020_Login	Common_000_ConfigUI	1730408177456	1730408177483	OK	 
REQUEST	XUI_020_Login	Common_000_TsAndCs	1730408177487	1730408177513	OK	 
REQUEST	XUI_020_Login	Common_000_IsAuthenticated	1730408177516	1730408177549	OK	 
REQUEST	XUI_020_Login	Common_000_UserDetails	1730408177552	1730408178770	OK	 
REQUEST	XUI_020_Login	Common_000_MonitoringTools	1730408178772	1730408178833	OK	 
REQUEST	XUI_020_Login	Common_000_IsAuthenticated	1730408178835	1730408178897	OK	 
GROUP	XUI_020_Login	1730408175777	1730408178898	2092	OK
REQUEST	Civil_UnSpecClaim_10_NotifyDetails	005_jurisdiction	1730408186988	1730408188408	OK	 
REQUEST	Civil_UnSpecClaim_10_NotifyDetails	010_IgnoreWarning	1730408188410	1730408190367	OK	 
REQUEST	Civil_UnSpecClaim_10_NotifyDetails	015_profile	1730408190393	1730408192073	OK	 
REQUEST	Civil_UnSpecClaim_10_NotifyDetails	020_jurisdiction	1730408192076	1730408193911	OK	 
GROUP	Civil_UnSpecClaim_10_NotifyDetails	1730408186987	1730408193913	6892	OK
REQUEST	Civil_UnSpecClaim_10_NotifyDetails	005_DetailsUpload	1730408212926	1730408214175	OK	 
GROUP	Civil_UnSpecClaim_10_NotifyDetails	1730408212925	1730408214175	1249	OK
REQUEST	Civil_UnSpecClaim_10_NotifyDetails	005_SubmitNotifyDetails	1730408224192	1730408227660	OK	 
GROUP	Civil_UnSpecClaim_10_NotifyDetails	1730408224191	1730408227661	3468	OK
REQUEST		XUI_020_Signout	1730408227662	1730408227937	OK	 
REQUEST	XUI_010_Home	005_Home	1730408237949	1730408237993	OK	 
REQUEST	XUI_010_Home	Common_000_ConfigurationUI	1730408239005	1730408239047	OK	 
REQUEST	XUI_010_Home	Common_000_ConfigJson	1730408239050	1730408239087	OK	 
REQUEST	XUI_010_Home	Common_000_TsAndCs	1730408239089	1730408239123	OK	 
REQUEST	XUI_010_Home	Common_000_ConfigUI	1730408239125	1730408239164	OK	 
REQUEST	XUI_010_Home	Common_000_UserDetails	1730408239166	1730408239215	OK	 
REQUEST	XUI_010_Home	Common_000_IsAuthenticated	1730408239217	1730408239244	OK	 
REQUEST	XUI_010_Home	010_auth	1730408239247	1730408239270	OK	 
REQUEST	XUI_010_Home	015_authorize	1730408239535	1730408239622	OK	 
REQUEST	XUI_010_Home	020_client	1730408239623	1730408239660	OK	 
GROUP	XUI_010_Home	1730408237948	1730408239662	419	OK
REQUEST	XUI_020_Login	005_clientId	1730408239664	1730408239760	OK	 
REQUEST	XUI_020_Login	010_LoginCallback	1730408239762	1730408240197	OK	 
REQUEST	XUI_020_Login	015_idamurl	1730408240198	1730408240229	OK	 
REQUEST	XUI_020_Login	Common_000_ConfigurationUI	1730408241233	1730408241270	OK	 
REQUEST	XUI_020_Login	Common_000_ConfigUI	1730408241272	1730408241311	OK	 
REQUEST	XUI_020_Login	Common_000_TsAndCs	1730408241318	1730408241368	OK	 
REQUEST	XUI_020_Login	Common_000_IsAuthenticated	1730408241369	1730408241413	OK	 
REQUEST	XUI_020_Login	Common_000_UserDetails	1730408241415	1730408242028	OK	 
REQUEST	XUI_020_Login	Common_000_MonitoringTools	1730408242029	1730408242095	OK	 
REQUEST	XUI_020_Login	Common_000_IsAuthenticated	1730408242096	1730408242151	OK	 
GROUP	XUI_020_Login	1730408239663	1730408242152	1466	OK
REQUEST		CIVIL_AssignCase_000_AssignCase	1730408251583	1730408253762	OK	 
REQUEST	Civil_20_UnSpecClaim_DefResp	Search_005_CaseReference	1730408303779	1730408305756	OK	 
GROUP	Civil_20_UnSpecClaim_DefResp	1730408303776	1730408305756	1977	OK
REQUEST	Civil_20_UnSpecClaim_DefResp	OpenCase_005_InternalCases	1730408312763	1730408315027	OK	 
GROUP	Civil_20_UnSpecClaim_DefResp	1730408312760	1730408315028	2264	OK
REQUEST	Civil_20_UnSpecClaim_DefResp	OpenCase_010_RoleAssignment	1730408315201	1730408315603	OK	 
REQUEST	Civil_20_UnSpecClaim_DefResp	OpenCase_015_Jurisdiction	1730408315604	1730408315661	OK	 
GROUP	Civil_20_UnSpecClaim_DefResp	1730408315199	1730408315661	459	OK
REQUEST	Civil_20_UnSpecClaim_DefResp	RespToClaim_005_jurisdiction	1730408328670	1730408330490	OK	 
REQUEST	Civil_20_UnSpecClaim_DefResp	RespToClaim_010_IgnoreWarning	1730408330493	1730408333752	OK	 
REQUEST	Civil_20_UnSpecClaim_DefResp	RespToClaim_015_profile	1730408333789	1730408337792	OK	 
REQUEST	Civil_20_UnSpecClaim_DefResp	RespToClaim_020_jurisdiction	1730408337794	1730408339136	OK	 
GROUP	Civil_20_UnSpecClaim_DefResp	1730408328668	1730408339137	10424	OK
REQUEST	Civil_20_UnSpecClaim_DefResp	ClaimInfo_005_ConfirmDetails	1730408368146	1730408369752	OK	 
GROUP	Civil_20_UnSpecClaim_DefResp	1730408368144	1730408369753	1606	OK
REQUEST	Civil_20_UnSpecClaim_DefResp	RejectClaim_005_RespondentResponseType	1730408383771	1730408384861	OK	 
GROUP	Civil_20_UnSpecClaim_DefResp	1730408383769	1730408384862	1090	OK
REQUEST	Civil_20_UnSpecClaim_DefResp	FileRef_005_SolicitorReferences	1730408394878	1730408396343	OK	 
GROUP	Civil_20_UnSpecClaim_DefResp	1730408394877	1730408396343	1465	OK
REQUEST	Civil_20_UnSpecClaim_DefResp	005_UploadDefence	1730408416396	1730408418606	OK	 
GROUP	Civil_20_UnSpecClaim_DefResp	1730408416350	1730408418611	2210	OK
REQUEST	Civil_20_UnSpecClaim_DefResp	005_FileDirectionsQuestionnaire	1730408428625	1730408429602	OK	 
GROUP	Civil_20_UnSpecClaim_DefResp	1730408428624	1730408429602	977	OK
REQUEST	Civil_20_UnSpecClaim_DefResp	005_FixedRecoverableCosts	1730408444613	1730408445430	OK	 
GROUP	Civil_20_UnSpecClaim_DefResp	1730408444612	1730408445431	817	OK
REQUEST	Civil_20_UnSpecClaim_DefResp	005_DisclosureOfNonElectronicDocuments	1730408456439	1730408457128	OK	 
GROUP	Civil_20_UnSpecClaim_DefResp	1730408456438	1730408457128	689	OK
REQUEST	Civil_20_UnSpecClaim_DefResp	005_RESPONSEExperts	1730408465134	1730408469044	OK	 
GROUP	Civil_20_UnSpecClaim_DefResp	1730408465132	1730408469045	3910	OK
REQUEST	Civil_20_UnSpecClaim_DefResp	005_RESPONSEWitnesses	1730408475052	1730408477860	OK	 
GROUP	Civil_20_UnSpecClaim_DefResp	1730408475052	1730408477860	2808	OK
REQUEST	Civil_20_UnSpecClaim_DefResp	005_RESPONSELanguage	1730408487869	1730408489162	OK	 
GROUP	Civil_20_UnSpecClaim_DefResp	1730408487867	1730408489163	1293	OK
REQUEST	Civil_20_UnSpecClaim_DefResp	005_RESPONSEHearing	1730408509166	1730408510125	OK	 
GROUP	Civil_20_UnSpecClaim_DefResp	1730408509164	1730408510125	959	OK
REQUEST	Civil_20_UnSpecClaim_DefResp	005_UploadDraftDirection	1730408518128	1730408521807	OK	 
GROUP	Civil_20_UnSpecClaim_DefResp	1730408518127	1730408521808	3679	OK
REQUEST	Civil_20_UnSpecClaim_DefResp	005_RESPONSEDraftDirections	1730408525818	1730408526883	OK	 
GROUP	Civil_20_UnSpecClaim_DefResp	1730408525817	1730408526883	1065	OK
REQUEST	Civil_20_UnSpecClaim_DefResp	005_RESPONSERequestedCourt	1730408553893	1730408554409	OK	 
GROUP	Civil_20_UnSpecClaim_DefResp	1730408553891	1730408554409	516	OK
REQUEST	Civil_20_UnSpecClaim_DefResp	005_RESPONSEHearingSupport	1730408564416	1730408565608	OK	 
GROUP	Civil_20_UnSpecClaim_DefResp	1730408564415	1730408565609	1192	OK
REQUEST	Civil_20_UnSpecClaim_DefResp	005_RESPONSEVulnerabilityQuestions	1730408575622	1730408576720	OK	 
GROUP	Civil_20_UnSpecClaim_DefResp	1730408575620	1730408576721	1098	OK
REQUEST	Civil_20_UnSpecClaim_DefResp	005_RESPONSEFurtherInformation	1730408590731	1730408591554	OK	 
GROUP	Civil_20_UnSpecClaim_DefResp	1730408590730	1730408591555	823	OK
REQUEST	Civil_20_UnSpecClaim_DefResp	005_RESPONSEStatementOfTruth	1730408611558	1730408616879	OK	 
GROUP	Civil_20_UnSpecClaim_DefResp	1730408611556	1730408616879	5321	OK
REQUEST	Civil_20_UnSpecClaim_DefResp	005_Submit	1730408626894	1730408637103	OK	 
GROUP	Civil_20_UnSpecClaim_DefResp	1730408626892	1730408637104	10209	OK
REQUEST		XUI_020_Signout	1730408660119	1730408660361	OK	 
REQUEST	XUI_010_Home	005_Home	1730408670367	1730408670418	OK	 
REQUEST	XUI_010_Home	Common_000_ConfigurationUI	1730408671430	1730408671467	OK	 
REQUEST	XUI_010_Home	Common_000_ConfigJson	1730408671469	1730408671499	OK	 
REQUEST	XUI_010_Home	Common_000_TsAndCs	1730408671501	1730408671536	OK	 
REQUEST	XUI_010_Home	Common_000_ConfigUI	1730408671537	1730408671569	OK	 
REQUEST	XUI_010_Home	Common_000_UserDetails	1730408671573	1730408671593	OK	 
REQUEST	XUI_010_Home	Common_000_IsAuthenticated	1730408671594	1730408671618	OK	 
REQUEST	XUI_010_Home	010_auth	1730408671619	1730408671657	OK	 
REQUEST	XUI_010_Home	015_authorize	1730408671932	1730408672014	OK	 
REQUEST	XUI_010_Home	020_client	1730408672017	1730408672058	OK	 
GROUP	XUI_010_Home	1730408670366	1730408672059	390	OK
REQUEST	XUI_020_Login	005_clientId	1730408672060	1730408672153	OK	 
REQUEST	XUI_020_Login	010_LoginCallback	1730408672155	1730408672618	OK	 
REQUEST	XUI_020_Login	015_idamurl	1730408672619	1730408672660	OK	 
REQUEST	XUI_020_Login	Common_000_ConfigurationUI	1730408673673	1730408673725	OK	 
REQUEST	XUI_020_Login	Common_000_ConfigUI	1730408673727	1730408673755	OK	 
REQUEST	XUI_020_Login	Common_000_TsAndCs	1730408673755	1730408673781	OK	 
REQUEST	XUI_020_Login	Common_000_IsAuthenticated	1730408673782	1730408673803	OK	 
REQUEST	XUI_020_Login	Common_000_UserDetails	1730408673804	1730408674223	OK	 
REQUEST	XUI_020_Login	Common_000_MonitoringTools	1730408674223	1730408674278	OK	 
REQUEST	XUI_020_Login	Common_000_IsAuthenticated	1730408674279	1730408674341	OK	 
GROUP	XUI_020_Login	1730408672059	1730408674343	1260	OK
REQUEST	Civil_30_UnSpecClaim_ClaimantResp	OpenCase_005_InternalCases	1730408682882	1730408684782	OK	 
REQUEST	Civil_30_UnSpecClaim_ClaimantResp	OpenCase_010_Jurisdiction	1730408684946	1730408685058	OK	 
REQUEST	Civil_30_UnSpecClaim_ClaimantResp	OpenCase_015_RoleAssignment	1730408685060	1730408685550	OK	 
GROUP	Civil_30_UnSpecClaim_ClaimantResp	1730408682881	1730408685550	2502	OK
REQUEST	Civil_30_UnSpecClaim_ClaimantResp	RespToDef_005_Jurisdiction	1730408695563	1730408696797	OK	 
REQUEST	Civil_30_UnSpecClaim_ClaimantResp	RespToDef_010_IgnoreWarning	1730408696800	1730408704833	OK	 
REQUEST	Civil_30_UnSpecClaim_ClaimantResp	RespToDef_015_profile	1730408704869	1730408707624	OK	 
REQUEST	Civil_30_UnSpecClaim_ClaimantResp	RespToDef_020_jurisdiction	1730408707627	1730408709036	OK	 
GROUP	Civil_30_UnSpecClaim_ClaimantResp	1730408695562	1730408709036	13431	OK
REQUEST	Civil_30_UnSpecClaim_ClaimantResp	005_RespondentResponse	1730408719052	1730408722033	OK	 
GROUP	Civil_30_UnSpecClaim_ClaimantResp	1730408719051	1730408722034	2981	OK
REQUEST	Civil_30_UnSpecClaim_ClaimantResp	005_DefenceResponseDocument	1730408727050	1730408727940	OK	 
GROUP	Civil_30_UnSpecClaim_ClaimantResp	1730408727050	1730408727941	890	OK
REQUEST	Civil_30_UnSpecClaim_ClaimantResp	005_FileDirectionsQuestionnaire	1730408732951	1730408733939	OK	 
GROUP	Civil_30_UnSpecClaim_ClaimantResp	1730408732949	1730408733939	988	OK
REQUEST	Civil_30_UnSpecClaim_ClaimantResp	005_FixedRecoverableCosts	1730408738952	1730408740360	OK	 
GROUP	Civil_30_UnSpecClaim_ClaimantResp	1730408738950	1730408740361	1408	OK
REQUEST	Civil_30_UnSpecClaim_ClaimantResp	005_DisclosureOfNonElectronicDocuments	1730408745378	1730408745904	OK	 
GROUP	Civil_30_UnSpecClaim_ClaimantResp	1730408745377	1730408745905	526	OK
REQUEST	Civil_30_UnSpecClaim_ClaimantResp	005_Experts	1730408750914	1730408751700	OK	 
GROUP	Civil_30_UnSpecClaim_ClaimantResp	1730408750913	1730408751701	786	OK
REQUEST	Civil_30_UnSpecClaim_ClaimantResp	005_Witnesses	1730408756717	1730408757784	OK	 
GROUP	Civil_30_UnSpecClaim_ClaimantResp	1730408756715	1730408757785	1067	OK
REQUEST	Civil_30_UnSpecClaim_ClaimantResp	005_Language	1730408762795	1730408763496	OK	 
GROUP	Civil_30_UnSpecClaim_ClaimantResp	1730408762793	1730408763497	701	OK
REQUEST	Civil_30_UnSpecClaim_ClaimantResp	005_Hearing	1730408768513	1730408769779	OK	 
GROUP	Civil_30_UnSpecClaim_ClaimantResp	1730408768511	1730408769779	1266	OK
REQUEST	