RUN	uk.gov.hmcts.reform.civildamage.performance.simulations.SimulateScenario	simulatescenario	1730399766932	 	3.12.0
USER	UnSpec_CreateClaim	START	1730399768007
REQUEST	XUI_010_Home	005_Home	1730399768038	1730399768274	OK	 
REQUEST	XUI_010_Home	Common_000_ConfigurationUI	1730399769341	1730399769595	OK	 
REQUEST	XUI_010_Home	Common_000_ConfigJson	1730399769607	1730399769885	OK	 
REQUEST	XUI_010_Home	Common_000_TsAndCs	1730399769889	1730399770119	OK	 
REQUEST	XUI_010_Home	Common_000_ConfigUI	1730399770120	1730399770325	OK	 
REQUEST	XUI_010_Home	Common_000_UserDetails	1730399770326	1730399770392	OK	 
REQUEST	XUI_010_Home	Common_000_IsAuthenticated	1730399770396	1730399770443	OK	 
REQUEST	XUI_010_Home	010_auth	1730399770447	1730399770668	OK	 
REQUEST	XUI_010_Home	015_authorize	1730399770972	1730399771302	OK	 
REQUEST	XUI_010_Home	020_client	1730399771309	1730399771353	OK	 
GROUP	XUI_010_Home	1730399768010	1730399771364	1911	OK
REQUEST	XUI_020_Login	005_clientId	1730399771370	1730399771678	OK	 
REQUEST	XUI_020_Login	010_LoginCallback	1730399771687	1730399772716	OK	 
REQUEST	XUI_020_Login	015_idamurl	1730399772718	1730399772767	OK	 
REQUEST	XUI_020_Login	Common_000_ConfigurationUI	1730399773774	1730399773831	OK	 
REQUEST	XUI_020_Login	Common_000_ConfigUI	1730399773837	1730399773879	OK	 
REQUEST	XUI_020_Login	Common_000_TsAndCs	1730399773884	1730399774109	OK	 
REQUEST	XUI_020_Login	Common_000_IsAuthenticated	1730399774110	1730399774158	OK	 
REQUEST	XUI_020_Login	Common_000_UserDetails	1730399774160	1730399775571	OK	 
REQUEST	XUI_020_Login	Common_000_MonitoringTools	1730399775575	1730399775849	OK	 
REQUEST	XUI_020_Login	Common_000_IsAuthenticated	1730399775931	1730399776197	OK	 
GROUP	XUI_020_Login	1730399771365	1730399776214	3709	OK
REQUEST	CivilDamage_UnSpecClaim_10_01_CreateCase	create	1730399785690	1730399791295	OK	 
GROUP	CivilDamage_UnSpecClaim_10_01_CreateCase	1730399785688	1730399791295	5605	OK
REQUEST	CivilDamage_UnSpecClaim_10_02_CreateCase	IgnoreWarning	1730399798306	1730399801233	OK	 
GROUP	CivilDamage_UnSpecClaim_10_02_CreateCase	1730399798305	1730399801308	2927	OK
REQUEST	CivilDamage_UnSpecClaim_10_03_CreateCase	CLAIMEligibility	1730399808323	1730399811226	OK	 
GROUP	CivilDamage_UnSpecClaim_10_03_CreateCase	1730399808318	1730399811226	2903	OK
REQUEST	CivilDamage_UnSpecClaim_10_04_CreateCase	CLAIMReferences	1730399818233	1730399818800	OK	 
GROUP	CivilDamage_UnSpecClaim_10_04_CreateCase	1730399818231	1730399818801	567	OK
REQUEST	CivilDamage_UnSpecClaim_10_05_CreateCase	CLAIMCourt	1730399825806	1730399829102	OK	 
GROUP	CivilDamage_UnSpecClaim_10_05_CreateCase	1730399825804	1730399829103	3296	OK
REQUEST	CivilDamage_UnSpecClaim_10_06_CreateCase	postcode	1730399836115	1730399837540	OK	 
GROUP	CivilDamage_UnSpecClaim_10_06_CreateCase	1730399836115	1730399837541	1425	OK
REQUEST	CivilDamage_UnSpecClaim_10_07_CreateCase	CLAIMClaimant	1730399844547	1730399846637	OK	 
GROUP	CivilDamage_UnSpecClaim_10_07_CreateCase	1730399844545	1730399846637	2090	OK
REQUEST	CivilDamage_UnSpecClaim_10_08_CreateCase	CREATE_CLAIMClaimantLitigationFriend	1730399853650	1730399855569	OK	 
GROUP	CivilDamage_UnSpecClaim_10_08_CreateCase	1730399853649	1730399855570	1919	OK
REQUEST	CivilDamage_UnSpecClaim_10_09_CreateCase	CREATE_CLAIMNotifications	1730399862574	1730399864633	OK	 
GROUP	CivilDamage_UnSpecClaim_10_09_CreateCase	1730399862573	1730399864634	2059	OK
REQUEST	CivilDamage_UnSpecClaim_10_10_CreateCase	ClaimantSolicitorOrganisation	1730399871646	1730399872666	OK	 
GROUP	CivilDamage_UnSpecClaim_10_10_CreateCase	1730399871645	1730399872666	1020	OK
REQUEST	CivilDamage_UnSpecClaim_10_11_CreateCase	ClaimantSolicitorAddres	1730399879670	1730399880449	OK	 
GROUP	CivilDamage_UnSpecClaim_10_11_CreateCase	1730399879669	1730399880450	779	OK
REQUEST	CivilDamage_UnSpecClaim_10_12_CreateCase	AddAnotherClaimant	1730399887457	1730399888703	OK	 
GROUP	CivilDamage_UnSpecClaim_10_12_CreateCase	1730399887456	1730399888704	1246	OK
REQUEST	CivilDamage_UnSpecClaim_10_13_CreateCase	postcode	1730399895718	1730399898132	OK	 
GROUP	CivilDamage_UnSpecClaim_10_13_CreateCase	1730399895717	1730399898133	2414	OK
REQUEST	CivilDamage_UnSpecClaim_10_14_CreateCase	CLAIMDefendant	1730399905144	1730399906110	OK	 
GROUP	CivilDamage_UnSpecClaim_10_14_CreateCase	1730399905142	1730399906111	966	OK
REQUEST	CivilDamage_UnSpecClaim_10_15_CreateCase	LegalRepresentation	1730399913121	1730399914583	OK	 
GROUP	CivilDamage_UnSpecClaim_10_15_CreateCase	1730399913120	1730399914583	1462	OK
REQUEST	CivilDamage_UnSpecClaim_10_16_CreateCase	DefendantSolicitorOrganisation	1730399921588	1730399923495	OK	 
GROUP	CivilDamage_UnSpecClaim_10_16_CreateCase	1730399921587	1730399923496	1907	OK
REQUEST	CivilDamage_UnSpecClaim_10_17_CreateCase	DefendantSolicitorServiceAddress	1730399930507	1730399932100	OK	 
GROUP	CivilDamage_UnSpecClaim_10_17_CreateCase	1730399930506	1730399932100	1593	OK
REQUEST	CivilDamage_UnSpecClaim_10_18_CreateCase	CLAIMAddAnotherDefendant	1730399939113	1730399940811	OK	 
GROUP	CivilDamage_UnSpecClaim_10_18_CreateCase	1730399939110	1730399940811	1698	OK
REQUEST	CivilDamage_UnSpecClaim_10_19_CreateCase	AddAnotherDefendant	1730399947820	1730399948232	OK	 
GROUP	CivilDamage_UnSpecClaim_10_19_CreateCase	1730399947819	1730399948232	412	OK
REQUEST	CivilDamage_UnSpecClaim_10_20_CreateCase	CLAIMClaimType	1730399955246	1730399956253	OK	 
GROUP	CivilDamage_UnSpecClaim_10_20_CreateCase	1730399955244	1730399956253	1007	OK
REQUEST	CivilDamage_UnSpecClaim_10_21_CreateCase	CLAIMDetails	1730399963272	1730399964213	OK	 
GROUP	CivilDamage_UnSpecClaim_10_21_CreateCase	1730399963269	1730399964214	941	OK
REQUEST	CivilDamage_UnSpecClaim_10_22_CreateCase	CLAIMuploadParticularsOfClaim	1730399971229	1730399972418	OK	 
GROUP	CivilDamage_UnSpecClaim_10_22_CreateCase	1730399971227	1730399972419	1189	OK
REQUEST	CivilDamage_UnSpecClaim_10_23_CreateCase	CLAIMClaimValue	1730399979432	1730399981646	OK	 
GROUP	CivilDamage_UnSpecClaim_10_23_CreateCase	1730399979431	1730399981648	2214	OK
REQUEST	CivilDamage_UnSpecClaim_10_24_CreateCase	CLAIMPbaNumber	1730399988652	1730399989851	OK	 
GROUP	CivilDamage_UnSpecClaim_10_24_CreateCase	1730399988651	1730399989852	1199	OK
REQUEST	CivilDamage_UnSpecClaim_10_25_CreateCase	StatementOfTruth	1730399996865	1730399997836	OK	 
GROUP	CivilDamage_UnSpecClaim_10_25_CreateCase	1730399996864	1730399997837	971	OK
REQUEST	CivilDamage_UnSpecClaim_10_26_CreateCase	Submit_Claim	1730400004843	1730400005647	KO	status.find.in([200, 209], 304), found 406
GROUP	CivilDamage_UnSpecClaim_10_26_CreateCase	1730400004842	1730400005682	804	KO
REQUEST		XUI_020_Signout	1730400032692	1730400032815	OK	 
REQUEST	XUI_010_Home	005_Home	1730400082826	1730400082950	OK	 
REQUEST	XUI_010_Home	Common_000_ConfigurationUI	1730400083952	1730400084207	OK	 
REQUEST	XUI_010_Home	Common_000_ConfigJson	1730400084208	1730400084462	OK	 
REQUEST	XUI_010_Home	Common_000_TsAndCs	1730400084463	1730400084503	OK	 
REQUEST	XUI_010_Home	Common_000_ConfigUI	1730400084505	1730400084530	OK	 
REQUEST	XUI_010_Home	Common_000_UserDetails	1730400084531	1730400084736	OK	 
REQUEST	XUI_010_Home	Common_000_IsAuthenticated	1730400084737	1730400084768	OK	 
REQUEST	XUI_010_Home	010_auth	1730400084769	1730400084796	OK	 
REQUEST	XUI_010_Home	015_authorize	1730400085062	1730400085175	OK	 
REQUEST	XUI_010_Home	020_client	1730400085175	1730400085231	OK	 
GROUP	XUI_010_Home	1730400082825	1730400085232	1130	OK
REQUEST	XUI_020_Login	005_clientId	1730400085233	1730400085510	OK	 
REQUEST	XUI_020_Login	010_LoginCallback	1730400085512	1730400086327	OK	 
REQUEST	XUI_020_Login	015_idamurl	1730400086328	1730400086373	OK	 
REQUEST	XUI_020_Login	Common_000_ConfigurationUI	1730400087382	1730400087414	OK	 
REQUEST	XUI_020_Login	Common_000_ConfigUI	1730400087415	1730400087597	OK	 
REQUEST	XUI_020_Login	Common_000_TsAndCs	1730400087599	1730400087637	OK	 
REQUEST	XUI_020_Login	Common_000_IsAuthenticated	1730400087638	1730400087905	OK	 
REQUEST	XUI_020_Login	Common_000_UserDetails	1730400087908	1730400088963	OK	 
REQUEST	XUI_020_Login	