RUN	uk.gov.hmcts.reform.civildamage.performance.simulations.SimulateScenario	simulatescenario	1734021463142	 	3.12.0
USER	Spec_Create_Claim	START	1734021463765
REQUEST	XUI_010_Home	005_Home	1734021463762	1734021463863	OK	 
REQUEST	XUI_010_Home	favicon.ico	1734021463906	1734021464103	OK	 
REQUEST	XUI_010_Home	runtime.c32f9b4a94802f79.js	1734021463907	1734021464180	OK	 
REQUEST	XUI_010_Home	ruxitagentjs_ICA7NQVfgqrux_10303241106123517.js	1734021463906	1734021464233	OK	 
REQUEST	XUI_010_Home	polyfills.f167bb2153da897b.js	1734021463907	1734021464787	OK	 
REQUEST	XUI_010_Home	styles.343c90b7969fcbd0.css	1734021463906	1734021465273	OK	 
REQUEST	XUI_010_Home	main.646c05ed22fa05bb.js	1734021463907	1734021472184	OK	 
REQUEST	XUI_010_Home	Common_000_ConfigurationUI	1734021472185	1734021472228	OK	 
REQUEST	XUI_010_Home	Common_000_ConfigJson	1734021472230	1734021472275	OK	 
REQUEST	XUI_010_Home	Common_000_TsAndCs	1734021472276	1734021472308	OK	 
REQUEST	XUI_010_Home	Common_000_ConfigUI	1734021472309	1734021472394	OK	 
REQUEST	XUI_010_Home	Common_000_UserDetails	1734021472396	1734021472433	OK	 
REQUEST	XUI_010_Home	Common_000_IsAuthenticated	1734021472435	1734021472472	OK	 
REQUEST	XUI_010_Home	010_auth	1734021472475	1734021472509	OK	 
REQUEST	XUI_010_Home	010_auth Redirect 1	1734021472515	1734021472639	OK	 
REQUEST	XUI_010_Home	010_auth Redirect 2	1734021472642	1734021472704	OK	 
REQUEST	XUI_010_Home	application.css	1734021472736	1734021472834	OK	 
REQUEST	XUI_010_Home	favicon.ico	1734021472738	1734021472858	OK	 
REQUEST	XUI_010_Home	govuk-template-print.css	1734021472737	1734021472874	OK	 
REQUEST	XUI_010_Home	govuk-template.css	1734021472737	1734021472915	OK	 
REQUEST	XUI_010_Home	govuk-frontend-3.12.0.min.js	1734021472858	1734021472970	OK	 
REQUEST	XUI_010_Home	cookie-manager.js	1734021472875	1734021472978	OK	 
REQUEST	XUI_010_Home	skiplink-target.js	1734021472916	1734021472978	OK	 
REQUEST	XUI_010_Home	gov.uk_logotype_crown_invert_trans.png	1734021472971	1734021473031	OK	 
REQUEST	XUI_010_Home	govuk-template.js	1734021472978	1734021473031	OK	 
REQUEST	XUI_010_Home	details.polyfill.js	1734021472978	1734021473047	OK	 
REQUEST	XUI_010_Home	fonts.css	1734021472737	1734021473048	OK	 
REQUEST	XUI_010_Home	govuk-frontend-3.12.0.min.css	1734021472737	1734021473124	OK	 
REQUEST	XUI_010_Home	jquery-3.5.1.min.js	1734021472837	1734021473362	OK	 
GROUP	XUI_010_Home	1734021463752	1734021473364	9511	OK
REQUEST	XUI_020_Login	005_clientId	1734021475531	1734021476103	OK	 
REQUEST	XUI_020_Login	005_clientId Redirect 1	1734021476113	1734021476701	OK	 
REQUEST	XUI_020_Login	005_clientId Redirect 2	1734021476701	1734021476740	OK	 
REQUEST	XUI_020_Login	favicon.ico	1734021476741	1734021476788	OK	 
REQUEST	XUI_020_Login	runtime.c32f9b4a94802f79.js	1734021476742	1734021476798	OK	 
REQUEST	XUI_020_Login	polyfills.f167bb2153da897b.js	1734021476742	1734021476946	OK	 
REQUEST	XUI_020_Login	ruxitagentjs_ICA7NQVfgqrux_10303241106123517.js	1734021476741	1734021477212	OK	 
REQUEST	XUI_020_Login	styles.343c90b7969fcbd0.css	1734021476741	1734021477710	OK	 
REQUEST	XUI_020_Login	main.646c05ed22fa05bb.js	1734021476742	1734021482061	OK	 
REQUEST	XUI_020_Login	Common_000_ConfigurationUI	1734021482062	1734021482109	OK	 
REQUEST	XUI_020_Login	Common_000_ConfigUI	1734021482111	1734021482149	OK	 
REQUEST	XUI_020_Login	Common_000_TsAndCs	1734021482151	1734021482213	OK	 
REQUEST	XUI_020_Login	Common_000_IsAuthenticated	1734021482215	1734021482254	OK	 
REQUEST	XUI_020_Login	Common_000_UserDetails	1734021482257	1734021483483	OK	 
REQUEST	XUI_020_Login	Common_000_MonitoringTools	1734021483484	1734021483707	OK	 
REQUEST	XUI_020_Login	Common_000_IsAuthenticated	1734021483733	1734021483813	OK	 
GROUP	XUI_020_Login	1734021475526	1734021483816	8234	OK
REQUEST	Civil_CreateSpecClaim_10_00_LandingPage	Jurisdiction	1734021486063	1734021489198	OK	 
REQUEST	Civil_CreateSpecClaim_10_00_LandingPage	Organisation	1734021489207	1734021490217	OK	 
GROUP	Civil_CreateSpecClaim_10_00_LandingPage	1734021486062	1734021490218	4145	OK
REQUEST	Civil_CreateSpecClaim_10_01_CreateCase	Create	1734021492558	1734021492830	OK	 
GROUP	Civil_CreateSpecClaim_10_01_CreateCase	1734021492555	1734021492832	272	OK
REQUEST	Civil_CreateSpecClaim_10_02_CreateCase	IgnoreWarning	1734021496149	1734021497640	OK	 
GROUP	Civil_CreateSpecClaim_10_02_CreateCase	1734021496147	1734021497679	1491	OK
REQUEST	Civil_CreateSpecClaim_10_03_CreateCase	CaseChecklist	1734021499886	1734021500750	OK	 
GROUP	Civil_CreateSpecClaim_10_03_CreateCase	1734021499880	1734021500752	864	OK
REQUEST	Civil_CreateSpecClaim_10_04_CreateCase	Eligibility	1734021504148	1734021504752	OK	 
GROUP	Civil_CreateSpecClaim_10_04_CreateCase	1734021504147	1734021504753	604	OK
REQUEST	Civil_CreateSpecClaim_10_05_CreateCase	References	1734021508595	1734021509318	OK	 
GROUP	Civil_CreateSpecClaim_10_05_CreateCase	1734021508593	1734021509319	723	OK
REQUEST	Civil_CreateSpecClaim_10_06_CreateCase	PostCodeSearch	1734021511954	1734021513272	OK	 
GROUP	Civil_CreateSpecClaim_10_06_CreateCase	1734021511953	1734021513278	1318	OK
REQUEST	Civil_CreateSpecClaim_10_07_CreateCase	Claimant	1734021515570	1734021516821	OK	 
GROUP	Civil_CreateSpecClaim_10_07_CreateCase	1734021515568	1734021516822	1251	OK
REQUEST	Civil_CreateSpecClaim_10_08_CreateCase	AddAnotherClaimant	1734021519545	1734021520149	OK	 
GROUP	Civil_CreateSpecClaim_10_08_CreateCase	1734021519545	1734021520150	604	OK
REQUEST	Civil_CreateSpecClaim_10_09_CreateCase	Notifications	1734021522758	1734021523421	OK	 
GROUP	Civil_CreateSpecClaim_10_09_CreateCase	1734021522752	1734021523423	663	OK
REQUEST	Civil_CreateSpecClaim_10_10_CreateCase	ClaimantSolOrg	1734021523427	1734021524233	OK	 
GROUP	Civil_CreateSpecClaim_10_10_CreateCase	1734021523423	1734021524234	806	OK
REQUEST	Civil_CreateSpecClaim_10_11_CreateCase	CorrespondenceAddress	1734021527848	1734021528838	OK	 
GROUP	Civil_CreateSpecClaim_10_11_CreateCase	1734021527845	1734021528839	990	OK
REQUEST	Civil_CreateSpecClaim_10_12_CreateCase	DefPostCode	1734021531567	1734021532697	OK	 
GROUP	Civil_CreateSpecClaim_10_12_CreateCase	1734021531562	1734021532712	1130	OK
REQUEST	Civil_CreateSpecClaim_10_13_CreateCase	DefendantDetails	1734021536458	1734021537802	OK	 
GROUP	Civil_CreateSpecClaim_10_13_CreateCase	1734021536455	1734021537805	1344	OK
REQUEST	Civil_CreateSpecClaim_10_14_CreateCase	DefLegalRep	1734021540712	1734021541710	OK	 
GROUP	Civil_CreateSpecClaim_10_14_CreateCase	1734021540710	1734021541711	998	OK
REQUEST	Civil_CreateSpecClaim_10_15_CreateCase	DefSolOrg	1734021544006	1734021544841	OK	 
GROUP	Civil_CreateSpecClaim_10_15_CreateCase	1734021544003	1734021544841	835	OK
REQUEST	Civil_CreateSpecClaim_10_16_CreateCase	CDefSolEmail	1734021548372	1734021548868	OK	 
GROUP	Civil_CreateSpecClaim_10_16_CreateCase	1734021548371	1734021548869	496	OK
REQUEST	Civil_CreateSpecClaim_10_17_CreateCase	DefAddr	1734021550974	1734021551214	OK	 
GROUP	Civil_CreateSpecClaim_10_17_CreateCase	1734021550972	1734021551214	240	OK
REQUEST	Civil_CreateSpecClaim_10_18_CreateCase	AddAnotherDefendant	1734021554419	1734021555298	OK	 
GROUP	Civil_CreateSpecClaim_10_18_CreateCase	1734021554417	1734021555298	879	OK
REQUEST	Civil_CreateSpecClaim_10_19_CreateCase	FlightDelayClaim	1734021557414	1734021558643	OK	 
GROUP	Civil_CreateSpecClaim_10_19_CreateCase	1734021557413	1734021558643	1229	OK
REQUEST	Civil_CreateSpecClaim_10_20_CreateCase	CaseDetails	1734021562282	1734021563111	OK	 
GROUP	Civil_CreateSpecClaim_10_20_CreateCase	1734021562281	1734021563112	829	OK
REQUEST	Civil_CreateSpecClaim_10_21_CreateCase	UploadClaimDoc	1734021566990	1734021567536	OK	 
GROUP	Civil_CreateSpecClaim_10_21_CreateCase	1734021566988	1734021567537	546	OK
REQUEST	Civil_CreateSpecClaim_10_22_CreateCase	ClaimTimeline	1734021570638	1734021571337	OK	 
GROUP	Civil_CreateSpecClaim_10_22_CreateCase	1734021570636	1734021571338	699	OK
REQUEST	Civil_CreateSpecClaim_10_23_CreateCase	SPECEvidenceList	1734021573997	1734021574453	OK	 
GROUP	Civil_CreateSpecClaim_10_23_CreateCase	1734021573997	1734021574453	456	OK
REQUEST	