RUN	uk.gov.hmcts.reform.civildamage.performance.simulations.SimulateScenario	simulatescenario	1732286428683	 	3.12.0
USER	UnSpec_CreateClaim	START	1732286429188
REQUEST	XUI_010_Home	005_Home	1732286429186	1732286429303	OK	 
REQUEST	XUI_010_Home	Common_000_ConfigurationUI	1732286429318	1732286429360	OK	 
REQUEST	XUI_010_Home	Common_000_ConfigJson	1732286429361	1732286429390	OK	 
REQUEST	XUI_010_Home	Common_000_TsAndCs	1732286429391	1732286429421	OK	 
REQUEST	XUI_010_Home	Common_000_ConfigUI	1732286429421	1732286429452	OK	 
REQUEST	XUI_010_Home	Common_000_UserDetails	1732286429453	1732286429492	OK	 
REQUEST	XUI_010_Home	Common_000_IsAuthenticated	1732286429495	1732286429534	OK	 
REQUEST	XUI_010_Home	010_auth	1732286429537	1732286429600	OK	 
REQUEST	XUI_010_Home	010_auth Redirect 1	1732286429609	1732286429704	OK	 
REQUEST	XUI_010_Home	010_auth Redirect 2	1732286429713	1732286429762	OK	 
GROUP	XUI_010_Home	1732286429180	1732286429772	534	OK
REQUEST	XUI_020_Login	005_clientId	1732286432228	1732286432345	OK	 
REQUEST	XUI_020_Login	005_clientId Redirect 1	1732286432361	1732286432839	OK	 
REQUEST	XUI_020_Login	005_clientId Redirect 2	1732286432840	1732286432873	OK	 
REQUEST	XUI_020_Login	Common_000_ConfigurationUI	1732286432874	1732286432906	OK	 
REQUEST	XUI_020_Login	Common_000_ConfigUI	1732286432907	1732286432939	OK	 
REQUEST	XUI_020_Login	Common_000_TsAndCs	1732286432940	1732286432968	OK	 
REQUEST	XUI_020_Login	Common_000_IsAuthenticated	1732286432969	1732286433050	OK	 
REQUEST	XUI_020_Login	Common_000_UserDetails	1732286433051	1732286433502	OK	 
REQUEST	XUI_020_Login	Common_000_MonitoringTools	1732286433502	1732286433570	OK	 
REQUEST	XUI_020_Login	Common_000_IsAuthenticated	1732286433588	1732286433656	OK	 
GROUP	XUI_020_Login	1732286432212	1732286433658	1388	OK
REQUEST	CivilDamage_UnSpecClaim_10_00_LandingPage	Jurisdictions	1732286436787	1732286438160	OK	 
REQUEST	CivilDamage_UnSpecClaim_10_00_LandingPage	Organisation	1732286438162	1732286439276	OK	 
GROUP	CivilDamage_UnSpecClaim_10_00_LandingPage	1732286436786	1732286439276	2487	OK
REQUEST	CivilDamage_UnSpecClaim_10_01_CreateCase	create	1732286441485	1732286441848	OK	 
GROUP	CivilDamage_UnSpecClaim_10_01_CreateCase	1732286441483	1732286441851	363	OK
REQUEST	CivilDamage_UnSpecClaim_10_02_CreateCase	IgnoreWarning	1732286445383	1732286449452	OK	 
GROUP	CivilDamage_UnSpecClaim_10_02_CreateCase	1732286445382	1732286449489	4069	OK
REQUEST	CivilDamage_UnSpecClaim_10_03_CreateCase	CLAIMEligibility	1732286451644	1732286454076	OK	 
GROUP	CivilDamage_UnSpecClaim_10_03_CreateCase	1732286451642	1732286454077	2432	OK
REQUEST	CivilDamage_UnSpecClaim_10_04_CreateCase	CLAIMReferences	1732286457387	1732286458322	OK	 
GROUP	CivilDamage_UnSpecClaim_10_04_CreateCase	1732286457385	1732286458325	935	OK
REQUEST	CivilDamage_UnSpecClaim_10_05_CreateCase	CLAIMCourt	1732286460769	1732286466036	OK	 
GROUP	CivilDamage_UnSpecClaim_10_05_CreateCase	1732286460763	1732286466039	5267	OK
REQUEST	CivilDamage_UnSpecClaim_10_06_CreateCase	postcode	1732286469960	1732286471608	OK	 
GROUP	CivilDamage_UnSpecClaim_10_06_CreateCase	1732286469958	1732286471611	1648	OK
REQUEST	CivilDamage_UnSpecClaim_10_07_CreateCase	CLAIMClaimant	1732286473703	1732286475697	OK	 
GROUP	CivilDamage_UnSpecClaim_10_07_CreateCase	1732286473701	1732286475699	1994	OK
REQUEST	CivilDamage_UnSpecClaim_10_08_CreateCase	CREATE_CLAIMClaimantLitigationFriend	1732286479117	1732286479965	OK	 
GROUP	CivilDamage_UnSpecClaim_10_08_CreateCase	1732286479116	1732286479966	848	OK
REQUEST	CivilDamage_UnSpecClaim_10_09_CreateCase	CREATE_CLAIMNotifications	1732286482500	1732286483613	OK	 
GROUP	CivilDamage_UnSpecClaim_10_09_CreateCase	1732286482499	1732286483614	1113	OK
REQUEST	CivilDamage_UnSpecClaim_10_10_CreateCase	ClaimantSolicitorOrganisation	1732286486415	1732286487623	OK	 
GROUP	CivilDamage_UnSpecClaim_10_10_CreateCase	1732286486413	1732286487625	1208	OK
REQUEST	CivilDamage_UnSpecClaim_10_11_CreateCase	ClaimantSolicitorAddres	1732286490938	1732286491560	OK	 
GROUP	CivilDamage_UnSpecClaim_10_11_CreateCase	1732286490936	1732286491562	622	OK
REQUEST	CivilDamage_UnSpecClaim_10_12_CreateCase	AddAnotherClaimant	1732286493968	1732286494680	OK	 
GROUP	CivilDamage_UnSpecClaim_10_12_CreateCase	1732286493966	1732286494681	712	OK
REQUEST	CivilDamage_UnSpecClaim_10_13_CreateCase	postcode	1732286496705	1732286498307	OK	 
GROUP	CivilDamage_UnSpecClaim_10_13_CreateCase	1732286496704	1732286498309	1602	OK
REQUEST	CivilDamage_UnSpecClaim_10_14_CreateCase	CLAIMDefendant	1732286501923	1732286502986	OK	 
GROUP	CivilDamage_UnSpecClaim_10_14_CreateCase	1732286501920	1732286502989	1063	OK
REQUEST	CivilDamage_UnSpecClaim_10_15_CreateCase	LegalRepresentation	1732286505047	1732286505622	OK	 
GROUP	CivilDamage_UnSpecClaim_10_15_CreateCase	1732286505044	1732286505624	575	OK
REQUEST	CivilDamage_UnSpecClaim_10_16_CreateCase	DefendantSolicitorOrganisation	1732286508409	1732286509525	OK	 
GROUP	CivilDamage_UnSpecClaim_10_16_CreateCase	1732286508406	1732286509527	1116	OK
REQUEST	CivilDamage_UnSpecClaim_10_17_CreateCase	DefendantSolicitorServiceAddress	1732286512195	1732286512804	OK	 
GROUP	CivilDamage_UnSpecClaim_10_17_CreateCase	1732286512193	1732286512806	609	OK
REQUEST	CivilDamage_UnSpecClaim_10_18_CreateCase	CLAIMAddAnotherDefendant	1732286516476	1732286517444	OK	 
GROUP	CivilDamage_UnSpecClaim_10_18_CreateCase	1732286516473	1732286517447	968	OK
REQUEST	CivilDamage_UnSpecClaim_10_19_CreateCase	AddAnotherDefendant	1732286519682	1732286520083	OK	 
GROUP	CivilDamage_UnSpecClaim_10_19_CreateCase	1732286519679	1732286520086	401	OK
REQUEST	CivilDamage_UnSpecClaim_10_20_CreateCase	CLAIMClaimType	1732286522141	1732286522830	OK	 
GROUP	CivilDamage_UnSpecClaim_10_20_CreateCase	1732286522138	1732286522833	689	OK
REQUEST	CivilDamage_UnSpecClaim_10_21_CreateCase	CLAIMDetails	1732286525737	1732286526217	OK	 
GROUP	CivilDamage_UnSpecClaim_10_21_CreateCase	1732286525733	1732286526219	480	OK
REQUEST	CivilDamage_UnSpecClaim_10_22_CreateCase	CLAIMUploadParticularsOfClaim	1732286529004	1732286529903	OK	 
GROUP	CivilDamage_UnSpecClaim_10_22_CreateCase	1732286529000	1732286529905	899	OK
REQUEST	CivilDamage_UnSpecClaim_10_23_CreateCase	CLAIMClaimValue	1732286532160	1732286536415	OK	 
GROUP	CivilDamage_UnSpecClaim_10_23_CreateCase	1732286532158	1732286536419	4255	OK
REQUEST	CivilDamage_UnSpecClaim_10_24_CreateCase	CLAIMPbaNumber	1732286539841	1732286540656	OK	 
GROUP	CivilDamage_UnSpecClaim_10_24_CreateCase	1732286539839	1732286540658	815	OK
REQUEST	CivilDamage_UnSpecClaim_10_25_CreateCase	StatementOfTruth	1732286544393	1732286544983	OK	 
GROUP	CivilDamage_UnSpecClaim_10_25_CreateCase	1732286544391	1732286544983	590	OK
REQUEST	CivilDamage_UnSpecClaim_10_26_CreateCase	Submit_Claim	1732286548069	1732286550701	OK	 
GROUP	CivilDamage_UnSpecClaim_10_26_CreateCase	1732286548066	1732286550705	2632	OK
REQUEST	CivilDamage_UnSpecClaim_10_27_CaseCreated	CaseCreated	1732286553361	1732286554306	OK	 
GROUP	CivilDamage_UnSpecClaim_10_27_CaseCreated	1732286553359	1732286554308	945	OK
REQUEST	CivilDamage_UnSpecClaim_10_28_APIRoleAssignment	APIRoleAssignment	1732286554309	1732286554785	OK	 
GROUP	CivilDamage_UnSpecClaim_10_28_APIRoleAssignment	1732286554308	1732286554787	476	OK
REQUEST	CivilDamage_UnspecClaim_10_29_SupportedJurisdiction	SupportedJurisdiction	1732286554788	1732286554892	OK	 
GROUP	CivilDamage_UnspecClaim_10_29_SupportedJurisdiction	1732286554787	1732286554895	104	OK
REQUEST	Civil_CreateClaim_005_MakePayment	005_PaymentGroups	1732286558814	1732286561083	OK	 
REQUEST	Civil_CreateClaim_005_MakePayment	010_ServiceTab	1732286561086	1732286561178	OK	 
REQUEST	Civil_CreateClaim_005_MakePayment	015_case_ids	1732286561182	1732286561820	OK	 
GROUP	Civil_CreateClaim_005_MakePayment	1732286558809	1732286561831	2999	OK
REQUEST	Civil_CreateClaim_010_MakePay	005_PayNow	1732286563835	1732286565181	OK	 
GROUP	Civil_CreateClaim_010_MakePay	1732286563833	1732286565184	1346	OK
REQUEST	Civil_CreateClaim_010_MakePay	005_ConfirmPay	1732286567188	1732286569481	OK	 
GROUP	Civil_CreateClaim_010_MakePay	1732286567185	1732286569483	2293	OK
REQUEST	Civil_UnSpecClaim_10_NotifyDEF	005_jurisdiction	1732286573068	1732286574456	OK	 
REQUEST	Civil_UnSpecClaim_10_NotifyDEF	010_Profile	1732286574459	1732286576011	OK	 
REQUEST	Civil_UnSpecClaim_10_NotifyDEF	015_warning	1732286621018	1732286622303	OK	 
REQUEST	Civil_UnSpecClaim_10_NotifyDEF	020_jurisdiction	1732286622314	1732286624008	OK	 
GROUP	Civil_UnSpecClaim_10_NotifyDEF	1732286573068	1732286624008	5919	OK
REQUEST	Civil_UnSpecClaim_10_NotifyDEF	005_CLAIMAccessGrantedWarning	1732286627379	1732286628160	OK	 
GROUP	Civil_UnSpecClaim_10_NotifyDEF	1732286627376	1732286628163	781	OK
REQUEST	Civil_UnSpecClaim_10_NotifyDEF	330_SubmitNotification	1732286631990	1732286633803	OK	 
REQUEST	Civil_UnSpecClaim_10_NotifyDEF	335_getCases	1732286633806	1732286634863	OK	 
GROUP	Civil_UnSpecClaim_10_NotifyDEF	1732286631987	1732286634865	2870	OK
REQUEST	Civil_UnSpecClaim_10_NotifyDEF	005_APIRoleAssignment	1732286637152	1732286637529	OK	 
GROUP	Civil_UnSpecClaim_10_NotifyDEF	1732286637148	1732286637529	377	OK
REQUEST	Civil_UnSpecClaim_10_NotifyDEF	010_SupportedJurisdiction	1732286637530	1732286637617	OK	 
GROUP	Civil_UnSpecClaim_10_NotifyDEF	1732286637529	1732286637619	87	OK
REQUEST	Civil_UnSpecClaim_10_NotifyDetails	005_jurisdiction	1732286640467	1732286640909	OK	 
REQUEST	Civil_UnSpecClaim_10_NotifyDetails	010_IgnoreWarning	1732286640912	1732286642314	OK	 
REQUEST	Civil_UnSpecClaim_10_NotifyDetails	020_jurisdiction	1732286642318	1732286643740	OK	 
GROUP	Civil_UnSpecClaim_10_NotifyDetails	1732286640465	1732286643742	3266	OK
REQUEST	Civil_UnSpecClaim_10_NotifyDetails	005_DetailsUpload	1732286646290	1732286647273	OK	 
GROUP	Civil_UnSpecClaim_10_NotifyDetails	1732286646287	1732286647275	983	OK
REQUEST	Civil_UnSpecClaim_10_NotifyDetails	005_SubmitNotifyDetails	1732286651059	1732286653285	OK	 
REQUEST	Civil_UnSpecClaim_10_NotifyDetails	010_getCases	1732286653286	1732286654482	OK	 
GROUP	Civil_UnSpecClaim_10_NotifyDetails	1732286651056	1732286654485	3422	OK
REQUEST	Civil_UnSpecClaim_10_NotifyDetails	005_APIRoleAssignment	1732286657437	1732286657715	OK	 
GROUP	Civil_UnSpecClaim_10_NotifyDetails	1732286657437	1732286657716	278	OK
REQUEST	Civil_UnSpecClaim_10_NotifyDetails	010_SupportedJurisdiction	1732286657716	1732286657797	OK	 
GROUP	Civil_UnSpecClaim_10_NotifyDetails	1732286657716	1732286657798	81	OK
REQUEST		XUI_020_Signout	1732286661669	1732286662149	OK	 
REQUEST		XUI_020_Signout Redirect 1	1732286662150	1732286662187	OK	 
REQUEST		XUI_020_Signout Redirect 2	1732286662188	1732286662311	OK	 
REQUEST		XUI_020_Signout Redirect 3	1732286662313	1732286662376	OK	 
REQUEST	XUI_010_Home	005_Home	1732286666383	1732286666436	OK	 
REQUEST	XUI_010_Home	Common_000_ConfigurationUI	1732286666440	1732286666480	OK	 
REQUEST	XUI_010_Home	Common_000_ConfigJson	1732286666483	1732286666526	OK	 
REQUEST	XUI_010_Home	Common_000_TsAndCs	1732286666529	1732286666566	OK	 
REQUEST	XUI_010_Home	Common_000_ConfigUI	1732286666569	1732286666612	OK	 
REQUEST	XUI_010_Home	Common_000_UserDetails	1732286666616	1732286666642	OK	 
REQUEST	XUI_010_Home	Common_000_IsAuthenticated	1732286666644	1732286666670	OK	 
REQUEST	XUI_010_Home	010_auth	1732286666672	1732286666716	OK	 
REQUEST	XUI_010_Home	010_auth Redirect 1	1732286666717	1732286666758	OK	 
REQUEST	XUI_010_Home	010_auth Redirect 2	1732286666760	1732286666816	OK	 
GROUP	XUI_010_Home	1732286666382	1732286666818	409	OK
REQUEST	XUI_020_Login	005_clientId	1732286670371	1732286670551	OK	 
REQUEST	XUI_020_Login	005_clientId Redirect 1	1732286670554	1732286671119	OK	 
REQUEST	XUI_020_Login	005_clientId Redirect 2	1732286671121	1732286671226	OK	 
REQUEST	XUI_020_Login	Common_000_ConfigurationUI	1732286671229	1732286671260	OK	 
REQUEST	XUI_020_Login	Common_000_ConfigUI	1732286671262	1732286671312	OK	 
REQUEST	XUI_020_Login	Common_000_TsAndCs	1732286671313	1732286671372	OK	 
REQUEST	XUI_020_Login	Common_000_IsAuthenticated	1732286671373	1732286671421	OK	 
REQUEST	XUI_020_Login	Common_000_UserDetails	1732286671423	1732286671701	OK	 
REQUEST	XUI_020_Login	Common_000_MonitoringTools	1732286671702	1732286671765	OK	 
REQUEST	XUI_020_Login	Common_000_IsAuthenticated	1732286671767	1732286671826	OK	 
GROUP	XUI_020_Login	1732286670370	1732286671828	1438	OK
REQUEST	Civil_UnSpecClaim_20_DefResp	Land_005_Jurisdictions	1732286675460	1732286677868	OK	 
REQUEST	Civil_UnSpecClaim_20_DefResp	Land_010_Organisation	1732286677873	1732286678652	OK	 
GROUP	Civil_UnSpecClaim_20_DefResp	1732286675457	1732286678653	3187	OK
REQUEST	Civil_UnSpecClaim_20_DefResp	CIVIL_AssignCase_000_AssignCase	1732286680869	1732286682789	OK	 
GROUP	Civil_UnSpecClaim_20_DefResp	1732286680867	1732286682789	1920	OK
REQUEST	Civil_UnSpecClaim_20_DefResp	Search_005_WorkBasket	1732286682789	1732286683702	OK	 
REQUEST	Civil_UnSpecClaim_20_DefResp	Search_010_CaseReference	1732286683703	1732286685057	OK	 
GROUP	Civil_UnSpecClaim_20_DefResp	1732286682789	1732286685057	2267	OK
REQUEST	Civil_UnSpecClaim_20_DefResp	OpenCase_005_InternalCases	1732286687322	1732286688678	OK	 
GROUP	Civil_UnSpecClaim_20_DefResp	1732286687319	1732286688685	1356	OK
REQUEST	Civil_UnSpecClaim_20_DefResp	OpenCase_010_RoleAssignment	1732286688692	1732286689140	OK	 
GROUP	Civil_UnSpecClaim_20_DefResp	1732286688685	1732286689142	448	OK
REQUEST	Civil_UnSpecClaim_20_DefResp	OpenCase_015_Jurisdiction	1732286689144	1732286689332	OK	 
GROUP	Civil_UnSpecClaim_20_DefResp	1732286689142	1732286689333	188	OK
REQUEST	Civil_UnSpecClaim_20_DefResp	RespToClaim_005_jurisdiction	1732286691425	1732286693029	OK	 
REQUEST	Civil_UnSpecClaim_20_DefResp	RespToClaim_010_Profile	1732286693031	1732286696318	OK	 
REQUEST	Civil_UnSpecClaim_20_DefResp	RespToClaim_015_IgnoreWarning	1732286741335	1732286743917	OK	 
REQUEST	Civil_UnSpecClaim_20_DefResp	RespToClaim_020_jurisdiction	1732286743944	1732286745463	OK	 
GROUP	Civil_UnSpecClaim_20_DefResp	1732286691422	1732286745465	8992	OK
REQUEST	Civil_UnSpecClaim_20_DefResp	ClaimInfo_005_ConfirmDetails	1732286748224	1732286749251	OK	 
GROUP	Civil_UnSpecClaim_20_DefResp	1732286748222	1732286749253	1027	OK
REQUEST	Civil_UnSpecClaim_20_DefResp	RejectClaim_005_RespondentResponseType	1732286752241	1732286753361	OK	 
GROUP	Civil_UnSpecClaim_20_DefResp	1732286752239	1732286753363	1120	OK
REQUEST	Civil_UnSpecClaim_20_DefResp	FileRef_005_SolicitorReferences	1732286756827	1732286757792	OK	 
GROUP	Civil_UnSpecClaim_20_DefResp	1732286756824	1732286757794	965	OK
REQUEST	Civil_UnSpecClaim_20_DefResp	005_UploadDefence	1732286761748	1732286764146	OK	 
GROUP	Civil_UnSpecClaim_20_DefResp	1732286761722	1732286764152	2398	OK
REQUEST	Civil_UnSpecClaim_20_DefResp	010_UploadDefence	1732286766728	1732286796869	KO	status.find.in([200, 209], 304), found 504
GROUP	Civil_UnSpecClaim_20_DefResp	1732286766726	1732286796873	30141	KO
REQUEST	Civil_UnSpecClaim_20_DefResp	005_FileDirectionsQuestionnaire	1732286799920	1732286800864	OK	 
GROUP	Civil_UnSpecClaim_20_DefResp	1732286799918	1732286800866	944	OK
REQUEST	Civil_UnSpecClaim_20_DefResp	005_FixedRecoverableCosts	1732286803901	1732286804969	OK	 
GROUP	Civil_UnSpecClaim_20_DefResp	1732286803901	1732286804971	1068	OK
REQUEST	Civil_UnSpecClaim_20_DefResp	005_DisclosureOfNonElectronicDocuments	1732286807165	1732286808180	OK	 
GROUP	Civil_UnSpecClaim_20_DefResp	1732286807165	1732286808181	1015	OK
REQUEST	Civil_UnSpecClaim_20_DefResp	005_RESPONSEExperts	1732286811732	1732286812944	OK	 
GROUP	Civil_UnSpecClaim_20_DefResp	1732286811729	1732286812945	1212	OK
REQUEST	Civil_UnSpecClaim_20_DefResp	005_RESPONSEWitnesses	1732286816707	1732286818129	OK	 
GROUP	Civil_UnSpecClaim_20_DefResp	1732286816704	1732286818131	1422	OK
REQUEST	Civil_UnSpecClaim_20_DefResp	005_RESPONSELanguage	1732286821090	1732286821960	OK	 
GROUP	Civil_UnSpecClaim_20_DefResp	1732286821087	1732286821962	870	OK
REQUEST	Civil_UnSpecClaim_20_DefResp	005_RESPONSEHearing	1732286824607	1732286825952	OK	 
GROUP	Civil_UnSpecClaim_20_DefResp	1732286824604	1732286825954	1345	OK
REQUEST	Civil_UnSpecClaim_20_DefResp	005_UploadDraftDirection	1732286829521	1732286832701	OK	 
GROUP	Civil_UnSpecClaim_20_DefResp	1732286829517	1732286832704	3180	OK
REQUEST	Civil_UnSpecClaim_20_DefResp	005_RESPONSEDraftDirections	1732286834780	1732286835504	OK	 
GROUP	Civil_UnSpecClaim_20_DefResp	1732286834777	1732286835506	724	OK
REQUEST	Civil_UnSpecClaim_20_DefResp	005_RESPONSERequestedCourt	1732286839260	1732286840261	OK	 
GROUP	Civil_UnSpecClaim_20_DefResp	1732286839257	1732286840264	1001	OK
REQUEST	Civil_UnSpecClaim_20_DefResp	005_RESPONSEHearingSupport	1732286842556	1732286843054	OK	 
GROUP	Civil_UnSpecClaim_20_DefResp	1732286842553	1732286843056	498	OK
REQUEST	Civil_UnSpecClaim_20_DefResp	005_RESPONSEVulnerabilityQuestions	1732286845122	1732286845555	OK	 
GROUP	Civil_UnSpecClaim_20_DefResp	1732286845119	1732286845557	433	OK
REQUEST	Civil_UnSpecClaim_20_DefResp	005_RESPONSEFurtherInformation	1732286848957	1732286850373	OK	 
GROUP	Civil_UnSpecClaim_20_DefResp	1732286848956	1732286850375	1416	OK
REQUEST	Civil_UnSpecClaim_20_DefResp	005_RESPONSEStatementOfTruth	1732286853668	1732286855071	OK	 
GROUP	Civil_UnSpecClaim_20_DefResp	1732286853668	1732286855074	1403	OK
REQUEST	Civil_UnSpecClaim_20_DefResp	005_Submit	1732286858877	1732286863147	OK	 
REQUEST	Civil_UnSpecClaim_20_DefResp	010_DefenceSubmitted	1732286863151	1732286864097	OK	 
GROUP	Civil_UnSpecClaim_20_DefResp	1732286858873	1732286864098	5216	OK
REQUEST		XUI_020_Signout	1732286867165	1732286867735	OK	 
REQUEST		XUI_020_Signout Redirect 1	1732286867737	1732286867842	OK	 
REQUEST		XUI_020_Signout Redirect 2	1732286867845	1732286868211	OK	 
REQUEST		XUI_020_Signout Redirect 3	1732286868212	1732286868319	OK	 
REQUEST	XUI_010_Home	005_Home	1732286872325	1732286872375	OK	 
REQUEST	XUI_010_Home	Common_000_ConfigurationUI	1732286872378	1732286872411	OK	 
REQUEST	XUI_010_Home	Common_000_ConfigJson	1732286872414	1732286872448	OK	 
REQUEST	XUI_010_Home	Common_000_TsAndCs	1732286872451	1732286872480	OK	 
REQUEST	XUI_010_Home	Common_000_ConfigUI	1732286872482	1732286872523	OK	 
REQUEST	XUI_010_Home	Common_000_UserDetails	1732286872526	1732286872557	OK	 
REQUEST	XUI_010_Home	Common_000_IsAuthenticated	1732286872559	1732286872589	OK	 
REQUEST	XUI_010_Home	010_auth	1732286872591	1732286872631	OK	 
REQUEST	XUI_010_Home	010_auth Redirect 1	1732286872633	1732286872678	OK	 
REQUEST	XUI_010_Home	010_auth Redirect 2	1732286872680	1732286872763	OK	 
GROUP	XUI_010_Home	1732286872324	1732286872766	416	OK
REQUEST	XUI_020_Login	005_clientId	1732286875011	1732286875279	OK	 
REQUEST	XUI_020_Login	005_clientId Redirect 1	1732286875281	1732286875926	OK	 
REQUEST	XUI_020_Login	005_clientId Redirect 2	1732286875928	1732286875963	OK	 
REQUEST	XUI_020_Login	Common_000_ConfigurationUI	1732286875965	1732286876001	OK	 
REQUEST	XUI_020_Login	Common_000_ConfigUI	1732286876003	1732286876067	OK	 
REQUEST	XUI_020_Login	Common_000_TsAndCs	1732286876069	1732286876141	OK	 
REQUEST	XUI_020_Login	Common_000_IsAuthenticated	1732286876143	1732286876244	OK	 
REQUEST	XUI_020_Login	Common_000_UserDetails	1732286876246	1732286876977	OK	 
REQUEST	XUI_020_Login	Common_000_MonitoringTools	1732286876981	1732286877074	OK	 
REQUEST	XUI_020_Login	Common_000_IsAuthenticated	1732286877078	1732286877161	OK	 
GROUP	XUI_020_Login	1732286875009	1732286877163	2128	OK
REQUEST	Civil_UnSpecClaim_30_ClaimantResp	SearchCase_005_CaseReference	1732286881145	1732286883198	OK	 
REQUEST	Civil_UnSpecClaim_30_ClaimantResp	OpenCase_005_InternalCases	1732286883201	1732286884489	OK	 
GROUP	Civil_UnSpecClaim_30_ClaimantResp	1732286881142	1732286884497	3341	OK
REQUEST	Civil_UnSpecClaim_30_ClaimantResp	OpenCase_015_RoleAssignment	1732286884498	1732286884832	OK	 
GROUP	Civil_UnSpecClaim_30_ClaimantResp	1732286884497	1732286884834	334	OK
REQUEST	Civil_UnSpecClaim_30_ClaimantResp	OpenCase_020_Jurisdiction	1732286884835	1732286884909	OK	 
GROUP	Civil_UnSpecClaim_30_ClaimantResp	1732286884834	1732286884911	74	OK
REQUEST	Civil_UnSpecClaim_30_ClaimantResp	RespToDef_005_Jurisdiction	1732286888382	1732286889441	OK	 
REQUEST	Civil_UnSpecClaim_30_ClaimantResp	RespToDef_010_profile	1732286889444	1732286890498	OK	 
REQUEST	Civil_UnSpecClaim_30_ClaimantResp	RespToDef_015_IgnoreWarning	1732286890503	1732286891875	OK	 
REQUEST	Civil_UnSpecClaim_30_ClaimantResp	RespToDef_020_jurisdiction	1732286891884	1732286893101	OK	 
GROUP	Civil_UnSpecClaim_30_ClaimantResp	1732286888380	1732286893102	4702	OK
REQUEST	Civil_UnSpecClaim_30_ClaimantResp	005_RespondentResponse	1732286896495	1732286897549	OK	 
GROUP	Civil_UnSpecClaim_30_ClaimantResp	1732286896494	1732286897551	1054	OK
REQUEST	Civil_UnSpecClaim_30_ClaimantResp	005_DefenceResponseDocument	1732286900593	1732286901268	OK	 
GROUP	Civil_UnSpecClaim_30_ClaimantResp	1732286900591	1732286901270	675	OK
REQUEST	Civil_UnSpecClaim_30_ClaimantResp	005_FileDirectionsQuestionnaire	1732286903871	1732286904500	OK	 
GROUP	Civil_UnSpecClaim_30_ClaimantResp	1732286903871	1732286904500	629	OK
REQUEST	Civil_UnSpecClaim_30_ClaimantResp	005_FixedRecoverableCosts	1732286907747	1732286908914	OK	 
GROUP	Civil_UnSpecClaim_30_ClaimantResp	1732286907747	1732286908916	1167	OK
REQUEST	Civil_UnSpecClaim_30_ClaimantResp	005_DisclosureOfNonElectronicDocuments	1732286911420	1732286912074	OK	 
GROUP	Civil_UnSpecClaim_30_ClaimantResp	1732286911419	1732286912074	654	OK
REQUEST	Civil_UnSpecClaim_30_ClaimantResp	005_Experts	1732286915634	1732286916578	OK	 
GROUP	Civil_UnSpecClaim_30_ClaimantResp	1732286915633	1732286916578	944	OK
REQUEST	Civil_UnSpecClaim_30_ClaimantResp	005_Witnesses	1732286920327	1732286921824	OK	 
GROUP	Civil_UnSpecClaim_30_ClaimantResp	1732286920327	1732286921824	1497	OK
REQUEST	Civil_UnSpecClaim_30_ClaimantResp	005_Language	1732286924856	1732286925617	OK	 
GROUP	Civil_UnSpecClaim_30_ClaimantResp	1732286924854	1732286925618	761	OK
REQUEST	Civil_UnSpecClaim_30_ClaimantResp	005_Hearing	1732286928419	1732286929394	OK	 
GROUP	Civil_UnSpecClaim_30_ClaimantResp	1732286928419	1732286929395	975	OK
REQUEST	Civil_UnSpecClaim_30_ClaimantResp	005_UploadDraftDirection	1732286931741	1732286933486	OK	 
GROUP	Civil_UnSpecClaim_30_ClaimantResp	1732286931741	1732286933486	1745	OK
REQUEST	Civil_UnSpecClaim_30_ClaimantResp	010_DraftDirections	1732286937443	1732286938390	OK	 
GROUP	Civil_UnSpecClaim_30_ClaimantResp	1732286937440	1732286938390	947	OK
REQUEST	Civil_UnSpecClaim_30_ClaimantResp	005_HearingSupport	1732286940867	1732286941463	OK	 
GROUP	Civil_UnSpecClaim_30_ClaimantResp	1732286940866	1732286941465	596	OK
REQUEST	Civil_UnSpecClaim_30_ClaimantResp	005_VulnerabilityQuestions	1732286943503	1732286944227	OK	 
GROUP	Civil_UnSpecClaim_30_ClaimantResp	1732286943502	1732286944228	724	OK
REQUEST	Civil_UnSpecClaim_30_ClaimantResp	005_FurtherInformation	1732286948079	1732286948632	OK	 
GROUP	Civil_UnSpecClaim_30_ClaimantResp	1732286948078	1732286948634	553	OK
REQUEST	Civil_UnSpecClaim_30_ClaimantResp	005_StatementOfTruth	1732286952279	1732286952919	OK	 
GROUP	Civil_UnSpecClaim_30_ClaimantResp	1732286952279	1732286952919	640	OK
REQUEST	Civil_UnSpecClaim_30_ClaimantResp	005_Submit	1732286955303	1732286958447	OK	 
REQUEST	Civil_UnSpecClaim_30_ClaimantResp	010_ProceedWithClaim	1732286958448	1732286959596	OK	 
GROUP	Civil_UnSpecClaim_30_ClaimantResp	1732286955303	1732286959597	4292	OK
REQUEST		XUI_020_Signout	1732286962722	1732286963108	OK	 
REQUEST		XUI_020_Signout Redirect 1	1732286963109	1732286963140	OK	 
REQUEST		XUI_020_Signout Redirect 2	1732286963140	1732286963244	OK	 
REQUEST		XUI_020_Signout Redirect 3	1732286963244	1732286963292	OK	 
REQUEST	XUI_010_Home	005_Home	1732286967294	1732286967341	OK	 
REQUEST	XUI_010_Home	Common_000_ConfigurationUI	1732286967341	1732286967381	OK	 
REQUEST	XUI_010_Home	Common_000_ConfigJson	1732286967382	1732286967414	OK	 
REQUEST	XUI_010_Home	Common_000_TsAndCs	1732286967415	1732286967442	OK	 
REQUEST	XUI_010_Home	Common_000_ConfigUI	1732286967443	1732286967475	OK	 
REQUEST	XUI_010_Home	Common_000_UserDetails	1732286967477	1732286967505	OK	 
REQUEST	XUI_010_Home	Common_000_IsAuthenticated	1732286967506	1732286967530	OK	 
REQUEST	XUI_010_Home	010_auth	1732286967532	1732286967582	OK	 
REQUEST	XUI_010_Home	010_auth Redirect 1	1732286967583	1732286967613	OK	 
REQUEST	XUI_010_Home	010_auth Redirect 2	1732286967614	1732286967671	OK	 
GROUP	XUI_010_Home	1732286967294	1732286967673	367	OK
REQUEST	